[2013-12-11 21:49:25.583] [INFO] crash-log - [32m[/Users/dangvanhien/ARPG/chatofpomelo-master/game-server/node_modules/pomelo/lib/master/master.js] [39m[client],[pomelo_list_1386773365459],[1386773365583],[disconnect]
[2013-12-11 22:27:47.972] [INFO] crash-log - [32m[/Users/dangvanhien/ARPG/chatofpomelo-master/game-server/node_modules/pomelo/lib/master/master.js] [39m[client],[pomelo_list_1386775667880],[1386775667972],[disconnect]
[2013-12-11 22:30:10.630] [INFO] crash-log - [32m[/Users/dangvanhien/ARPG/chatofpomelo-master/game-server/node_modules/pomelo/lib/master/master.js] [39m[client],[pomelo_list_1386775810533],[1386775810630],[disconnect]
[2013-12-11 23:29:13.663] [INFO] crash-log - [32m[/Users/dangvanhien/ARPG/chatofpomelo-master/game-server/node_modules/pomelo/lib/master/master.js] [39m[client],[pomelo_list_1386779353563],[1386779353663],[disconnect]
[2013-12-12 05:34:10.643] [INFO] crash-log - [32m[/Users/dangvanhien/ARPG/chatofpomelo-master/game-server/node_modules/pomelo/lib/master/master.js] [39m[master],[master-server-1],[1386801250641],[disconnect]
[2013-12-12 08:27:25.078] [INFO] crash-log - [32m[/Users/dangvanhien/ARPG/chatofpomelo-master/game-server/node_modules/pomelo/lib/master/master.js] [39m[chat],[chat-server-1],[1386811645078],[disconnect]
[2013-12-12 08:27:25.114] [INFO] crash-log - [32m[/Users/dangvanhien/ARPG/chatofpomelo-master/game-server/node_modules/pomelo/lib/master/master.js] [39m[connector],[connector-server-2],[1386811645114],[disconnect]
[2013-12-12 08:27:25.115] [INFO] crash-log - [32m[/Users/dangvanhien/ARPG/chatofpomelo-master/game-server/node_modules/pomelo/lib/master/master.js] [39m[chat],[chat-server-3],[1386811645115],[disconnect]
[2013-12-12 08:27:25.115] [INFO] crash-log - [32m[/Users/dangvanhien/ARPG/chatofpomelo-master/game-server/node_modules/pomelo/lib/master/master.js] [39m[gate],[gate-server-1],[1386811645115],[disconnect]
[2013-12-12 08:27:25.116] [INFO] crash-log - [32m[/Users/dangvanhien/ARPG/chatofpomelo-master/game-server/node_modules/pomelo/lib/master/master.js] [39m[chat],[chat-server-2],[1386811645116],[disconnect]
[2013-12-12 08:27:25.117] [INFO] crash-log - [32m[/Users/dangvanhien/ARPG/chatofpomelo-master/game-server/node_modules/pomelo/lib/master/master.js] [39m[connector],[connector-server-3],[1386811645117],[disconnect]
[2013-12-12 08:27:25.121] [INFO] crash-log - [32m[/Users/dangvanhien/ARPG/chatofpomelo-master/game-server/node_modules/pomelo/lib/master/master.js] [39m[connector],[connector-server-1],[1386811645121],[disconnect]
[2013-12-13 16:20:14.606] [INFO] crash-log - [32m[/Users/dangvanhien/ARPG/chatofpomelo-master/game-server/node_modules/pomelo/lib/master/master.js] [39m[client],[pomelo_list_1386926414450],[1386926414606],[disconnect]
[2013-12-23 22:52:02.422] [INFO] crash-log - [32m[/Users/dangvanhien/ARPG/ARPGGame/game-server/node_modules/pomelo/lib/master/master.js] [39m[area],[instance-server-2],[1387813922377],[disconnect]
[2013-12-23 22:52:02.577] [INFO] crash-log - [32m[/Users/dangvanhien/ARPG/ARPGGame/game-server/node_modules/pomelo/lib/master/master.js] [39m[auth],[auth-server-1],[1387813922577],[disconnect]
[2013-12-23 22:52:02.580] [INFO] crash-log - [32m[/Users/dangvanhien/ARPG/ARPGGame/game-server/node_modules/pomelo/lib/master/master.js] [39m[area],[instance-server-1],[1387813922580],[disconnect]
[2013-12-23 22:52:02.598] [INFO] crash-log - [32m[/Users/dangvanhien/ARPG/ARPGGame/game-server/node_modules/pomelo/lib/master/master.js] [39m[area],[area-server-2],[1387813922598],[disconnect]
[2013-12-23 22:52:02.666] [INFO] crash-log - [32m[/Users/dangvanhien/ARPG/ARPGGame/game-server/node_modules/pomelo/lib/master/master.js] [39m[area],[area-server-1],[1387813922666],[disconnect]
[2013-12-23 22:52:02.669] [INFO] crash-log - [32m[/Users/dangvanhien/ARPG/ARPGGame/game-server/node_modules/pomelo/lib/master/master.js] [39m[area],[instance-server-3],[1387813922669],[disconnect]
[2013-12-23 22:52:02.670] [INFO] crash-log - [32m[/Users/dangvanhien/ARPG/ARPGGame/game-server/node_modules/pomelo/lib/master/master.js] [39m[area],[area-server-3],[1387813922670],[disconnect]
[2013-12-23 22:52:02.672] [INFO] crash-log - [32m[/Users/dangvanhien/ARPG/ARPGGame/game-server/node_modules/pomelo/lib/master/master.js] [39m[connector],[connector-server-2],[1387813922672],[disconnect]
[2014-01-08 14:46:56.626] [INFO] crash-log - [32m[/Users/dangvanhien/ARPG/ARPGGame/game-server/node_modules/pomelo/lib/master/master.js] [39m[master],[master-server-1],[1389167216626],[disconnect]
[2014-01-08 14:46:56.651] [INFO] crash-log - [32m[/Users/dangvanhien/ARPG/ARPGGame/game-server/node_modules/pomelo/lib/master/master.js] [39m[connector],[connector-server-2],[1389167216650],[disconnect]
[2014-01-08 14:46:56.655] [INFO] crash-log - [32m[/Users/dangvanhien/ARPG/ARPGGame/game-server/node_modules/pomelo/lib/master/master.js] [39m[area],[instance-server-1],[1389167216655],[disconnect]
[2014-01-08 14:46:56.657] [INFO] crash-log - [32m[/Users/dangvanhien/ARPG/ARPGGame/game-server/node_modules/pomelo/lib/master/master.js] [39m[area],[instance-server-2],[1389167216657],[disconnect]
[2014-01-08 14:46:56.660] [INFO] crash-log - [32m[/Users/dangvanhien/ARPG/ARPGGame/game-server/node_modules/pomelo/lib/master/master.js] [39m[connector],[connector-server-1],[1389167216660],[disconnect]
[2014-01-08 14:46:56.665] [INFO] crash-log - [32m[/Users/dangvanhien/ARPG/ARPGGame/game-server/node_modules/pomelo/lib/master/master.js] [39m[auth],[auth-server-1],[1389167216665],[disconnect]
[2014-01-08 14:46:56.667] [INFO] crash-log - [32m[/Users/dangvanhien/ARPG/ARPGGame/game-server/node_modules/pomelo/lib/master/master.js] [39m[manager],[manager-server-1],[1389167216666],[disconnect]
[2014-01-08 14:46:56.668] [INFO] crash-log - [32m[/Users/dangvanhien/ARPG/ARPGGame/game-server/node_modules/pomelo/lib/master/master.js] [39m[gate],[gate-server-1],[1389167216668],[disconnect]
[2014-01-08 14:46:56.670] [INFO] crash-log - [32m[/Users/dangvanhien/ARPG/ARPGGame/game-server/node_modules/pomelo/lib/master/master.js] [39m[area],[area-server-1],[1389167216670],[disconnect]
[2014-01-08 14:46:56.673] [INFO] crash-log - [32m[/Users/dangvanhien/ARPG/ARPGGame/game-server/node_modules/pomelo/lib/master/master.js] [39m[area],[area-server-3],[1389167216673],[disconnect]
[2014-01-08 14:46:56.674] [INFO] crash-log - [32m[/Users/dangvanhien/ARPG/ARPGGame/game-server/node_modules/pomelo/lib/master/master.js] [39m[path],[path-server-1],[1389167216674],[disconnect]
[2014-01-08 14:46:56.674] [INFO] crash-log - [32m[/Users/dangvanhien/ARPG/ARPGGame/game-server/node_modules/pomelo/lib/master/master.js] [39m[area],[area-server-2],[1389167216674],[disconnect]
[2014-01-08 14:46:56.676] [INFO] crash-log - [32m[/Users/dangvanhien/ARPG/ARPGGame/game-server/node_modules/pomelo/lib/master/master.js] [39m[area],[instance-server-3],[1389167216676],[disconnect]
[2014-01-09 10:02:28.973] [INFO] crash-log - [32m[/Users/dangvanhien/ARPG/ARPGGame/game-server/node_modules/pomelo/lib/master/master.js] [39m[master],[master-server-1],[1389236548973],[disconnect]
[2014-01-09 10:02:28.984] [INFO] crash-log - [32m[/Users/dangvanhien/ARPG/ARPGGame/game-server/node_modules/pomelo/lib/master/master.js] [39m[chat],[chat-server-1],[1389236548984],[disconnect]
[2014-01-09 10:02:28.989] [INFO] crash-log - [32m[/Users/dangvanhien/ARPG/ARPGGame/game-server/node_modules/pomelo/lib/master/master.js] [39m[manager],[manager-server-1],[1389236548989],[disconnect]
[2014-01-09 10:02:28.993] [INFO] crash-log - [32m[/Users/dangvanhien/ARPG/ARPGGame/game-server/node_modules/pomelo/lib/master/master.js] [39m[gate],[gate-server-1],[1389236548992],[disconnect]
[2014-01-09 10:02:28.995] [INFO] crash-log - [32m[/Users/dangvanhien/ARPG/ARPGGame/game-server/node_modules/pomelo/lib/master/master.js] [39m[path],[path-server-1],[1389236548995],[disconnect]
[2014-01-09 10:02:29.013] [INFO] crash-log - [32m[/Users/dangvanhien/ARPG/ARPGGame/game-server/node_modules/pomelo/lib/master/master.js] [39m[connector],[connector-server-1],[1389236549012],[disconnect]
[2014-01-09 10:02:29.017] [INFO] crash-log - [32m[/Users/dangvanhien/ARPG/ARPGGame/game-server/node_modules/pomelo/lib/master/master.js] [39m[area],[area-server-2],[1389236549017],[disconnect]
[2014-01-09 10:02:29.032] [INFO] crash-log - [32m[/Users/dangvanhien/ARPG/ARPGGame/game-server/node_modules/pomelo/lib/master/master.js] [39m[area],[area-server-3],[1389236549032],[disconnect]
[2014-01-09 10:02:29.036] [INFO] crash-log - [32m[/Users/dangvanhien/ARPG/ARPGGame/game-server/node_modules/pomelo/lib/master/master.js] [39m[auth],[auth-server-1],[1389236549035],[disconnect]
[2014-01-09 10:02:29.037] [INFO] crash-log - [32m[/Users/dangvanhien/ARPG/ARPGGame/game-server/node_modules/pomelo/lib/master/master.js] [39m[connector],[connector-server-2],[1389236549037],[disconnect]
[2014-01-09 10:02:29.040] [INFO] crash-log - [32m[/Users/dangvanhien/ARPG/ARPGGame/game-server/node_modules/pomelo/lib/master/master.js] [39m[area],[instance-server-2],[1389236549040],[disconnect]
[2014-01-09 10:02:29.042] [INFO] crash-log - [32m[/Users/dangvanhien/ARPG/ARPGGame/game-server/node_modules/pomelo/lib/master/master.js] [39m[area],[area-server-1],[1389236549042],[disconnect]
[2014-01-09 10:02:29.048] [INFO] crash-log - [32m[/Users/dangvanhien/ARPG/ARPGGame/game-server/node_modules/pomelo/lib/master/master.js] [39m[area],[instance-server-3],[1389236549048],[disconnect]
[2014-01-09 10:02:29.049] [INFO] crash-log - [32m[/Users/dangvanhien/ARPG/ARPGGame/game-server/node_modules/pomelo/lib/master/master.js] [39m[area],[instance-server-1],[1389236549049],[disconnect]
[2014-01-09 11:22:59.279] [INFO] crash-log - [32m[/Users/dangvanhien/ARPG/ARPGGame/game-server/node_modules/pomelo/lib/master/master.js] [39m[master],[master-server-1],[1389241379279],[disconnect]
[2014-01-09 11:50:46.083] [INFO] crash-log - [32m[/Users/dangvanhien/ARPG/ARPGGame/game-server/node_modules/pomelo/lib/master/master.js] [39m[master],[master-server-1],[1389243046083],[disconnect]
[2014-01-09 11:54:54.283] [INFO] crash-log - [32m[/Users/dangvanhien/ARPG/ARPGGame/game-server/node_modules/pomelo/lib/master/master.js] [39m[master],[master-server-1],[1389243294283],[disconnect]
