[2013-12-23 14:17:30.719] [INFO] pomelo - [32m[/Users/dangvanhien/ARPG/ARPGGame/game-server/node_modules/pomelo/lib/application.js] [39mapplication inited: "area-server-3"
[2013-12-23 14:17:30.738] [INFO] console - /Users/dangvanhien/ARPG/ARPGGame/game-server
[2013-12-23 14:17:30.982] [INFO] console - VLTN
[2013-12-23 14:17:30.982] [INFO] console - MySQL:[object Object]
[2013-12-23 14:17:31.413] [INFO] console - [data sync component] load mapping file done.
[2013-12-23 14:17:34.357] [INFO] console - info: socket.io started
[2013-12-23 14:17:34.588] [INFO] pomelo-admin - [32m[/Users/dangvanhien/ARPG/ARPGGame/game-server/node_modules/pomelo/node_modules/pomelo-admin/lib/consoleService.js] [39mtry to connect master: "area", "127.0.0.1", 3005
[2013-12-23 14:17:35.405] [INFO] pomelo - [32m[/Users/dangvanhien/ARPG/ARPGGame/game-server/node_modules/pomelo/lib/application.js] [39m"area-server-3" enter after start...
[2013-12-23 14:17:35.423] [INFO] pomelo - [32m[/Users/dangvanhien/ARPG/ARPGGame/game-server/node_modules/pomelo/lib/application.js] [39m"area-server-3" finish start
[2013-12-23 14:18:06.931] [INFO] pomelo - [32m[/Users/dangvanhien/ARPG/ARPGGame/game-server/node_modules/pomelo/lib/application.js] [39mapplication inited: "area-server-3"
[2013-12-23 14:18:07.012] [INFO] console - /Users/dangvanhien/ARPG/ARPGGame/game-server
[2013-12-23 14:18:07.065] [INFO] console - VLTN
[2013-12-23 14:18:07.065] [INFO] console - MySQL:[object Object]
[2013-12-23 14:18:07.415] [INFO] console - [data sync component] load mapping file done.
[2013-12-23 14:18:10.432] [INFO] console - info: socket.io started
[2013-12-23 14:18:10.590] [INFO] pomelo-admin - [32m[/Users/dangvanhien/ARPG/ARPGGame/game-server/node_modules/pomelo/node_modules/pomelo-admin/lib/consoleService.js] [39mtry to connect master: "area", "127.0.0.1", 3005
[2013-12-23 14:18:11.378] [INFO] pomelo - [32m[/Users/dangvanhien/ARPG/ARPGGame/game-server/node_modules/pomelo/lib/application.js] [39m"area-server-3" enter after start...
[2013-12-23 14:18:11.382] [INFO] pomelo - [32m[/Users/dangvanhien/ARPG/ARPGGame/game-server/node_modules/pomelo/lib/application.js] [39m"area-server-3" finish start
[2013-12-24 09:54:37.986] [INFO] pomelo - [32m[/Users/dangvanhien/ARPG/ARPGGame/game-server/node_modules/pomelo/lib/application.js] [39mapplication inited: "area-server-3"
[2013-12-24 09:54:38.004] [INFO] console - /Users/dangvanhien/ARPG/ARPGGame/game-server
[2013-12-24 09:54:38.126] [INFO] console - VLTN
[2013-12-24 09:54:38.129] [INFO] console - MySQL:[object Object]
[2013-12-24 09:54:38.452] [INFO] console - [data sync component] load mapping file done.
[2013-12-24 09:54:40.809] [ERROR] console -  Caught exception: Error: Cannot find module '../../../domain/area/instancePool'
    at Function.Module._resolveFilename (module.js:338:15)
    at Function.Module._load (module.js:280:25)
    at Module.require (module.js:364:17)
    at require (module.js:380:17)
    at Object.<anonymous> (/Users/dangvanhien/ARPG/ARPGGame/game-server/app/servers/area/remote/areaRemote.js:2:20)
    at Module._compile (module.js:456:26)
    at Object.Module._extensions..js (module.js:474:10)
    at Module.load (module.js:356:32)
    at Function.Module._load (module.js:312:12)
    at Module.require (module.js:364:17)
[2013-12-24 09:55:27.514] [INFO] pomelo - [32m[/Users/dangvanhien/ARPG/ARPGGame/game-server/node_modules/pomelo/lib/application.js] [39mapplication inited: "area-server-3"
[2013-12-24 09:55:27.568] [INFO] console - /Users/dangvanhien/ARPG/ARPGGame/game-server
[2013-12-24 09:55:27.604] [INFO] console - VLTN
[2013-12-24 09:55:27.604] [INFO] console - MySQL:[object Object]
[2013-12-24 09:55:27.880] [INFO] console - [data sync component] load mapping file done.
[2013-12-24 09:55:29.662] [ERROR] console -  Caught exception: Error: Cannot find module '../../../domain/area/instancePool'
    at Function.Module._resolveFilename (module.js:338:15)
    at Function.Module._load (module.js:280:25)
    at Module.require (module.js:364:17)
    at require (module.js:380:17)
    at Object.<anonymous> (/Users/dangvanhien/ARPG/ARPGGame/game-server/app/servers/area/remote/areaRemote.js:2:20)
    at Module._compile (module.js:456:26)
    at Object.Module._extensions..js (module.js:474:10)
    at Module.load (module.js:356:32)
    at Function.Module._load (module.js:312:12)
    at Module.require (module.js:364:17)
[2013-12-24 09:56:06.021] [INFO] pomelo - [32m[/Users/dangvanhien/ARPG/ARPGGame/game-server/node_modules/pomelo/lib/application.js] [39mapplication inited: "area-server-3"
[2013-12-24 09:56:06.040] [INFO] console - /Users/dangvanhien/ARPG/ARPGGame/game-server
[2013-12-24 09:56:06.087] [INFO] console - VLTN
[2013-12-24 09:56:06.088] [INFO] console - MySQL:[object Object]
[2013-12-24 09:56:06.412] [INFO] console - [data sync component] load mapping file done.
[2013-12-24 09:56:08.466] [ERROR] console -  Caught exception: Error: Cannot find module '../../../domain/area/instancePool'
    at Function.Module._resolveFilename (module.js:338:15)
    at Function.Module._load (module.js:280:25)
    at Module.require (module.js:364:17)
    at require (module.js:380:17)
    at Object.<anonymous> (/Users/dangvanhien/ARPG/ARPGGame/game-server/app/servers/area/remote/areaRemote.js:2:20)
    at Module._compile (module.js:456:26)
    at Object.Module._extensions..js (module.js:474:10)
    at Module.load (module.js:356:32)
    at Function.Module._load (module.js:312:12)
    at Module.require (module.js:364:17)
[2013-12-24 09:56:30.946] [INFO] pomelo - [32m[/Users/dangvanhien/ARPG/ARPGGame/game-server/node_modules/pomelo/lib/application.js] [39mapplication inited: "area-server-3"
[2013-12-24 09:56:31.022] [INFO] console - /Users/dangvanhien/ARPG/ARPGGame/game-server
[2013-12-24 09:56:31.063] [INFO] console - VLTN
[2013-12-24 09:56:31.064] [INFO] console - MySQL:[object Object]
[2013-12-24 09:56:31.408] [INFO] console - [data sync component] load mapping file done.
[2013-12-24 09:56:33.468] [INFO] console - info: socket.io started
[2013-12-24 09:56:33.554] [INFO] pomelo-admin - [32m[/Users/dangvanhien/ARPG/ARPGGame/game-server/node_modules/pomelo/node_modules/pomelo-admin/lib/consoleService.js] [39mtry to connect master: "area", "127.0.0.1", 3005
[2013-12-24 09:56:33.957] [INFO] pomelo - [32m[/Users/dangvanhien/ARPG/ARPGGame/game-server/node_modules/pomelo/lib/application.js] [39m"area-server-3" enter after start...
[2013-12-24 09:56:33.960] [INFO] pomelo - [32m[/Users/dangvanhien/ARPG/ARPGGame/game-server/node_modules/pomelo/lib/application.js] [39m"area-server-3" finish start
[2013-12-24 09:57:43.658] [INFO] pomelo - [32m[/Users/dangvanhien/ARPG/ARPGGame/game-server/node_modules/pomelo/lib/application.js] [39mapplication inited: "area-server-3"
[2013-12-24 09:57:43.714] [INFO] console - /Users/dangvanhien/ARPG/ARPGGame/game-server
[2013-12-24 09:57:43.778] [INFO] console - VLTN
[2013-12-24 09:57:43.779] [INFO] console - MySQL:[object Object]
[2013-12-24 09:57:44.145] [INFO] console - [data sync component] load mapping file done.
[2013-12-24 09:57:46.890] [INFO] console - info: socket.io started
[2013-12-24 09:57:46.997] [INFO] pomelo-admin - [32m[/Users/dangvanhien/ARPG/ARPGGame/game-server/node_modules/pomelo/node_modules/pomelo-admin/lib/consoleService.js] [39mtry to connect master: "area", "127.0.0.1", 3005
[2013-12-24 09:57:47.719] [INFO] pomelo - [32m[/Users/dangvanhien/ARPG/ARPGGame/game-server/node_modules/pomelo/lib/application.js] [39m"area-server-3" enter after start...
[2013-12-24 09:57:47.721] [INFO] pomelo - [32m[/Users/dangvanhien/ARPG/ARPGGame/game-server/node_modules/pomelo/lib/application.js] [39m"area-server-3" finish start
[2013-12-24 09:59:02.826] [INFO] pomelo - [32m[/Users/dangvanhien/ARPG/ARPGGame/game-server/node_modules/pomelo/lib/application.js] [39mapplication inited: "area-server-3"
[2013-12-24 09:59:02.904] [INFO] console - /Users/dangvanhien/ARPG/ARPGGame/game-server
[2013-12-24 09:59:02.974] [INFO] console - VLTN
[2013-12-24 09:59:02.974] [INFO] console - MySQL:[object Object]
[2013-12-24 09:59:03.265] [INFO] console - [data sync component] load mapping file done.
[2013-12-24 09:59:05.391] [INFO] console - info: socket.io started
[2013-12-24 09:59:05.491] [INFO] pomelo-admin - [32m[/Users/dangvanhien/ARPG/ARPGGame/game-server/node_modules/pomelo/node_modules/pomelo-admin/lib/consoleService.js] [39mtry to connect master: "area", "127.0.0.1", 3005
[2013-12-24 09:59:06.017] [INFO] pomelo - [32m[/Users/dangvanhien/ARPG/ARPGGame/game-server/node_modules/pomelo/lib/application.js] [39m"area-server-3" enter after start...
[2013-12-24 09:59:06.019] [INFO] pomelo - [32m[/Users/dangvanhien/ARPG/ARPGGame/game-server/node_modules/pomelo/lib/application.js] [39m"area-server-3" finish start
[2013-12-24 10:00:49.725] [INFO] pomelo - [32m[/Users/dangvanhien/ARPG/ARPGGame/game-server/node_modules/pomelo/lib/application.js] [39mapplication inited: "area-server-3"
[2013-12-24 10:00:49.797] [INFO] console - /Users/dangvanhien/ARPG/ARPGGame/game-server
[2013-12-24 10:00:49.806] [INFO] console - VLTN
[2013-12-24 10:00:49.806] [INFO] console - MySQL:[object Object]
[2013-12-24 10:00:50.102] [INFO] console - [data sync component] load mapping file done.
[2013-12-24 10:00:52.881] [INFO] console - info: socket.io started
[2013-12-24 10:00:52.986] [INFO] pomelo-admin - [32m[/Users/dangvanhien/ARPG/ARPGGame/game-server/node_modules/pomelo/node_modules/pomelo-admin/lib/consoleService.js] [39mtry to connect master: "area", "127.0.0.1", 3005
[2013-12-24 10:00:53.672] [INFO] pomelo - [32m[/Users/dangvanhien/ARPG/ARPGGame/game-server/node_modules/pomelo/lib/application.js] [39m"area-server-3" enter after start...
[2013-12-24 10:00:53.675] [INFO] pomelo - [32m[/Users/dangvanhien/ARPG/ARPGGame/game-server/node_modules/pomelo/lib/application.js] [39m"area-server-3" finish start
[2013-12-24 10:02:12.490] [INFO] pomelo - [32m[/Users/dangvanhien/ARPG/ARPGGame/game-server/node_modules/pomelo/lib/application.js] [39mapplication inited: "area-server-3"
[2013-12-24 10:02:12.538] [INFO] console - /Users/dangvanhien/ARPG/ARPGGame/game-server
[2013-12-24 10:02:12.580] [INFO] console - VLTN
[2013-12-24 10:02:12.580] [INFO] console - MySQL:[object Object]
[2013-12-24 10:02:12.821] [INFO] console - [data sync component] load mapping file done.
[2013-12-24 10:02:14.849] [INFO] console - info: socket.io started
[2013-12-24 10:02:14.947] [INFO] pomelo-admin - [32m[/Users/dangvanhien/ARPG/ARPGGame/game-server/node_modules/pomelo/node_modules/pomelo-admin/lib/consoleService.js] [39mtry to connect master: "area", "127.0.0.1", 3005
[2013-12-24 10:02:15.644] [INFO] pomelo - [32m[/Users/dangvanhien/ARPG/ARPGGame/game-server/node_modules/pomelo/lib/application.js] [39m"area-server-3" enter after start...
[2013-12-24 10:02:15.647] [INFO] pomelo - [32m[/Users/dangvanhien/ARPG/ARPGGame/game-server/node_modules/pomelo/lib/application.js] [39m"area-server-3" finish start
[2013-12-24 10:03:34.724] [INFO] pomelo - [32m[/Users/dangvanhien/ARPG/ARPGGame/game-server/node_modules/pomelo/lib/application.js] [39mapplication inited: "area-server-3"
[2013-12-24 10:03:34.748] [INFO] console - /Users/dangvanhien/ARPG/ARPGGame/game-server
[2013-12-24 10:03:34.798] [INFO] console - VLTN
[2013-12-24 10:03:34.798] [INFO] console - MySQL:[object Object]
[2013-12-24 10:03:35.066] [INFO] console - [data sync component] load mapping file done.
[2013-12-24 10:03:37.340] [INFO] console - info: socket.io started
[2013-12-24 10:03:37.496] [INFO] pomelo-admin - [32m[/Users/dangvanhien/ARPG/ARPGGame/game-server/node_modules/pomelo/node_modules/pomelo-admin/lib/consoleService.js] [39mtry to connect master: "area", "127.0.0.1", 3005
[2013-12-24 10:03:38.174] [INFO] pomelo - [32m[/Users/dangvanhien/ARPG/ARPGGame/game-server/node_modules/pomelo/lib/application.js] [39m"area-server-3" enter after start...
[2013-12-24 10:03:38.176] [INFO] pomelo - [32m[/Users/dangvanhien/ARPG/ARPGGame/game-server/node_modules/pomelo/lib/application.js] [39m"area-server-3" finish start
[2013-12-24 10:04:14.245] [INFO] pomelo - [32m[/Users/dangvanhien/ARPG/ARPGGame/game-server/node_modules/pomelo/lib/application.js] [39mapplication inited: "area-server-3"
[2013-12-24 10:04:14.288] [INFO] console - /Users/dangvanhien/ARPG/ARPGGame/game-server
[2013-12-24 10:04:14.319] [INFO] console - VLTN
[2013-12-24 10:04:14.320] [INFO] console - MySQL:[object Object]
[2013-12-24 10:04:14.604] [INFO] console - [data sync component] load mapping file done.
[2013-12-24 10:04:16.840] [INFO] console - info: socket.io started
[2013-12-24 10:04:16.933] [INFO] pomelo-admin - [32m[/Users/dangvanhien/ARPG/ARPGGame/game-server/node_modules/pomelo/node_modules/pomelo-admin/lib/consoleService.js] [39mtry to connect master: "area", "127.0.0.1", 3005
[2013-12-24 10:04:17.407] [INFO] pomelo - [32m[/Users/dangvanhien/ARPG/ARPGGame/game-server/node_modules/pomelo/lib/application.js] [39m"area-server-3" enter after start...
[2013-12-24 10:04:17.409] [INFO] pomelo - [32m[/Users/dangvanhien/ARPG/ARPGGame/game-server/node_modules/pomelo/lib/application.js] [39m"area-server-3" finish start
[2013-12-24 10:06:34.960] [INFO] pomelo - [32m[/Users/dangvanhien/ARPG/ARPGGame/game-server/node_modules/pomelo/lib/application.js] [39mapplication inited: "area-server-3"
[2013-12-24 10:06:35.003] [INFO] console - /Users/dangvanhien/ARPG/ARPGGame/game-server
[2013-12-24 10:06:35.080] [INFO] console - VLTN
[2013-12-24 10:06:35.081] [INFO] console - MySQL:[object Object]
[2013-12-24 10:06:35.445] [INFO] console - [data sync component] load mapping file done.
[2013-12-24 10:06:37.863] [INFO] console - info: socket.io started
[2013-12-24 10:06:37.943] [INFO] pomelo-admin - [32m[/Users/dangvanhien/ARPG/ARPGGame/game-server/node_modules/pomelo/node_modules/pomelo-admin/lib/consoleService.js] [39mtry to connect master: "area", "127.0.0.1", 3005
[2013-12-24 10:06:38.532] [INFO] pomelo - [32m[/Users/dangvanhien/ARPG/ARPGGame/game-server/node_modules/pomelo/lib/application.js] [39m"area-server-3" enter after start...
[2013-12-24 10:06:38.536] [INFO] pomelo - [32m[/Users/dangvanhien/ARPG/ARPGGame/game-server/node_modules/pomelo/lib/application.js] [39m"area-server-3" finish start
[2014-01-08 14:43:19.395] [INFO] pomelo - [32m[/Users/dangvanhien/ARPG/ARPGGame/game-server/node_modules/pomelo/lib/application.js] [39mapplication inited: "area-server-3"
[2014-01-08 14:43:19.489] [INFO] console - /Users/dangvanhien/ARPG/ARPGGame/game-server
[2014-01-08 14:43:19.502] [INFO] console - VLTN
[2014-01-08 14:43:19.502] [INFO] console - MySQL:[object Object]
[2014-01-08 14:43:19.991] [INFO] console - [data sync component] load mapping file done.
[2014-01-08 14:43:22.884] [INFO] console - info: socket.io started
[2014-01-08 14:43:22.975] [INFO] pomelo-admin - [32m[/Users/dangvanhien/ARPG/ARPGGame/game-server/node_modules/pomelo/node_modules/pomelo-admin/lib/consoleService.js] [39mtry to connect master: "area", "127.0.0.1", 3005
[2014-01-08 14:43:23.792] [INFO] pomelo - [32m[/Users/dangvanhien/ARPG/ARPGGame/game-server/node_modules/pomelo/lib/application.js] [39m"area-server-3" enter after start...
[2014-01-08 14:43:23.794] [INFO] pomelo - [32m[/Users/dangvanhien/ARPG/ARPGGame/game-server/node_modules/pomelo/lib/application.js] [39m"area-server-3" finish start
[2014-01-08 14:45:51.799] [INFO] pomelo - [32m[/Users/dangvanhien/ARPG/ARPGGame/game-server/node_modules/pomelo/lib/application.js] [39mapplication inited: "area-server-3"
[2014-01-08 14:45:51.947] [INFO] console - /Users/dangvanhien/ARPG/ARPGGame/game-server
[2014-01-08 14:45:52.004] [INFO] console - VLTN
[2014-01-08 14:45:52.005] [INFO] console - MySQL:[object Object]
[2014-01-08 14:45:52.283] [INFO] console - [data sync component] load mapping file done.
[2014-01-08 14:45:54.915] [INFO] console - info: socket.io started
[2014-01-08 14:45:55.032] [ERROR] console -  Caught exception: Error: listen EADDRINUSE
    at errnoException (net.js:901:11)
    at Server._listen2 (net.js:1039:14)
    at listen (net.js:1061:10)
    at Server.listen (net.js:1127:5)
    at Object.exports.listen (/Users/dangvanhien/ARPG/ARPGGame/game-server/node_modules/pomelo/node_modules/socket.io/lib/socket.io.js:74:12)
    at pro.listen (/Users/dangvanhien/ARPG/ARPGGame/game-server/node_modules/pomelo/node_modules/pomelo-rpc/lib/rpc-server/acceptors/ws-acceptor.js:32:21)
    at pro.start (/Users/dangvanhien/ARPG/ARPGGame/game-server/node_modules/pomelo/node_modules/pomelo-rpc/lib/rpc-server/gateway.js:43:17)
    at pro.start (/Users/dangvanhien/ARPG/ARPGGame/game-server/node_modules/pomelo/lib/components/remote.js:54:15)
    at /Users/dangvanhien/ARPG/ARPGGame/game-server/node_modules/pomelo/lib/util/appUtil.js:84:19
    at iterate (/Users/dangvanhien/ARPG/ARPGGame/game-server/node_modules/pomelo/node_modules/async/lib/async.js:123:13)
[2014-01-08 14:45:55.158] [INFO] pomelo-admin - [32m[/Users/dangvanhien/ARPG/ARPGGame/game-server/node_modules/pomelo/node_modules/pomelo-admin/lib/consoleService.js] [39mtry to connect master: "area", "127.0.0.1", 3005
[2014-01-08 14:45:56.115] [INFO] pomelo - [32m[/Users/dangvanhien/ARPG/ARPGGame/game-server/node_modules/pomelo/lib/application.js] [39m"area-server-3" enter after start...
[2014-01-08 14:45:56.117] [INFO] pomelo - [32m[/Users/dangvanhien/ARPG/ARPGGame/game-server/node_modules/pomelo/lib/application.js] [39m"area-server-3" finish start
[2014-01-08 14:47:06.774] [INFO] pomelo - [32m[/Users/dangvanhien/ARPG/ARPGGame/game-server/node_modules/pomelo/lib/application.js] [39mapplication inited: "area-server-3"
[2014-01-08 14:47:06.852] [INFO] console - /Users/dangvanhien/ARPG/ARPGGame/game-server
[2014-01-08 14:47:06.889] [INFO] console - VLTN
[2014-01-08 14:47:06.890] [INFO] console - MySQL:[object Object]
[2014-01-08 14:47:07.238] [INFO] console - [data sync component] load mapping file done.
[2014-01-08 14:47:09.290] [INFO] console - info: socket.io started
[2014-01-08 14:47:09.358] [INFO] pomelo-admin - [32m[/Users/dangvanhien/ARPG/ARPGGame/game-server/node_modules/pomelo/node_modules/pomelo-admin/lib/consoleService.js] [39mtry to connect master: "area", "127.0.0.1", 3005
[2014-01-08 14:47:09.988] [INFO] pomelo - [32m[/Users/dangvanhien/ARPG/ARPGGame/game-server/node_modules/pomelo/lib/application.js] [39m"area-server-3" enter after start...
[2014-01-08 14:47:09.990] [INFO] pomelo - [32m[/Users/dangvanhien/ARPG/ARPGGame/game-server/node_modules/pomelo/lib/application.js] [39m"area-server-3" finish start
[2014-01-08 14:49:01.759] [INFO] pomelo - [32m[/Users/dangvanhien/ARPG/ARPGGame/game-server/node_modules/pomelo/lib/application.js] [39mapplication inited: "area-server-3"
[2014-01-08 14:49:01.844] [INFO] console - /Users/dangvanhien/ARPG/ARPGGame/game-server
[2014-01-08 14:49:01.897] [INFO] console - VLTN
[2014-01-08 14:49:01.897] [INFO] console - MySQL:[object Object]
[2014-01-08 14:49:02.179] [INFO] console - [data sync component] load mapping file done.
[2014-01-08 14:49:04.644] [INFO] console - info: socket.io started
[2014-01-08 14:49:04.720] [INFO] pomelo-admin - [32m[/Users/dangvanhien/ARPG/ARPGGame/game-server/node_modules/pomelo/node_modules/pomelo-admin/lib/consoleService.js] [39mtry to connect master: "area", "127.0.0.1", 3005
[2014-01-08 14:49:05.305] [INFO] pomelo - [32m[/Users/dangvanhien/ARPG/ARPGGame/game-server/node_modules/pomelo/lib/application.js] [39m"area-server-3" enter after start...
[2014-01-08 14:49:05.419] [INFO] pomelo - [32m[/Users/dangvanhien/ARPG/ARPGGame/game-server/node_modules/pomelo/lib/application.js] [39m"area-server-3" finish start
[2014-01-08 15:51:22.174] [INFO] pomelo - [32m[/Users/dangvanhien/ARPG/ARPGGame/game-server/node_modules/pomelo/lib/application.js] [39mapplication inited: "area-server-3"
[2014-01-08 15:51:22.232] [INFO] console - /Users/dangvanhien/ARPG/ARPGGame/game-server
[2014-01-08 15:51:22.288] [INFO] console - VLTN
[2014-01-08 15:51:22.289] [INFO] console - MySQL:[object Object]
[2014-01-08 15:51:22.609] [INFO] console - [data sync component] load mapping file done.
[2014-01-08 15:51:25.137] [INFO] console - info: socket.io started
[2014-01-08 15:51:25.185] [INFO] pomelo-admin - [32m[/Users/dangvanhien/ARPG/ARPGGame/game-server/node_modules/pomelo/node_modules/pomelo-admin/lib/consoleService.js] [39mtry to connect master: "area", "127.0.0.1", 3005
[2014-01-08 15:51:25.689] [INFO] pomelo - [32m[/Users/dangvanhien/ARPG/ARPGGame/game-server/node_modules/pomelo/lib/application.js] [39m"area-server-3" enter after start...
[2014-01-08 15:51:25.703] [INFO] pomelo - [32m[/Users/dangvanhien/ARPG/ARPGGame/game-server/node_modules/pomelo/lib/application.js] [39m"area-server-3" finish start
[2014-01-08 15:51:53.751] [INFO] pomelo - [32m[/Users/dangvanhien/ARPG/ARPGGame/game-server/node_modules/pomelo/lib/application.js] [39mapplication inited: "area-server-3"
[2014-01-08 15:51:53.812] [INFO] console - /Users/dangvanhien/ARPG/ARPGGame/game-server
[2014-01-08 15:51:53.853] [INFO] console - VLTN
[2014-01-08 15:51:53.853] [INFO] console - MySQL:[object Object]
[2014-01-08 15:51:54.172] [INFO] console - [data sync component] load mapping file done.
[2014-01-08 15:51:56.342] [INFO] console - info: socket.io started
[2014-01-08 15:51:56.443] [INFO] pomelo-admin - [32m[/Users/dangvanhien/ARPG/ARPGGame/game-server/node_modules/pomelo/node_modules/pomelo-admin/lib/consoleService.js] [39mtry to connect master: "area", "127.0.0.1", 3005
[2014-01-08 15:51:57.123] [INFO] pomelo - [32m[/Users/dangvanhien/ARPG/ARPGGame/game-server/node_modules/pomelo/lib/application.js] [39m"area-server-3" enter after start...
[2014-01-08 15:51:57.138] [INFO] pomelo - [32m[/Users/dangvanhien/ARPG/ARPGGame/game-server/node_modules/pomelo/lib/application.js] [39m"area-server-3" finish start
[2014-01-08 16:03:55.532] [INFO] pomelo - [32m[/Users/dangvanhien/ARPG/ARPGGame/game-server/node_modules/pomelo/lib/application.js] [39mapplication inited: "area-server-3"
[2014-01-08 16:03:55.661] [INFO] console - /Users/dangvanhien/ARPG/ARPGGame/game-server
[2014-01-08 16:03:55.690] [INFO] console - VLTN
[2014-01-08 16:03:55.691] [INFO] console - MySQL:[object Object]
[2014-01-08 16:03:55.991] [INFO] console - [data sync component] load mapping file done.
[2014-01-08 16:03:58.362] [INFO] console - info: socket.io started
[2014-01-08 16:03:58.501] [INFO] pomelo-admin - [32m[/Users/dangvanhien/ARPG/ARPGGame/game-server/node_modules/pomelo/node_modules/pomelo-admin/lib/consoleService.js] [39mtry to connect master: "area", "127.0.0.1", 3005
[2014-01-08 16:03:59.089] [INFO] pomelo - [32m[/Users/dangvanhien/ARPG/ARPGGame/game-server/node_modules/pomelo/lib/application.js] [39m"area-server-3" enter after start...
[2014-01-08 16:03:59.093] [INFO] pomelo - [32m[/Users/dangvanhien/ARPG/ARPGGame/game-server/node_modules/pomelo/lib/application.js] [39m"area-server-3" finish start
[2014-01-08 16:07:11.713] [INFO] pomelo - [32m[/Users/dangvanhien/ARPG/ARPGGame/game-server/node_modules/pomelo/lib/application.js] [39mapplication inited: "area-server-3"
[2014-01-08 16:07:11.766] [INFO] console - /Users/dangvanhien/ARPG/ARPGGame/game-server
[2014-01-08 16:07:11.867] [INFO] console - VLTN
[2014-01-08 16:07:11.868] [INFO] console - MySQL:[object Object]
[2014-01-08 16:07:12.193] [INFO] console - [data sync component] load mapping file done.
[2014-01-08 16:07:13.990] [INFO] console - info: socket.io started
[2014-01-08 16:07:14.100] [INFO] pomelo-admin - [32m[/Users/dangvanhien/ARPG/ARPGGame/game-server/node_modules/pomelo/node_modules/pomelo-admin/lib/consoleService.js] [39mtry to connect master: "area", "127.0.0.1", 3005
[2014-01-08 16:07:14.602] [INFO] pomelo - [32m[/Users/dangvanhien/ARPG/ARPGGame/game-server/node_modules/pomelo/lib/application.js] [39m"area-server-3" enter after start...
[2014-01-08 16:07:14.609] [INFO] pomelo - [32m[/Users/dangvanhien/ARPG/ARPGGame/game-server/node_modules/pomelo/lib/application.js] [39m"area-server-3" finish start
[2014-01-08 16:30:43.497] [INFO] pomelo - [32m[/Users/dangvanhien/ARPG/ARPGGame/game-server/node_modules/pomelo/lib/application.js] [39mapplication inited: "area-server-3"
[2014-01-08 16:30:43.632] [INFO] console - /Users/dangvanhien/ARPG/ARPGGame/game-server
[2014-01-08 16:30:43.681] [INFO] console - VLTN
[2014-01-08 16:30:43.681] [INFO] console - MySQL:[object Object]
[2014-01-08 16:30:44.051] [INFO] console - [data sync component] load mapping file done.
[2014-01-08 16:30:46.621] [INFO] console - info: socket.io started
[2014-01-08 16:30:46.731] [INFO] pomelo-admin - [32m[/Users/dangvanhien/ARPG/ARPGGame/game-server/node_modules/pomelo/node_modules/pomelo-admin/lib/consoleService.js] [39mtry to connect master: "area", "127.0.0.1", 3005
[2014-01-08 16:30:47.577] [ERROR] pomelo-admin - [31m[/Users/dangvanhien/ARPG/ARPGGame/game-server/node_modules/pomelo/node_modules/pomelo-admin/lib/monitorAgent.js] [39mserver "area-server-3" "area" register master failed
[2014-01-08 19:52:54.724] [INFO] pomelo - [32m[/Users/dangvanhien/ARPG/ARPGGame/game-server/node_modules/pomelo/lib/application.js] [39mapplication inited: "area-server-3"
[2014-01-08 19:52:54.829] [INFO] console - /Users/dangvanhien/ARPG/ARPGGame/game-server
[2014-01-08 19:52:54.841] [INFO] console - VLTN
[2014-01-08 19:52:54.841] [INFO] console - MySQL:[object Object]
[2014-01-08 19:52:55.418] [INFO] console - [data sync component] load mapping file done.
[2014-01-08 19:52:58.930] [INFO] console - info: socket.io started
[2014-01-08 19:52:59.041] [INFO] pomelo-admin - [32m[/Users/dangvanhien/ARPG/ARPGGame/game-server/node_modules/pomelo/node_modules/pomelo-admin/lib/consoleService.js] [39mtry to connect master: "area", "127.0.0.1", 3005
[2014-01-08 19:52:59.903] [INFO] pomelo - [32m[/Users/dangvanhien/ARPG/ARPGGame/game-server/node_modules/pomelo/lib/application.js] [39m"area-server-3" enter after start...
[2014-01-08 19:52:59.906] [INFO] pomelo - [32m[/Users/dangvanhien/ARPG/ARPGGame/game-server/node_modules/pomelo/lib/application.js] [39m"area-server-3" finish start
[2014-01-09 09:15:10.726] [INFO] pomelo - [32m[/Users/dangvanhien/ARPG/ARPGGame/game-server/node_modules/pomelo/lib/application.js] [39mapplication inited: "area-server-3"
[2014-01-09 09:15:10.760] [INFO] console - /Users/dangvanhien/ARPG/ARPGGame/game-server
[2014-01-09 09:15:10.898] [INFO] console - VLTN
[2014-01-09 09:15:10.899] [INFO] console - MySQL:[object Object]
[2014-01-09 09:15:11.315] [INFO] console - [data sync component] load mapping file done.
[2014-01-09 09:15:14.000] [INFO] console - info: socket.io started
[2014-01-09 09:15:14.121] [INFO] pomelo-admin - [32m[/Users/dangvanhien/ARPG/ARPGGame/game-server/node_modules/pomelo/node_modules/pomelo-admin/lib/consoleService.js] [39mtry to connect master: "area", "127.0.0.1", 3005
[2014-01-09 09:15:15.096] [INFO] pomelo - [32m[/Users/dangvanhien/ARPG/ARPGGame/game-server/node_modules/pomelo/lib/application.js] [39m"area-server-3" enter after start...
[2014-01-09 09:15:15.098] [INFO] pomelo - [32m[/Users/dangvanhien/ARPG/ARPGGame/game-server/node_modules/pomelo/lib/application.js] [39m"area-server-3" finish start
[2014-01-09 09:16:41.915] [INFO] pomelo - [32m[/Users/dangvanhien/ARPG/ARPGGame/game-server/node_modules/pomelo/lib/application.js] [39mapplication inited: "area-server-3"
[2014-01-09 09:16:42.001] [INFO] console - /Users/dangvanhien/ARPG/ARPGGame/game-server
[2014-01-09 09:16:42.058] [INFO] console - VLTN
[2014-01-09 09:16:42.059] [INFO] console - MySQL:[object Object]
[2014-01-09 09:16:42.408] [INFO] console - [data sync component] load mapping file done.
[2014-01-09 09:16:44.704] [INFO] console - info: socket.io started
[2014-01-09 09:16:44.810] [INFO] pomelo-admin - [32m[/Users/dangvanhien/ARPG/ARPGGame/game-server/node_modules/pomelo/node_modules/pomelo-admin/lib/consoleService.js] [39mtry to connect master: "area", "127.0.0.1", 3005
[2014-01-09 09:16:45.651] [INFO] pomelo - [32m[/Users/dangvanhien/ARPG/ARPGGame/game-server/node_modules/pomelo/lib/application.js] [39m"area-server-3" enter after start...
[2014-01-09 09:16:45.654] [INFO] pomelo - [32m[/Users/dangvanhien/ARPG/ARPGGame/game-server/node_modules/pomelo/lib/application.js] [39m"area-server-3" finish start
[2014-01-09 09:22:03.530] [INFO] pomelo - [32m[/Users/dangvanhien/ARPG/ARPGGame/game-server/node_modules/pomelo/lib/application.js] [39mapplication inited: "area-server-3"
[2014-01-09 09:22:03.626] [INFO] console - /Users/dangvanhien/ARPG/ARPGGame/game-server
[2014-01-09 09:22:03.726] [INFO] console - VLTN
[2014-01-09 09:22:03.726] [INFO] console - MySQL:[object Object]
[2014-01-09 09:22:04.115] [INFO] console - [data sync component] load mapping file done.
[2014-01-09 09:22:07.407] [INFO] console - info: socket.io started
[2014-01-09 09:22:07.667] [INFO] pomelo-admin - [32m[/Users/dangvanhien/ARPG/ARPGGame/game-server/node_modules/pomelo/node_modules/pomelo-admin/lib/consoleService.js] [39mtry to connect master: "area", "127.0.0.1", 3005
[2014-01-09 09:22:08.697] [INFO] pomelo - [32m[/Users/dangvanhien/ARPG/ARPGGame/game-server/node_modules/pomelo/lib/application.js] [39m"area-server-3" enter after start...
[2014-01-09 09:22:08.699] [INFO] pomelo - [32m[/Users/dangvanhien/ARPG/ARPGGame/game-server/node_modules/pomelo/lib/application.js] [39m"area-server-3" finish start
[2014-01-09 09:29:55.808] [INFO] pomelo - [32m[/Users/dangvanhien/ARPG/ARPGGame/game-server/node_modules/pomelo/lib/application.js] [39mapplication inited: "area-server-3"
[2014-01-09 09:29:55.864] [INFO] console - /Users/dangvanhien/ARPG/ARPGGame/game-server
[2014-01-09 09:29:55.916] [INFO] console - VLTN
[2014-01-09 09:29:55.917] [INFO] console - MySQL:[object Object]
[2014-01-09 09:29:56.300] [INFO] console - [data sync component] load mapping file done.
[2014-01-09 09:29:58.945] [INFO] console - info: socket.io started
[2014-01-09 09:29:59.034] [INFO] pomelo-admin - [32m[/Users/dangvanhien/ARPG/ARPGGame/game-server/node_modules/pomelo/node_modules/pomelo-admin/lib/consoleService.js] [39mtry to connect master: "area", "127.0.0.1", 3005
[2014-01-09 09:29:59.846] [INFO] pomelo - [32m[/Users/dangvanhien/ARPG/ARPGGame/game-server/node_modules/pomelo/lib/application.js] [39m"area-server-3" enter after start...
[2014-01-09 09:29:59.848] [INFO] pomelo - [32m[/Users/dangvanhien/ARPG/ARPGGame/game-server/node_modules/pomelo/lib/application.js] [39m"area-server-3" finish start
[2014-01-09 09:33:07.765] [INFO] pomelo - [32m[/Users/dangvanhien/ARPG/ARPGGame/game-server/node_modules/pomelo/lib/application.js] [39mapplication inited: "area-server-3"
[2014-01-09 09:33:07.848] [INFO] console - /Users/dangvanhien/ARPG/ARPGGame/game-server
[2014-01-09 09:33:07.891] [INFO] console - VLTN
[2014-01-09 09:33:07.892] [INFO] console - MySQL:[object Object]
[2014-01-09 09:33:08.221] [INFO] console - [data sync component] load mapping file done.
[2014-01-09 09:33:10.603] [INFO] console - info: socket.io started
[2014-01-09 09:33:10.750] [INFO] pomelo-admin - [32m[/Users/dangvanhien/ARPG/ARPGGame/game-server/node_modules/pomelo/node_modules/pomelo-admin/lib/consoleService.js] [39mtry to connect master: "area", "127.0.0.1", 3005
[2014-01-09 09:33:11.499] [INFO] pomelo - [32m[/Users/dangvanhien/ARPG/ARPGGame/game-server/node_modules/pomelo/lib/application.js] [39m"area-server-3" enter after start...
[2014-01-09 09:33:11.500] [INFO] pomelo - [32m[/Users/dangvanhien/ARPG/ARPGGame/game-server/node_modules/pomelo/lib/application.js] [39m"area-server-3" finish start
[2014-01-09 09:36:16.084] [INFO] pomelo - [32m[/Users/dangvanhien/ARPG/ARPGGame/game-server/node_modules/pomelo/lib/application.js] [39mapplication inited: "area-server-3"
[2014-01-09 09:36:16.145] [INFO] console - /Users/dangvanhien/ARPG/ARPGGame/game-server
[2014-01-09 09:36:16.181] [INFO] console - VLTN
[2014-01-09 09:36:16.182] [INFO] console - MySQL:[object Object]
[2014-01-09 09:36:16.457] [INFO] console - [data sync component] load mapping file done.
[2014-01-09 09:36:18.851] [INFO] console - info: socket.io started
[2014-01-09 09:36:18.902] [INFO] pomelo-admin - [32m[/Users/dangvanhien/ARPG/ARPGGame/game-server/node_modules/pomelo/node_modules/pomelo-admin/lib/consoleService.js] [39mtry to connect master: "area", "127.0.0.1", 3005
[2014-01-09 09:36:19.565] [INFO] pomelo - [32m[/Users/dangvanhien/ARPG/ARPGGame/game-server/node_modules/pomelo/lib/application.js] [39m"area-server-3" enter after start...
[2014-01-09 09:36:19.573] [INFO] pomelo - [32m[/Users/dangvanhien/ARPG/ARPGGame/game-server/node_modules/pomelo/lib/application.js] [39m"area-server-3" finish start
[2014-01-09 09:43:39.493] [INFO] pomelo - [32m[/Users/dangvanhien/ARPG/ARPGGame/game-server/node_modules/pomelo/lib/application.js] [39mapplication inited: "area-server-3"
[2014-01-09 09:43:39.594] [INFO] console - /Users/dangvanhien/ARPG/ARPGGame/game-server
[2014-01-09 09:43:39.637] [INFO] console - VLTN
[2014-01-09 09:43:39.638] [INFO] console - MySQL:[object Object]
[2014-01-09 09:43:39.974] [INFO] console - [data sync component] load mapping file done.
[2014-01-09 09:43:42.408] [INFO] console - info: socket.io started
[2014-01-09 09:43:42.561] [INFO] pomelo-admin - [32m[/Users/dangvanhien/ARPG/ARPGGame/game-server/node_modules/pomelo/node_modules/pomelo-admin/lib/consoleService.js] [39mtry to connect master: "area", "127.0.0.1", 3005
[2014-01-09 09:43:43.210] [INFO] pomelo - [32m[/Users/dangvanhien/ARPG/ARPGGame/game-server/node_modules/pomelo/lib/application.js] [39m"area-server-3" enter after start...
[2014-01-09 09:43:43.212] [INFO] pomelo - [32m[/Users/dangvanhien/ARPG/ARPGGame/game-server/node_modules/pomelo/lib/application.js] [39m"area-server-3" finish start
[2014-01-09 09:45:58.964] [INFO] pomelo - [32m[/Users/dangvanhien/ARPG/ARPGGame/game-server/node_modules/pomelo/lib/application.js] [39mapplication inited: "area-server-3"
[2014-01-09 09:45:59.164] [INFO] console - /Users/dangvanhien/ARPG/ARPGGame/game-server
[2014-01-09 09:45:59.210] [INFO] console - VLTN
[2014-01-09 09:45:59.211] [INFO] console - MySQL:[object Object]
[2014-01-09 09:45:59.632] [INFO] console - [data sync component] load mapping file done.
[2014-01-09 09:46:02.851] [INFO] console - info: socket.io started
[2014-01-09 09:46:02.969] [INFO] pomelo-admin - [32m[/Users/dangvanhien/ARPG/ARPGGame/game-server/node_modules/pomelo/node_modules/pomelo-admin/lib/consoleService.js] [39mtry to connect master: "area", "127.0.0.1", 3005
[2014-01-09 09:46:03.796] [INFO] pomelo - [32m[/Users/dangvanhien/ARPG/ARPGGame/game-server/node_modules/pomelo/lib/application.js] [39m"area-server-3" enter after start...
[2014-01-09 09:46:03.798] [INFO] pomelo - [32m[/Users/dangvanhien/ARPG/ARPGGame/game-server/node_modules/pomelo/lib/application.js] [39m"area-server-3" finish start
[2014-01-09 09:50:51.551] [INFO] pomelo - [32m[/Users/dangvanhien/ARPG/ARPGGame/game-server/node_modules/pomelo/lib/application.js] [39mapplication inited: "area-server-3"
[2014-01-09 09:50:51.627] [INFO] console - /Users/dangvanhien/ARPG/ARPGGame/game-server
[2014-01-09 09:50:51.668] [INFO] console - VLTN
[2014-01-09 09:50:51.669] [INFO] console - MySQL:[object Object]
[2014-01-09 09:50:51.962] [INFO] console - [data sync component] load mapping file done.
[2014-01-09 09:50:54.343] [INFO] console - info: socket.io started
[2014-01-09 09:50:54.499] [INFO] pomelo-admin - [32m[/Users/dangvanhien/ARPG/ARPGGame/game-server/node_modules/pomelo/node_modules/pomelo-admin/lib/consoleService.js] [39mtry to connect master: "area", "127.0.0.1", 3005
[2014-01-09 09:50:55.159] [INFO] pomelo - [32m[/Users/dangvanhien/ARPG/ARPGGame/game-server/node_modules/pomelo/lib/application.js] [39m"area-server-3" enter after start...
[2014-01-09 09:50:55.164] [INFO] pomelo - [32m[/Users/dangvanhien/ARPG/ARPGGame/game-server/node_modules/pomelo/lib/application.js] [39m"area-server-3" finish start
[2014-01-09 09:56:20.945] [INFO] pomelo - [32m[/Users/dangvanhien/ARPG/ARPGGame/game-server/node_modules/pomelo/lib/application.js] [39mapplication inited: "area-server-3"
[2014-01-09 09:56:21.076] [INFO] console - /Users/dangvanhien/ARPG/ARPGGame/game-server
[2014-01-09 09:56:21.106] [INFO] console - VLTN
[2014-01-09 09:56:21.106] [INFO] console - MySQL:[object Object]
[2014-01-09 09:56:21.423] [INFO] console - [data sync component] load mapping file done.
[2014-01-09 09:56:23.607] [INFO] console - info: socket.io started
[2014-01-09 09:56:23.776] [INFO] pomelo-admin - [32m[/Users/dangvanhien/ARPG/ARPGGame/game-server/node_modules/pomelo/node_modules/pomelo-admin/lib/consoleService.js] [39mtry to connect master: "area", "127.0.0.1", 3005
[2014-01-09 09:56:24.545] [INFO] pomelo - [32m[/Users/dangvanhien/ARPG/ARPGGame/game-server/node_modules/pomelo/lib/application.js] [39m"area-server-3" enter after start...
[2014-01-09 09:56:24.547] [INFO] pomelo - [32m[/Users/dangvanhien/ARPG/ARPGGame/game-server/node_modules/pomelo/lib/application.js] [39m"area-server-3" finish start
[2014-01-09 09:59:28.043] [INFO] pomelo - [32m[/Users/dangvanhien/ARPG/ARPGGame/game-server/node_modules/pomelo/lib/application.js] [39mapplication inited: "area-server-3"
[2014-01-09 09:59:28.123] [INFO] console - /Users/dangvanhien/ARPG/ARPGGame/game-server
[2014-01-09 09:59:28.159] [INFO] console - VLTN
[2014-01-09 09:59:28.160] [INFO] console - MySQL:[object Object]
[2014-01-09 09:59:28.476] [INFO] console - [data sync component] load mapping file done.
[2014-01-09 09:59:30.963] [INFO] console - info: socket.io started
[2014-01-09 09:59:31.065] [INFO] pomelo-admin - [32m[/Users/dangvanhien/ARPG/ARPGGame/game-server/node_modules/pomelo/node_modules/pomelo-admin/lib/consoleService.js] [39mtry to connect master: "area", "127.0.0.1", 3005
[2014-01-09 09:59:31.870] [INFO] pomelo - [32m[/Users/dangvanhien/ARPG/ARPGGame/game-server/node_modules/pomelo/lib/application.js] [39m"area-server-3" enter after start...
[2014-01-09 09:59:31.872] [INFO] pomelo - [32m[/Users/dangvanhien/ARPG/ARPGGame/game-server/node_modules/pomelo/lib/application.js] [39m"area-server-3" finish start
[2014-01-09 10:02:23.811] [INFO] pomelo - [32m[/Users/dangvanhien/ARPG/ARPGGame/game-server/node_modules/pomelo/lib/application.js] [39mapplication inited: "area-server-3"
[2014-01-09 10:02:23.881] [INFO] console - /Users/dangvanhien/ARPG/ARPGGame/game-server
[2014-01-09 10:02:23.951] [INFO] console - VLTN
[2014-01-09 10:02:23.952] [INFO] console - MySQL:[object Object]
[2014-01-09 10:02:24.377] [INFO] console - [data sync component] load mapping file done.
[2014-01-09 10:02:27.425] [INFO] console - info: socket.io started
[2014-01-09 10:02:27.442] [ERROR] console -  Caught exception: Error: listen EADDRINUSE
    at errnoException (net.js:901:11)
    at Server._listen2 (net.js:1039:14)
    at listen (net.js:1061:10)
    at Server.listen (net.js:1127:5)
    at Object.exports.listen (/Users/dangvanhien/ARPG/ARPGGame/game-server/node_modules/pomelo/node_modules/socket.io/lib/socket.io.js:74:12)
    at pro.listen (/Users/dangvanhien/ARPG/ARPGGame/game-server/node_modules/pomelo/node_modules/pomelo-rpc/lib/rpc-server/acceptors/ws-acceptor.js:32:21)
    at pro.start (/Users/dangvanhien/ARPG/ARPGGame/game-server/node_modules/pomelo/node_modules/pomelo-rpc/lib/rpc-server/gateway.js:43:17)
    at pro.start (/Users/dangvanhien/ARPG/ARPGGame/game-server/node_modules/pomelo/lib/components/remote.js:54:15)
    at /Users/dangvanhien/ARPG/ARPGGame/game-server/node_modules/pomelo/lib/util/appUtil.js:84:19
    at iterate (/Users/dangvanhien/ARPG/ARPGGame/game-server/node_modules/pomelo/node_modules/async/lib/async.js:123:13)
[2014-01-09 10:02:27.571] [INFO] pomelo-admin - [32m[/Users/dangvanhien/ARPG/ARPGGame/game-server/node_modules/pomelo/node_modules/pomelo-admin/lib/consoleService.js] [39mtry to connect master: "area", "127.0.0.1", 3005
[2014-01-09 10:02:28.541] [INFO] pomelo - [32m[/Users/dangvanhien/ARPG/ARPGGame/game-server/node_modules/pomelo/lib/application.js] [39m"area-server-3" enter after start...
[2014-01-09 10:02:28.563] [INFO] pomelo - [32m[/Users/dangvanhien/ARPG/ARPGGame/game-server/node_modules/pomelo/lib/application.js] [39m"area-server-3" finish start
[2014-01-09 10:02:40.962] [INFO] pomelo - [32m[/Users/dangvanhien/ARPG/ARPGGame/game-server/node_modules/pomelo/lib/application.js] [39mapplication inited: "area-server-3"
[2014-01-09 10:02:41.041] [INFO] console - /Users/dangvanhien/ARPG/ARPGGame/game-server
[2014-01-09 10:02:41.080] [INFO] console - VLTN
[2014-01-09 10:02:41.081] [INFO] console - MySQL:[object Object]
[2014-01-09 10:02:41.388] [INFO] console - [data sync component] load mapping file done.
[2014-01-09 10:02:43.325] [INFO] console - info: socket.io started
[2014-01-09 10:02:43.420] [INFO] pomelo-admin - [32m[/Users/dangvanhien/ARPG/ARPGGame/game-server/node_modules/pomelo/node_modules/pomelo-admin/lib/consoleService.js] [39mtry to connect master: "area", "127.0.0.1", 3005
[2014-01-09 10:02:44.045] [INFO] pomelo - [32m[/Users/dangvanhien/ARPG/ARPGGame/game-server/node_modules/pomelo/lib/application.js] [39m"area-server-3" enter after start...
[2014-01-09 10:02:44.047] [INFO] pomelo - [32m[/Users/dangvanhien/ARPG/ARPGGame/game-server/node_modules/pomelo/lib/application.js] [39m"area-server-3" finish start
[2014-01-09 10:05:16.976] [INFO] pomelo - [32m[/Users/dangvanhien/ARPG/ARPGGame/game-server/node_modules/pomelo/lib/application.js] [39mapplication inited: "area-server-3"
[2014-01-09 10:05:17.043] [INFO] console - /Users/dangvanhien/ARPG/ARPGGame/game-server
[2014-01-09 10:05:17.054] [INFO] console - VLTN
[2014-01-09 10:05:17.055] [INFO] console - MySQL:[object Object]
[2014-01-09 10:05:17.425] [INFO] console - [data sync component] load mapping file done.
[2014-01-09 10:05:19.403] [INFO] console - info: socket.io started
[2014-01-09 10:05:19.490] [INFO] pomelo-admin - [32m[/Users/dangvanhien/ARPG/ARPGGame/game-server/node_modules/pomelo/node_modules/pomelo-admin/lib/consoleService.js] [39mtry to connect master: "area", "127.0.0.1", 3005
[2014-01-09 10:05:20.077] [INFO] pomelo - [32m[/Users/dangvanhien/ARPG/ARPGGame/game-server/node_modules/pomelo/lib/application.js] [39m"area-server-3" enter after start...
[2014-01-09 10:05:20.079] [INFO] pomelo - [32m[/Users/dangvanhien/ARPG/ARPGGame/game-server/node_modules/pomelo/lib/application.js] [39m"area-server-3" finish start
[2014-01-09 10:09:13.774] [INFO] pomelo - [32m[/Users/dangvanhien/ARPG/ARPGGame/game-server/node_modules/pomelo/lib/application.js] [39mapplication inited: "area-server-3"
[2014-01-09 10:09:13.899] [INFO] console - VLTN
[2014-01-09 10:09:13.901] [INFO] console - MySQL:[object Object]
[2014-01-09 10:09:14.389] [INFO] console - [data sync component] load mapping file done.
[2014-01-09 10:09:16.716] [INFO] console - info: socket.io started
[2014-01-09 10:09:16.784] [INFO] pomelo-admin - [32m[/Users/dangvanhien/ARPG/ARPGGame/game-server/node_modules/pomelo/node_modules/pomelo-admin/lib/consoleService.js] [39mtry to connect master: "area", "127.0.0.1", 3005
[2014-01-09 10:09:17.548] [INFO] pomelo - [32m[/Users/dangvanhien/ARPG/ARPGGame/game-server/node_modules/pomelo/lib/application.js] [39m"area-server-3" enter after start...
[2014-01-09 10:09:17.551] [INFO] pomelo - [32m[/Users/dangvanhien/ARPG/ARPGGame/game-server/node_modules/pomelo/lib/application.js] [39m"area-server-3" finish start
[2014-01-09 11:23:07.598] [INFO] pomelo - [32m[/Users/dangvanhien/ARPG/ARPGGame/game-server/node_modules/pomelo/lib/application.js] [39mapplication inited: "area-server-3"
[2014-01-09 11:23:07.654] [INFO] console - VLTN
[2014-01-09 11:23:07.655] [INFO] console - MySQL:[object Object]
[2014-01-09 11:23:07.949] [INFO] console - [data sync component] load mapping file done.
[2014-01-09 11:23:09.901] [INFO] console - info: socket.io started
[2014-01-09 11:23:09.936] [INFO] pomelo-admin - [32m[/Users/dangvanhien/ARPG/ARPGGame/game-server/node_modules/pomelo/node_modules/pomelo-admin/lib/consoleService.js] [39mtry to connect master: "area", "127.0.0.1", 3005
[2014-01-09 11:23:10.524] [INFO] pomelo - [32m[/Users/dangvanhien/ARPG/ARPGGame/game-server/node_modules/pomelo/lib/application.js] [39m"area-server-3" enter after start...
[2014-01-09 11:23:10.526] [INFO] pomelo - [32m[/Users/dangvanhien/ARPG/ARPGGame/game-server/node_modules/pomelo/lib/application.js] [39m"area-server-3" finish start
[2014-01-09 11:23:44.446] [INFO] pomelo - [32m[/Users/dangvanhien/ARPG/ARPGGame/game-server/node_modules/pomelo/lib/application.js] [39mapplication inited: "area-server-3"
[2014-01-09 11:23:44.527] [INFO] console - VLTN
[2014-01-09 11:23:44.577] [INFO] console - MySQL:[object Object]
[2014-01-09 11:23:44.874] [INFO] console - [data sync component] load mapping file done.
[2014-01-09 11:23:47.295] [INFO] console - info: socket.io started
[2014-01-09 11:23:47.418] [INFO] pomelo-admin - [32m[/Users/dangvanhien/ARPG/ARPGGame/game-server/node_modules/pomelo/node_modules/pomelo-admin/lib/consoleService.js] [39mtry to connect master: "area", "127.0.0.1", 3005
[2014-01-09 11:23:48.029] [INFO] pomelo - [32m[/Users/dangvanhien/ARPG/ARPGGame/game-server/node_modules/pomelo/lib/application.js] [39m"area-server-3" enter after start...
[2014-01-09 11:23:48.033] [INFO] pomelo - [32m[/Users/dangvanhien/ARPG/ARPGGame/game-server/node_modules/pomelo/lib/application.js] [39m"area-server-3" finish start
[2014-01-09 11:27:03.618] [INFO] pomelo - [32m[/Users/dangvanhien/ARPG/ARPGGame/game-server/node_modules/pomelo/lib/application.js] [39mapplication inited: "area-server-3"
[2014-01-09 11:27:03.651] [INFO] console - VLTN
[2014-01-09 11:27:03.653] [INFO] console - MySQL:[object Object]
[2014-01-09 11:27:03.980] [INFO] console - [data sync component] load mapping file done.
[2014-01-09 11:27:06.280] [INFO] console - info: socket.io started
[2014-01-09 11:27:06.369] [INFO] pomelo-admin - [32m[/Users/dangvanhien/ARPG/ARPGGame/game-server/node_modules/pomelo/node_modules/pomelo-admin/lib/consoleService.js] [39mtry to connect master: "area", "127.0.0.1", 3005
[2014-01-09 11:27:06.896] [INFO] pomelo - [32m[/Users/dangvanhien/ARPG/ARPGGame/game-server/node_modules/pomelo/lib/application.js] [39m"area-server-3" enter after start...
[2014-01-09 11:27:06.904] [INFO] pomelo - [32m[/Users/dangvanhien/ARPG/ARPGGame/game-server/node_modules/pomelo/lib/application.js] [39m"area-server-3" finish start
[2014-01-09 11:29:38.598] [INFO] pomelo - [32m[/Users/dangvanhien/ARPG/ARPGGame/game-server/node_modules/pomelo/lib/application.js] [39mapplication inited: "area-server-3"
[2014-01-09 11:29:38.665] [INFO] console - VLTN
[2014-01-09 11:29:38.705] [INFO] console - MySQL:[object Object]
[2014-01-09 11:29:38.982] [INFO] console - [data sync component] load mapping file done.
[2014-01-09 11:29:41.349] [INFO] console - info: socket.io started
[2014-01-09 11:29:41.366] [INFO] pomelo-admin - [32m[/Users/dangvanhien/ARPG/ARPGGame/game-server/node_modules/pomelo/node_modules/pomelo-admin/lib/consoleService.js] [39mtry to connect master: "area", "127.0.0.1", 3005
[2014-01-09 11:29:42.104] [INFO] pomelo - [32m[/Users/dangvanhien/ARPG/ARPGGame/game-server/node_modules/pomelo/lib/application.js] [39m"area-server-3" enter after start...
[2014-01-09 11:29:42.106] [INFO] pomelo - [32m[/Users/dangvanhien/ARPG/ARPGGame/game-server/node_modules/pomelo/lib/application.js] [39m"area-server-3" finish start
[2014-01-09 11:30:50.961] [INFO] pomelo - [32m[/Users/dangvanhien/ARPG/ARPGGame/game-server/node_modules/pomelo/lib/application.js] [39mapplication inited: "area-server-3"
[2014-01-09 11:30:51.084] [INFO] console - VLTN
[2014-01-09 11:30:51.127] [INFO] console - MySQL:[object Object]
[2014-01-09 11:30:51.399] [INFO] console - [data sync component] load mapping file done.
[2014-01-09 11:30:53.801] [INFO] console - info: socket.io started
[2014-01-09 11:30:53.900] [INFO] pomelo-admin - [32m[/Users/dangvanhien/ARPG/ARPGGame/game-server/node_modules/pomelo/node_modules/pomelo-admin/lib/consoleService.js] [39mtry to connect master: "area", "127.0.0.1", 3005
[2014-01-09 11:30:54.443] [INFO] pomelo - [32m[/Users/dangvanhien/ARPG/ARPGGame/game-server/node_modules/pomelo/lib/application.js] [39m"area-server-3" enter after start...
[2014-01-09 11:30:54.501] [INFO] pomelo - [32m[/Users/dangvanhien/ARPG/ARPGGame/game-server/node_modules/pomelo/lib/application.js] [39m"area-server-3" finish start
[2014-01-09 11:34:00.767] [INFO] pomelo - [32m[/Users/dangvanhien/ARPG/ARPGGame/game-server/node_modules/pomelo/lib/application.js] [39mapplication inited: "area-server-3"
[2014-01-09 11:34:00.865] [INFO] console - VLTN
[2014-01-09 11:34:00.907] [INFO] console - MySQL:[object Object]
[2014-01-09 11:34:01.231] [INFO] console - [data sync component] load mapping file done.
[2014-01-09 11:34:03.900] [INFO] console - info: socket.io started
[2014-01-09 11:34:04.050] [INFO] pomelo-admin - [32m[/Users/dangvanhien/ARPG/ARPGGame/game-server/node_modules/pomelo/node_modules/pomelo-admin/lib/consoleService.js] [39mtry to connect master: "area", "127.0.0.1", 3005
[2014-01-09 11:34:04.736] [INFO] pomelo - [32m[/Users/dangvanhien/ARPG/ARPGGame/game-server/node_modules/pomelo/lib/application.js] [39m"area-server-3" enter after start...
[2014-01-09 11:34:04.748] [INFO] pomelo - [32m[/Users/dangvanhien/ARPG/ARPGGame/game-server/node_modules/pomelo/lib/application.js] [39m"area-server-3" finish start
[2014-01-09 11:36:33.706] [INFO] pomelo - [32m[/Users/dangvanhien/ARPG/ARPGGame/game-server/node_modules/pomelo/lib/application.js] [39mapplication inited: "area-server-3"
[2014-01-09 11:36:33.856] [INFO] console - VLTN
[2014-01-09 11:36:33.858] [INFO] console - MySQL:[object Object]
[2014-01-09 11:36:34.148] [INFO] console - [data sync component] load mapping file done.
[2014-01-09 11:36:36.518] [INFO] console - info: socket.io started
[2014-01-09 11:36:36.574] [INFO] pomelo-admin - [32m[/Users/dangvanhien/ARPG/ARPGGame/game-server/node_modules/pomelo/node_modules/pomelo-admin/lib/consoleService.js] [39mtry to connect master: "area", "127.0.0.1", 3005
[2014-01-09 11:36:37.296] [INFO] pomelo - [32m[/Users/dangvanhien/ARPG/ARPGGame/game-server/node_modules/pomelo/lib/application.js] [39m"area-server-3" enter after start...
[2014-01-09 11:36:37.298] [INFO] pomelo - [32m[/Users/dangvanhien/ARPG/ARPGGame/game-server/node_modules/pomelo/lib/application.js] [39m"area-server-3" finish start
[2014-01-09 11:37:29.496] [INFO] pomelo - [32m[/Users/dangvanhien/ARPG/ARPGGame/game-server/node_modules/pomelo/lib/application.js] [39mapplication inited: "area-server-3"
[2014-01-09 11:37:29.628] [INFO] console - VLTN
[2014-01-09 11:37:29.666] [INFO] console - MySQL:[object Object]
[2014-01-09 11:37:29.980] [INFO] console - [data sync component] load mapping file done.
[2014-01-09 11:37:32.532] [INFO] console - info: socket.io started
[2014-01-09 11:37:32.736] [INFO] pomelo-admin - [32m[/Users/dangvanhien/ARPG/ARPGGame/game-server/node_modules/pomelo/node_modules/pomelo-admin/lib/consoleService.js] [39mtry to connect master: "area", "127.0.0.1", 3005
[2014-01-09 11:37:33.699] [INFO] pomelo - [32m[/Users/dangvanhien/ARPG/ARPGGame/game-server/node_modules/pomelo/lib/application.js] [39m"area-server-3" enter after start...
[2014-01-09 11:37:33.702] [INFO] pomelo - [32m[/Users/dangvanhien/ARPG/ARPGGame/game-server/node_modules/pomelo/lib/application.js] [39m"area-server-3" finish start
[2014-01-09 11:38:32.288] [INFO] pomelo - [32m[/Users/dangvanhien/ARPG/ARPGGame/game-server/node_modules/pomelo/lib/application.js] [39mapplication inited: "area-server-3"
[2014-01-09 11:38:32.412] [INFO] console - VLTN
[2014-01-09 11:38:32.414] [INFO] console - MySQL:[object Object]
[2014-01-09 11:38:32.769] [INFO] console - [data sync component] load mapping file done.
[2014-01-09 11:38:35.073] [INFO] console - info: socket.io started
[2014-01-09 11:38:35.094] [INFO] pomelo-admin - [32m[/Users/dangvanhien/ARPG/ARPGGame/game-server/node_modules/pomelo/node_modules/pomelo-admin/lib/consoleService.js] [39mtry to connect master: "area", "127.0.0.1", 3005
[2014-01-09 11:38:36.200] [INFO] pomelo - [32m[/Users/dangvanhien/ARPG/ARPGGame/game-server/node_modules/pomelo/lib/application.js] [39m"area-server-3" enter after start...
[2014-01-09 11:38:36.202] [INFO] pomelo - [32m[/Users/dangvanhien/ARPG/ARPGGame/game-server/node_modules/pomelo/lib/application.js] [39m"area-server-3" finish start
[2014-01-09 11:41:56.540] [INFO] pomelo - [32m[/Users/dangvanhien/ARPG/ARPGGame/game-server/node_modules/pomelo/lib/application.js] [39mapplication inited: "area-server-3"
[2014-01-09 11:41:56.690] [INFO] console - VLTN
[2014-01-09 11:41:56.708] [INFO] console - MySQL:[object Object]
[2014-01-09 11:41:57.006] [INFO] console - [data sync component] load mapping file done.
[2014-01-09 11:41:59.545] [INFO] console - info: socket.io started
[2014-01-09 11:41:59.681] [INFO] pomelo-admin - [32m[/Users/dangvanhien/ARPG/ARPGGame/game-server/node_modules/pomelo/node_modules/pomelo-admin/lib/consoleService.js] [39mtry to connect master: "area", "127.0.0.1", 3005
[2014-01-09 11:42:00.369] [INFO] pomelo - [32m[/Users/dangvanhien/ARPG/ARPGGame/game-server/node_modules/pomelo/lib/application.js] [39m"area-server-3" enter after start...
[2014-01-09 11:42:00.372] [INFO] pomelo - [32m[/Users/dangvanhien/ARPG/ARPGGame/game-server/node_modules/pomelo/lib/application.js] [39m"area-server-3" finish start
[2014-01-09 11:42:46.076] [INFO] pomelo - [32m[/Users/dangvanhien/ARPG/ARPGGame/game-server/node_modules/pomelo/lib/application.js] [39mapplication inited: "area-server-3"
[2014-01-09 11:42:46.178] [INFO] console - VLTN
[2014-01-09 11:42:46.179] [INFO] console - MySQL:[object Object]
[2014-01-09 11:42:46.626] [INFO] console - [data sync component] load mapping file done.
[2014-01-09 11:42:49.557] [INFO] console - info: socket.io started
[2014-01-09 11:42:49.784] [INFO] pomelo-admin - [32m[/Users/dangvanhien/ARPG/ARPGGame/game-server/node_modules/pomelo/node_modules/pomelo-admin/lib/consoleService.js] [39mtry to connect master: "area", "127.0.0.1", 3005
[2014-01-09 11:42:50.772] [INFO] pomelo - [32m[/Users/dangvanhien/ARPG/ARPGGame/game-server/node_modules/pomelo/lib/application.js] [39m"area-server-3" enter after start...
[2014-01-09 11:42:50.818] [INFO] pomelo - [32m[/Users/dangvanhien/ARPG/ARPGGame/game-server/node_modules/pomelo/lib/application.js] [39m"area-server-3" finish start
[2014-01-09 11:44:05.247] [INFO] pomelo - [32m[/Users/dangvanhien/ARPG/ARPGGame/game-server/node_modules/pomelo/lib/application.js] [39mapplication inited: "area-server-3"
[2014-01-09 11:44:05.326] [INFO] console - VLTN
[2014-01-09 11:44:05.328] [INFO] console - MySQL:[object Object]
[2014-01-09 11:44:05.793] [INFO] console - [data sync component] load mapping file done.
[2014-01-09 11:44:08.527] [INFO] console - info: socket.io started
[2014-01-09 11:44:08.583] [INFO] pomelo-admin - [32m[/Users/dangvanhien/ARPG/ARPGGame/game-server/node_modules/pomelo/node_modules/pomelo-admin/lib/consoleService.js] [39mtry to connect master: "area", "127.0.0.1", 3005
[2014-01-09 11:44:09.331] [INFO] pomelo - [32m[/Users/dangvanhien/ARPG/ARPGGame/game-server/node_modules/pomelo/lib/application.js] [39m"area-server-3" enter after start...
[2014-01-09 11:44:09.333] [INFO] pomelo - [32m[/Users/dangvanhien/ARPG/ARPGGame/game-server/node_modules/pomelo/lib/application.js] [39m"area-server-3" finish start
[2014-01-09 11:45:13.780] [INFO] pomelo - [32m[/Users/dangvanhien/ARPG/ARPGGame/game-server/node_modules/pomelo/lib/application.js] [39mapplication inited: "area-server-3"
[2014-01-09 11:45:13.811] [INFO] console - VLTN
[2014-01-09 11:45:13.859] [INFO] console - MySQL:[object Object]
[2014-01-09 11:45:14.141] [INFO] console - [data sync component] load mapping file done.
[2014-01-09 11:45:16.793] [INFO] console - info: socket.io started
[2014-01-09 11:45:16.889] [INFO] pomelo-admin - [32m[/Users/dangvanhien/ARPG/ARPGGame/game-server/node_modules/pomelo/node_modules/pomelo-admin/lib/consoleService.js] [39mtry to connect master: "area", "127.0.0.1", 3005
[2014-01-09 11:45:17.645] [INFO] pomelo - [32m[/Users/dangvanhien/ARPG/ARPGGame/game-server/node_modules/pomelo/lib/application.js] [39m"area-server-3" enter after start...
[2014-01-09 11:45:17.647] [INFO] pomelo - [32m[/Users/dangvanhien/ARPG/ARPGGame/game-server/node_modules/pomelo/lib/application.js] [39m"area-server-3" finish start
[2014-01-09 11:47:44.097] [INFO] pomelo - [32m[/Users/dangvanhien/ARPG/ARPGGame/game-server/node_modules/pomelo/lib/application.js] [39mapplication inited: "area-server-3"
[2014-01-09 11:47:44.174] [INFO] console - VLTN
[2014-01-09 11:47:44.175] [INFO] console - MySQL:[object Object]
[2014-01-09 11:47:44.520] [INFO] console - [data sync component] load mapping file done.
[2014-01-09 11:47:46.748] [INFO] console - info: socket.io started
[2014-01-09 11:47:46.839] [INFO] pomelo-admin - [32m[/Users/dangvanhien/ARPG/ARPGGame/game-server/node_modules/pomelo/node_modules/pomelo-admin/lib/consoleService.js] [39mtry to connect master: "area", "127.0.0.1", 3005
[2014-01-09 11:47:47.436] [INFO] pomelo - [32m[/Users/dangvanhien/ARPG/ARPGGame/game-server/node_modules/pomelo/lib/application.js] [39m"area-server-3" enter after start...
[2014-01-09 11:47:47.438] [INFO] pomelo - [32m[/Users/dangvanhien/ARPG/ARPGGame/game-server/node_modules/pomelo/lib/application.js] [39m"area-server-3" finish start
[2014-01-09 11:50:43.639] [INFO] pomelo - [32m[/Users/dangvanhien/ARPG/ARPGGame/game-server/node_modules/pomelo/lib/application.js] [39mapplication inited: "area-server-3"
[2014-01-09 11:50:43.756] [INFO] console - VLTN
[2014-01-09 11:50:43.767] [INFO] console - MySQL:[object Object]
[2014-01-09 11:50:44.077] [INFO] console - [data sync component] load mapping file done.
[2014-01-09 11:50:48.173] [INFO] console - info: socket.io started
[2014-01-09 11:50:48.247] [INFO] pomelo-admin - [32m[/Users/dangvanhien/ARPG/ARPGGame/game-server/node_modules/pomelo/node_modules/pomelo-admin/lib/consoleService.js] [39mtry to connect master: "area", "127.0.0.1", 3005
[2014-01-09 11:50:49.001] [INFO] pomelo - [32m[/Users/dangvanhien/ARPG/ARPGGame/game-server/node_modules/pomelo/lib/application.js] [39m"area-server-3" enter after start...
[2014-01-09 11:50:49.003] [INFO] pomelo - [32m[/Users/dangvanhien/ARPG/ARPGGame/game-server/node_modules/pomelo/lib/application.js] [39m"area-server-3" finish start
[2014-01-09 11:50:58.250] [INFO] pomelo - [32m[/Users/dangvanhien/ARPG/ARPGGame/game-server/node_modules/pomelo/lib/application.js] [39mapplication inited: "area-server-3"
[2014-01-09 11:50:58.274] [INFO] console - VLTN
[2014-01-09 11:50:58.338] [INFO] console - MySQL:[object Object]
[2014-01-09 11:50:58.628] [INFO] console - [data sync component] load mapping file done.
[2014-01-09 11:51:00.744] [INFO] console - info: socket.io started
[2014-01-09 11:51:00.839] [INFO] pomelo-admin - [32m[/Users/dangvanhien/ARPG/ARPGGame/game-server/node_modules/pomelo/node_modules/pomelo-admin/lib/consoleService.js] [39mtry to connect master: "area", "127.0.0.1", 3005
[2014-01-09 11:51:01.469] [INFO] pomelo - [32m[/Users/dangvanhien/ARPG/ARPGGame/game-server/node_modules/pomelo/lib/application.js] [39m"area-server-3" enter after start...
[2014-01-09 11:51:01.471] [INFO] pomelo - [32m[/Users/dangvanhien/ARPG/ARPGGame/game-server/node_modules/pomelo/lib/application.js] [39m"area-server-3" finish start
[2014-01-09 11:51:55.422] [INFO] pomelo - [32m[/Users/dangvanhien/ARPG/ARPGGame/game-server/node_modules/pomelo/lib/application.js] [39mapplication inited: "area-server-3"
[2014-01-09 11:51:55.529] [INFO] console - VLTN
[2014-01-09 11:51:55.530] [INFO] console - MySQL:[object Object]
[2014-01-09 11:51:55.809] [INFO] console - [data sync component] load mapping file done.
[2014-01-09 11:51:58.365] [INFO] console - info: socket.io started
[2014-01-09 11:51:58.479] [INFO] pomelo-admin - [32m[/Users/dangvanhien/ARPG/ARPGGame/game-server/node_modules/pomelo/node_modules/pomelo-admin/lib/consoleService.js] [39mtry to connect master: "area", "127.0.0.1", 3005
[2014-01-09 11:51:59.175] [INFO] pomelo - [32m[/Users/dangvanhien/ARPG/ARPGGame/game-server/node_modules/pomelo/lib/application.js] [39m"area-server-3" enter after start...
[2014-01-09 11:51:59.177] [INFO] pomelo - [32m[/Users/dangvanhien/ARPG/ARPGGame/game-server/node_modules/pomelo/lib/application.js] [39m"area-server-3" finish start
[2014-01-09 11:52:55.209] [INFO] pomelo - [32m[/Users/dangvanhien/ARPG/ARPGGame/game-server/node_modules/pomelo/lib/application.js] [39mapplication inited: "area-server-3"
[2014-01-09 11:52:55.322] [INFO] console - VLTN
[2014-01-09 11:52:55.323] [INFO] console - MySQL:[object Object]
[2014-01-09 11:52:55.690] [INFO] console - [data sync component] load mapping file done.
[2014-01-09 11:52:58.204] [INFO] console - info: socket.io started
[2014-01-09 11:52:58.310] [INFO] pomelo-admin - [32m[/Users/dangvanhien/ARPG/ARPGGame/game-server/node_modules/pomelo/node_modules/pomelo-admin/lib/consoleService.js] [39mtry to connect master: "area", "127.0.0.1", 3005
[2014-01-09 11:52:59.020] [INFO] pomelo - [32m[/Users/dangvanhien/ARPG/ARPGGame/game-server/node_modules/pomelo/lib/application.js] [39m"area-server-3" enter after start...
[2014-01-09 11:52:59.022] [INFO] pomelo - [32m[/Users/dangvanhien/ARPG/ARPGGame/game-server/node_modules/pomelo/lib/application.js] [39m"area-server-3" finish start
[2014-01-09 11:53:56.447] [INFO] pomelo - [32m[/Users/dangvanhien/ARPG/ARPGGame/game-server/node_modules/pomelo/lib/application.js] [39mapplication inited: "area-server-3"
[2014-01-09 11:53:56.513] [INFO] console - VLTN
[2014-01-09 11:53:56.544] [INFO] console - MySQL:[object Object]
[2014-01-09 11:53:56.812] [INFO] console - [data sync component] load mapping file done.
[2014-01-09 11:53:59.076] [INFO] console - info: socket.io started
[2014-01-09 11:53:59.228] [INFO] pomelo-admin - [32m[/Users/dangvanhien/ARPG/ARPGGame/game-server/node_modules/pomelo/node_modules/pomelo-admin/lib/consoleService.js] [39mtry to connect master: "area", "127.0.0.1", 3005
[2014-01-09 11:53:59.983] [INFO] pomelo - [32m[/Users/dangvanhien/ARPG/ARPGGame/game-server/node_modules/pomelo/lib/application.js] [39m"area-server-3" enter after start...
[2014-01-09 11:53:59.999] [INFO] pomelo - [32m[/Users/dangvanhien/ARPG/ARPGGame/game-server/node_modules/pomelo/lib/application.js] [39m"area-server-3" finish start
[2014-01-09 11:55:02.391] [INFO] pomelo - [32m[/Users/dangvanhien/ARPG/ARPGGame/game-server/node_modules/pomelo/lib/application.js] [39mapplication inited: "area-server-3"
[2014-01-09 11:55:02.470] [INFO] console - VLTN
[2014-01-09 11:55:02.500] [INFO] console - MySQL:[object Object]
[2014-01-09 11:55:02.802] [INFO] console - [data sync component] load mapping file done.
[2014-01-09 11:55:05.080] [INFO] console - info: socket.io started
[2014-01-09 11:55:05.161] [INFO] pomelo-admin - [32m[/Users/dangvanhien/ARPG/ARPGGame/game-server/node_modules/pomelo/node_modules/pomelo-admin/lib/consoleService.js] [39mtry to connect master: "area", "127.0.0.1", 3005
[2014-01-09 11:55:06.184] [INFO] pomelo - [32m[/Users/dangvanhien/ARPG/ARPGGame/game-server/node_modules/pomelo/lib/application.js] [39m"area-server-3" enter after start...
[2014-01-09 11:55:06.186] [INFO] pomelo - [32m[/Users/dangvanhien/ARPG/ARPGGame/game-server/node_modules/pomelo/lib/application.js] [39m"area-server-3" finish start
[2014-01-09 13:15:49.979] [INFO] pomelo - [32m[/Users/dangvanhien/ARPG/ARPGGame/game-server/node_modules/pomelo/lib/application.js] [39mapplication inited: "area-server-3"
[2014-01-09 13:15:50.067] [INFO] console - VLTN
[2014-01-09 13:15:50.069] [INFO] console - MySQL:[object Object]
[2014-01-09 13:15:50.456] [INFO] console - [data sync component] load mapping file done.
[2014-01-09 13:15:53.118] [INFO] console - info: socket.io started
[2014-01-09 13:15:53.228] [INFO] pomelo-admin - [32m[/Users/dangvanhien/ARPG/ARPGGame/game-server/node_modules/pomelo/node_modules/pomelo-admin/lib/consoleService.js] [39mtry to connect master: "area", "127.0.0.1", 3005
[2014-01-09 13:15:53.871] [INFO] pomelo - [32m[/Users/dangvanhien/ARPG/ARPGGame/game-server/node_modules/pomelo/lib/application.js] [39m"area-server-3" enter after start...
[2014-01-09 13:15:53.873] [INFO] pomelo - [32m[/Users/dangvanhien/ARPG/ARPGGame/game-server/node_modules/pomelo/lib/application.js] [39m"area-server-3" finish start
[2014-01-09 13:18:53.293] [INFO] pomelo - [32m[/Users/dangvanhien/ARPG/ARPGGame/game-server/node_modules/pomelo/lib/application.js] [39mapplication inited: "area-server-3"
[2014-01-09 13:18:53.388] [INFO] console - VLTN
[2014-01-09 13:18:53.389] [INFO] console - MySQL:[object Object]
[2014-01-09 13:18:53.623] [INFO] console - [data sync component] load mapping file done.
[2014-01-09 13:18:56.292] [INFO] console - info: socket.io started
[2014-01-09 13:18:56.314] [INFO] pomelo-admin - [32m[/Users/dangvanhien/ARPG/ARPGGame/game-server/node_modules/pomelo/node_modules/pomelo-admin/lib/consoleService.js] [39mtry to connect master: "area", "127.0.0.1", 3005
[2014-01-09 13:18:57.315] [INFO] pomelo - [32m[/Users/dangvanhien/ARPG/ARPGGame/game-server/node_modules/pomelo/lib/application.js] [39m"area-server-3" enter after start...
[2014-01-09 13:18:57.323] [INFO] pomelo - [32m[/Users/dangvanhien/ARPG/ARPGGame/game-server/node_modules/pomelo/lib/application.js] [39m"area-server-3" finish start
[2014-01-09 13:20:07.960] [INFO] pomelo - [32m[/Users/dangvanhien/ARPG/ARPGGame/game-server/node_modules/pomelo/lib/application.js] [39mapplication inited: "area-server-3"
[2014-01-09 13:20:08.080] [INFO] console - VLTN
[2014-01-09 13:20:08.081] [INFO] console - MySQL:[object Object]
[2014-01-09 13:20:08.453] [INFO] console - [data sync component] load mapping file done.
[2014-01-09 13:20:11.276] [INFO] console - info: socket.io started
[2014-01-09 13:20:11.365] [INFO] pomelo-admin - [32m[/Users/dangvanhien/ARPG/ARPGGame/game-server/node_modules/pomelo/node_modules/pomelo-admin/lib/consoleService.js] [39mtry to connect master: "area", "127.0.0.1", 3005
[2014-01-09 13:20:12.075] [INFO] pomelo - [32m[/Users/dangvanhien/ARPG/ARPGGame/game-server/node_modules/pomelo/lib/application.js] [39m"area-server-3" enter after start...
[2014-01-09 13:20:12.174] [INFO] pomelo - [32m[/Users/dangvanhien/ARPG/ARPGGame/game-server/node_modules/pomelo/lib/application.js] [39m"area-server-3" finish start
[2014-01-09 13:35:56.106] [INFO] pomelo - [32m[/Users/dangvanhien/ARPG/ARPGGame/game-server/node_modules/pomelo/lib/application.js] [39mapplication inited: "area-server-3"
[2014-01-09 13:35:56.188] [INFO] console - VLTN
[2014-01-09 13:35:56.190] [INFO] console - MySQL:[object Object]
[2014-01-09 13:35:56.604] [INFO] console - [data sync component] load mapping file done.
[2014-01-09 13:35:59.310] [INFO] console - info: socket.io started
[2014-01-09 13:35:59.382] [INFO] pomelo-admin - [32m[/Users/dangvanhien/ARPG/ARPGGame/game-server/node_modules/pomelo/node_modules/pomelo-admin/lib/consoleService.js] [39mtry to connect master: "area", "192.168.1.100", 3005
[2014-01-09 13:36:00.180] [INFO] pomelo - [32m[/Users/dangvanhien/ARPG/ARPGGame/game-server/node_modules/pomelo/lib/application.js] [39m"area-server-3" enter after start...
[2014-01-09 13:36:00.312] [INFO] pomelo - [32m[/Users/dangvanhien/ARPG/ARPGGame/game-server/node_modules/pomelo/lib/application.js] [39m"area-server-3" finish start
[2014-01-09 13:36:27.392] [INFO] pomelo - [32m[/Users/dangvanhien/ARPG/ARPGGame/game-server/node_modules/pomelo/lib/application.js] [39mapplication inited: "area-server-3"
[2014-01-09 13:36:27.489] [INFO] console - VLTN
[2014-01-09 13:36:27.490] [INFO] console - MySQL:[object Object]
[2014-01-09 13:36:27.786] [INFO] console - [data sync component] load mapping file done.
[2014-01-09 13:36:29.899] [INFO] console - info: socket.io started
[2014-01-09 13:36:29.954] [INFO] pomelo-admin - [32m[/Users/dangvanhien/ARPG/ARPGGame/game-server/node_modules/pomelo/node_modules/pomelo-admin/lib/consoleService.js] [39mtry to connect master: "area", "192.168.1.100", 3005
[2014-01-09 13:36:30.488] [INFO] pomelo - [32m[/Users/dangvanhien/ARPG/ARPGGame/game-server/node_modules/pomelo/lib/application.js] [39m"area-server-3" enter after start...
[2014-01-09 13:36:30.489] [INFO] pomelo - [32m[/Users/dangvanhien/ARPG/ARPGGame/game-server/node_modules/pomelo/lib/application.js] [39m"area-server-3" finish start
