[2013-12-23 14:17:30.619] [INFO] pomelo - [32m[/Users/dangvanhien/ARPG/ARPGGame/game-server/node_modules/pomelo/lib/application.js] [39mapplication inited: "instance-server-2"
[2013-12-23 14:17:30.903] [INFO] console - /Users/dangvanhien/ARPG/ARPGGame/game-server
[2013-12-23 14:17:31.039] [INFO] console - VLTN
[2013-12-23 14:17:31.041] [INFO] console - MySQL:[object Object]
[2013-12-23 14:17:31.551] [INFO] console - [data sync component] load mapping file done.
[2013-12-23 14:17:34.549] [INFO] console - info: socket.io started
[2013-12-23 14:17:34.691] [INFO] pomelo-admin - [32m[/Users/dangvanhien/ARPG/ARPGGame/game-server/node_modules/pomelo/node_modules/pomelo-admin/lib/consoleService.js] [39mtry to connect master: "area", "127.0.0.1", 3005
[2013-12-23 14:17:35.435] [INFO] pomelo - [32m[/Users/dangvanhien/ARPG/ARPGGame/game-server/node_modules/pomelo/lib/application.js] [39m"instance-server-2" enter after start...
[2013-12-23 14:17:35.437] [INFO] pomelo - [32m[/Users/dangvanhien/ARPG/ARPGGame/game-server/node_modules/pomelo/lib/application.js] [39m"instance-server-2" finish start
[2013-12-23 14:18:07.018] [INFO] pomelo - [32m[/Users/dangvanhien/ARPG/ARPGGame/game-server/node_modules/pomelo/lib/application.js] [39mapplication inited: "instance-server-2"
[2013-12-23 14:18:07.112] [INFO] console - /Users/dangvanhien/ARPG/ARPGGame/game-server
[2013-12-23 14:18:07.183] [INFO] console - VLTN
[2013-12-23 14:18:07.184] [INFO] console - MySQL:[object Object]
[2013-12-23 14:18:07.466] [INFO] console - [data sync component] load mapping file done.
[2013-12-23 14:18:10.318] [INFO] console - info: socket.io started
[2013-12-23 14:18:10.438] [INFO] pomelo-admin - [32m[/Users/dangvanhien/ARPG/ARPGGame/game-server/node_modules/pomelo/node_modules/pomelo-admin/lib/consoleService.js] [39mtry to connect master: "area", "127.0.0.1", 3005
[2013-12-23 14:18:11.275] [INFO] pomelo - [32m[/Users/dangvanhien/ARPG/ARPGGame/game-server/node_modules/pomelo/lib/application.js] [39m"instance-server-2" enter after start...
[2013-12-23 14:18:11.278] [INFO] pomelo - [32m[/Users/dangvanhien/ARPG/ARPGGame/game-server/node_modules/pomelo/lib/application.js] [39m"instance-server-2" finish start
[2013-12-24 09:54:38.117] [INFO] pomelo - [32m[/Users/dangvanhien/ARPG/ARPGGame/game-server/node_modules/pomelo/lib/application.js] [39mapplication inited: "instance-server-2"
[2013-12-24 09:54:38.136] [INFO] console - /Users/dangvanhien/ARPG/ARPGGame/game-server
[2013-12-24 09:54:38.248] [INFO] console - VLTN
[2013-12-24 09:54:38.248] [INFO] console - MySQL:[object Object]
[2013-12-24 09:54:38.559] [INFO] console - [data sync component] load mapping file done.
[2013-12-24 09:54:40.968] [ERROR] console -  Caught exception: Error: Cannot find module '../../../domain/area/instancePool'
    at Function.Module._resolveFilename (module.js:338:15)
    at Function.Module._load (module.js:280:25)
    at Module.require (module.js:364:17)
    at require (module.js:380:17)
    at Object.<anonymous> (/Users/dangvanhien/ARPG/ARPGGame/game-server/app/servers/area/remote/areaRemote.js:2:20)
    at Module._compile (module.js:456:26)
    at Object.Module._extensions..js (module.js:474:10)
    at Module.load (module.js:356:32)
    at Function.Module._load (module.js:312:12)
    at Module.require (module.js:364:17)
[2013-12-24 09:55:27.681] [INFO] pomelo - [32m[/Users/dangvanhien/ARPG/ARPGGame/game-server/node_modules/pomelo/lib/application.js] [39mapplication inited: "instance-server-2"
[2013-12-24 09:55:27.775] [INFO] console - /Users/dangvanhien/ARPG/ARPGGame/game-server
[2013-12-24 09:55:27.785] [INFO] console - VLTN
[2013-12-24 09:55:27.786] [INFO] console - MySQL:[object Object]
[2013-12-24 09:55:28.075] [INFO] console - [data sync component] load mapping file done.
[2013-12-24 09:55:29.854] [ERROR] console -  Caught exception: Error: Cannot find module '../../../domain/area/instancePool'
    at Function.Module._resolveFilename (module.js:338:15)
    at Function.Module._load (module.js:280:25)
    at Module.require (module.js:364:17)
    at require (module.js:380:17)
    at Object.<anonymous> (/Users/dangvanhien/ARPG/ARPGGame/game-server/app/servers/area/remote/areaRemote.js:2:20)
    at Module._compile (module.js:456:26)
    at Object.Module._extensions..js (module.js:474:10)
    at Module.load (module.js:356:32)
    at Function.Module._load (module.js:312:12)
    at Module.require (module.js:364:17)
[2013-12-24 09:56:06.093] [INFO] pomelo - [32m[/Users/dangvanhien/ARPG/ARPGGame/game-server/node_modules/pomelo/lib/application.js] [39mapplication inited: "instance-server-2"
[2013-12-24 09:56:06.169] [INFO] console - /Users/dangvanhien/ARPG/ARPGGame/game-server
[2013-12-24 09:56:06.221] [INFO] console - VLTN
[2013-12-24 09:56:06.222] [INFO] console - MySQL:[object Object]
[2013-12-24 09:56:06.480] [INFO] console - [data sync component] load mapping file done.
[2013-12-24 09:56:08.562] [ERROR] console -  Caught exception: Error: Cannot find module '../../../domain/area/instancePool'
    at Function.Module._resolveFilename (module.js:338:15)
    at Function.Module._load (module.js:280:25)
    at Module.require (module.js:364:17)
    at require (module.js:380:17)
    at Object.<anonymous> (/Users/dangvanhien/ARPG/ARPGGame/game-server/app/servers/area/remote/areaRemote.js:2:20)
    at Module._compile (module.js:456:26)
    at Object.Module._extensions..js (module.js:474:10)
    at Module.load (module.js:356:32)
    at Function.Module._load (module.js:312:12)
    at Module.require (module.js:364:17)
[2013-12-24 09:56:31.050] [INFO] pomelo - [32m[/Users/dangvanhien/ARPG/ARPGGame/game-server/node_modules/pomelo/lib/application.js] [39mapplication inited: "instance-server-2"
[2013-12-24 09:56:31.099] [INFO] console - /Users/dangvanhien/ARPG/ARPGGame/game-server
[2013-12-24 09:56:31.140] [INFO] console - VLTN
[2013-12-24 09:56:31.141] [INFO] console - MySQL:[object Object]
[2013-12-24 09:56:31.490] [INFO] console - [data sync component] load mapping file done.
[2013-12-24 09:56:33.498] [INFO] console - info: socket.io started
[2013-12-24 09:56:33.568] [INFO] pomelo-admin - [32m[/Users/dangvanhien/ARPG/ARPGGame/game-server/node_modules/pomelo/node_modules/pomelo-admin/lib/consoleService.js] [39mtry to connect master: "area", "127.0.0.1", 3005
[2013-12-24 09:56:34.047] [INFO] pomelo - [32m[/Users/dangvanhien/ARPG/ARPGGame/game-server/node_modules/pomelo/lib/application.js] [39m"instance-server-2" enter after start...
[2013-12-24 09:56:34.050] [INFO] pomelo - [32m[/Users/dangvanhien/ARPG/ARPGGame/game-server/node_modules/pomelo/lib/application.js] [39m"instance-server-2" finish start
[2013-12-24 09:57:43.701] [INFO] pomelo - [32m[/Users/dangvanhien/ARPG/ARPGGame/game-server/node_modules/pomelo/lib/application.js] [39mapplication inited: "instance-server-2"
[2013-12-24 09:57:43.792] [INFO] console - /Users/dangvanhien/ARPG/ARPGGame/game-server
[2013-12-24 09:57:43.817] [INFO] console - VLTN
[2013-12-24 09:57:43.818] [INFO] console - MySQL:[object Object]
[2013-12-24 09:57:44.197] [INFO] console - [data sync component] load mapping file done.
[2013-12-24 09:57:46.846] [INFO] console - info: socket.io started
[2013-12-24 09:57:47.025] [INFO] pomelo-admin - [32m[/Users/dangvanhien/ARPG/ARPGGame/game-server/node_modules/pomelo/node_modules/pomelo-admin/lib/consoleService.js] [39mtry to connect master: "area", "127.0.0.1", 3005
[2013-12-24 09:57:47.608] [INFO] pomelo - [32m[/Users/dangvanhien/ARPG/ARPGGame/game-server/node_modules/pomelo/lib/application.js] [39m"instance-server-2" enter after start...
[2013-12-24 09:57:47.610] [INFO] pomelo - [32m[/Users/dangvanhien/ARPG/ARPGGame/game-server/node_modules/pomelo/lib/application.js] [39m"instance-server-2" finish start
[2013-12-24 09:59:03.000] [INFO] pomelo - [32m[/Users/dangvanhien/ARPG/ARPGGame/game-server/node_modules/pomelo/lib/application.js] [39mapplication inited: "instance-server-2"
[2013-12-24 09:59:03.050] [INFO] console - /Users/dangvanhien/ARPG/ARPGGame/game-server
[2013-12-24 09:59:03.102] [INFO] console - VLTN
[2013-12-24 09:59:03.102] [INFO] console - MySQL:[object Object]
[2013-12-24 09:59:03.374] [INFO] console - [data sync component] load mapping file done.
[2013-12-24 09:59:05.520] [INFO] console - info: socket.io started
[2013-12-24 09:59:05.620] [INFO] pomelo-admin - [32m[/Users/dangvanhien/ARPG/ARPGGame/game-server/node_modules/pomelo/node_modules/pomelo-admin/lib/consoleService.js] [39mtry to connect master: "area", "127.0.0.1", 3005
[2013-12-24 09:59:06.144] [INFO] pomelo - [32m[/Users/dangvanhien/ARPG/ARPGGame/game-server/node_modules/pomelo/lib/application.js] [39m"instance-server-2" enter after start...
[2013-12-24 09:59:06.146] [INFO] pomelo - [32m[/Users/dangvanhien/ARPG/ARPGGame/game-server/node_modules/pomelo/lib/application.js] [39m"instance-server-2" finish start
[2013-12-24 10:00:49.739] [INFO] pomelo - [32m[/Users/dangvanhien/ARPG/ARPGGame/game-server/node_modules/pomelo/lib/application.js] [39mapplication inited: "instance-server-2"
[2013-12-24 10:00:49.801] [INFO] console - /Users/dangvanhien/ARPG/ARPGGame/game-server
[2013-12-24 10:00:49.844] [INFO] console - VLTN
[2013-12-24 10:00:49.845] [INFO] console - MySQL:[object Object]
[2013-12-24 10:00:50.049] [INFO] console - [data sync component] load mapping file done.
[2013-12-24 10:00:52.774] [INFO] console - info: socket.io started
[2013-12-24 10:00:52.877] [INFO] pomelo-admin - [32m[/Users/dangvanhien/ARPG/ARPGGame/game-server/node_modules/pomelo/node_modules/pomelo-admin/lib/consoleService.js] [39mtry to connect master: "area", "127.0.0.1", 3005
[2013-12-24 10:00:53.500] [INFO] pomelo - [32m[/Users/dangvanhien/ARPG/ARPGGame/game-server/node_modules/pomelo/lib/application.js] [39m"instance-server-2" enter after start...
[2013-12-24 10:00:53.669] [INFO] pomelo - [32m[/Users/dangvanhien/ARPG/ARPGGame/game-server/node_modules/pomelo/lib/application.js] [39m"instance-server-2" finish start
[2013-12-24 10:02:12.541] [INFO] pomelo - [32m[/Users/dangvanhien/ARPG/ARPGGame/game-server/node_modules/pomelo/lib/application.js] [39mapplication inited: "instance-server-2"
[2013-12-24 10:02:12.607] [INFO] console - /Users/dangvanhien/ARPG/ARPGGame/game-server
[2013-12-24 10:02:12.644] [INFO] console - VLTN
[2013-12-24 10:02:12.645] [INFO] console - MySQL:[object Object]
[2013-12-24 10:02:12.919] [INFO] console - [data sync component] load mapping file done.
[2013-12-24 10:02:14.933] [INFO] console - info: socket.io started
[2013-12-24 10:02:15.031] [INFO] pomelo-admin - [32m[/Users/dangvanhien/ARPG/ARPGGame/game-server/node_modules/pomelo/node_modules/pomelo-admin/lib/consoleService.js] [39mtry to connect master: "area", "127.0.0.1", 3005
[2013-12-24 10:02:15.696] [INFO] pomelo - [32m[/Users/dangvanhien/ARPG/ARPGGame/game-server/node_modules/pomelo/lib/application.js] [39m"instance-server-2" enter after start...
[2013-12-24 10:02:15.699] [INFO] pomelo - [32m[/Users/dangvanhien/ARPG/ARPGGame/game-server/node_modules/pomelo/lib/application.js] [39m"instance-server-2" finish start
[2013-12-24 10:03:34.810] [INFO] pomelo - [32m[/Users/dangvanhien/ARPG/ARPGGame/game-server/node_modules/pomelo/lib/application.js] [39mapplication inited: "instance-server-2"
[2013-12-24 10:03:34.867] [INFO] console - /Users/dangvanhien/ARPG/ARPGGame/game-server
[2013-12-24 10:03:34.920] [INFO] console - VLTN
[2013-12-24 10:03:34.921] [INFO] console - MySQL:[object Object]
[2013-12-24 10:03:35.202] [INFO] console - [data sync component] load mapping file done.
[2013-12-24 10:03:37.492] [INFO] console - info: socket.io started
[2013-12-24 10:03:37.611] [INFO] pomelo-admin - [32m[/Users/dangvanhien/ARPG/ARPGGame/game-server/node_modules/pomelo/node_modules/pomelo-admin/lib/consoleService.js] [39mtry to connect master: "area", "127.0.0.1", 3005
[2013-12-24 10:03:38.294] [INFO] pomelo - [32m[/Users/dangvanhien/ARPG/ARPGGame/game-server/node_modules/pomelo/lib/application.js] [39m"instance-server-2" enter after start...
[2013-12-24 10:03:38.297] [INFO] pomelo - [32m[/Users/dangvanhien/ARPG/ARPGGame/game-server/node_modules/pomelo/lib/application.js] [39m"instance-server-2" finish start
[2013-12-24 10:04:14.347] [INFO] pomelo - [32m[/Users/dangvanhien/ARPG/ARPGGame/game-server/node_modules/pomelo/lib/application.js] [39mapplication inited: "instance-server-2"
[2013-12-24 10:04:14.394] [INFO] console - /Users/dangvanhien/ARPG/ARPGGame/game-server
[2013-12-24 10:04:14.433] [INFO] console - VLTN
[2013-12-24 10:04:14.433] [INFO] console - MySQL:[object Object]
[2013-12-24 10:04:14.708] [INFO] console - [data sync component] load mapping file done.
[2013-12-24 10:04:16.920] [INFO] console - info: socket.io started
[2013-12-24 10:04:17.007] [INFO] pomelo-admin - [32m[/Users/dangvanhien/ARPG/ARPGGame/game-server/node_modules/pomelo/node_modules/pomelo-admin/lib/consoleService.js] [39mtry to connect master: "area", "127.0.0.1", 3005
[2013-12-24 10:04:17.482] [INFO] pomelo - [32m[/Users/dangvanhien/ARPG/ARPGGame/game-server/node_modules/pomelo/lib/application.js] [39m"instance-server-2" enter after start...
[2013-12-24 10:04:17.484] [INFO] pomelo - [32m[/Users/dangvanhien/ARPG/ARPGGame/game-server/node_modules/pomelo/lib/application.js] [39m"instance-server-2" finish start
[2013-12-24 10:06:35.143] [INFO] pomelo - [32m[/Users/dangvanhien/ARPG/ARPGGame/game-server/node_modules/pomelo/lib/application.js] [39mapplication inited: "instance-server-2"
[2013-12-24 10:06:35.281] [INFO] console - /Users/dangvanhien/ARPG/ARPGGame/game-server
[2013-12-24 10:06:35.317] [INFO] console - VLTN
[2013-12-24 10:06:35.317] [INFO] console - MySQL:[object Object]
[2013-12-24 10:06:35.566] [INFO] console - [data sync component] load mapping file done.
[2013-12-24 10:06:38.188] [INFO] console - info: socket.io started
[2013-12-24 10:06:38.275] [INFO] pomelo-admin - [32m[/Users/dangvanhien/ARPG/ARPGGame/game-server/node_modules/pomelo/node_modules/pomelo-admin/lib/consoleService.js] [39mtry to connect master: "area", "127.0.0.1", 3005
[2013-12-24 10:06:38.864] [INFO] pomelo - [32m[/Users/dangvanhien/ARPG/ARPGGame/game-server/node_modules/pomelo/lib/application.js] [39m"instance-server-2" enter after start...
[2013-12-24 10:06:38.866] [INFO] pomelo - [32m[/Users/dangvanhien/ARPG/ARPGGame/game-server/node_modules/pomelo/lib/application.js] [39m"instance-server-2" finish start
[2014-01-08 14:43:19.498] [INFO] pomelo - [32m[/Users/dangvanhien/ARPG/ARPGGame/game-server/node_modules/pomelo/lib/application.js] [39mapplication inited: "instance-server-2"
[2014-01-08 14:43:19.586] [INFO] console - /Users/dangvanhien/ARPG/ARPGGame/game-server
[2014-01-08 14:43:19.657] [INFO] console - VLTN
[2014-01-08 14:43:19.657] [INFO] console - MySQL:[object Object]
[2014-01-08 14:43:19.986] [INFO] console - [data sync component] load mapping file done.
[2014-01-08 14:43:22.870] [INFO] console - info: socket.io started
[2014-01-08 14:43:22.961] [INFO] pomelo-admin - [32m[/Users/dangvanhien/ARPG/ARPGGame/game-server/node_modules/pomelo/node_modules/pomelo-admin/lib/consoleService.js] [39mtry to connect master: "area", "127.0.0.1", 3005
[2014-01-08 14:43:23.820] [INFO] pomelo - [32m[/Users/dangvanhien/ARPG/ARPGGame/game-server/node_modules/pomelo/lib/application.js] [39m"instance-server-2" enter after start...
[2014-01-08 14:43:23.823] [INFO] pomelo - [32m[/Users/dangvanhien/ARPG/ARPGGame/game-server/node_modules/pomelo/lib/application.js] [39m"instance-server-2" finish start
[2014-01-08 14:45:51.936] [INFO] pomelo - [32m[/Users/dangvanhien/ARPG/ARPGGame/game-server/node_modules/pomelo/lib/application.js] [39mapplication inited: "instance-server-2"
[2014-01-08 14:45:51.973] [INFO] console - /Users/dangvanhien/ARPG/ARPGGame/game-server
[2014-01-08 14:45:51.981] [INFO] console - VLTN
[2014-01-08 14:45:51.982] [INFO] console - MySQL:[object Object]
[2014-01-08 14:45:52.375] [INFO] console - [data sync component] load mapping file done.
[2014-01-08 14:45:54.973] [INFO] console - info: socket.io started
[2014-01-08 14:45:54.991] [ERROR] console -  Caught exception: Error: listen EADDRINUSE
    at errnoException (net.js:901:11)
    at Server._listen2 (net.js:1039:14)
    at listen (net.js:1061:10)
    at Server.listen (net.js:1127:5)
    at Object.exports.listen (/Users/dangvanhien/ARPG/ARPGGame/game-server/node_modules/pomelo/node_modules/socket.io/lib/socket.io.js:74:12)
    at pro.listen (/Users/dangvanhien/ARPG/ARPGGame/game-server/node_modules/pomelo/node_modules/pomelo-rpc/lib/rpc-server/acceptors/ws-acceptor.js:32:21)
    at pro.start (/Users/dangvanhien/ARPG/ARPGGame/game-server/node_modules/pomelo/node_modules/pomelo-rpc/lib/rpc-server/gateway.js:43:17)
    at pro.start (/Users/dangvanhien/ARPG/ARPGGame/game-server/node_modules/pomelo/lib/components/remote.js:54:15)
    at /Users/dangvanhien/ARPG/ARPGGame/game-server/node_modules/pomelo/lib/util/appUtil.js:84:19
    at iterate (/Users/dangvanhien/ARPG/ARPGGame/game-server/node_modules/pomelo/node_modules/async/lib/async.js:123:13)
[2014-01-08 14:45:55.029] [INFO] pomelo-admin - [32m[/Users/dangvanhien/ARPG/ARPGGame/game-server/node_modules/pomelo/node_modules/pomelo-admin/lib/consoleService.js] [39mtry to connect master: "area", "127.0.0.1", 3005
[2014-01-08 14:45:56.125] [INFO] pomelo - [32m[/Users/dangvanhien/ARPG/ARPGGame/game-server/node_modules/pomelo/lib/application.js] [39m"instance-server-2" enter after start...
[2014-01-08 14:45:56.127] [INFO] pomelo - [32m[/Users/dangvanhien/ARPG/ARPGGame/game-server/node_modules/pomelo/lib/application.js] [39m"instance-server-2" finish start
[2014-01-08 14:47:06.801] [INFO] pomelo - [32m[/Users/dangvanhien/ARPG/ARPGGame/game-server/node_modules/pomelo/lib/application.js] [39mapplication inited: "instance-server-2"
[2014-01-08 14:47:06.862] [INFO] console - /Users/dangvanhien/ARPG/ARPGGame/game-server
[2014-01-08 14:47:06.919] [INFO] console - VLTN
[2014-01-08 14:47:06.920] [INFO] console - MySQL:[object Object]
[2014-01-08 14:47:07.222] [INFO] console - [data sync component] load mapping file done.
[2014-01-08 14:47:09.220] [INFO] console - info: socket.io started
[2014-01-08 14:47:09.280] [INFO] pomelo-admin - [32m[/Users/dangvanhien/ARPG/ARPGGame/game-server/node_modules/pomelo/node_modules/pomelo-admin/lib/consoleService.js] [39mtry to connect master: "area", "127.0.0.1", 3005
[2014-01-08 14:47:09.903] [INFO] pomelo - [32m[/Users/dangvanhien/ARPG/ARPGGame/game-server/node_modules/pomelo/lib/application.js] [39m"instance-server-2" enter after start...
[2014-01-08 14:47:09.905] [INFO] pomelo - [32m[/Users/dangvanhien/ARPG/ARPGGame/game-server/node_modules/pomelo/lib/application.js] [39m"instance-server-2" finish start
[2014-01-08 14:49:01.908] [INFO] pomelo - [32m[/Users/dangvanhien/ARPG/ARPGGame/game-server/node_modules/pomelo/lib/application.js] [39mapplication inited: "instance-server-2"
[2014-01-08 14:49:01.989] [INFO] console - /Users/dangvanhien/ARPG/ARPGGame/game-server
[2014-01-08 14:49:02.027] [INFO] console - VLTN
[2014-01-08 14:49:02.028] [INFO] console - MySQL:[object Object]
[2014-01-08 14:49:02.345] [INFO] console - [data sync component] load mapping file done.
[2014-01-08 14:49:04.810] [INFO] console - info: socket.io started
[2014-01-08 14:49:04.916] [INFO] pomelo-admin - [32m[/Users/dangvanhien/ARPG/ARPGGame/game-server/node_modules/pomelo/node_modules/pomelo-admin/lib/consoleService.js] [39mtry to connect master: "area", "127.0.0.1", 3005
[2014-01-08 14:49:05.539] [INFO] pomelo - [32m[/Users/dangvanhien/ARPG/ARPGGame/game-server/node_modules/pomelo/lib/application.js] [39m"instance-server-2" enter after start...
[2014-01-08 14:49:05.542] [INFO] pomelo - [32m[/Users/dangvanhien/ARPG/ARPGGame/game-server/node_modules/pomelo/lib/application.js] [39m"instance-server-2" finish start
[2014-01-08 15:51:22.131] [INFO] pomelo - [32m[/Users/dangvanhien/ARPG/ARPGGame/game-server/node_modules/pomelo/lib/application.js] [39mapplication inited: "instance-server-2"
[2014-01-08 15:51:22.149] [INFO] console - /Users/dangvanhien/ARPG/ARPGGame/game-server
[2014-01-08 15:51:22.248] [INFO] console - VLTN
[2014-01-08 15:51:22.249] [INFO] console - MySQL:[object Object]
[2014-01-08 15:51:22.555] [INFO] console - [data sync component] load mapping file done.
[2014-01-08 15:51:24.906] [INFO] console - info: socket.io started
[2014-01-08 15:51:24.972] [INFO] pomelo-admin - [32m[/Users/dangvanhien/ARPG/ARPGGame/game-server/node_modules/pomelo/node_modules/pomelo-admin/lib/consoleService.js] [39mtry to connect master: "area", "127.0.0.1", 3005
[2014-01-08 15:51:25.696] [INFO] pomelo - [32m[/Users/dangvanhien/ARPG/ARPGGame/game-server/node_modules/pomelo/lib/application.js] [39m"instance-server-2" enter after start...
[2014-01-08 15:51:25.705] [INFO] pomelo - [32m[/Users/dangvanhien/ARPG/ARPGGame/game-server/node_modules/pomelo/lib/application.js] [39m"instance-server-2" finish start
[2014-01-08 15:51:53.813] [INFO] pomelo - [32m[/Users/dangvanhien/ARPG/ARPGGame/game-server/node_modules/pomelo/lib/application.js] [39mapplication inited: "instance-server-2"
[2014-01-08 15:51:53.860] [INFO] console - /Users/dangvanhien/ARPG/ARPGGame/game-server
[2014-01-08 15:51:53.909] [INFO] console - VLTN
[2014-01-08 15:51:53.910] [INFO] console - MySQL:[object Object]
[2014-01-08 15:51:54.217] [INFO] console - [data sync component] load mapping file done.
[2014-01-08 15:51:56.493] [INFO] console - info: socket.io started
[2014-01-08 15:51:56.565] [INFO] pomelo-admin - [32m[/Users/dangvanhien/ARPG/ARPGGame/game-server/node_modules/pomelo/node_modules/pomelo-admin/lib/consoleService.js] [39mtry to connect master: "area", "127.0.0.1", 3005
[2014-01-08 15:51:57.208] [INFO] pomelo - [32m[/Users/dangvanhien/ARPG/ARPGGame/game-server/node_modules/pomelo/lib/application.js] [39m"instance-server-2" enter after start...
[2014-01-08 15:51:57.210] [INFO] pomelo - [32m[/Users/dangvanhien/ARPG/ARPGGame/game-server/node_modules/pomelo/lib/application.js] [39m"instance-server-2" finish start
[2014-01-08 16:03:55.601] [INFO] pomelo - [32m[/Users/dangvanhien/ARPG/ARPGGame/game-server/node_modules/pomelo/lib/application.js] [39mapplication inited: "instance-server-2"
[2014-01-08 16:03:55.721] [INFO] console - /Users/dangvanhien/ARPG/ARPGGame/game-server
[2014-01-08 16:03:55.797] [INFO] console - VLTN
[2014-01-08 16:03:55.798] [INFO] console - MySQL:[object Object]
[2014-01-08 16:03:56.087] [INFO] console - [data sync component] load mapping file done.
[2014-01-08 16:03:58.598] [INFO] console - info: socket.io started
[2014-01-08 16:03:58.685] [INFO] pomelo-admin - [32m[/Users/dangvanhien/ARPG/ARPGGame/game-server/node_modules/pomelo/node_modules/pomelo-admin/lib/consoleService.js] [39mtry to connect master: "area", "127.0.0.1", 3005
[2014-01-08 16:03:59.268] [INFO] pomelo - [32m[/Users/dangvanhien/ARPG/ARPGGame/game-server/node_modules/pomelo/lib/application.js] [39m"instance-server-2" enter after start...
[2014-01-08 16:03:59.270] [INFO] pomelo - [32m[/Users/dangvanhien/ARPG/ARPGGame/game-server/node_modules/pomelo/lib/application.js] [39m"instance-server-2" finish start
[2014-01-08 16:07:11.759] [INFO] pomelo - [32m[/Users/dangvanhien/ARPG/ARPGGame/game-server/node_modules/pomelo/lib/application.js] [39mapplication inited: "instance-server-2"
[2014-01-08 16:07:11.876] [INFO] console - /Users/dangvanhien/ARPG/ARPGGame/game-server
[2014-01-08 16:07:11.891] [INFO] console - VLTN
[2014-01-08 16:07:11.892] [INFO] console - MySQL:[object Object]
[2014-01-08 16:07:12.216] [INFO] console - [data sync component] load mapping file done.
[2014-01-08 16:07:14.117] [INFO] console - info: socket.io started
[2014-01-08 16:07:14.190] [INFO] pomelo-admin - [32m[/Users/dangvanhien/ARPG/ARPGGame/game-server/node_modules/pomelo/node_modules/pomelo-admin/lib/consoleService.js] [39mtry to connect master: "area", "127.0.0.1", 3005
[2014-01-08 16:07:14.740] [INFO] pomelo - [32m[/Users/dangvanhien/ARPG/ARPGGame/game-server/node_modules/pomelo/lib/application.js] [39m"instance-server-2" enter after start...
[2014-01-08 16:07:14.742] [INFO] pomelo - [32m[/Users/dangvanhien/ARPG/ARPGGame/game-server/node_modules/pomelo/lib/application.js] [39m"instance-server-2" finish start
[2014-01-08 16:30:43.527] [INFO] pomelo - [32m[/Users/dangvanhien/ARPG/ARPGGame/game-server/node_modules/pomelo/lib/application.js] [39mapplication inited: "instance-server-2"
[2014-01-08 16:30:43.651] [INFO] console - /Users/dangvanhien/ARPG/ARPGGame/game-server
[2014-01-08 16:30:43.705] [INFO] console - VLTN
[2014-01-08 16:30:43.705] [INFO] console - MySQL:[object Object]
[2014-01-08 16:30:44.095] [INFO] console - [data sync component] load mapping file done.
[2014-01-08 16:30:46.755] [INFO] console - info: socket.io started
[2014-01-08 16:30:46.835] [INFO] pomelo-admin - [32m[/Users/dangvanhien/ARPG/ARPGGame/game-server/node_modules/pomelo/node_modules/pomelo-admin/lib/consoleService.js] [39mtry to connect master: "area", "127.0.0.1", 3005
[2014-01-08 16:30:47.593] [ERROR] pomelo-admin - [31m[/Users/dangvanhien/ARPG/ARPGGame/game-server/node_modules/pomelo/node_modules/pomelo-admin/lib/monitorAgent.js] [39mserver "instance-server-2" "area" register master failed
[2014-01-08 19:52:54.885] [INFO] pomelo - [32m[/Users/dangvanhien/ARPG/ARPGGame/game-server/node_modules/pomelo/lib/application.js] [39mapplication inited: "instance-server-2"
[2014-01-08 19:52:54.978] [INFO] console - /Users/dangvanhien/ARPG/ARPGGame/game-server
[2014-01-08 19:52:55.047] [INFO] console - VLTN
[2014-01-08 19:52:55.048] [INFO] console - MySQL:[object Object]
[2014-01-08 19:52:55.500] [INFO] console - [data sync component] load mapping file done.
[2014-01-08 19:52:58.783] [INFO] console - info: socket.io started
[2014-01-08 19:52:58.992] [INFO] pomelo-admin - [32m[/Users/dangvanhien/ARPG/ARPGGame/game-server/node_modules/pomelo/node_modules/pomelo-admin/lib/consoleService.js] [39mtry to connect master: "area", "127.0.0.1", 3005
[2014-01-08 19:52:59.773] [INFO] pomelo - [32m[/Users/dangvanhien/ARPG/ARPGGame/game-server/node_modules/pomelo/lib/application.js] [39m"instance-server-2" enter after start...
[2014-01-08 19:52:59.775] [INFO] pomelo - [32m[/Users/dangvanhien/ARPG/ARPGGame/game-server/node_modules/pomelo/lib/application.js] [39m"instance-server-2" finish start
[2014-01-09 09:15:10.857] [INFO] pomelo - [32m[/Users/dangvanhien/ARPG/ARPGGame/game-server/node_modules/pomelo/lib/application.js] [39mapplication inited: "instance-server-2"
[2014-01-09 09:15:11.051] [INFO] console - /Users/dangvanhien/ARPG/ARPGGame/game-server
[2014-01-09 09:15:11.066] [INFO] console - VLTN
[2014-01-09 09:15:11.067] [INFO] console - MySQL:[object Object]
[2014-01-09 09:15:11.155] [INFO] console - [data sync component] load mapping file done.
[2014-01-09 09:15:13.992] [INFO] console - info: socket.io started
[2014-01-09 09:15:14.076] [INFO] pomelo-admin - [32m[/Users/dangvanhien/ARPG/ARPGGame/game-server/node_modules/pomelo/node_modules/pomelo-admin/lib/consoleService.js] [39mtry to connect master: "area", "127.0.0.1", 3005
[2014-01-09 09:15:14.868] [INFO] pomelo - [32m[/Users/dangvanhien/ARPG/ARPGGame/game-server/node_modules/pomelo/lib/application.js] [39m"instance-server-2" enter after start...
[2014-01-09 09:15:14.976] [INFO] pomelo - [32m[/Users/dangvanhien/ARPG/ARPGGame/game-server/node_modules/pomelo/lib/application.js] [39m"instance-server-2" finish start
[2014-01-09 09:16:41.899] [INFO] pomelo - [32m[/Users/dangvanhien/ARPG/ARPGGame/game-server/node_modules/pomelo/lib/application.js] [39mapplication inited: "instance-server-2"
[2014-01-09 09:16:41.988] [INFO] console - /Users/dangvanhien/ARPG/ARPGGame/game-server
[2014-01-09 09:16:42.049] [INFO] console - VLTN
[2014-01-09 09:16:42.049] [INFO] console - MySQL:[object Object]
[2014-01-09 09:16:42.437] [INFO] console - [data sync component] load mapping file done.
[2014-01-09 09:16:44.756] [INFO] console - info: socket.io started
[2014-01-09 09:16:44.780] [INFO] pomelo-admin - [32m[/Users/dangvanhien/ARPG/ARPGGame/game-server/node_modules/pomelo/node_modules/pomelo-admin/lib/consoleService.js] [39mtry to connect master: "area", "127.0.0.1", 3005
[2014-01-09 09:16:45.676] [INFO] pomelo - [32m[/Users/dangvanhien/ARPG/ARPGGame/game-server/node_modules/pomelo/lib/application.js] [39m"instance-server-2" enter after start...
[2014-01-09 09:16:45.699] [INFO] pomelo - [32m[/Users/dangvanhien/ARPG/ARPGGame/game-server/node_modules/pomelo/lib/application.js] [39m"instance-server-2" finish start
[2014-01-09 09:22:03.635] [INFO] pomelo - [32m[/Users/dangvanhien/ARPG/ARPGGame/game-server/node_modules/pomelo/lib/application.js] [39mapplication inited: "instance-server-2"
[2014-01-09 09:22:03.664] [INFO] console - /Users/dangvanhien/ARPG/ARPGGame/game-server
[2014-01-09 09:22:03.797] [INFO] console - VLTN
[2014-01-09 09:22:03.797] [INFO] console - MySQL:[object Object]
[2014-01-09 09:22:04.271] [INFO] console - [data sync component] load mapping file done.
[2014-01-09 09:22:07.623] [INFO] console - info: socket.io started
[2014-01-09 09:22:07.755] [INFO] pomelo-admin - [32m[/Users/dangvanhien/ARPG/ARPGGame/game-server/node_modules/pomelo/node_modules/pomelo-admin/lib/consoleService.js] [39mtry to connect master: "area", "127.0.0.1", 3005
[2014-01-09 09:22:08.913] [INFO] pomelo - [32m[/Users/dangvanhien/ARPG/ARPGGame/game-server/node_modules/pomelo/lib/application.js] [39m"instance-server-2" enter after start...
[2014-01-09 09:22:08.915] [INFO] pomelo - [32m[/Users/dangvanhien/ARPG/ARPGGame/game-server/node_modules/pomelo/lib/application.js] [39m"instance-server-2" finish start
[2014-01-09 09:29:55.791] [INFO] pomelo - [32m[/Users/dangvanhien/ARPG/ARPGGame/game-server/node_modules/pomelo/lib/application.js] [39mapplication inited: "instance-server-2"
[2014-01-09 09:29:55.877] [INFO] console - /Users/dangvanhien/ARPG/ARPGGame/game-server
[2014-01-09 09:29:55.925] [INFO] console - VLTN
[2014-01-09 09:29:55.926] [INFO] console - MySQL:[object Object]
[2014-01-09 09:29:56.312] [INFO] console - [data sync component] load mapping file done.
[2014-01-09 09:29:59.014] [INFO] console - info: socket.io started
[2014-01-09 09:29:59.133] [INFO] pomelo-admin - [32m[/Users/dangvanhien/ARPG/ARPGGame/game-server/node_modules/pomelo/node_modules/pomelo-admin/lib/consoleService.js] [39mtry to connect master: "area", "127.0.0.1", 3005
[2014-01-09 09:29:59.908] [INFO] pomelo - [32m[/Users/dangvanhien/ARPG/ARPGGame/game-server/node_modules/pomelo/lib/application.js] [39m"instance-server-2" enter after start...
[2014-01-09 09:29:59.919] [INFO] pomelo - [32m[/Users/dangvanhien/ARPG/ARPGGame/game-server/node_modules/pomelo/lib/application.js] [39m"instance-server-2" finish start
[2014-01-09 09:33:07.819] [INFO] pomelo - [32m[/Users/dangvanhien/ARPG/ARPGGame/game-server/node_modules/pomelo/lib/application.js] [39mapplication inited: "instance-server-2"
[2014-01-09 09:33:07.879] [INFO] console - /Users/dangvanhien/ARPG/ARPGGame/game-server
[2014-01-09 09:33:07.935] [INFO] console - VLTN
[2014-01-09 09:33:07.935] [INFO] console - MySQL:[object Object]
[2014-01-09 09:33:08.260] [INFO] console - [data sync component] load mapping file done.
[2014-01-09 09:33:10.821] [INFO] console - info: socket.io started
[2014-01-09 09:33:10.923] [INFO] pomelo-admin - [32m[/Users/dangvanhien/ARPG/ARPGGame/game-server/node_modules/pomelo/node_modules/pomelo-admin/lib/consoleService.js] [39mtry to connect master: "area", "127.0.0.1", 3005
[2014-01-09 09:33:11.592] [INFO] pomelo - [32m[/Users/dangvanhien/ARPG/ARPGGame/game-server/node_modules/pomelo/lib/application.js] [39m"instance-server-2" enter after start...
[2014-01-09 09:33:11.607] [INFO] pomelo - [32m[/Users/dangvanhien/ARPG/ARPGGame/game-server/node_modules/pomelo/lib/application.js] [39m"instance-server-2" finish start
[2014-01-09 09:36:16.095] [INFO] pomelo - [32m[/Users/dangvanhien/ARPG/ARPGGame/game-server/node_modules/pomelo/lib/application.js] [39mapplication inited: "instance-server-2"
[2014-01-09 09:36:16.170] [INFO] console - /Users/dangvanhien/ARPG/ARPGGame/game-server
[2014-01-09 09:36:16.230] [INFO] console - VLTN
[2014-01-09 09:36:16.231] [INFO] console - MySQL:[object Object]
[2014-01-09 09:36:16.560] [INFO] console - [data sync component] load mapping file done.
[2014-01-09 09:36:18.873] [INFO] console - info: socket.io started
[2014-01-09 09:36:18.930] [INFO] pomelo-admin - [32m[/Users/dangvanhien/ARPG/ARPGGame/game-server/node_modules/pomelo/node_modules/pomelo-admin/lib/consoleService.js] [39mtry to connect master: "area", "127.0.0.1", 3005
[2014-01-09 09:36:19.582] [INFO] pomelo - [32m[/Users/dangvanhien/ARPG/ARPGGame/game-server/node_modules/pomelo/lib/application.js] [39m"instance-server-2" enter after start...
[2014-01-09 09:36:19.584] [INFO] pomelo - [32m[/Users/dangvanhien/ARPG/ARPGGame/game-server/node_modules/pomelo/lib/application.js] [39m"instance-server-2" finish start
[2014-01-09 09:43:39.604] [INFO] pomelo - [32m[/Users/dangvanhien/ARPG/ARPGGame/game-server/node_modules/pomelo/lib/application.js] [39mapplication inited: "instance-server-2"
[2014-01-09 09:43:39.672] [INFO] console - /Users/dangvanhien/ARPG/ARPGGame/game-server
[2014-01-09 09:43:39.725] [INFO] console - VLTN
[2014-01-09 09:43:39.725] [INFO] console - MySQL:[object Object]
[2014-01-09 09:43:40.094] [INFO] console - [data sync component] load mapping file done.
[2014-01-09 09:43:42.445] [INFO] console - info: socket.io started
[2014-01-09 09:43:42.523] [INFO] pomelo-admin - [32m[/Users/dangvanhien/ARPG/ARPGGame/game-server/node_modules/pomelo/node_modules/pomelo-admin/lib/consoleService.js] [39mtry to connect master: "area", "127.0.0.1", 3005
[2014-01-09 09:43:43.209] [INFO] pomelo - [32m[/Users/dangvanhien/ARPG/ARPGGame/game-server/node_modules/pomelo/lib/application.js] [39m"instance-server-2" enter after start...
[2014-01-09 09:43:43.212] [INFO] pomelo - [32m[/Users/dangvanhien/ARPG/ARPGGame/game-server/node_modules/pomelo/lib/application.js] [39m"instance-server-2" finish start
[2014-01-09 09:45:58.956] [INFO] pomelo - [32m[/Users/dangvanhien/ARPG/ARPGGame/game-server/node_modules/pomelo/lib/application.js] [39mapplication inited: "instance-server-2"
[2014-01-09 09:45:59.112] [INFO] console - /Users/dangvanhien/ARPG/ARPGGame/game-server
[2014-01-09 09:45:59.192] [INFO] console - VLTN
[2014-01-09 09:45:59.193] [INFO] console - MySQL:[object Object]
[2014-01-09 09:45:59.624] [INFO] console - [data sync component] load mapping file done.
[2014-01-09 09:46:02.821] [INFO] console - info: socket.io started
[2014-01-09 09:46:02.963] [INFO] pomelo-admin - [32m[/Users/dangvanhien/ARPG/ARPGGame/game-server/node_modules/pomelo/node_modules/pomelo-admin/lib/consoleService.js] [39mtry to connect master: "area", "127.0.0.1", 3005
[2014-01-09 09:46:03.741] [INFO] pomelo - [32m[/Users/dangvanhien/ARPG/ARPGGame/game-server/node_modules/pomelo/lib/application.js] [39m"instance-server-2" enter after start...
[2014-01-09 09:46:03.743] [INFO] pomelo - [32m[/Users/dangvanhien/ARPG/ARPGGame/game-server/node_modules/pomelo/lib/application.js] [39m"instance-server-2" finish start
[2014-01-09 09:50:51.729] [INFO] pomelo - [32m[/Users/dangvanhien/ARPG/ARPGGame/game-server/node_modules/pomelo/lib/application.js] [39mapplication inited: "instance-server-2"
[2014-01-09 09:50:51.815] [INFO] console - /Users/dangvanhien/ARPG/ARPGGame/game-server
[2014-01-09 09:50:51.870] [INFO] console - VLTN
[2014-01-09 09:50:51.871] [INFO] console - MySQL:[object Object]
[2014-01-09 09:50:52.148] [INFO] console - [data sync component] load mapping file done.
[2014-01-09 09:50:54.543] [INFO] console - info: socket.io started
[2014-01-09 09:50:54.686] [INFO] pomelo-admin - [32m[/Users/dangvanhien/ARPG/ARPGGame/game-server/node_modules/pomelo/node_modules/pomelo-admin/lib/consoleService.js] [39mtry to connect master: "area", "127.0.0.1", 3005
[2014-01-09 09:50:55.542] [INFO] pomelo - [32m[/Users/dangvanhien/ARPG/ARPGGame/game-server/node_modules/pomelo/lib/application.js] [39m"instance-server-2" enter after start...
[2014-01-09 09:50:55.544] [INFO] pomelo - [32m[/Users/dangvanhien/ARPG/ARPGGame/game-server/node_modules/pomelo/lib/application.js] [39m"instance-server-2" finish start
[2014-01-09 09:56:20.920] [INFO] pomelo - [32m[/Users/dangvanhien/ARPG/ARPGGame/game-server/node_modules/pomelo/lib/application.js] [39mapplication inited: "instance-server-2"
[2014-01-09 09:56:21.046] [INFO] console - /Users/dangvanhien/ARPG/ARPGGame/game-server
[2014-01-09 09:56:21.085] [INFO] console - VLTN
[2014-01-09 09:56:21.086] [INFO] console - MySQL:[object Object]
[2014-01-09 09:56:21.393] [INFO] console - [data sync component] load mapping file done.
[2014-01-09 09:56:23.491] [INFO] console - info: socket.io started
[2014-01-09 09:56:23.626] [INFO] pomelo-admin - [32m[/Users/dangvanhien/ARPG/ARPGGame/game-server/node_modules/pomelo/node_modules/pomelo-admin/lib/consoleService.js] [39mtry to connect master: "area", "127.0.0.1", 3005
[2014-01-09 09:56:24.347] [INFO] pomelo - [32m[/Users/dangvanhien/ARPG/ARPGGame/game-server/node_modules/pomelo/lib/application.js] [39m"instance-server-2" enter after start...
[2014-01-09 09:56:24.349] [INFO] pomelo - [32m[/Users/dangvanhien/ARPG/ARPGGame/game-server/node_modules/pomelo/lib/application.js] [39m"instance-server-2" finish start
[2014-01-09 09:59:28.230] [INFO] pomelo - [32m[/Users/dangvanhien/ARPG/ARPGGame/game-server/node_modules/pomelo/lib/application.js] [39mapplication inited: "instance-server-2"
[2014-01-09 09:59:28.308] [INFO] console - /Users/dangvanhien/ARPG/ARPGGame/game-server
[2014-01-09 09:59:28.335] [INFO] console - VLTN
[2014-01-09 09:59:28.336] [INFO] console - MySQL:[object Object]
[2014-01-09 09:59:28.651] [INFO] console - [data sync component] load mapping file done.
[2014-01-09 09:59:31.109] [INFO] console - info: socket.io started
[2014-01-09 09:59:31.233] [INFO] pomelo-admin - [32m[/Users/dangvanhien/ARPG/ARPGGame/game-server/node_modules/pomelo/node_modules/pomelo-admin/lib/consoleService.js] [39mtry to connect master: "area", "127.0.0.1", 3005
[2014-01-09 09:59:31.935] [INFO] pomelo - [32m[/Users/dangvanhien/ARPG/ARPGGame/game-server/node_modules/pomelo/lib/application.js] [39m"instance-server-2" enter after start...
[2014-01-09 09:59:31.937] [INFO] pomelo - [32m[/Users/dangvanhien/ARPG/ARPGGame/game-server/node_modules/pomelo/lib/application.js] [39m"instance-server-2" finish start
[2014-01-09 10:02:23.952] [INFO] pomelo - [32m[/Users/dangvanhien/ARPG/ARPGGame/game-server/node_modules/pomelo/lib/application.js] [39mapplication inited: "instance-server-2"
[2014-01-09 10:02:24.078] [INFO] console - /Users/dangvanhien/ARPG/ARPGGame/game-server
[2014-01-09 10:02:24.105] [INFO] console - VLTN
[2014-01-09 10:02:24.105] [INFO] console - MySQL:[object Object]
[2014-01-09 10:02:24.480] [INFO] console - [data sync component] load mapping file done.
[2014-01-09 10:02:27.661] [INFO] console - info: socket.io started
[2014-01-09 10:02:27.701] [ERROR] console -  Caught exception: Error: listen EADDRINUSE
    at errnoException (net.js:901:11)
    at Server._listen2 (net.js:1039:14)
    at listen (net.js:1061:10)
    at Server.listen (net.js:1127:5)
    at Object.exports.listen (/Users/dangvanhien/ARPG/ARPGGame/game-server/node_modules/pomelo/node_modules/socket.io/lib/socket.io.js:74:12)
    at pro.listen (/Users/dangvanhien/ARPG/ARPGGame/game-server/node_modules/pomelo/node_modules/pomelo-rpc/lib/rpc-server/acceptors/ws-acceptor.js:32:21)
    at pro.start (/Users/dangvanhien/ARPG/ARPGGame/game-server/node_modules/pomelo/node_modules/pomelo-rpc/lib/rpc-server/gateway.js:43:17)
    at pro.start (/Users/dangvanhien/ARPG/ARPGGame/game-server/node_modules/pomelo/lib/components/remote.js:54:15)
    at /Users/dangvanhien/ARPG/ARPGGame/game-server/node_modules/pomelo/lib/util/appUtil.js:84:19
    at iterate (/Users/dangvanhien/ARPG/ARPGGame/game-server/node_modules/pomelo/node_modules/async/lib/async.js:123:13)
[2014-01-09 10:02:27.842] [INFO] pomelo-admin - [32m[/Users/dangvanhien/ARPG/ARPGGame/game-server/node_modules/pomelo/node_modules/pomelo-admin/lib/consoleService.js] [39mtry to connect master: "area", "127.0.0.1", 3005
[2014-01-09 10:02:28.592] [INFO] pomelo - [32m[/Users/dangvanhien/ARPG/ARPGGame/game-server/node_modules/pomelo/lib/application.js] [39m"instance-server-2" enter after start...
[2014-01-09 10:02:28.594] [INFO] pomelo - [32m[/Users/dangvanhien/ARPG/ARPGGame/game-server/node_modules/pomelo/lib/application.js] [39m"instance-server-2" finish start
[2014-01-09 10:02:41.000] [INFO] pomelo - [32m[/Users/dangvanhien/ARPG/ARPGGame/game-server/node_modules/pomelo/lib/application.js] [39mapplication inited: "instance-server-2"
[2014-01-09 10:02:41.078] [INFO] console - /Users/dangvanhien/ARPG/ARPGGame/game-server
[2014-01-09 10:02:41.123] [INFO] console - VLTN
[2014-01-09 10:02:41.124] [INFO] console - MySQL:[object Object]
[2014-01-09 10:02:41.410] [INFO] console - [data sync component] load mapping file done.
[2014-01-09 10:02:43.364] [INFO] console - info: socket.io started
[2014-01-09 10:02:43.439] [INFO] pomelo-admin - [32m[/Users/dangvanhien/ARPG/ARPGGame/game-server/node_modules/pomelo/node_modules/pomelo-admin/lib/consoleService.js] [39mtry to connect master: "area", "127.0.0.1", 3005
[2014-01-09 10:02:44.076] [INFO] pomelo - [32m[/Users/dangvanhien/ARPG/ARPGGame/game-server/node_modules/pomelo/lib/application.js] [39m"instance-server-2" enter after start...
[2014-01-09 10:02:44.078] [INFO] pomelo - [32m[/Users/dangvanhien/ARPG/ARPGGame/game-server/node_modules/pomelo/lib/application.js] [39m"instance-server-2" finish start
[2014-01-09 10:05:17.067] [INFO] pomelo - [32m[/Users/dangvanhien/ARPG/ARPGGame/game-server/node_modules/pomelo/lib/application.js] [39mapplication inited: "instance-server-2"
[2014-01-09 10:05:17.175] [INFO] console - /Users/dangvanhien/ARPG/ARPGGame/game-server
[2014-01-09 10:05:17.230] [INFO] console - VLTN
[2014-01-09 10:05:17.230] [INFO] console - MySQL:[object Object]
[2014-01-09 10:05:17.516] [INFO] console - [data sync component] load mapping file done.
[2014-01-09 10:05:19.555] [INFO] console - info: socket.io started
[2014-01-09 10:05:19.642] [INFO] pomelo-admin - [32m[/Users/dangvanhien/ARPG/ARPGGame/game-server/node_modules/pomelo/node_modules/pomelo-admin/lib/consoleService.js] [39mtry to connect master: "area", "127.0.0.1", 3005
[2014-01-09 10:05:20.280] [INFO] pomelo - [32m[/Users/dangvanhien/ARPG/ARPGGame/game-server/node_modules/pomelo/lib/application.js] [39m"instance-server-2" enter after start...
[2014-01-09 10:05:20.287] [INFO] pomelo - [32m[/Users/dangvanhien/ARPG/ARPGGame/game-server/node_modules/pomelo/lib/application.js] [39m"instance-server-2" finish start
[2014-01-09 10:09:13.825] [INFO] pomelo - [32m[/Users/dangvanhien/ARPG/ARPGGame/game-server/node_modules/pomelo/lib/application.js] [39mapplication inited: "instance-server-2"
[2014-01-09 10:09:13.904] [INFO] console - VLTN
[2014-01-09 10:09:13.906] [INFO] console - MySQL:[object Object]
[2014-01-09 10:09:14.458] [INFO] console - [data sync component] load mapping file done.
[2014-01-09 10:09:16.737] [INFO] console - info: socket.io started
[2014-01-09 10:09:16.799] [INFO] pomelo-admin - [32m[/Users/dangvanhien/ARPG/ARPGGame/game-server/node_modules/pomelo/node_modules/pomelo-admin/lib/consoleService.js] [39mtry to connect master: "area", "127.0.0.1", 3005
[2014-01-09 10:09:17.547] [INFO] pomelo - [32m[/Users/dangvanhien/ARPG/ARPGGame/game-server/node_modules/pomelo/lib/application.js] [39m"instance-server-2" enter after start...
[2014-01-09 10:09:17.549] [INFO] pomelo - [32m[/Users/dangvanhien/ARPG/ARPGGame/game-server/node_modules/pomelo/lib/application.js] [39m"instance-server-2" finish start
[2014-01-09 11:23:07.681] [INFO] pomelo - [32m[/Users/dangvanhien/ARPG/ARPGGame/game-server/node_modules/pomelo/lib/application.js] [39mapplication inited: "instance-server-2"
[2014-01-09 11:23:07.747] [INFO] console - VLTN
[2014-01-09 11:23:07.748] [INFO] console - MySQL:[object Object]
[2014-01-09 11:23:08.022] [INFO] console - [data sync component] load mapping file done.
[2014-01-09 11:23:09.928] [INFO] console - info: socket.io started
[2014-01-09 11:23:10.015] [INFO] pomelo-admin - [32m[/Users/dangvanhien/ARPG/ARPGGame/game-server/node_modules/pomelo/node_modules/pomelo-admin/lib/consoleService.js] [39mtry to connect master: "area", "127.0.0.1", 3005
[2014-01-09 11:23:10.667] [INFO] pomelo - [32m[/Users/dangvanhien/ARPG/ARPGGame/game-server/node_modules/pomelo/lib/application.js] [39m"instance-server-2" enter after start...
[2014-01-09 11:23:10.670] [INFO] pomelo - [32m[/Users/dangvanhien/ARPG/ARPGGame/game-server/node_modules/pomelo/lib/application.js] [39m"instance-server-2" finish start
[2014-01-09 11:23:44.655] [INFO] pomelo - [32m[/Users/dangvanhien/ARPG/ARPGGame/game-server/node_modules/pomelo/lib/application.js] [39mapplication inited: "instance-server-2"
[2014-01-09 11:23:44.758] [INFO] console - VLTN
[2014-01-09 11:23:44.760] [INFO] console - MySQL:[object Object]
[2014-01-09 11:23:45.018] [INFO] console - [data sync component] load mapping file done.
[2014-01-09 11:23:47.453] [INFO] console - info: socket.io started
[2014-01-09 11:23:47.504] [INFO] pomelo-admin - [32m[/Users/dangvanhien/ARPG/ARPGGame/game-server/node_modules/pomelo/node_modules/pomelo-admin/lib/consoleService.js] [39mtry to connect master: "area", "127.0.0.1", 3005
[2014-01-09 11:23:48.077] [INFO] pomelo - [32m[/Users/dangvanhien/ARPG/ARPGGame/game-server/node_modules/pomelo/lib/application.js] [39m"instance-server-2" enter after start...
[2014-01-09 11:23:48.079] [INFO] pomelo - [32m[/Users/dangvanhien/ARPG/ARPGGame/game-server/node_modules/pomelo/lib/application.js] [39m"instance-server-2" finish start
[2014-01-09 11:27:03.554] [INFO] pomelo - [32m[/Users/dangvanhien/ARPG/ARPGGame/game-server/node_modules/pomelo/lib/application.js] [39mapplication inited: "instance-server-2"
[2014-01-09 11:27:03.685] [INFO] console - VLTN
[2014-01-09 11:27:03.721] [INFO] console - MySQL:[object Object]
[2014-01-09 11:27:03.989] [INFO] console - [data sync component] load mapping file done.
[2014-01-09 11:27:06.286] [INFO] console - info: socket.io started
[2014-01-09 11:27:06.374] [INFO] pomelo-admin - [32m[/Users/dangvanhien/ARPG/ARPGGame/game-server/node_modules/pomelo/node_modules/pomelo-admin/lib/consoleService.js] [39mtry to connect master: "area", "127.0.0.1", 3005
[2014-01-09 11:27:06.915] [INFO] pomelo - [32m[/Users/dangvanhien/ARPG/ARPGGame/game-server/node_modules/pomelo/lib/application.js] [39m"instance-server-2" enter after start...
[2014-01-09 11:27:06.918] [INFO] pomelo - [32m[/Users/dangvanhien/ARPG/ARPGGame/game-server/node_modules/pomelo/lib/application.js] [39m"instance-server-2" finish start
[2014-01-09 11:29:38.694] [INFO] pomelo - [32m[/Users/dangvanhien/ARPG/ARPGGame/game-server/node_modules/pomelo/lib/application.js] [39mapplication inited: "instance-server-2"
[2014-01-09 11:29:38.785] [INFO] console - VLTN
[2014-01-09 11:29:38.818] [INFO] console - MySQL:[object Object]
[2014-01-09 11:29:39.128] [INFO] console - [data sync component] load mapping file done.
[2014-01-09 11:29:41.540] [INFO] console - info: socket.io started
[2014-01-09 11:29:41.654] [INFO] pomelo-admin - [32m[/Users/dangvanhien/ARPG/ARPGGame/game-server/node_modules/pomelo/node_modules/pomelo-admin/lib/consoleService.js] [39mtry to connect master: "area", "127.0.0.1", 3005
[2014-01-09 11:29:42.283] [INFO] pomelo - [32m[/Users/dangvanhien/ARPG/ARPGGame/game-server/node_modules/pomelo/lib/application.js] [39m"instance-server-2" enter after start...
[2014-01-09 11:29:42.285] [INFO] pomelo - [32m[/Users/dangvanhien/ARPG/ARPGGame/game-server/node_modules/pomelo/lib/application.js] [39m"instance-server-2" finish start
[2014-01-09 11:30:51.002] [INFO] pomelo - [32m[/Users/dangvanhien/ARPG/ARPGGame/game-server/node_modules/pomelo/lib/application.js] [39mapplication inited: "instance-server-2"
[2014-01-09 11:30:51.086] [INFO] console - VLTN
[2014-01-09 11:30:51.130] [INFO] console - MySQL:[object Object]
[2014-01-09 11:30:51.420] [INFO] console - [data sync component] load mapping file done.
[2014-01-09 11:30:53.856] [INFO] console - info: socket.io started
[2014-01-09 11:30:53.927] [INFO] pomelo-admin - [32m[/Users/dangvanhien/ARPG/ARPGGame/game-server/node_modules/pomelo/node_modules/pomelo-admin/lib/consoleService.js] [39mtry to connect master: "area", "127.0.0.1", 3005
[2014-01-09 11:30:54.561] [INFO] pomelo - [32m[/Users/dangvanhien/ARPG/ARPGGame/game-server/node_modules/pomelo/lib/application.js] [39m"instance-server-2" enter after start...
[2014-01-09 11:30:54.563] [INFO] pomelo - [32m[/Users/dangvanhien/ARPG/ARPGGame/game-server/node_modules/pomelo/lib/application.js] [39m"instance-server-2" finish start
[2014-01-09 11:34:00.810] [INFO] pomelo - [32m[/Users/dangvanhien/ARPG/ARPGGame/game-server/node_modules/pomelo/lib/application.js] [39mapplication inited: "instance-server-2"
[2014-01-09 11:34:00.961] [INFO] console - VLTN
[2014-01-09 11:34:00.990] [INFO] console - MySQL:[object Object]
[2014-01-09 11:34:01.304] [INFO] console - [data sync component] load mapping file done.
[2014-01-09 11:34:04.088] [INFO] console - info: socket.io started
[2014-01-09 11:34:04.191] [INFO] pomelo-admin - [32m[/Users/dangvanhien/ARPG/ARPGGame/game-server/node_modules/pomelo/node_modules/pomelo-admin/lib/consoleService.js] [39mtry to connect master: "area", "127.0.0.1", 3005
[2014-01-09 11:34:04.909] [INFO] pomelo - [32m[/Users/dangvanhien/ARPG/ARPGGame/game-server/node_modules/pomelo/lib/application.js] [39m"instance-server-2" enter after start...
[2014-01-09 11:34:04.911] [INFO] pomelo - [32m[/Users/dangvanhien/ARPG/ARPGGame/game-server/node_modules/pomelo/lib/application.js] [39m"instance-server-2" finish start
[2014-01-09 11:36:33.772] [INFO] pomelo - [32m[/Users/dangvanhien/ARPG/ARPGGame/game-server/node_modules/pomelo/lib/application.js] [39mapplication inited: "instance-server-2"
[2014-01-09 11:36:33.794] [INFO] console - VLTN
[2014-01-09 11:36:33.912] [INFO] console - MySQL:[object Object]
[2014-01-09 11:36:34.186] [INFO] console - [data sync component] load mapping file done.
[2014-01-09 11:36:36.592] [INFO] console - info: socket.io started
[2014-01-09 11:36:36.614] [INFO] pomelo-admin - [32m[/Users/dangvanhien/ARPG/ARPGGame/game-server/node_modules/pomelo/node_modules/pomelo-admin/lib/consoleService.js] [39mtry to connect master: "area", "127.0.0.1", 3005
[2014-01-09 11:36:37.416] [INFO] pomelo - [32m[/Users/dangvanhien/ARPG/ARPGGame/game-server/node_modules/pomelo/lib/application.js] [39m"instance-server-2" enter after start...
[2014-01-09 11:36:37.430] [INFO] pomelo - [32m[/Users/dangvanhien/ARPG/ARPGGame/game-server/node_modules/pomelo/lib/application.js] [39m"instance-server-2" finish start
[2014-01-09 11:37:29.664] [INFO] pomelo - [32m[/Users/dangvanhien/ARPG/ARPGGame/game-server/node_modules/pomelo/lib/application.js] [39mapplication inited: "instance-server-2"
[2014-01-09 11:37:29.784] [INFO] console - VLTN
[2014-01-09 11:37:29.785] [INFO] console - MySQL:[object Object]
[2014-01-09 11:37:30.161] [INFO] console - [data sync component] load mapping file done.
[2014-01-09 11:37:32.761] [INFO] console - info: socket.io started
[2014-01-09 11:37:32.912] [INFO] pomelo-admin - [32m[/Users/dangvanhien/ARPG/ARPGGame/game-server/node_modules/pomelo/node_modules/pomelo-admin/lib/consoleService.js] [39mtry to connect master: "area", "127.0.0.1", 3005
[2014-01-09 11:37:33.713] [INFO] pomelo - [32m[/Users/dangvanhien/ARPG/ARPGGame/game-server/node_modules/pomelo/lib/application.js] [39m"instance-server-2" enter after start...
[2014-01-09 11:37:33.715] [INFO] pomelo - [32m[/Users/dangvanhien/ARPG/ARPGGame/game-server/node_modules/pomelo/lib/application.js] [39m"instance-server-2" finish start
[2014-01-09 11:38:32.270] [INFO] pomelo - [32m[/Users/dangvanhien/ARPG/ARPGGame/game-server/node_modules/pomelo/lib/application.js] [39mapplication inited: "instance-server-2"
[2014-01-09 11:38:32.394] [INFO] console - VLTN
[2014-01-09 11:38:32.395] [INFO] console - MySQL:[object Object]
[2014-01-09 11:38:32.736] [INFO] console - [data sync component] load mapping file done.
[2014-01-09 11:38:35.080] [INFO] console - info: socket.io started
[2014-01-09 11:38:35.139] [INFO] pomelo-admin - [32m[/Users/dangvanhien/ARPG/ARPGGame/game-server/node_modules/pomelo/node_modules/pomelo-admin/lib/consoleService.js] [39mtry to connect master: "area", "127.0.0.1", 3005
[2014-01-09 11:38:36.221] [INFO] pomelo - [32m[/Users/dangvanhien/ARPG/ARPGGame/game-server/node_modules/pomelo/lib/application.js] [39m"instance-server-2" enter after start...
[2014-01-09 11:38:36.223] [INFO] pomelo - [32m[/Users/dangvanhien/ARPG/ARPGGame/game-server/node_modules/pomelo/lib/application.js] [39m"instance-server-2" finish start
[2014-01-09 11:41:56.515] [INFO] pomelo - [32m[/Users/dangvanhien/ARPG/ARPGGame/game-server/node_modules/pomelo/lib/application.js] [39mapplication inited: "instance-server-2"
[2014-01-09 11:41:56.599] [INFO] console - VLTN
[2014-01-09 11:41:56.648] [INFO] console - MySQL:[object Object]
[2014-01-09 11:41:56.967] [INFO] console - [data sync component] load mapping file done.
[2014-01-09 11:41:59.538] [INFO] console - info: socket.io started
[2014-01-09 11:41:59.623] [INFO] pomelo-admin - [32m[/Users/dangvanhien/ARPG/ARPGGame/game-server/node_modules/pomelo/node_modules/pomelo-admin/lib/consoleService.js] [39mtry to connect master: "area", "127.0.0.1", 3005
[2014-01-09 11:42:00.272] [INFO] pomelo - [32m[/Users/dangvanhien/ARPG/ARPGGame/game-server/node_modules/pomelo/lib/application.js] [39m"instance-server-2" enter after start...
[2014-01-09 11:42:00.274] [INFO] pomelo - [32m[/Users/dangvanhien/ARPG/ARPGGame/game-server/node_modules/pomelo/lib/application.js] [39m"instance-server-2" finish start
[2014-01-09 11:42:46.092] [INFO] pomelo - [32m[/Users/dangvanhien/ARPG/ARPGGame/game-server/node_modules/pomelo/lib/application.js] [39mapplication inited: "instance-server-2"
[2014-01-09 11:42:46.305] [INFO] console - VLTN
[2014-01-09 11:42:46.306] [INFO] console - MySQL:[object Object]
[2014-01-09 11:42:46.636] [INFO] console - [data sync component] load mapping file done.
[2014-01-09 11:42:49.825] [INFO] console - info: socket.io started
[2014-01-09 11:42:49.936] [INFO] pomelo-admin - [32m[/Users/dangvanhien/ARPG/ARPGGame/game-server/node_modules/pomelo/node_modules/pomelo-admin/lib/consoleService.js] [39mtry to connect master: "area", "127.0.0.1", 3005
[2014-01-09 11:42:50.855] [INFO] pomelo - [32m[/Users/dangvanhien/ARPG/ARPGGame/game-server/node_modules/pomelo/lib/application.js] [39m"instance-server-2" enter after start...
[2014-01-09 11:42:50.857] [INFO] pomelo - [32m[/Users/dangvanhien/ARPG/ARPGGame/game-server/node_modules/pomelo/lib/application.js] [39m"instance-server-2" finish start
[2014-01-09 11:44:05.453] [INFO] pomelo - [32m[/Users/dangvanhien/ARPG/ARPGGame/game-server/node_modules/pomelo/lib/application.js] [39mapplication inited: "instance-server-2"
[2014-01-09 11:44:05.615] [INFO] console - VLTN
[2014-01-09 11:44:05.617] [INFO] console - MySQL:[object Object]
[2014-01-09 11:44:05.975] [INFO] console - [data sync component] load mapping file done.
[2014-01-09 11:44:08.727] [INFO] console - info: socket.io started
[2014-01-09 11:44:08.800] [INFO] pomelo-admin - [32m[/Users/dangvanhien/ARPG/ARPGGame/game-server/node_modules/pomelo/node_modules/pomelo-admin/lib/consoleService.js] [39mtry to connect master: "area", "127.0.0.1", 3005
[2014-01-09 11:44:09.577] [INFO] pomelo - [32m[/Users/dangvanhien/ARPG/ARPGGame/game-server/node_modules/pomelo/lib/application.js] [39m"instance-server-2" enter after start...
[2014-01-09 11:44:09.579] [INFO] pomelo - [32m[/Users/dangvanhien/ARPG/ARPGGame/game-server/node_modules/pomelo/lib/application.js] [39m"instance-server-2" finish start
[2014-01-09 11:45:13.778] [INFO] pomelo - [32m[/Users/dangvanhien/ARPG/ARPGGame/game-server/node_modules/pomelo/lib/application.js] [39mapplication inited: "instance-server-2"
[2014-01-09 11:45:13.847] [INFO] console - VLTN
[2014-01-09 11:45:13.891] [INFO] console - MySQL:[object Object]
[2014-01-09 11:45:14.160] [INFO] console - [data sync component] load mapping file done.
[2014-01-09 11:45:16.712] [INFO] console - info: socket.io started
[2014-01-09 11:45:16.786] [INFO] pomelo-admin - [32m[/Users/dangvanhien/ARPG/ARPGGame/game-server/node_modules/pomelo/node_modules/pomelo-admin/lib/consoleService.js] [39mtry to connect master: "area", "127.0.0.1", 3005
[2014-01-09 11:45:17.491] [INFO] pomelo - [32m[/Users/dangvanhien/ARPG/ARPGGame/game-server/node_modules/pomelo/lib/application.js] [39m"instance-server-2" enter after start...
[2014-01-09 11:45:17.497] [INFO] pomelo - [32m[/Users/dangvanhien/ARPG/ARPGGame/game-server/node_modules/pomelo/lib/application.js] [39m"instance-server-2" finish start
[2014-01-09 11:47:44.191] [INFO] pomelo - [32m[/Users/dangvanhien/ARPG/ARPGGame/game-server/node_modules/pomelo/lib/application.js] [39mapplication inited: "instance-server-2"
[2014-01-09 11:47:44.299] [INFO] console - VLTN
[2014-01-09 11:47:44.334] [INFO] console - MySQL:[object Object]
[2014-01-09 11:47:44.624] [INFO] console - [data sync component] load mapping file done.
[2014-01-09 11:47:46.876] [INFO] console - info: socket.io started
[2014-01-09 11:47:46.926] [INFO] pomelo-admin - [32m[/Users/dangvanhien/ARPG/ARPGGame/game-server/node_modules/pomelo/node_modules/pomelo-admin/lib/consoleService.js] [39mtry to connect master: "area", "127.0.0.1", 3005
[2014-01-09 11:47:47.538] [INFO] pomelo - [32m[/Users/dangvanhien/ARPG/ARPGGame/game-server/node_modules/pomelo/lib/application.js] [39m"instance-server-2" enter after start...
[2014-01-09 11:47:47.551] [INFO] pomelo - [32m[/Users/dangvanhien/ARPG/ARPGGame/game-server/node_modules/pomelo/lib/application.js] [39m"instance-server-2" finish start
[2014-01-09 11:50:43.667] [INFO] pomelo - [32m[/Users/dangvanhien/ARPG/ARPGGame/game-server/node_modules/pomelo/lib/application.js] [39mapplication inited: "instance-server-2"
[2014-01-09 11:50:43.741] [INFO] console - VLTN
[2014-01-09 11:50:43.798] [INFO] console - MySQL:[object Object]
[2014-01-09 11:50:44.074] [INFO] console - [data sync component] load mapping file done.
[2014-01-09 11:50:48.024] [INFO] console - info: socket.io started
[2014-01-09 11:50:48.178] [INFO] pomelo-admin - [32m[/Users/dangvanhien/ARPG/ARPGGame/game-server/node_modules/pomelo/node_modules/pomelo-admin/lib/consoleService.js] [39mtry to connect master: "area", "127.0.0.1", 3005
[2014-01-09 11:50:48.829] [INFO] pomelo - [32m[/Users/dangvanhien/ARPG/ARPGGame/game-server/node_modules/pomelo/lib/application.js] [39m"instance-server-2" enter after start...
[2014-01-09 11:50:48.832] [INFO] pomelo - [32m[/Users/dangvanhien/ARPG/ARPGGame/game-server/node_modules/pomelo/lib/application.js] [39m"instance-server-2" finish start
[2014-01-09 11:50:58.258] [INFO] pomelo - [32m[/Users/dangvanhien/ARPG/ARPGGame/game-server/node_modules/pomelo/lib/application.js] [39mapplication inited: "instance-server-2"
[2014-01-09 11:50:58.379] [INFO] console - VLTN
[2014-01-09 11:50:58.381] [INFO] console - MySQL:[object Object]
[2014-01-09 11:50:58.662] [INFO] console - [data sync component] load mapping file done.
[2014-01-09 11:51:00.906] [INFO] console - info: socket.io started
[2014-01-09 11:51:01.017] [INFO] pomelo-admin - [32m[/Users/dangvanhien/ARPG/ARPGGame/game-server/node_modules/pomelo/node_modules/pomelo-admin/lib/consoleService.js] [39mtry to connect master: "area", "127.0.0.1", 3005
[2014-01-09 11:51:01.723] [INFO] pomelo - [32m[/Users/dangvanhien/ARPG/ARPGGame/game-server/node_modules/pomelo/lib/application.js] [39m"instance-server-2" enter after start...
[2014-01-09 11:51:01.727] [INFO] pomelo - [32m[/Users/dangvanhien/ARPG/ARPGGame/game-server/node_modules/pomelo/lib/application.js] [39m"instance-server-2" finish start
[2014-01-09 11:51:55.404] [INFO] pomelo - [32m[/Users/dangvanhien/ARPG/ARPGGame/game-server/node_modules/pomelo/lib/application.js] [39mapplication inited: "instance-server-2"
[2014-01-09 11:51:55.512] [INFO] console - VLTN
[2014-01-09 11:51:55.514] [INFO] console - MySQL:[object Object]
[2014-01-09 11:51:55.824] [INFO] console - [data sync component] load mapping file done.
[2014-01-09 11:51:58.334] [INFO] console - info: socket.io started
[2014-01-09 11:51:58.380] [INFO] pomelo-admin - [32m[/Users/dangvanhien/ARPG/ARPGGame/game-server/node_modules/pomelo/node_modules/pomelo-admin/lib/consoleService.js] [39mtry to connect master: "area", "127.0.0.1", 3005
[2014-01-09 11:51:59.136] [INFO] pomelo - [32m[/Users/dangvanhien/ARPG/ARPGGame/game-server/node_modules/pomelo/lib/application.js] [39m"instance-server-2" enter after start...
[2014-01-09 11:51:59.139] [INFO] pomelo - [32m[/Users/dangvanhien/ARPG/ARPGGame/game-server/node_modules/pomelo/lib/application.js] [39m"instance-server-2" finish start
[2014-01-09 11:52:55.351] [INFO] pomelo - [32m[/Users/dangvanhien/ARPG/ARPGGame/game-server/node_modules/pomelo/lib/application.js] [39mapplication inited: "instance-server-2"
[2014-01-09 11:52:55.510] [INFO] console - VLTN
[2014-01-09 11:52:55.529] [INFO] console - MySQL:[object Object]
[2014-01-09 11:52:55.804] [INFO] console - [data sync component] load mapping file done.
[2014-01-09 11:52:58.368] [INFO] console - info: socket.io started
[2014-01-09 11:52:58.474] [INFO] pomelo-admin - [32m[/Users/dangvanhien/ARPG/ARPGGame/game-server/node_modules/pomelo/node_modules/pomelo-admin/lib/consoleService.js] [39mtry to connect master: "area", "127.0.0.1", 3005
[2014-01-09 11:52:59.162] [INFO] pomelo - [32m[/Users/dangvanhien/ARPG/ARPGGame/game-server/node_modules/pomelo/lib/application.js] [39m"instance-server-2" enter after start...
[2014-01-09 11:52:59.164] [INFO] pomelo - [32m[/Users/dangvanhien/ARPG/ARPGGame/game-server/node_modules/pomelo/lib/application.js] [39m"instance-server-2" finish start
[2014-01-09 11:53:56.448] [INFO] pomelo - [32m[/Users/dangvanhien/ARPG/ARPGGame/game-server/node_modules/pomelo/lib/application.js] [39mapplication inited: "instance-server-2"
[2014-01-09 11:53:56.542] [INFO] console - VLTN
[2014-01-09 11:53:56.581] [INFO] console - MySQL:[object Object]
[2014-01-09 11:53:56.860] [INFO] console - [data sync component] load mapping file done.
[2014-01-09 11:53:59.200] [INFO] console - info: socket.io started
[2014-01-09 11:53:59.364] [INFO] pomelo-admin - [32m[/Users/dangvanhien/ARPG/ARPGGame/game-server/node_modules/pomelo/node_modules/pomelo-admin/lib/consoleService.js] [39mtry to connect master: "area", "127.0.0.1", 3005
[2014-01-09 11:54:00.077] [INFO] pomelo - [32m[/Users/dangvanhien/ARPG/ARPGGame/game-server/node_modules/pomelo/lib/application.js] [39m"instance-server-2" enter after start...
[2014-01-09 11:54:00.080] [INFO] pomelo - [32m[/Users/dangvanhien/ARPG/ARPGGame/game-server/node_modules/pomelo/lib/application.js] [39m"instance-server-2" finish start
[2014-01-09 11:55:02.495] [INFO] pomelo - [32m[/Users/dangvanhien/ARPG/ARPGGame/game-server/node_modules/pomelo/lib/application.js] [39mapplication inited: "instance-server-2"
[2014-01-09 11:55:02.556] [INFO] console - VLTN
[2014-01-09 11:55:02.618] [INFO] console - MySQL:[object Object]
[2014-01-09 11:55:02.907] [INFO] console - [data sync component] load mapping file done.
[2014-01-09 11:55:05.340] [INFO] console - info: socket.io started
[2014-01-09 11:55:05.460] [INFO] pomelo-admin - [32m[/Users/dangvanhien/ARPG/ARPGGame/game-server/node_modules/pomelo/node_modules/pomelo-admin/lib/consoleService.js] [39mtry to connect master: "area", "127.0.0.1", 3005
[2014-01-09 11:55:06.435] [INFO] pomelo - [32m[/Users/dangvanhien/ARPG/ARPGGame/game-server/node_modules/pomelo/lib/application.js] [39m"instance-server-2" enter after start...
[2014-01-09 11:55:06.438] [INFO] pomelo - [32m[/Users/dangvanhien/ARPG/ARPGGame/game-server/node_modules/pomelo/lib/application.js] [39m"instance-server-2" finish start
[2014-01-09 13:15:50.275] [INFO] pomelo - [32m[/Users/dangvanhien/ARPG/ARPGGame/game-server/node_modules/pomelo/lib/application.js] [39mapplication inited: "instance-server-2"
[2014-01-09 13:15:50.389] [INFO] console - VLTN
[2014-01-09 13:15:50.391] [INFO] console - MySQL:[object Object]
[2014-01-09 13:15:50.757] [INFO] console - [data sync component] load mapping file done.
[2014-01-09 13:15:53.350] [INFO] console - info: socket.io started
[2014-01-09 13:15:53.411] [INFO] pomelo-admin - [32m[/Users/dangvanhien/ARPG/ARPGGame/game-server/node_modules/pomelo/node_modules/pomelo-admin/lib/consoleService.js] [39mtry to connect master: "area", "127.0.0.1", 3005
[2014-01-09 13:15:54.051] [INFO] pomelo - [32m[/Users/dangvanhien/ARPG/ARPGGame/game-server/node_modules/pomelo/lib/application.js] [39m"instance-server-2" enter after start...
[2014-01-09 13:15:54.053] [INFO] pomelo - [32m[/Users/dangvanhien/ARPG/ARPGGame/game-server/node_modules/pomelo/lib/application.js] [39m"instance-server-2" finish start
[2014-01-09 13:18:53.343] [INFO] pomelo - [32m[/Users/dangvanhien/ARPG/ARPGGame/game-server/node_modules/pomelo/lib/application.js] [39mapplication inited: "instance-server-2"
[2014-01-09 13:18:53.430] [INFO] console - VLTN
[2014-01-09 13:18:53.432] [INFO] console - MySQL:[object Object]
[2014-01-09 13:18:53.691] [INFO] console - [data sync component] load mapping file done.
[2014-01-09 13:18:56.337] [INFO] console - info: socket.io started
[2014-01-09 13:18:56.568] [INFO] pomelo-admin - [32m[/Users/dangvanhien/ARPG/ARPGGame/game-server/node_modules/pomelo/node_modules/pomelo-admin/lib/consoleService.js] [39mtry to connect master: "area", "127.0.0.1", 3005
[2014-01-09 13:18:57.358] [INFO] pomelo - [32m[/Users/dangvanhien/ARPG/ARPGGame/game-server/node_modules/pomelo/lib/application.js] [39m"instance-server-2" enter after start...
[2014-01-09 13:18:57.371] [INFO] pomelo - [32m[/Users/dangvanhien/ARPG/ARPGGame/game-server/node_modules/pomelo/lib/application.js] [39m"instance-server-2" finish start
[2014-01-09 13:20:08.342] [INFO] pomelo - [32m[/Users/dangvanhien/ARPG/ARPGGame/game-server/node_modules/pomelo/lib/application.js] [39mapplication inited: "instance-server-2"
[2014-01-09 13:20:08.517] [INFO] console - VLTN
[2014-01-09 13:20:08.519] [INFO] console - MySQL:[object Object]
[2014-01-09 13:20:08.890] [INFO] console - [data sync component] load mapping file done.
[2014-01-09 13:20:11.583] [INFO] console - info: socket.io started
[2014-01-09 13:20:11.696] [INFO] pomelo-admin - [32m[/Users/dangvanhien/ARPG/ARPGGame/game-server/node_modules/pomelo/node_modules/pomelo-admin/lib/consoleService.js] [39mtry to connect master: "area", "127.0.0.1", 3005
[2014-01-09 13:20:12.397] [INFO] pomelo - [32m[/Users/dangvanhien/ARPG/ARPGGame/game-server/node_modules/pomelo/lib/application.js] [39m"instance-server-2" enter after start...
[2014-01-09 13:20:12.399] [INFO] pomelo - [32m[/Users/dangvanhien/ARPG/ARPGGame/game-server/node_modules/pomelo/lib/application.js] [39m"instance-server-2" finish start
[2014-01-09 13:35:56.526] [INFO] pomelo - [32m[/Users/dangvanhien/ARPG/ARPGGame/game-server/node_modules/pomelo/lib/application.js] [39mapplication inited: "instance-server-2"
[2014-01-09 13:35:56.557] [INFO] console - VLTN
[2014-01-09 13:35:56.558] [INFO] console - MySQL:[object Object]
[2014-01-09 13:35:56.981] [INFO] console - [data sync component] load mapping file done.
[2014-01-09 13:35:59.800] [INFO] console - info: socket.io started
[2014-01-09 13:35:59.879] [INFO] pomelo-admin - [32m[/Users/dangvanhien/ARPG/ARPGGame/game-server/node_modules/pomelo/node_modules/pomelo-admin/lib/consoleService.js] [39mtry to connect master: "area", "192.168.1.100", 3005
[2014-01-09 13:36:00.836] [INFO] pomelo - [32m[/Users/dangvanhien/ARPG/ARPGGame/game-server/node_modules/pomelo/lib/application.js] [39m"instance-server-2" enter after start...
[2014-01-09 13:36:00.839] [INFO] pomelo - [32m[/Users/dangvanhien/ARPG/ARPGGame/game-server/node_modules/pomelo/lib/application.js] [39m"instance-server-2" finish start
[2014-01-09 13:36:27.639] [INFO] pomelo - [32m[/Users/dangvanhien/ARPG/ARPGGame/game-server/node_modules/pomelo/lib/application.js] [39mapplication inited: "instance-server-2"
[2014-01-09 13:36:27.755] [INFO] console - VLTN
[2014-01-09 13:36:27.756] [INFO] console - MySQL:[object Object]
[2014-01-09 13:36:27.984] [INFO] console - [data sync component] load mapping file done.
[2014-01-09 13:36:30.152] [INFO] console - info: socket.io started
[2014-01-09 13:36:30.206] [INFO] pomelo-admin - [32m[/Users/dangvanhien/ARPG/ARPGGame/game-server/node_modules/pomelo/node_modules/pomelo-admin/lib/consoleService.js] [39mtry to connect master: "area", "192.168.1.100", 3005
[2014-01-09 13:36:30.773] [INFO] pomelo - [32m[/Users/dangvanhien/ARPG/ARPGGame/game-server/node_modules/pomelo/lib/application.js] [39m"instance-server-2" enter after start...
[2014-01-09 13:36:30.775] [INFO] pomelo - [32m[/Users/dangvanhien/ARPG/ARPGGame/game-server/node_modules/pomelo/lib/application.js] [39m"instance-server-2" finish start
