[2013-12-23 14:17:30.819] [INFO] pomelo - [32m[/Users/dangvanhien/ARPG/ARPGGame/game-server/node_modules/pomelo/lib/application.js] [39mapplication inited: "auth-server-1"
[2013-12-23 14:17:31.046] [INFO] console - /Users/dangvanhien/ARPG/ARPGGame/game-server
[2013-12-23 14:17:31.102] [INFO] console - VLTN
[2013-12-23 14:17:31.102] [INFO] console - MySQL:[object Object]
[2013-12-23 14:17:31.662] [INFO] console - [data sync component] load mapping file done.
[2013-12-23 14:17:34.677] [INFO] console - info: socket.io started
[2013-12-23 14:17:34.847] [INFO] pomelo-admin - [32m[/Users/dangvanhien/ARPG/ARPGGame/game-server/node_modules/pomelo/node_modules/pomelo-admin/lib/consoleService.js] [39mtry to connect master: "auth", "127.0.0.1", 3005
[2013-12-23 14:17:35.596] [INFO] pomelo - [32m[/Users/dangvanhien/ARPG/ARPGGame/game-server/node_modules/pomelo/lib/application.js] [39m"auth-server-1" enter after start...
[2013-12-23 14:17:35.598] [INFO] pomelo - [32m[/Users/dangvanhien/ARPG/ARPGGame/game-server/node_modules/pomelo/lib/application.js] [39m"auth-server-1" finish start
[2013-12-23 14:18:07.043] [INFO] pomelo - [32m[/Users/dangvanhien/ARPG/ARPGGame/game-server/node_modules/pomelo/lib/application.js] [39mapplication inited: "auth-server-1"
[2013-12-23 14:18:07.174] [INFO] console - /Users/dangvanhien/ARPG/ARPGGame/game-server
[2013-12-23 14:18:07.222] [INFO] console - VLTN
[2013-12-23 14:18:07.223] [INFO] console - MySQL:[object Object]
[2013-12-23 14:18:07.498] [INFO] console - [data sync component] load mapping file done.
[2013-12-23 14:18:10.697] [INFO] console - info: socket.io started
[2013-12-23 14:18:10.783] [INFO] pomelo-admin - [32m[/Users/dangvanhien/ARPG/ARPGGame/game-server/node_modules/pomelo/node_modules/pomelo-admin/lib/consoleService.js] [39mtry to connect master: "auth", "127.0.0.1", 3005
[2013-12-23 14:18:11.430] [INFO] pomelo - [32m[/Users/dangvanhien/ARPG/ARPGGame/game-server/node_modules/pomelo/lib/application.js] [39m"auth-server-1" enter after start...
[2013-12-23 14:18:11.432] [INFO] pomelo - [32m[/Users/dangvanhien/ARPG/ARPGGame/game-server/node_modules/pomelo/lib/application.js] [39m"auth-server-1" finish start
[2013-12-23 14:18:13.155] [INFO] console - client:127.0.0.1|root|root|TankGame
[2013-12-23 14:18:13.173] [INFO] console - Query:select * from	User where id = ?
[2013-12-24 09:54:38.059] [INFO] pomelo - [32m[/Users/dangvanhien/ARPG/ARPGGame/game-server/node_modules/pomelo/lib/application.js] [39mapplication inited: "auth-server-1"
[2013-12-24 09:54:38.079] [INFO] console - /Users/dangvanhien/ARPG/ARPGGame/game-server
[2013-12-24 09:54:38.089] [INFO] console - VLTN
[2013-12-24 09:54:38.090] [INFO] console - MySQL:[object Object]
[2013-12-24 09:54:38.427] [INFO] console - [data sync component] load mapping file done.
[2013-12-24 09:54:40.981] [INFO] console - info: socket.io started
[2013-12-24 09:54:41.012] [INFO] pomelo-admin - [32m[/Users/dangvanhien/ARPG/ARPGGame/game-server/node_modules/pomelo/node_modules/pomelo-admin/lib/consoleService.js] [39mtry to connect master: "auth", "127.0.0.1", 3005
[2013-12-24 09:54:41.337] [INFO] pomelo - [32m[/Users/dangvanhien/ARPG/ARPGGame/game-server/node_modules/pomelo/lib/application.js] [39m"auth-server-1" enter after start...
[2013-12-24 09:54:41.339] [INFO] pomelo - [32m[/Users/dangvanhien/ARPG/ARPGGame/game-server/node_modules/pomelo/lib/application.js] [39m"auth-server-1" finish start
[2013-12-24 09:55:27.661] [INFO] pomelo - [32m[/Users/dangvanhien/ARPG/ARPGGame/game-server/node_modules/pomelo/lib/application.js] [39mapplication inited: "auth-server-1"
[2013-12-24 09:55:27.711] [INFO] console - /Users/dangvanhien/ARPG/ARPGGame/game-server
[2013-12-24 09:55:27.753] [INFO] console - VLTN
[2013-12-24 09:55:27.754] [INFO] console - MySQL:[object Object]
[2013-12-24 09:55:28.040] [INFO] console - [data sync component] load mapping file done.
[2013-12-24 09:55:29.891] [INFO] console - info: socket.io started
[2013-12-24 09:55:29.910] [INFO] pomelo-admin - [32m[/Users/dangvanhien/ARPG/ARPGGame/game-server/node_modules/pomelo/node_modules/pomelo-admin/lib/consoleService.js] [39mtry to connect master: "auth", "127.0.0.1", 3005
[2013-12-24 09:55:30.218] [INFO] pomelo - [32m[/Users/dangvanhien/ARPG/ARPGGame/game-server/node_modules/pomelo/lib/application.js] [39m"auth-server-1" enter after start...
[2013-12-24 09:55:30.220] [INFO] pomelo - [32m[/Users/dangvanhien/ARPG/ARPGGame/game-server/node_modules/pomelo/lib/application.js] [39m"auth-server-1" finish start
[2013-12-24 09:56:06.084] [INFO] pomelo - [32m[/Users/dangvanhien/ARPG/ARPGGame/game-server/node_modules/pomelo/lib/application.js] [39mapplication inited: "auth-server-1"
[2013-12-24 09:56:06.156] [INFO] console - /Users/dangvanhien/ARPG/ARPGGame/game-server
[2013-12-24 09:56:06.220] [INFO] console - VLTN
[2013-12-24 09:56:06.221] [INFO] console - MySQL:[object Object]
[2013-12-24 09:56:06.470] [INFO] console - [data sync component] load mapping file done.
[2013-12-24 09:56:08.653] [INFO] console - info: socket.io started
[2013-12-24 09:56:08.707] [INFO] pomelo-admin - [32m[/Users/dangvanhien/ARPG/ARPGGame/game-server/node_modules/pomelo/node_modules/pomelo-admin/lib/consoleService.js] [39mtry to connect master: "auth", "127.0.0.1", 3005
[2013-12-24 09:56:08.994] [INFO] pomelo - [32m[/Users/dangvanhien/ARPG/ARPGGame/game-server/node_modules/pomelo/lib/application.js] [39m"auth-server-1" enter after start...
[2013-12-24 09:56:08.997] [INFO] pomelo - [32m[/Users/dangvanhien/ARPG/ARPGGame/game-server/node_modules/pomelo/lib/application.js] [39m"auth-server-1" finish start
[2013-12-24 09:56:31.061] [INFO] pomelo - [32m[/Users/dangvanhien/ARPG/ARPGGame/game-server/node_modules/pomelo/lib/application.js] [39mapplication inited: "auth-server-1"
[2013-12-24 09:56:31.121] [INFO] console - /Users/dangvanhien/ARPG/ARPGGame/game-server
[2013-12-24 09:56:31.163] [INFO] console - VLTN
[2013-12-24 09:56:31.167] [INFO] console - MySQL:[object Object]
[2013-12-24 09:56:31.516] [INFO] console - [data sync component] load mapping file done.
[2013-12-24 09:56:33.642] [INFO] console - info: socket.io started
[2013-12-24 09:56:33.692] [INFO] pomelo-admin - [32m[/Users/dangvanhien/ARPG/ARPGGame/game-server/node_modules/pomelo/node_modules/pomelo-admin/lib/consoleService.js] [39mtry to connect master: "auth", "127.0.0.1", 3005
[2013-12-24 09:56:34.194] [INFO] pomelo - [32m[/Users/dangvanhien/ARPG/ARPGGame/game-server/node_modules/pomelo/lib/application.js] [39m"auth-server-1" enter after start...
[2013-12-24 09:56:34.196] [INFO] pomelo - [32m[/Users/dangvanhien/ARPG/ARPGGame/game-server/node_modules/pomelo/lib/application.js] [39m"auth-server-1" finish start
[2013-12-24 09:56:44.708] [INFO] console - client:127.0.0.1|root|root|TankGame
[2013-12-24 09:56:44.724] [INFO] console - Query:select * from	User where id = ?
[2013-12-24 09:57:43.794] [INFO] pomelo - [32m[/Users/dangvanhien/ARPG/ARPGGame/game-server/node_modules/pomelo/lib/application.js] [39mapplication inited: "auth-server-1"
[2013-12-24 09:57:43.886] [INFO] console - /Users/dangvanhien/ARPG/ARPGGame/game-server
[2013-12-24 09:57:43.963] [INFO] console - VLTN
[2013-12-24 09:57:43.964] [INFO] console - MySQL:[object Object]
[2013-12-24 09:57:44.265] [INFO] console - [data sync component] load mapping file done.
[2013-12-24 09:57:47.022] [INFO] console - info: socket.io started
[2013-12-24 09:57:47.144] [INFO] pomelo-admin - [32m[/Users/dangvanhien/ARPG/ARPGGame/game-server/node_modules/pomelo/node_modules/pomelo-admin/lib/consoleService.js] [39mtry to connect master: "auth", "127.0.0.1", 3005
[2013-12-24 09:57:47.841] [INFO] pomelo - [32m[/Users/dangvanhien/ARPG/ARPGGame/game-server/node_modules/pomelo/lib/application.js] [39m"auth-server-1" enter after start...
[2013-12-24 09:57:47.844] [INFO] pomelo - [32m[/Users/dangvanhien/ARPG/ARPGGame/game-server/node_modules/pomelo/lib/application.js] [39m"auth-server-1" finish start
[2013-12-24 09:57:50.708] [INFO] console - client:127.0.0.1|root|root|TankGame
[2013-12-24 09:57:50.725] [INFO] console - Query:select * from	User where id = ?
[2013-12-24 09:59:03.062] [INFO] pomelo - [32m[/Users/dangvanhien/ARPG/ARPGGame/game-server/node_modules/pomelo/lib/application.js] [39mapplication inited: "auth-server-1"
[2013-12-24 09:59:03.129] [INFO] console - /Users/dangvanhien/ARPG/ARPGGame/game-server
[2013-12-24 09:59:03.173] [INFO] console - VLTN
[2013-12-24 09:59:03.173] [INFO] console - MySQL:[object Object]
[2013-12-24 09:59:03.409] [INFO] console - [data sync component] load mapping file done.
[2013-12-24 09:59:05.710] [INFO] console - info: socket.io started
[2013-12-24 09:59:05.777] [INFO] pomelo-admin - [32m[/Users/dangvanhien/ARPG/ARPGGame/game-server/node_modules/pomelo/node_modules/pomelo-admin/lib/consoleService.js] [39mtry to connect master: "auth", "127.0.0.1", 3005
[2013-12-24 09:59:06.441] [INFO] pomelo - [32m[/Users/dangvanhien/ARPG/ARPGGame/game-server/node_modules/pomelo/lib/application.js] [39m"auth-server-1" enter after start...
[2013-12-24 09:59:06.445] [INFO] pomelo - [32m[/Users/dangvanhien/ARPG/ARPGGame/game-server/node_modules/pomelo/lib/application.js] [39m"auth-server-1" finish start
[2013-12-24 09:59:22.770] [INFO] console - client:127.0.0.1|root|root|TankGame
[2013-12-24 09:59:22.785] [INFO] console - Query:select * from	User where id = ?
[2013-12-24 10:00:49.525] [INFO] pomelo - [32m[/Users/dangvanhien/ARPG/ARPGGame/game-server/node_modules/pomelo/lib/application.js] [39mapplication inited: "auth-server-1"
[2013-12-24 10:00:49.548] [INFO] console - /Users/dangvanhien/ARPG/ARPGGame/game-server
[2013-12-24 10:00:49.557] [INFO] console - VLTN
[2013-12-24 10:00:49.558] [INFO] console - MySQL:[object Object]
[2013-12-24 10:00:49.884] [INFO] console - [data sync component] load mapping file done.
[2013-12-24 10:00:52.686] [INFO] console - info: socket.io started
[2013-12-24 10:00:52.811] [INFO] pomelo-admin - [32m[/Users/dangvanhien/ARPG/ARPGGame/game-server/node_modules/pomelo/node_modules/pomelo-admin/lib/consoleService.js] [39mtry to connect master: "auth", "127.0.0.1", 3005
[2013-12-24 10:00:53.481] [INFO] pomelo - [32m[/Users/dangvanhien/ARPG/ARPGGame/game-server/node_modules/pomelo/lib/application.js] [39m"auth-server-1" enter after start...
[2013-12-24 10:00:53.517] [INFO] pomelo - [32m[/Users/dangvanhien/ARPG/ARPGGame/game-server/node_modules/pomelo/lib/application.js] [39m"auth-server-1" finish start
[2013-12-24 10:00:56.167] [INFO] console - client:127.0.0.1|root|root|TankGame
[2013-12-24 10:00:56.190] [INFO] console - Query:select * from	User where id = ?
[2013-12-24 10:02:12.575] [INFO] pomelo - [32m[/Users/dangvanhien/ARPG/ARPGGame/game-server/node_modules/pomelo/lib/application.js] [39mapplication inited: "auth-server-1"
[2013-12-24 10:02:12.632] [INFO] console - /Users/dangvanhien/ARPG/ARPGGame/game-server
[2013-12-24 10:02:12.665] [INFO] console - VLTN
[2013-12-24 10:02:12.665] [INFO] console - MySQL:[object Object]
[2013-12-24 10:02:12.952] [INFO] console - [data sync component] load mapping file done.
[2013-12-24 10:02:15.003] [INFO] console - info: socket.io started
[2013-12-24 10:02:15.118] [INFO] pomelo-admin - [32m[/Users/dangvanhien/ARPG/ARPGGame/game-server/node_modules/pomelo/node_modules/pomelo-admin/lib/consoleService.js] [39mtry to connect master: "auth", "127.0.0.1", 3005
[2013-12-24 10:02:15.832] [INFO] pomelo - [32m[/Users/dangvanhien/ARPG/ARPGGame/game-server/node_modules/pomelo/lib/application.js] [39m"auth-server-1" enter after start...
[2013-12-24 10:02:15.911] [INFO] pomelo - [32m[/Users/dangvanhien/ARPG/ARPGGame/game-server/node_modules/pomelo/lib/application.js] [39m"auth-server-1" finish start
[2013-12-24 10:02:19.344] [INFO] console - client:127.0.0.1|root|root|TankGame
[2013-12-24 10:02:19.362] [INFO] console - Query:select * from	User where id = ?
[2013-12-24 10:03:34.836] [INFO] pomelo - [32m[/Users/dangvanhien/ARPG/ARPGGame/game-server/node_modules/pomelo/lib/application.js] [39mapplication inited: "auth-server-1"
[2013-12-24 10:03:34.898] [INFO] console - /Users/dangvanhien/ARPG/ARPGGame/game-server
[2013-12-24 10:03:34.907] [INFO] console - VLTN
[2013-12-24 10:03:34.908] [INFO] console - MySQL:[object Object]
[2013-12-24 10:03:35.179] [INFO] console - [data sync component] load mapping file done.
[2013-12-24 10:03:37.558] [INFO] console - info: socket.io started
[2013-12-24 10:03:37.639] [INFO] pomelo-admin - [32m[/Users/dangvanhien/ARPG/ARPGGame/game-server/node_modules/pomelo/node_modules/pomelo-admin/lib/consoleService.js] [39mtry to connect master: "auth", "127.0.0.1", 3005
[2013-12-24 10:03:38.334] [INFO] pomelo - [32m[/Users/dangvanhien/ARPG/ARPGGame/game-server/node_modules/pomelo/lib/application.js] [39m"auth-server-1" enter after start...
[2013-12-24 10:03:38.337] [INFO] pomelo - [32m[/Users/dangvanhien/ARPG/ARPGGame/game-server/node_modules/pomelo/lib/application.js] [39m"auth-server-1" finish start
[2013-12-24 10:03:42.020] [INFO] console - client:127.0.0.1|root|root|TankGame
[2013-12-24 10:03:42.041] [INFO] console - Query:select * from	User where id = ?
[2013-12-24 10:04:14.435] [INFO] pomelo - [32m[/Users/dangvanhien/ARPG/ARPGGame/game-server/node_modules/pomelo/lib/application.js] [39mapplication inited: "auth-server-1"
[2013-12-24 10:04:14.493] [INFO] console - /Users/dangvanhien/ARPG/ARPGGame/game-server
[2013-12-24 10:04:14.534] [INFO] console - VLTN
[2013-12-24 10:04:14.535] [INFO] console - MySQL:[object Object]
[2013-12-24 10:04:14.729] [INFO] console - [data sync component] load mapping file done.
[2013-12-24 10:04:17.134] [INFO] console - info: socket.io started
[2013-12-24 10:04:17.183] [INFO] pomelo-admin - [32m[/Users/dangvanhien/ARPG/ARPGGame/game-server/node_modules/pomelo/node_modules/pomelo-admin/lib/consoleService.js] [39mtry to connect master: "auth", "127.0.0.1", 3005
[2013-12-24 10:04:17.597] [INFO] pomelo - [32m[/Users/dangvanhien/ARPG/ARPGGame/game-server/node_modules/pomelo/lib/application.js] [39m"auth-server-1" enter after start...
[2013-12-24 10:04:17.599] [INFO] pomelo - [32m[/Users/dangvanhien/ARPG/ARPGGame/game-server/node_modules/pomelo/lib/application.js] [39m"auth-server-1" finish start
[2013-12-24 10:04:21.301] [INFO] console - client:127.0.0.1|root|root|TankGame
[2013-12-24 10:04:21.323] [INFO] console - Query:select * from	User where id = ?
[2013-12-24 10:04:27.038] [INFO] console - Query:select * from	User where id = ?
[2013-12-24 10:06:35.284] [INFO] pomelo - [32m[/Users/dangvanhien/ARPG/ARPGGame/game-server/node_modules/pomelo/lib/application.js] [39mapplication inited: "auth-server-1"
[2013-12-24 10:06:35.386] [INFO] console - /Users/dangvanhien/ARPG/ARPGGame/game-server
[2013-12-24 10:06:35.418] [INFO] console - VLTN
[2013-12-24 10:06:35.419] [INFO] console - MySQL:[object Object]
[2013-12-24 10:06:35.759] [INFO] console - [data sync component] load mapping file done.
[2013-12-24 10:06:38.401] [INFO] console - info: socket.io started
[2013-12-24 10:06:38.487] [INFO] pomelo-admin - [32m[/Users/dangvanhien/ARPG/ARPGGame/game-server/node_modules/pomelo/node_modules/pomelo-admin/lib/consoleService.js] [39mtry to connect master: "auth", "127.0.0.1", 3005
[2013-12-24 10:06:39.003] [INFO] pomelo - [32m[/Users/dangvanhien/ARPG/ARPGGame/game-server/node_modules/pomelo/lib/application.js] [39m"auth-server-1" enter after start...
[2013-12-24 10:06:39.005] [INFO] pomelo - [32m[/Users/dangvanhien/ARPG/ARPGGame/game-server/node_modules/pomelo/lib/application.js] [39m"auth-server-1" finish start
[2013-12-24 10:08:32.444] [INFO] console - client:127.0.0.1|root|root|TankGame
[2013-12-24 10:08:32.460] [INFO] console - Query:select * from	User where id = ?
[2014-01-08 14:43:19.730] [INFO] pomelo - [32m[/Users/dangvanhien/ARPG/ARPGGame/game-server/node_modules/pomelo/lib/application.js] [39mapplication inited: "auth-server-1"
[2014-01-08 14:43:19.807] [INFO] console - /Users/dangvanhien/ARPG/ARPGGame/game-server
[2014-01-08 14:43:19.855] [INFO] console - VLTN
[2014-01-08 14:43:19.855] [INFO] console - MySQL:[object Object]
[2014-01-08 14:43:20.313] [INFO] console - [data sync component] load mapping file done.
[2014-01-08 14:43:23.158] [INFO] console - info: socket.io started
[2014-01-08 14:43:23.236] [INFO] pomelo-admin - [32m[/Users/dangvanhien/ARPG/ARPGGame/game-server/node_modules/pomelo/node_modules/pomelo-admin/lib/consoleService.js] [39mtry to connect master: "auth", "127.0.0.1", 3005
[2014-01-08 14:43:23.964] [INFO] pomelo - [32m[/Users/dangvanhien/ARPG/ARPGGame/game-server/node_modules/pomelo/lib/application.js] [39m"auth-server-1" enter after start...
[2014-01-08 14:43:23.976] [INFO] pomelo - [32m[/Users/dangvanhien/ARPG/ARPGGame/game-server/node_modules/pomelo/lib/application.js] [39m"auth-server-1" finish start
[2014-01-08 14:45:51.847] [INFO] pomelo - [32m[/Users/dangvanhien/ARPG/ARPGGame/game-server/node_modules/pomelo/lib/application.js] [39mapplication inited: "auth-server-1"
[2014-01-08 14:45:52.018] [INFO] console - /Users/dangvanhien/ARPG/ARPGGame/game-server
[2014-01-08 14:45:52.062] [INFO] console - VLTN
[2014-01-08 14:45:52.063] [INFO] console - MySQL:[object Object]
[2014-01-08 14:45:52.396] [INFO] console - [data sync component] load mapping file done.
[2014-01-08 14:45:55.293] [INFO] console - info: socket.io started
[2014-01-08 14:45:55.439] [ERROR] console -  Caught exception: Error: listen EADDRINUSE
    at errnoException (net.js:901:11)
    at Server._listen2 (net.js:1039:14)
    at listen (net.js:1061:10)
    at Server.listen (net.js:1127:5)
    at Object.exports.listen (/Users/dangvanhien/ARPG/ARPGGame/game-server/node_modules/pomelo/node_modules/socket.io/lib/socket.io.js:74:12)
    at pro.listen (/Users/dangvanhien/ARPG/ARPGGame/game-server/node_modules/pomelo/node_modules/pomelo-rpc/lib/rpc-server/acceptors/ws-acceptor.js:32:21)
    at pro.start (/Users/dangvanhien/ARPG/ARPGGame/game-server/node_modules/pomelo/node_modules/pomelo-rpc/lib/rpc-server/gateway.js:43:17)
    at pro.start (/Users/dangvanhien/ARPG/ARPGGame/game-server/node_modules/pomelo/lib/components/remote.js:54:15)
    at /Users/dangvanhien/ARPG/ARPGGame/game-server/node_modules/pomelo/lib/util/appUtil.js:84:19
    at iterate (/Users/dangvanhien/ARPG/ARPGGame/game-server/node_modules/pomelo/node_modules/async/lib/async.js:123:13)
[2014-01-08 14:45:55.469] [INFO] pomelo-admin - [32m[/Users/dangvanhien/ARPG/ARPGGame/game-server/node_modules/pomelo/node_modules/pomelo-admin/lib/consoleService.js] [39mtry to connect master: "auth", "127.0.0.1", 3005
[2014-01-08 14:45:56.203] [INFO] pomelo - [32m[/Users/dangvanhien/ARPG/ARPGGame/game-server/node_modules/pomelo/lib/application.js] [39m"auth-server-1" enter after start...
[2014-01-08 14:45:56.206] [INFO] pomelo - [32m[/Users/dangvanhien/ARPG/ARPGGame/game-server/node_modules/pomelo/lib/application.js] [39m"auth-server-1" finish start
[2014-01-08 14:47:06.834] [INFO] pomelo - [32m[/Users/dangvanhien/ARPG/ARPGGame/game-server/node_modules/pomelo/lib/application.js] [39mapplication inited: "auth-server-1"
[2014-01-08 14:47:06.944] [INFO] console - /Users/dangvanhien/ARPG/ARPGGame/game-server
[2014-01-08 14:47:06.985] [INFO] console - VLTN
[2014-01-08 14:47:06.985] [INFO] console - MySQL:[object Object]
[2014-01-08 14:47:07.281] [INFO] console - [data sync component] load mapping file done.
[2014-01-08 14:47:09.242] [INFO] console - info: socket.io started
[2014-01-08 14:47:09.357] [INFO] pomelo-admin - [32m[/Users/dangvanhien/ARPG/ARPGGame/game-server/node_modules/pomelo/node_modules/pomelo-admin/lib/consoleService.js] [39mtry to connect master: "auth", "127.0.0.1", 3005
[2014-01-08 14:47:09.863] [INFO] pomelo - [32m[/Users/dangvanhien/ARPG/ARPGGame/game-server/node_modules/pomelo/lib/application.js] [39m"auth-server-1" enter after start...
[2014-01-08 14:47:09.875] [INFO] pomelo - [32m[/Users/dangvanhien/ARPG/ARPGGame/game-server/node_modules/pomelo/lib/application.js] [39m"auth-server-1" finish start
[2014-01-08 14:49:01.970] [INFO] pomelo - [32m[/Users/dangvanhien/ARPG/ARPGGame/game-server/node_modules/pomelo/lib/application.js] [39mapplication inited: "auth-server-1"
[2014-01-08 14:49:02.095] [INFO] console - /Users/dangvanhien/ARPG/ARPGGame/game-server
[2014-01-08 14:49:02.151] [INFO] console - VLTN
[2014-01-08 14:49:02.152] [INFO] console - MySQL:[object Object]
[2014-01-08 14:49:02.439] [INFO] console - [data sync component] load mapping file done.
[2014-01-08 14:49:05.022] [INFO] console - info: socket.io started
[2014-01-08 14:49:05.093] [INFO] pomelo-admin - [32m[/Users/dangvanhien/ARPG/ARPGGame/game-server/node_modules/pomelo/node_modules/pomelo-admin/lib/consoleService.js] [39mtry to connect master: "auth", "127.0.0.1", 3005
[2014-01-08 14:49:05.824] [INFO] pomelo - [32m[/Users/dangvanhien/ARPG/ARPGGame/game-server/node_modules/pomelo/lib/application.js] [39m"auth-server-1" enter after start...
[2014-01-08 14:49:05.851] [INFO] pomelo - [32m[/Users/dangvanhien/ARPG/ARPGGame/game-server/node_modules/pomelo/lib/application.js] [39m"auth-server-1" finish start
[2014-01-08 15:51:22.304] [INFO] pomelo - [32m[/Users/dangvanhien/ARPG/ARPGGame/game-server/node_modules/pomelo/lib/application.js] [39mapplication inited: "auth-server-1"
[2014-01-08 15:51:22.353] [INFO] console - /Users/dangvanhien/ARPG/ARPGGame/game-server
[2014-01-08 15:51:22.401] [INFO] console - VLTN
[2014-01-08 15:51:22.401] [INFO] console - MySQL:[object Object]
[2014-01-08 15:51:22.730] [INFO] console - [data sync component] load mapping file done.
[2014-01-08 15:51:25.361] [ERROR] console -  Caught exception: Error: Cannot find module 'async'
    at Function.Module._resolveFilename (module.js:338:15)
    at Function.Module._load (module.js:280:25)
    at Module.require (module.js:364:17)
    at require (module.js:380:17)
    at Object.<anonymous> (/Users/dangvanhien/ARPG/ARPGGame/game-server/app/dao/userDao.js:4:13)
    at Module._compile (module.js:456:26)
    at Object.Module._extensions..js (module.js:474:10)
    at Module.load (module.js:356:32)
    at Function.Module._load (module.js:312:12)
    at Module.require (module.js:364:17)
[2014-01-08 15:51:53.907] [INFO] pomelo - [32m[/Users/dangvanhien/ARPG/ARPGGame/game-server/node_modules/pomelo/lib/application.js] [39mapplication inited: "auth-server-1"
[2014-01-08 15:51:53.975] [INFO] console - /Users/dangvanhien/ARPG/ARPGGame/game-server
[2014-01-08 15:51:54.036] [INFO] console - VLTN
[2014-01-08 15:51:54.036] [INFO] console - MySQL:[object Object]
[2014-01-08 15:51:54.289] [INFO] console - [data sync component] load mapping file done.
[2014-01-08 15:51:56.715] [INFO] console - info: socket.io started
[2014-01-08 15:51:56.814] [INFO] pomelo-admin - [32m[/Users/dangvanhien/ARPG/ARPGGame/game-server/node_modules/pomelo/node_modules/pomelo-admin/lib/consoleService.js] [39mtry to connect master: "auth", "127.0.0.1", 3005
[2014-01-08 15:51:57.356] [INFO] pomelo - [32m[/Users/dangvanhien/ARPG/ARPGGame/game-server/node_modules/pomelo/lib/application.js] [39m"auth-server-1" enter after start...
[2014-01-08 15:51:57.358] [INFO] pomelo - [32m[/Users/dangvanhien/ARPG/ARPGGame/game-server/node_modules/pomelo/lib/application.js] [39m"auth-server-1" finish start
[2014-01-08 16:03:55.714] [INFO] pomelo - [32m[/Users/dangvanhien/ARPG/ARPGGame/game-server/node_modules/pomelo/lib/application.js] [39mapplication inited: "auth-server-1"
[2014-01-08 16:03:55.808] [INFO] console - /Users/dangvanhien/ARPG/ARPGGame/game-server
[2014-01-08 16:03:55.816] [INFO] console - VLTN
[2014-01-08 16:03:55.817] [INFO] console - MySQL:[object Object]
[2014-01-08 16:03:56.110] [INFO] console - [data sync component] load mapping file done.
[2014-01-08 16:03:58.629] [INFO] console - info: socket.io started
[2014-01-08 16:03:58.687] [INFO] pomelo-admin - [32m[/Users/dangvanhien/ARPG/ARPGGame/game-server/node_modules/pomelo/node_modules/pomelo-admin/lib/consoleService.js] [39mtry to connect master: "auth", "127.0.0.1", 3005
[2014-01-08 16:03:59.271] [INFO] pomelo - [32m[/Users/dangvanhien/ARPG/ARPGGame/game-server/node_modules/pomelo/lib/application.js] [39m"auth-server-1" enter after start...
[2014-01-08 16:03:59.273] [INFO] pomelo - [32m[/Users/dangvanhien/ARPG/ARPGGame/game-server/node_modules/pomelo/lib/application.js] [39m"auth-server-1" finish start
[2014-01-08 16:07:11.803] [INFO] pomelo - [32m[/Users/dangvanhien/ARPG/ARPGGame/game-server/node_modules/pomelo/lib/application.js] [39mapplication inited: "auth-server-1"
[2014-01-08 16:07:11.860] [INFO] console - /Users/dangvanhien/ARPG/ARPGGame/game-server
[2014-01-08 16:07:11.871] [INFO] console - VLTN
[2014-01-08 16:07:11.871] [INFO] console - MySQL:[object Object]
[2014-01-08 16:07:12.225] [INFO] console - [data sync component] load mapping file done.
[2014-01-08 16:07:14.180] [INFO] console - info: socket.io started
[2014-01-08 16:07:14.224] [INFO] pomelo-admin - [32m[/Users/dangvanhien/ARPG/ARPGGame/game-server/node_modules/pomelo/node_modules/pomelo-admin/lib/consoleService.js] [39mtry to connect master: "auth", "127.0.0.1", 3005
[2014-01-08 16:07:14.750] [INFO] pomelo - [32m[/Users/dangvanhien/ARPG/ARPGGame/game-server/node_modules/pomelo/lib/application.js] [39m"auth-server-1" enter after start...
[2014-01-08 16:07:14.760] [INFO] pomelo - [32m[/Users/dangvanhien/ARPG/ARPGGame/game-server/node_modules/pomelo/lib/application.js] [39m"auth-server-1" finish start
[2014-01-08 16:30:43.487] [INFO] pomelo - [32m[/Users/dangvanhien/ARPG/ARPGGame/game-server/node_modules/pomelo/lib/application.js] [39mapplication inited: "auth-server-1"
[2014-01-08 16:30:43.616] [INFO] console - /Users/dangvanhien/ARPG/ARPGGame/game-server
[2014-01-08 16:30:43.672] [INFO] console - VLTN
[2014-01-08 16:30:43.672] [INFO] console - MySQL:[object Object]
[2014-01-08 16:30:44.070] [INFO] console - [data sync component] load mapping file done.
[2014-01-08 16:30:46.841] [INFO] console - info: socket.io started
[2014-01-08 16:30:46.935] [INFO] pomelo-admin - [32m[/Users/dangvanhien/ARPG/ARPGGame/game-server/node_modules/pomelo/node_modules/pomelo-admin/lib/consoleService.js] [39mtry to connect master: "auth", "127.0.0.1", 3005
[2014-01-08 16:30:47.664] [ERROR] pomelo-admin - [31m[/Users/dangvanhien/ARPG/ARPGGame/game-server/node_modules/pomelo/node_modules/pomelo-admin/lib/monitorAgent.js] [39mserver "auth-server-1" "auth" register master failed
[2014-01-08 19:52:54.960] [INFO] pomelo - [32m[/Users/dangvanhien/ARPG/ARPGGame/game-server/node_modules/pomelo/lib/application.js] [39mapplication inited: "auth-server-1"
[2014-01-08 19:52:55.083] [INFO] console - /Users/dangvanhien/ARPG/ARPGGame/game-server
[2014-01-08 19:52:55.099] [INFO] console - VLTN
[2014-01-08 19:52:55.100] [INFO] console - MySQL:[object Object]
[2014-01-08 19:52:55.527] [INFO] console - [data sync component] load mapping file done.
[2014-01-08 19:52:59.029] [INFO] console - info: socket.io started
[2014-01-08 19:52:59.175] [INFO] pomelo-admin - [32m[/Users/dangvanhien/ARPG/ARPGGame/game-server/node_modules/pomelo/node_modules/pomelo-admin/lib/consoleService.js] [39mtry to connect master: "auth", "127.0.0.1", 3005
[2014-01-08 19:53:00.011] [INFO] pomelo - [32m[/Users/dangvanhien/ARPG/ARPGGame/game-server/node_modules/pomelo/lib/application.js] [39m"auth-server-1" enter after start...
[2014-01-08 19:53:00.013] [INFO] pomelo - [32m[/Users/dangvanhien/ARPG/ARPGGame/game-server/node_modules/pomelo/lib/application.js] [39m"auth-server-1" finish start
[2014-01-09 09:15:10.777] [INFO] pomelo - [32m[/Users/dangvanhien/ARPG/ARPGGame/game-server/node_modules/pomelo/lib/application.js] [39mapplication inited: "auth-server-1"
[2014-01-09 09:15:10.912] [INFO] console - /Users/dangvanhien/ARPG/ARPGGame/game-server
[2014-01-09 09:15:10.961] [INFO] console - VLTN
[2014-01-09 09:15:10.963] [INFO] console - MySQL:[object Object]
[2014-01-09 09:15:11.254] [INFO] console - [data sync component] load mapping file done.
[2014-01-09 09:15:14.169] [INFO] console - info: socket.io started
[2014-01-09 09:15:14.305] [INFO] pomelo-admin - [32m[/Users/dangvanhien/ARPG/ARPGGame/game-server/node_modules/pomelo/node_modules/pomelo-admin/lib/consoleService.js] [39mtry to connect master: "auth", "127.0.0.1", 3005
[2014-01-09 09:15:15.224] [INFO] pomelo - [32m[/Users/dangvanhien/ARPG/ARPGGame/game-server/node_modules/pomelo/lib/application.js] [39m"auth-server-1" enter after start...
[2014-01-09 09:15:15.227] [INFO] pomelo - [32m[/Users/dangvanhien/ARPG/ARPGGame/game-server/node_modules/pomelo/lib/application.js] [39m"auth-server-1" finish start
[2014-01-09 09:16:42.081] [INFO] pomelo - [32m[/Users/dangvanhien/ARPG/ARPGGame/game-server/node_modules/pomelo/lib/application.js] [39mapplication inited: "auth-server-1"
[2014-01-09 09:16:42.137] [INFO] console - /Users/dangvanhien/ARPG/ARPGGame/game-server
[2014-01-09 09:16:42.192] [INFO] console - VLTN
[2014-01-09 09:16:42.193] [INFO] console - MySQL:[object Object]
[2014-01-09 09:16:42.564] [INFO] console - [data sync component] load mapping file done.
[2014-01-09 09:16:45.021] [INFO] console - info: socket.io started
[2014-01-09 09:16:45.067] [INFO] pomelo-admin - [32m[/Users/dangvanhien/ARPG/ARPGGame/game-server/node_modules/pomelo/node_modules/pomelo-admin/lib/consoleService.js] [39mtry to connect master: "auth", "127.0.0.1", 3005
[2014-01-09 09:16:45.732] [INFO] pomelo - [32m[/Users/dangvanhien/ARPG/ARPGGame/game-server/node_modules/pomelo/lib/application.js] [39m"auth-server-1" enter after start...
[2014-01-09 09:16:45.735] [INFO] pomelo - [32m[/Users/dangvanhien/ARPG/ARPGGame/game-server/node_modules/pomelo/lib/application.js] [39m"auth-server-1" finish start
[2014-01-09 09:21:52.450] [INFO] console - client:127.0.0.1|root|root|TankGame
[2014-01-09 09:21:52.470] [INFO] console - Query:select * from	User where id = ?
[2014-01-09 09:22:03.738] [INFO] pomelo - [32m[/Users/dangvanhien/ARPG/ARPGGame/game-server/node_modules/pomelo/lib/application.js] [39mapplication inited: "auth-server-1"
[2014-01-09 09:22:03.840] [INFO] console - /Users/dangvanhien/ARPG/ARPGGame/game-server
[2014-01-09 09:22:03.882] [INFO] console - VLTN
[2014-01-09 09:22:03.883] [INFO] console - MySQL:[object Object]
[2014-01-09 09:22:04.387] [INFO] console - [data sync component] load mapping file done.
[2014-01-09 09:22:07.841] [INFO] console - info: socket.io started
[2014-01-09 09:22:07.935] [INFO] pomelo-admin - [32m[/Users/dangvanhien/ARPG/ARPGGame/game-server/node_modules/pomelo/node_modules/pomelo-admin/lib/consoleService.js] [39mtry to connect master: "auth", "127.0.0.1", 3005
[2014-01-09 09:22:08.962] [INFO] pomelo - [32m[/Users/dangvanhien/ARPG/ARPGGame/game-server/node_modules/pomelo/lib/application.js] [39m"auth-server-1" enter after start...
[2014-01-09 09:22:08.964] [INFO] pomelo - [32m[/Users/dangvanhien/ARPG/ARPGGame/game-server/node_modules/pomelo/lib/application.js] [39m"auth-server-1" finish start
[2014-01-09 09:22:19.268] [INFO] console - client:127.0.0.1|root|root|TankGame
[2014-01-09 09:22:19.288] [INFO] console - Query:select * from	User where id = ?
[2014-01-09 09:29:41.580] [INFO] console - client:127.0.0.1|root|root|TankGame
[2014-01-09 09:29:41.589] [INFO] console - Query:select * from	User where id = ?
[2014-01-09 09:29:55.885] [INFO] pomelo - [32m[/Users/dangvanhien/ARPG/ARPGGame/game-server/node_modules/pomelo/lib/application.js] [39mapplication inited: "auth-server-1"
[2014-01-09 09:29:55.979] [INFO] console - /Users/dangvanhien/ARPG/ARPGGame/game-server
[2014-01-09 09:29:56.031] [INFO] console - VLTN
[2014-01-09 09:29:56.031] [INFO] console - MySQL:[object Object]
[2014-01-09 09:29:56.378] [INFO] console - [data sync component] load mapping file done.
[2014-01-09 09:29:59.140] [INFO] console - info: socket.io started
[2014-01-09 09:29:59.187] [INFO] pomelo-admin - [32m[/Users/dangvanhien/ARPG/ARPGGame/game-server/node_modules/pomelo/node_modules/pomelo-admin/lib/consoleService.js] [39mtry to connect master: "auth", "127.0.0.1", 3005
[2014-01-09 09:29:59.991] [INFO] pomelo - [32m[/Users/dangvanhien/ARPG/ARPGGame/game-server/node_modules/pomelo/lib/application.js] [39m"auth-server-1" enter after start...
[2014-01-09 09:29:59.994] [INFO] pomelo - [32m[/Users/dangvanhien/ARPG/ARPGGame/game-server/node_modules/pomelo/lib/application.js] [39m"auth-server-1" finish start
[2014-01-09 09:30:00.882] [INFO] console - client:127.0.0.1|root|root|TankGame
[2014-01-09 09:30:00.902] [INFO] console - Query:select * from	User where id = ?
[2014-01-09 09:33:07.962] [INFO] pomelo - [32m[/Users/dangvanhien/ARPG/ARPGGame/game-server/node_modules/pomelo/lib/application.js] [39mapplication inited: "auth-server-1"
[2014-01-09 09:33:08.043] [INFO] console - /Users/dangvanhien/ARPG/ARPGGame/game-server
[2014-01-09 09:33:08.054] [INFO] console - VLTN
[2014-01-09 09:33:08.055] [INFO] console - MySQL:[object Object]
[2014-01-09 09:33:08.365] [INFO] console - [data sync component] load mapping file done.
[2014-01-09 09:33:11.118] [INFO] console - info: socket.io started
[2014-01-09 09:33:11.209] [INFO] pomelo-admin - [32m[/Users/dangvanhien/ARPG/ARPGGame/game-server/node_modules/pomelo/node_modules/pomelo-admin/lib/consoleService.js] [39mtry to connect master: "auth", "127.0.0.1", 3005
[2014-01-09 09:33:11.830] [INFO] pomelo - [32m[/Users/dangvanhien/ARPG/ARPGGame/game-server/node_modules/pomelo/lib/application.js] [39m"auth-server-1" enter after start...
[2014-01-09 09:33:11.837] [INFO] pomelo - [32m[/Users/dangvanhien/ARPG/ARPGGame/game-server/node_modules/pomelo/lib/application.js] [39m"auth-server-1" finish start
[2014-01-09 09:33:23.909] [ERROR] console - rpc server process message error: ReferenceError: auth is not defined
[2014-01-09 09:36:16.183] [INFO] pomelo - [32m[/Users/dangvanhien/ARPG/ARPGGame/game-server/node_modules/pomelo/lib/application.js] [39mapplication inited: "auth-server-1"
[2014-01-09 09:36:16.286] [INFO] console - /Users/dangvanhien/ARPG/ARPGGame/game-server
[2014-01-09 09:36:16.343] [INFO] console - VLTN
[2014-01-09 09:36:16.343] [INFO] console - MySQL:[object Object]
[2014-01-09 09:36:16.637] [INFO] console - [data sync component] load mapping file done.
[2014-01-09 09:36:19.088] [INFO] console - info: socket.io started
[2014-01-09 09:36:19.198] [INFO] pomelo-admin - [32m[/Users/dangvanhien/ARPG/ARPGGame/game-server/node_modules/pomelo/node_modules/pomelo-admin/lib/consoleService.js] [39mtry to connect master: "auth", "127.0.0.1", 3005
[2014-01-09 09:36:19.695] [INFO] pomelo - [32m[/Users/dangvanhien/ARPG/ARPGGame/game-server/node_modules/pomelo/lib/application.js] [39m"auth-server-1" enter after start...
[2014-01-09 09:36:19.697] [INFO] pomelo - [32m[/Users/dangvanhien/ARPG/ARPGGame/game-server/node_modules/pomelo/lib/application.js] [39m"auth-server-1" finish start
[2014-01-09 09:38:56.319] [INFO] console - AUTH:[object Object]
[2014-01-09 09:38:56.320] [INFO] console - GetUserByID:1
[2014-01-09 09:38:56.390] [INFO] console - client:127.0.0.1|root|root|TankGame
[2014-01-09 09:38:56.412] [INFO] console - Query:select * from	User where id = ?
[2014-01-09 09:43:39.609] [INFO] pomelo - [32m[/Users/dangvanhien/ARPG/ARPGGame/game-server/node_modules/pomelo/lib/application.js] [39mapplication inited: "auth-server-1"
[2014-01-09 09:43:39.661] [INFO] console - /Users/dangvanhien/ARPG/ARPGGame/game-server
[2014-01-09 09:43:39.719] [INFO] console - VLTN
[2014-01-09 09:43:39.719] [INFO] console - MySQL:[object Object]
[2014-01-09 09:43:40.064] [INFO] console - [data sync component] load mapping file done.
[2014-01-09 09:43:42.565] [INFO] console - info: socket.io started
[2014-01-09 09:43:42.609] [INFO] pomelo-admin - [32m[/Users/dangvanhien/ARPG/ARPGGame/game-server/node_modules/pomelo/node_modules/pomelo-admin/lib/consoleService.js] [39mtry to connect master: "auth", "127.0.0.1", 3005
[2014-01-09 09:43:43.262] [INFO] pomelo - [32m[/Users/dangvanhien/ARPG/ARPGGame/game-server/node_modules/pomelo/lib/application.js] [39m"auth-server-1" enter after start...
[2014-01-09 09:43:43.265] [INFO] pomelo - [32m[/Users/dangvanhien/ARPG/ARPGGame/game-server/node_modules/pomelo/lib/application.js] [39m"auth-server-1" finish start
[2014-01-09 09:44:21.268] [INFO] console - AUTH:[object Object]
[2014-01-09 09:44:21.269] [INFO] console - GetUserByID:1
[2014-01-09 09:44:21.363] [INFO] console - client:127.0.0.1|root|root|TankGame
[2014-01-09 09:44:21.383] [INFO] console - Query:select * from User where id = ?
[2014-01-09 09:44:21.383] [INFO] console - Error:ER_NO_SUCH_TABLE: Table 'TankGame.User' doesn't exist
[2014-01-09 09:45:59.259] [INFO] pomelo - [32m[/Users/dangvanhien/ARPG/ARPGGame/game-server/node_modules/pomelo/lib/application.js] [39mapplication inited: "auth-server-1"
[2014-01-09 09:45:59.449] [INFO] console - /Users/dangvanhien/ARPG/ARPGGame/game-server
[2014-01-09 09:45:59.495] [INFO] console - VLTN
[2014-01-09 09:45:59.496] [INFO] console - MySQL:[object Object]
[2014-01-09 09:45:59.770] [INFO] console - [data sync component] load mapping file done.
[2014-01-09 09:46:03.201] [INFO] console - info: socket.io started
[2014-01-09 09:46:03.256] [INFO] pomelo-admin - [32m[/Users/dangvanhien/ARPG/ARPGGame/game-server/node_modules/pomelo/node_modules/pomelo-admin/lib/consoleService.js] [39mtry to connect master: "auth", "127.0.0.1", 3005
[2014-01-09 09:46:03.952] [INFO] pomelo - [32m[/Users/dangvanhien/ARPG/ARPGGame/game-server/node_modules/pomelo/lib/application.js] [39m"auth-server-1" enter after start...
[2014-01-09 09:46:03.954] [INFO] pomelo - [32m[/Users/dangvanhien/ARPG/ARPGGame/game-server/node_modules/pomelo/lib/application.js] [39m"auth-server-1" finish start
[2014-01-09 09:46:07.604] [INFO] console - AUTH:[object Object]
[2014-01-09 09:46:07.604] [INFO] console - GetUserByID:1
[2014-01-09 09:46:07.690] [INFO] console - client:127.0.0.1|root|root|TankGame
[2014-01-09 09:46:07.707] [INFO] console - Query:select * from user where id = ?
[2014-01-09 09:46:07.707] [INFO] console - Not Error
[2014-01-09 09:50:51.826] [INFO] pomelo - [32m[/Users/dangvanhien/ARPG/ARPGGame/game-server/node_modules/pomelo/lib/application.js] [39mapplication inited: "auth-server-1"
[2014-01-09 09:50:51.886] [INFO] console - /Users/dangvanhien/ARPG/ARPGGame/game-server
[2014-01-09 09:50:51.926] [INFO] console - VLTN
[2014-01-09 09:50:51.927] [INFO] console - MySQL:[object Object]
[2014-01-09 09:50:52.269] [INFO] console - [data sync component] load mapping file done.
[2014-01-09 09:50:54.902] [INFO] console - info: socket.io started
[2014-01-09 09:50:54.963] [INFO] pomelo-admin - [32m[/Users/dangvanhien/ARPG/ARPGGame/game-server/node_modules/pomelo/node_modules/pomelo-admin/lib/consoleService.js] [39mtry to connect master: "auth", "127.0.0.1", 3005
[2014-01-09 09:50:55.748] [INFO] pomelo - [32m[/Users/dangvanhien/ARPG/ARPGGame/game-server/node_modules/pomelo/lib/application.js] [39m"auth-server-1" enter after start...
[2014-01-09 09:50:55.749] [INFO] pomelo - [32m[/Users/dangvanhien/ARPG/ARPGGame/game-server/node_modules/pomelo/lib/application.js] [39m"auth-server-1" finish start
[2014-01-09 09:50:58.893] [INFO] console - AUTH:[object Object]
[2014-01-09 09:50:58.893] [INFO] console - GetUserByID:1
[2014-01-09 09:50:58.965] [INFO] console - client:127.0.0.1|root|root|TankGame
[2014-01-09 09:50:58.978] [INFO] console - Query:select * from user where id = ?
[2014-01-09 09:50:58.978] [INFO] console - Not Error
[2014-01-09 09:56:01.265] [INFO] console - AUTH:[object Object]
[2014-01-09 09:56:01.265] [INFO] console - GetUserByID:1
[2014-01-09 09:56:01.268] [INFO] console - client:127.0.0.1|root|root|TankGame
[2014-01-09 09:56:01.276] [INFO] console - Query:select * from user where id = ?
[2014-01-09 09:56:01.276] [INFO] console - Not Error
[2014-01-09 09:56:21.052] [INFO] pomelo - [32m[/Users/dangvanhien/ARPG/ARPGGame/game-server/node_modules/pomelo/lib/application.js] [39mapplication inited: "auth-server-1"
[2014-01-09 09:56:21.090] [INFO] console - /Users/dangvanhien/ARPG/ARPGGame/game-server
[2014-01-09 09:56:21.170] [INFO] console - VLTN
[2014-01-09 09:56:21.171] [INFO] console - MySQL:[object Object]
[2014-01-09 09:56:21.468] [INFO] console - [data sync component] load mapping file done.
[2014-01-09 09:56:23.903] [INFO] console - info: socket.io started
[2014-01-09 09:56:23.989] [INFO] pomelo-admin - [32m[/Users/dangvanhien/ARPG/ARPGGame/game-server/node_modules/pomelo/node_modules/pomelo-admin/lib/consoleService.js] [39mtry to connect master: "auth", "127.0.0.1", 3005
[2014-01-09 09:56:24.586] [INFO] pomelo - [32m[/Users/dangvanhien/ARPG/ARPGGame/game-server/node_modules/pomelo/lib/application.js] [39m"auth-server-1" enter after start...
[2014-01-09 09:56:24.588] [INFO] pomelo - [32m[/Users/dangvanhien/ARPG/ARPGGame/game-server/node_modules/pomelo/lib/application.js] [39m"auth-server-1" finish start
[2014-01-09 09:56:25.549] [INFO] console - AUTH:[object Object]
[2014-01-09 09:56:25.549] [INFO] console - GetUserByID:1
[2014-01-09 09:56:25.639] [INFO] console - client:127.0.0.1|root|root|TankGame
[2014-01-09 09:56:25.651] [INFO] console - Query:select * from user where id = ?
[2014-01-09 09:56:25.652] [INFO] console - Not Error
[2014-01-09 09:59:28.210] [INFO] pomelo - [32m[/Users/dangvanhien/ARPG/ARPGGame/game-server/node_modules/pomelo/lib/application.js] [39mapplication inited: "auth-server-1"
[2014-01-09 09:59:28.290] [INFO] console - /Users/dangvanhien/ARPG/ARPGGame/game-server
[2014-01-09 09:59:28.302] [INFO] console - VLTN
[2014-01-09 09:59:28.303] [INFO] console - MySQL:[object Object]
[2014-01-09 09:59:28.613] [INFO] console - [data sync component] load mapping file done.
[2014-01-09 09:59:31.132] [INFO] console - info: socket.io started
[2014-01-09 09:59:31.200] [INFO] pomelo-admin - [32m[/Users/dangvanhien/ARPG/ARPGGame/game-server/node_modules/pomelo/node_modules/pomelo-admin/lib/consoleService.js] [39mtry to connect master: "auth", "127.0.0.1", 3005
[2014-01-09 09:59:31.858] [INFO] pomelo - [32m[/Users/dangvanhien/ARPG/ARPGGame/game-server/node_modules/pomelo/lib/application.js] [39m"auth-server-1" enter after start...
[2014-01-09 09:59:31.941] [INFO] pomelo - [32m[/Users/dangvanhien/ARPG/ARPGGame/game-server/node_modules/pomelo/lib/application.js] [39m"auth-server-1" finish start
[2014-01-09 09:59:33.890] [INFO] console - AUTH:[object Object]
[2014-01-09 09:59:33.890] [INFO] console - GetUserByID:1
[2014-01-09 09:59:33.967] [INFO] console - client:127.0.0.1|root|root|TankGame
[2014-01-09 09:59:33.978] [INFO] console - Query:select * from user where id = ?
[2014-01-09 09:59:33.978] [INFO] console - Not Error
[2014-01-09 10:02:23.918] [INFO] pomelo - [32m[/Users/dangvanhien/ARPG/ARPGGame/game-server/node_modules/pomelo/lib/application.js] [39mapplication inited: "auth-server-1"
[2014-01-09 10:02:24.018] [INFO] console - /Users/dangvanhien/ARPG/ARPGGame/game-server
[2014-01-09 10:02:24.027] [INFO] console - VLTN
[2014-01-09 10:02:24.027] [INFO] console - MySQL:[object Object]
[2014-01-09 10:02:24.450] [INFO] console - [data sync component] load mapping file done.
[2014-01-09 10:02:27.736] [INFO] console - info: socket.io started
[2014-01-09 10:02:27.776] [ERROR] console -  Caught exception: Error: listen EADDRINUSE
    at errnoException (net.js:901:11)
    at Server._listen2 (net.js:1039:14)
    at listen (net.js:1061:10)
    at Server.listen (net.js:1127:5)
    at Object.exports.listen (/Users/dangvanhien/ARPG/ARPGGame/game-server/node_modules/pomelo/node_modules/socket.io/lib/socket.io.js:74:12)
    at pro.listen (/Users/dangvanhien/ARPG/ARPGGame/game-server/node_modules/pomelo/node_modules/pomelo-rpc/lib/rpc-server/acceptors/ws-acceptor.js:32:21)
    at pro.start (/Users/dangvanhien/ARPG/ARPGGame/game-server/node_modules/pomelo/node_modules/pomelo-rpc/lib/rpc-server/gateway.js:43:17)
    at pro.start (/Users/dangvanhien/ARPG/ARPGGame/game-server/node_modules/pomelo/lib/components/remote.js:54:15)
    at /Users/dangvanhien/ARPG/ARPGGame/game-server/node_modules/pomelo/lib/util/appUtil.js:84:19
    at iterate (/Users/dangvanhien/ARPG/ARPGGame/game-server/node_modules/pomelo/node_modules/async/lib/async.js:123:13)
[2014-01-09 10:02:27.899] [INFO] pomelo-admin - [32m[/Users/dangvanhien/ARPG/ARPGGame/game-server/node_modules/pomelo/node_modules/pomelo-admin/lib/consoleService.js] [39mtry to connect master: "auth", "127.0.0.1", 3005
[2014-01-09 10:02:28.586] [INFO] pomelo - [32m[/Users/dangvanhien/ARPG/ARPGGame/game-server/node_modules/pomelo/lib/application.js] [39m"auth-server-1" enter after start...
[2014-01-09 10:02:28.590] [INFO] pomelo - [32m[/Users/dangvanhien/ARPG/ARPGGame/game-server/node_modules/pomelo/lib/application.js] [39m"auth-server-1" finish start
[2014-01-09 10:02:41.112] [INFO] pomelo - [32m[/Users/dangvanhien/ARPG/ARPGGame/game-server/node_modules/pomelo/lib/application.js] [39mapplication inited: "auth-server-1"
[2014-01-09 10:02:41.190] [INFO] console - /Users/dangvanhien/ARPG/ARPGGame/game-server
[2014-01-09 10:02:41.232] [INFO] console - VLTN
[2014-01-09 10:02:41.233] [INFO] console - MySQL:[object Object]
[2014-01-09 10:02:41.505] [INFO] console - [data sync component] load mapping file done.
[2014-01-09 10:02:43.646] [INFO] console - info: socket.io started
[2014-01-09 10:02:43.665] [INFO] pomelo-admin - [32m[/Users/dangvanhien/ARPG/ARPGGame/game-server/node_modules/pomelo/node_modules/pomelo-admin/lib/consoleService.js] [39mtry to connect master: "auth", "127.0.0.1", 3005
[2014-01-09 10:02:44.182] [INFO] pomelo - [32m[/Users/dangvanhien/ARPG/ARPGGame/game-server/node_modules/pomelo/lib/application.js] [39m"auth-server-1" enter after start...
[2014-01-09 10:02:44.183] [INFO] pomelo - [32m[/Users/dangvanhien/ARPG/ARPGGame/game-server/node_modules/pomelo/lib/application.js] [39m"auth-server-1" finish start
[2014-01-09 10:04:17.071] [INFO] console - AUTH:[object Object]
[2014-01-09 10:04:17.072] [INFO] console - GetUserByID:1
[2014-01-09 10:04:17.143] [INFO] console - client:127.0.0.1|root|root|TankGame
[2014-01-09 10:04:17.156] [INFO] console - Query:select * from user where id = ?
[2014-01-09 10:04:17.156] [INFO] console - Not Error
[2014-01-09 10:05:17.047] [INFO] pomelo - [32m[/Users/dangvanhien/ARPG/ARPGGame/game-server/node_modules/pomelo/lib/application.js] [39mapplication inited: "auth-server-1"
[2014-01-09 10:05:17.111] [INFO] console - /Users/dangvanhien/ARPG/ARPGGame/game-server
[2014-01-09 10:05:17.167] [INFO] console - VLTN
[2014-01-09 10:05:17.168] [INFO] console - MySQL:[object Object]
[2014-01-09 10:05:17.489] [INFO] console - [data sync component] load mapping file done.
[2014-01-09 10:05:19.568] [INFO] console - info: socket.io started
[2014-01-09 10:05:19.665] [INFO] pomelo-admin - [32m[/Users/dangvanhien/ARPG/ARPGGame/game-server/node_modules/pomelo/node_modules/pomelo-admin/lib/consoleService.js] [39mtry to connect master: "auth", "127.0.0.1", 3005
[2014-01-09 10:05:20.302] [INFO] pomelo - [32m[/Users/dangvanhien/ARPG/ARPGGame/game-server/node_modules/pomelo/lib/application.js] [39m"auth-server-1" enter after start...
[2014-01-09 10:05:20.309] [INFO] pomelo - [32m[/Users/dangvanhien/ARPG/ARPGGame/game-server/node_modules/pomelo/lib/application.js] [39m"auth-server-1" finish start
[2014-01-09 10:05:26.110] [INFO] console - AUTH:[object Object]
[2014-01-09 10:05:26.110] [INFO] console - GetUserByID:1
[2014-01-09 10:05:26.185] [INFO] console - client:127.0.0.1|root|root|TankGame
[2014-01-09 10:05:26.201] [INFO] console - Query:select * from user where id = ?
[2014-01-09 10:05:26.202] [INFO] console - Not Error
[2014-01-09 10:09:13.917] [INFO] pomelo - [32m[/Users/dangvanhien/ARPG/ARPGGame/game-server/node_modules/pomelo/lib/application.js] [39mapplication inited: "auth-server-1"
[2014-01-09 10:09:14.035] [INFO] console - VLTN
[2014-01-09 10:09:14.075] [INFO] console - MySQL:[object Object]
[2014-01-09 10:09:14.461] [INFO] console - [data sync component] load mapping file done.
[2014-01-09 10:09:16.936] [INFO] console - info: socket.io started
[2014-01-09 10:09:17.038] [INFO] pomelo-admin - [32m[/Users/dangvanhien/ARPG/ARPGGame/game-server/node_modules/pomelo/node_modules/pomelo-admin/lib/consoleService.js] [39mtry to connect master: "auth", "127.0.0.1", 3005
[2014-01-09 10:09:17.608] [INFO] pomelo - [32m[/Users/dangvanhien/ARPG/ARPGGame/game-server/node_modules/pomelo/lib/application.js] [39m"auth-server-1" enter after start...
[2014-01-09 10:09:17.610] [INFO] pomelo - [32m[/Users/dangvanhien/ARPG/ARPGGame/game-server/node_modules/pomelo/lib/application.js] [39m"auth-server-1" finish start
[2014-01-09 10:09:18.415] [INFO] console - AUTH:[object Object]
[2014-01-09 10:09:18.415] [INFO] console - GetUserByID:1
[2014-01-09 10:09:18.484] [INFO] console - client:127.0.0.1|root|root|TankGame
[2014-01-09 10:09:18.495] [INFO] console - Query:select * from user where id = ?
[2014-01-09 10:09:18.495] [INFO] console - Not Error
[2014-01-09 11:23:07.646] [INFO] pomelo - [32m[/Users/dangvanhien/ARPG/ARPGGame/game-server/node_modules/pomelo/lib/application.js] [39mapplication inited: "auth-server-1"
[2014-01-09 11:23:07.745] [INFO] console - VLTN
[2014-01-09 11:23:07.747] [INFO] console - MySQL:[object Object]
[2014-01-09 11:23:08.032] [INFO] console - [data sync component] load mapping file done.
[2014-01-09 11:23:10.031] [INFO] console - info: socket.io started
[2014-01-09 11:23:10.129] [INFO] pomelo-admin - [32m[/Users/dangvanhien/ARPG/ARPGGame/game-server/node_modules/pomelo/node_modules/pomelo-admin/lib/consoleService.js] [39mtry to connect master: "auth", "127.0.0.1", 3005
[2014-01-09 11:23:10.717] [INFO] pomelo - [32m[/Users/dangvanhien/ARPG/ARPGGame/game-server/node_modules/pomelo/lib/application.js] [39m"auth-server-1" enter after start...
[2014-01-09 11:23:10.719] [INFO] pomelo - [32m[/Users/dangvanhien/ARPG/ARPGGame/game-server/node_modules/pomelo/lib/application.js] [39m"auth-server-1" finish start
[2014-01-09 11:23:44.701] [INFO] pomelo - [32m[/Users/dangvanhien/ARPG/ARPGGame/game-server/node_modules/pomelo/lib/application.js] [39mapplication inited: "auth-server-1"
[2014-01-09 11:23:44.834] [INFO] console - VLTN
[2014-01-09 11:23:44.835] [INFO] console - MySQL:[object Object]
[2014-01-09 11:23:45.149] [INFO] console - [data sync component] load mapping file done.
[2014-01-09 11:23:47.718] [INFO] console - info: socket.io started
[2014-01-09 11:23:47.801] [INFO] pomelo-admin - [32m[/Users/dangvanhien/ARPG/ARPGGame/game-server/node_modules/pomelo/node_modules/pomelo-admin/lib/consoleService.js] [39mtry to connect master: "auth", "127.0.0.1", 3005
[2014-01-09 11:23:48.312] [INFO] pomelo - [32m[/Users/dangvanhien/ARPG/ARPGGame/game-server/node_modules/pomelo/lib/application.js] [39m"auth-server-1" enter after start...
[2014-01-09 11:23:48.314] [INFO] pomelo - [32m[/Users/dangvanhien/ARPG/ARPGGame/game-server/node_modules/pomelo/lib/application.js] [39m"auth-server-1" finish start
[2014-01-09 11:27:03.585] [INFO] pomelo - [32m[/Users/dangvanhien/ARPG/ARPGGame/game-server/node_modules/pomelo/lib/application.js] [39mapplication inited: "auth-server-1"
[2014-01-09 11:27:03.739] [INFO] console - VLTN
[2014-01-09 11:27:03.741] [INFO] console - MySQL:[object Object]
[2014-01-09 11:27:04.005] [INFO] console - [data sync component] load mapping file done.
[2014-01-09 11:27:06.490] [INFO] console - info: socket.io started
[2014-01-09 11:27:06.575] [INFO] pomelo-admin - [32m[/Users/dangvanhien/ARPG/ARPGGame/game-server/node_modules/pomelo/node_modules/pomelo-admin/lib/consoleService.js] [39mtry to connect master: "auth", "127.0.0.1", 3005
[2014-01-09 11:27:07.043] [INFO] pomelo - [32m[/Users/dangvanhien/ARPG/ARPGGame/game-server/node_modules/pomelo/lib/application.js] [39m"auth-server-1" enter after start...
[2014-01-09 11:27:07.045] [INFO] pomelo - [32m[/Users/dangvanhien/ARPG/ARPGGame/game-server/node_modules/pomelo/lib/application.js] [39m"auth-server-1" finish start
[2014-01-09 11:29:38.855] [INFO] pomelo - [32m[/Users/dangvanhien/ARPG/ARPGGame/game-server/node_modules/pomelo/lib/application.js] [39mapplication inited: "auth-server-1"
[2014-01-09 11:29:38.956] [INFO] console - VLTN
[2014-01-09 11:29:38.961] [INFO] console - MySQL:[object Object]
[2014-01-09 11:29:39.240] [INFO] console - [data sync component] load mapping file done.
[2014-01-09 11:29:41.794] [INFO] console - info: socket.io started
[2014-01-09 11:29:41.819] [INFO] pomelo-admin - [32m[/Users/dangvanhien/ARPG/ARPGGame/game-server/node_modules/pomelo/node_modules/pomelo-admin/lib/consoleService.js] [39mtry to connect master: "auth", "127.0.0.1", 3005
[2014-01-09 11:29:42.490] [INFO] pomelo - [32m[/Users/dangvanhien/ARPG/ARPGGame/game-server/node_modules/pomelo/lib/application.js] [39m"auth-server-1" enter after start...
[2014-01-09 11:29:42.493] [INFO] pomelo - [32m[/Users/dangvanhien/ARPG/ARPGGame/game-server/node_modules/pomelo/lib/application.js] [39m"auth-server-1" finish start
[2014-01-09 11:29:57.884] [INFO] console - AUTH:[object Object]
[2014-01-09 11:29:57.884] [INFO] console - GetUserByID:1
[2014-01-09 11:29:57.961] [INFO] console - client:127.0.0.1|root|root|TankGame
[2014-01-09 11:29:57.975] [INFO] console - Query:select * from user where id = ?
[2014-01-09 11:29:57.976] [INFO] console - Not Error
[2014-01-09 11:30:51.035] [INFO] pomelo - [32m[/Users/dangvanhien/ARPG/ARPGGame/game-server/node_modules/pomelo/lib/application.js] [39mapplication inited: "auth-server-1"
[2014-01-09 11:30:51.161] [INFO] console - VLTN
[2014-01-09 11:30:51.162] [INFO] console - MySQL:[object Object]
[2014-01-09 11:30:51.469] [INFO] console - [data sync component] load mapping file done.
[2014-01-09 11:30:54.056] [INFO] console - info: socket.io started
[2014-01-09 11:30:54.146] [INFO] pomelo-admin - [32m[/Users/dangvanhien/ARPG/ARPGGame/game-server/node_modules/pomelo/node_modules/pomelo-admin/lib/consoleService.js] [39mtry to connect master: "auth", "127.0.0.1", 3005
[2014-01-09 11:30:54.718] [INFO] pomelo - [32m[/Users/dangvanhien/ARPG/ARPGGame/game-server/node_modules/pomelo/lib/application.js] [39m"auth-server-1" enter after start...
[2014-01-09 11:30:54.720] [INFO] pomelo - [32m[/Users/dangvanhien/ARPG/ARPGGame/game-server/node_modules/pomelo/lib/application.js] [39m"auth-server-1" finish start
[2014-01-09 11:31:01.861] [INFO] console - AUTH:[object Object]
[2014-01-09 11:31:01.861] [INFO] console - GetUserByID:1
[2014-01-09 11:31:01.963] [INFO] console - client:127.0.0.1|root|root|TankGame
[2014-01-09 11:31:01.978] [INFO] console - Query:select * from user where id = ?
[2014-01-09 11:31:01.978] [INFO] console - Not Error
[2014-01-09 11:34:00.954] [INFO] pomelo - [32m[/Users/dangvanhien/ARPG/ARPGGame/game-server/node_modules/pomelo/lib/application.js] [39mapplication inited: "auth-server-1"
[2014-01-09 11:34:01.013] [INFO] console - VLTN
[2014-01-09 11:34:01.061] [INFO] console - MySQL:[object Object]
[2014-01-09 11:34:01.366] [INFO] console - [data sync component] load mapping file done.
[2014-01-09 11:34:04.221] [INFO] console - info: socket.io started
[2014-01-09 11:34:04.338] [INFO] pomelo-admin - [32m[/Users/dangvanhien/ARPG/ARPGGame/game-server/node_modules/pomelo/node_modules/pomelo-admin/lib/consoleService.js] [39mtry to connect master: "auth", "127.0.0.1", 3005
[2014-01-09 11:34:04.960] [INFO] pomelo - [32m[/Users/dangvanhien/ARPG/ARPGGame/game-server/node_modules/pomelo/lib/application.js] [39m"auth-server-1" enter after start...
[2014-01-09 11:34:04.962] [INFO] pomelo - [32m[/Users/dangvanhien/ARPG/ARPGGame/game-server/node_modules/pomelo/lib/application.js] [39m"auth-server-1" finish start
[2014-01-09 11:34:06.844] [INFO] console - AUTH:[object Object]
[2014-01-09 11:34:06.844] [INFO] console - GetUserByID:1
[2014-01-09 11:34:06.932] [INFO] console - client:127.0.0.1|root|root|TankGame
[2014-01-09 11:34:06.949] [INFO] console - Query:select * from user where id = ?
[2014-01-09 11:34:06.950] [INFO] console - Not Error
[2014-01-09 11:36:33.818] [INFO] pomelo - [32m[/Users/dangvanhien/ARPG/ARPGGame/game-server/node_modules/pomelo/lib/application.js] [39mapplication inited: "auth-server-1"
[2014-01-09 11:36:33.931] [INFO] console - VLTN
[2014-01-09 11:36:33.961] [INFO] console - MySQL:[object Object]
[2014-01-09 11:36:34.247] [INFO] console - [data sync component] load mapping file done.
[2014-01-09 11:36:36.776] [INFO] console - info: socket.io started
[2014-01-09 11:36:36.810] [INFO] pomelo-admin - [32m[/Users/dangvanhien/ARPG/ARPGGame/game-server/node_modules/pomelo/node_modules/pomelo-admin/lib/consoleService.js] [39mtry to connect master: "auth", "127.0.0.1", 3005
[2014-01-09 11:36:37.469] [INFO] pomelo - [32m[/Users/dangvanhien/ARPG/ARPGGame/game-server/node_modules/pomelo/lib/application.js] [39m"auth-server-1" enter after start...
[2014-01-09 11:36:37.471] [INFO] pomelo - [32m[/Users/dangvanhien/ARPG/ARPGGame/game-server/node_modules/pomelo/lib/application.js] [39m"auth-server-1" finish start
[2014-01-09 11:36:41.836] [INFO] console - AUTH:[object Object]
[2014-01-09 11:36:41.837] [INFO] console - GetUserByID:1
[2014-01-09 11:36:41.909] [INFO] console - client:127.0.0.1|root|root|TankGame
[2014-01-09 11:36:41.921] [INFO] console - Query:select * from user where id = ?
[2014-01-09 11:36:41.921] [INFO] console - Not Error
[2014-01-09 11:37:29.723] [INFO] pomelo - [32m[/Users/dangvanhien/ARPG/ARPGGame/game-server/node_modules/pomelo/lib/application.js] [39mapplication inited: "auth-server-1"
[2014-01-09 11:37:29.827] [INFO] console - VLTN
[2014-01-09 11:37:29.829] [INFO] console - MySQL:[object Object]
[2014-01-09 11:37:30.238] [INFO] console - [data sync component] load mapping file done.
[2014-01-09 11:37:33.035] [INFO] console - info: socket.io started
[2014-01-09 11:37:33.093] [INFO] pomelo-admin - [32m[/Users/dangvanhien/ARPG/ARPGGame/game-server/node_modules/pomelo/node_modules/pomelo-admin/lib/consoleService.js] [39mtry to connect master: "auth", "127.0.0.1", 3005
[2014-01-09 11:37:33.918] [INFO] pomelo - [32m[/Users/dangvanhien/ARPG/ARPGGame/game-server/node_modules/pomelo/lib/application.js] [39m"auth-server-1" enter after start...
[2014-01-09 11:37:33.920] [INFO] pomelo - [32m[/Users/dangvanhien/ARPG/ARPGGame/game-server/node_modules/pomelo/lib/application.js] [39m"auth-server-1" finish start
[2014-01-09 11:37:48.751] [INFO] console - AUTH:[object Object]
[2014-01-09 11:37:48.753] [INFO] console - GetUserByID:1
[2014-01-09 11:37:48.887] [INFO] console - client:127.0.0.1|root|root|TankGame
[2014-01-09 11:37:48.902] [INFO] console - Query:select * from user where id = ?
[2014-01-09 11:37:48.903] [INFO] console - Not Error
[2014-01-09 11:38:32.265] [INFO] pomelo - [32m[/Users/dangvanhien/ARPG/ARPGGame/game-server/node_modules/pomelo/lib/application.js] [39mapplication inited: "auth-server-1"
[2014-01-09 11:38:32.374] [INFO] console - VLTN
[2014-01-09 11:38:32.375] [INFO] console - MySQL:[object Object]
[2014-01-09 11:38:32.700] [INFO] console - [data sync component] load mapping file done.
[2014-01-09 11:38:35.152] [INFO] console - info: socket.io started
[2014-01-09 11:38:35.208] [INFO] pomelo-admin - [32m[/Users/dangvanhien/ARPG/ARPGGame/game-server/node_modules/pomelo/node_modules/pomelo-admin/lib/consoleService.js] [39mtry to connect master: "auth", "127.0.0.1", 3005
[2014-01-09 11:38:36.185] [INFO] pomelo - [32m[/Users/dangvanhien/ARPG/ARPGGame/game-server/node_modules/pomelo/lib/application.js] [39m"auth-server-1" enter after start...
[2014-01-09 11:38:36.187] [INFO] pomelo - [32m[/Users/dangvanhien/ARPG/ARPGGame/game-server/node_modules/pomelo/lib/application.js] [39m"auth-server-1" finish start
[2014-01-09 11:38:36.790] [INFO] console - AUTH:[object Object]
[2014-01-09 11:38:36.791] [INFO] console - GetUserByID:1
[2014-01-09 11:38:36.902] [INFO] console - client:127.0.0.1|root|root|TankGame
[2014-01-09 11:38:36.923] [INFO] console - Query:select * from user where id = ?
[2014-01-09 11:38:36.923] [INFO] console - Not Error
[2014-01-09 11:41:56.554] [INFO] pomelo - [32m[/Users/dangvanhien/ARPG/ARPGGame/game-server/node_modules/pomelo/lib/application.js] [39mapplication inited: "auth-server-1"
[2014-01-09 11:41:56.624] [INFO] console - VLTN
[2014-01-09 11:41:56.695] [INFO] console - MySQL:[object Object]
[2014-01-09 11:41:57.015] [INFO] console - [data sync component] load mapping file done.
[2014-01-09 11:41:59.653] [INFO] console - info: socket.io started
[2014-01-09 11:41:59.685] [INFO] pomelo-admin - [32m[/Users/dangvanhien/ARPG/ARPGGame/game-server/node_modules/pomelo/node_modules/pomelo-admin/lib/consoleService.js] [39mtry to connect master: "auth", "127.0.0.1", 3005
[2014-01-09 11:42:00.562] [INFO] pomelo - [32m[/Users/dangvanhien/ARPG/ARPGGame/game-server/node_modules/pomelo/lib/application.js] [39m"auth-server-1" enter after start...
[2014-01-09 11:42:00.566] [INFO] pomelo - [32m[/Users/dangvanhien/ARPG/ARPGGame/game-server/node_modules/pomelo/lib/application.js] [39m"auth-server-1" finish start
[2014-01-09 11:42:05.129] [INFO] console - AUTH:[object Object]
[2014-01-09 11:42:05.130] [INFO] console - GetUserByID:1
[2014-01-09 11:42:05.223] [INFO] console - client:127.0.0.1|root|root|TankGame
[2014-01-09 11:42:05.241] [INFO] console - Query:select * from user where id = ?
[2014-01-09 11:42:05.242] [INFO] console - Not Error
[2014-01-09 11:42:46.278] [INFO] pomelo - [32m[/Users/dangvanhien/ARPG/ARPGGame/game-server/node_modules/pomelo/lib/application.js] [39mapplication inited: "auth-server-1"
[2014-01-09 11:42:46.444] [INFO] console - VLTN
[2014-01-09 11:42:46.445] [INFO] console - MySQL:[object Object]
[2014-01-09 11:42:46.787] [INFO] console - [data sync component] load mapping file done.
[2014-01-09 11:42:50.044] [INFO] console - info: socket.io started
[2014-01-09 11:42:50.303] [INFO] pomelo-admin - [32m[/Users/dangvanhien/ARPG/ARPGGame/game-server/node_modules/pomelo/node_modules/pomelo-admin/lib/consoleService.js] [39mtry to connect master: "auth", "127.0.0.1", 3005
[2014-01-09 11:42:51.230] [INFO] pomelo - [32m[/Users/dangvanhien/ARPG/ARPGGame/game-server/node_modules/pomelo/lib/application.js] [39m"auth-server-1" enter after start...
[2014-01-09 11:42:51.232] [INFO] pomelo - [32m[/Users/dangvanhien/ARPG/ARPGGame/game-server/node_modules/pomelo/lib/application.js] [39m"auth-server-1" finish start
[2014-01-09 11:42:55.808] [INFO] console - AUTH:[object Object]
[2014-01-09 11:42:55.808] [INFO] console - GetUserByID:1
[2014-01-09 11:42:55.896] [INFO] console - client:127.0.0.1|root|root|TankGame
[2014-01-09 11:42:55.911] [INFO] console - Query:select * from user where id = ?
[2014-01-09 11:42:55.911] [INFO] console - Not Error
[2014-01-09 11:44:05.421] [INFO] pomelo - [32m[/Users/dangvanhien/ARPG/ARPGGame/game-server/node_modules/pomelo/lib/application.js] [39mapplication inited: "auth-server-1"
[2014-01-09 11:44:05.446] [INFO] console - VLTN
[2014-01-09 11:44:05.615] [INFO] console - MySQL:[object Object]
[2014-01-09 11:44:05.996] [INFO] console - [data sync component] load mapping file done.
[2014-01-09 11:44:08.720] [INFO] console - info: socket.io started
[2014-01-09 11:44:08.745] [INFO] pomelo-admin - [32m[/Users/dangvanhien/ARPG/ARPGGame/game-server/node_modules/pomelo/node_modules/pomelo-admin/lib/consoleService.js] [39mtry to connect master: "auth", "127.0.0.1", 3005
[2014-01-09 11:44:09.550] [INFO] pomelo - [32m[/Users/dangvanhien/ARPG/ARPGGame/game-server/node_modules/pomelo/lib/application.js] [39m"auth-server-1" enter after start...
[2014-01-09 11:44:09.552] [INFO] pomelo - [32m[/Users/dangvanhien/ARPG/ARPGGame/game-server/node_modules/pomelo/lib/application.js] [39m"auth-server-1" finish start
[2014-01-09 11:44:14.680] [INFO] console - AUTH:[object Object]
[2014-01-09 11:44:14.680] [INFO] console - GetUserByID:1
[2014-01-09 11:44:14.757] [INFO] console - client:127.0.0.1|root|root|TankGame
[2014-01-09 11:44:14.768] [INFO] console - Query:select * from user where id = ?
[2014-01-09 11:44:14.769] [INFO] console - Not Error
[2014-01-09 11:45:13.793] [INFO] pomelo - [32m[/Users/dangvanhien/ARPG/ARPGGame/game-server/node_modules/pomelo/lib/application.js] [39mapplication inited: "auth-server-1"
[2014-01-09 11:45:13.923] [INFO] console - VLTN
[2014-01-09 11:45:13.924] [INFO] console - MySQL:[object Object]
[2014-01-09 11:45:14.230] [INFO] console - [data sync component] load mapping file done.
[2014-01-09 11:45:16.870] [INFO] console - info: socket.io started
[2014-01-09 11:45:17.003] [INFO] pomelo-admin - [32m[/Users/dangvanhien/ARPG/ARPGGame/game-server/node_modules/pomelo/node_modules/pomelo-admin/lib/consoleService.js] [39mtry to connect master: "auth", "127.0.0.1", 3005
[2014-01-09 11:45:17.670] [INFO] pomelo - [32m[/Users/dangvanhien/ARPG/ARPGGame/game-server/node_modules/pomelo/lib/application.js] [39m"auth-server-1" enter after start...
[2014-01-09 11:45:17.672] [INFO] pomelo - [32m[/Users/dangvanhien/ARPG/ARPGGame/game-server/node_modules/pomelo/lib/application.js] [39m"auth-server-1" finish start
[2014-01-09 11:45:20.504] [INFO] console - AUTH:[object Object]
[2014-01-09 11:45:20.505] [INFO] console - GetUserByID:1
[2014-01-09 11:45:20.592] [INFO] console - client:127.0.0.1|root|root|TankGame
[2014-01-09 11:45:20.613] [INFO] console - Query:select * from user where id = ?
[2014-01-09 11:45:20.614] [INFO] console - Not Error
[2014-01-09 11:47:44.294] [INFO] pomelo - [32m[/Users/dangvanhien/ARPG/ARPGGame/game-server/node_modules/pomelo/lib/application.js] [39mapplication inited: "auth-server-1"
[2014-01-09 11:47:44.391] [INFO] console - VLTN
[2014-01-09 11:47:44.409] [INFO] console - MySQL:[object Object]
[2014-01-09 11:47:44.672] [INFO] console - [data sync component] load mapping file done.
[2014-01-09 11:47:47.062] [INFO] console - info: socket.io started
[2014-01-09 11:47:47.217] [INFO] pomelo-admin - [32m[/Users/dangvanhien/ARPG/ARPGGame/game-server/node_modules/pomelo/node_modules/pomelo-admin/lib/consoleService.js] [39mtry to connect master: "auth", "127.0.0.1", 3005
[2014-01-09 11:47:47.673] [INFO] pomelo - [32m[/Users/dangvanhien/ARPG/ARPGGame/game-server/node_modules/pomelo/lib/application.js] [39m"auth-server-1" enter after start...
[2014-01-09 11:47:47.674] [INFO] pomelo - [32m[/Users/dangvanhien/ARPG/ARPGGame/game-server/node_modules/pomelo/lib/application.js] [39m"auth-server-1" finish start
[2014-01-09 11:47:53.530] [INFO] console - AUTH:[object Object]
[2014-01-09 11:47:53.530] [INFO] console - GetUserByID:1
[2014-01-09 11:47:53.624] [INFO] console - client:127.0.0.1|root|root|TankGame
[2014-01-09 11:47:53.641] [INFO] console - Query:select * from user where id = ?
[2014-01-09 11:47:53.642] [INFO] console - Not Error
[2014-01-09 11:50:43.748] [INFO] pomelo - [32m[/Users/dangvanhien/ARPG/ARPGGame/game-server/node_modules/pomelo/lib/application.js] [39mapplication inited: "auth-server-1"
[2014-01-09 11:50:43.829] [INFO] console - VLTN
[2014-01-09 11:50:43.868] [INFO] console - MySQL:[object Object]
[2014-01-09 11:50:44.099] [INFO] console - [data sync component] load mapping file done.
[2014-01-09 11:50:48.309] [INFO] console - info: socket.io started
[2014-01-09 11:50:48.369] [INFO] pomelo-admin - [32m[/Users/dangvanhien/ARPG/ARPGGame/game-server/node_modules/pomelo/node_modules/pomelo-admin/lib/consoleService.js] [39mtry to connect master: "auth", "127.0.0.1", 3005
[2014-01-09 11:50:49.058] [INFO] pomelo - [32m[/Users/dangvanhien/ARPG/ARPGGame/game-server/node_modules/pomelo/lib/application.js] [39m"auth-server-1" enter after start...
[2014-01-09 11:50:49.074] [INFO] pomelo - [32m[/Users/dangvanhien/ARPG/ARPGGame/game-server/node_modules/pomelo/lib/application.js] [39m"auth-server-1" finish start
[2014-01-09 11:50:58.285] [INFO] pomelo - [32m[/Users/dangvanhien/ARPG/ARPGGame/game-server/node_modules/pomelo/lib/application.js] [39mapplication inited: "auth-server-1"
[2014-01-09 11:50:58.332] [INFO] console - VLTN
[2014-01-09 11:50:58.334] [INFO] console - MySQL:[object Object]
[2014-01-09 11:50:58.641] [INFO] console - [data sync component] load mapping file done.
[2014-01-09 11:51:00.965] [INFO] console - info: socket.io started
[2014-01-09 11:51:01.058] [INFO] pomelo-admin - [32m[/Users/dangvanhien/ARPG/ARPGGame/game-server/node_modules/pomelo/node_modules/pomelo-admin/lib/consoleService.js] [39mtry to connect master: "auth", "127.0.0.1", 3005
[2014-01-09 11:51:01.737] [INFO] pomelo - [32m[/Users/dangvanhien/ARPG/ARPGGame/game-server/node_modules/pomelo/lib/application.js] [39m"auth-server-1" enter after start...
[2014-01-09 11:51:01.748] [INFO] pomelo - [32m[/Users/dangvanhien/ARPG/ARPGGame/game-server/node_modules/pomelo/lib/application.js] [39m"auth-server-1" finish start
[2014-01-09 11:51:04.965] [INFO] console - AUTH:[object Object]
[2014-01-09 11:51:04.966] [INFO] console - GetUserByID:1
[2014-01-09 11:51:05.058] [INFO] console - client:127.0.0.1|root|root|TankGame
[2014-01-09 11:51:05.075] [INFO] console - Query:select * from user where id = ?
[2014-01-09 11:51:05.075] [INFO] console - Not Error
[2014-01-09 11:51:55.335] [INFO] pomelo - [32m[/Users/dangvanhien/ARPG/ARPGGame/game-server/node_modules/pomelo/lib/application.js] [39mapplication inited: "auth-server-1"
[2014-01-09 11:51:55.418] [INFO] console - VLTN
[2014-01-09 11:51:55.458] [INFO] console - MySQL:[object Object]
[2014-01-09 11:51:55.738] [INFO] console - [data sync component] load mapping file done.
[2014-01-09 11:51:58.323] [INFO] console - info: socket.io started
[2014-01-09 11:51:58.385] [INFO] pomelo-admin - [32m[/Users/dangvanhien/ARPG/ARPGGame/game-server/node_modules/pomelo/node_modules/pomelo-admin/lib/consoleService.js] [39mtry to connect master: "auth", "127.0.0.1", 3005
[2014-01-09 11:51:59.085] [INFO] pomelo - [32m[/Users/dangvanhien/ARPG/ARPGGame/game-server/node_modules/pomelo/lib/application.js] [39m"auth-server-1" enter after start...
[2014-01-09 11:51:59.123] [INFO] pomelo - [32m[/Users/dangvanhien/ARPG/ARPGGame/game-server/node_modules/pomelo/lib/application.js] [39m"auth-server-1" finish start
[2014-01-09 11:52:02.579] [INFO] console - AUTH:[object Object]
[2014-01-09 11:52:02.580] [INFO] console - GetUserByID:1
[2014-01-09 11:52:02.671] [INFO] console - client:127.0.0.1|root|root|TankGame
[2014-01-09 11:52:02.685] [INFO] console - Query:select * from user where id = ?
[2014-01-09 11:52:02.686] [INFO] console - Not Error
[2014-01-09 11:52:55.472] [INFO] pomelo - [32m[/Users/dangvanhien/ARPG/ARPGGame/game-server/node_modules/pomelo/lib/application.js] [39mapplication inited: "auth-server-1"
[2014-01-09 11:52:55.527] [INFO] console - VLTN
[2014-01-09 11:52:55.529] [INFO] console - MySQL:[object Object]
[2014-01-09 11:52:55.854] [INFO] console - [data sync component] load mapping file done.
[2014-01-09 11:52:58.456] [INFO] console - info: socket.io started
[2014-01-09 11:52:58.569] [INFO] pomelo-admin - [32m[/Users/dangvanhien/ARPG/ARPGGame/game-server/node_modules/pomelo/node_modules/pomelo-admin/lib/consoleService.js] [39mtry to connect master: "auth", "127.0.0.1", 3005
[2014-01-09 11:52:59.183] [INFO] pomelo - [32m[/Users/dangvanhien/ARPG/ARPGGame/game-server/node_modules/pomelo/lib/application.js] [39m"auth-server-1" enter after start...
[2014-01-09 11:52:59.186] [INFO] pomelo - [32m[/Users/dangvanhien/ARPG/ARPGGame/game-server/node_modules/pomelo/lib/application.js] [39m"auth-server-1" finish start
[2014-01-09 11:53:07.801] [INFO] console - AUTH:[object Object]
[2014-01-09 11:53:07.801] [INFO] console - GetUserByID:1
[2014-01-09 11:53:07.871] [INFO] console - client:127.0.0.1|root|root|TankGame
[2014-01-09 11:53:07.881] [INFO] console - Query:select * from user where id = ?
[2014-01-09 11:53:07.881] [INFO] console - Not Error
[2014-01-09 11:53:56.530] [INFO] pomelo - [32m[/Users/dangvanhien/ARPG/ARPGGame/game-server/node_modules/pomelo/lib/application.js] [39mapplication inited: "auth-server-1"
[2014-01-09 11:53:56.622] [INFO] console - VLTN
[2014-01-09 11:53:56.653] [INFO] console - MySQL:[object Object]
[2014-01-09 11:53:56.927] [INFO] console - [data sync component] load mapping file done.
[2014-01-09 11:53:59.447] [INFO] console - info: socket.io started
[2014-01-09 11:53:59.540] [INFO] pomelo-admin - [32m[/Users/dangvanhien/ARPG/ARPGGame/game-server/node_modules/pomelo/node_modules/pomelo-admin/lib/consoleService.js] [39mtry to connect master: "auth", "127.0.0.1", 3005
[2014-01-09 11:54:00.150] [INFO] pomelo - [32m[/Users/dangvanhien/ARPG/ARPGGame/game-server/node_modules/pomelo/lib/application.js] [39m"auth-server-1" enter after start...
[2014-01-09 11:54:00.152] [INFO] pomelo - [32m[/Users/dangvanhien/ARPG/ARPGGame/game-server/node_modules/pomelo/lib/application.js] [39m"auth-server-1" finish start
[2014-01-09 11:54:03.749] [INFO] console - AUTH:[object Object]
[2014-01-09 11:54:03.749] [INFO] console - GetUserByID:1
[2014-01-09 11:54:03.824] [INFO] console - client:127.0.0.1|root|root|TankGame
[2014-01-09 11:54:03.840] [INFO] console - Query:select * from user where id = ?
[2014-01-09 11:54:03.840] [INFO] console - Not Error
[2014-01-09 11:55:02.472] [INFO] pomelo - [32m[/Users/dangvanhien/ARPG/ARPGGame/game-server/node_modules/pomelo/lib/application.js] [39mapplication inited: "auth-server-1"
[2014-01-09 11:55:02.639] [INFO] console - VLTN
[2014-01-09 11:55:02.666] [INFO] console - MySQL:[object Object]
[2014-01-09 11:55:02.923] [INFO] console - [data sync component] load mapping file done.
[2014-01-09 11:55:05.286] [INFO] console - info: socket.io started
[2014-01-09 11:55:05.444] [INFO] pomelo-admin - [32m[/Users/dangvanhien/ARPG/ARPGGame/game-server/node_modules/pomelo/node_modules/pomelo-admin/lib/consoleService.js] [39mtry to connect master: "auth", "127.0.0.1", 3005
[2014-01-09 11:55:06.392] [INFO] pomelo - [32m[/Users/dangvanhien/ARPG/ARPGGame/game-server/node_modules/pomelo/lib/application.js] [39m"auth-server-1" enter after start...
[2014-01-09 11:55:06.394] [INFO] pomelo - [32m[/Users/dangvanhien/ARPG/ARPGGame/game-server/node_modules/pomelo/lib/application.js] [39m"auth-server-1" finish start
[2014-01-09 11:55:12.466] [INFO] console - AUTH:[object Object]
[2014-01-09 11:55:12.466] [INFO] console - GetUserByID:1
[2014-01-09 11:55:12.554] [INFO] console - client:127.0.0.1|root|root|TankGame
[2014-01-09 11:55:12.569] [INFO] console - Query:select * from user where id = ?
[2014-01-09 11:55:12.570] [INFO] console - Not Error
[2014-01-09 13:15:50.506] [INFO] pomelo - [32m[/Users/dangvanhien/ARPG/ARPGGame/game-server/node_modules/pomelo/lib/application.js] [39mapplication inited: "auth-server-1"
[2014-01-09 13:15:50.655] [INFO] console - VLTN
[2014-01-09 13:15:50.657] [INFO] console - MySQL:[object Object]
[2014-01-09 13:15:50.953] [INFO] console - [data sync component] load mapping file done.
[2014-01-09 13:15:53.526] [INFO] console - info: socket.io started
[2014-01-09 13:15:53.666] [INFO] pomelo-admin - [32m[/Users/dangvanhien/ARPG/ARPGGame/game-server/node_modules/pomelo/node_modules/pomelo-admin/lib/consoleService.js] [39mtry to connect master: "auth", "127.0.0.1", 3005
[2014-01-09 13:15:54.314] [INFO] pomelo - [32m[/Users/dangvanhien/ARPG/ARPGGame/game-server/node_modules/pomelo/lib/application.js] [39m"auth-server-1" enter after start...
[2014-01-09 13:15:54.316] [INFO] pomelo - [32m[/Users/dangvanhien/ARPG/ARPGGame/game-server/node_modules/pomelo/lib/application.js] [39m"auth-server-1" finish start
[2014-01-09 13:16:27.086] [INFO] console - AUTH:[object Object]
[2014-01-09 13:16:27.087] [INFO] console - GetUserByID:1
[2014-01-09 13:16:27.279] [INFO] console - client:127.0.0.1|root|root|TankGame
[2014-01-09 13:16:27.299] [INFO] console - Query:select * from user where id = ?
[2014-01-09 13:16:27.300] [INFO] console - Not Error
[2014-01-09 13:18:53.500] [INFO] pomelo - [32m[/Users/dangvanhien/ARPG/ARPGGame/game-server/node_modules/pomelo/lib/application.js] [39mapplication inited: "auth-server-1"
[2014-01-09 13:18:53.634] [INFO] console - VLTN
[2014-01-09 13:18:53.636] [INFO] console - MySQL:[object Object]
[2014-01-09 13:18:53.917] [INFO] console - [data sync component] load mapping file done.
[2014-01-09 13:18:56.703] [INFO] console - info: socket.io started
[2014-01-09 13:18:56.898] [INFO] pomelo-admin - [32m[/Users/dangvanhien/ARPG/ARPGGame/game-server/node_modules/pomelo/node_modules/pomelo-admin/lib/consoleService.js] [39mtry to connect master: "auth", "127.0.0.1", 3005
[2014-01-09 13:18:57.555] [INFO] pomelo - [32m[/Users/dangvanhien/ARPG/ARPGGame/game-server/node_modules/pomelo/lib/application.js] [39m"auth-server-1" enter after start...
[2014-01-09 13:18:57.558] [INFO] pomelo - [32m[/Users/dangvanhien/ARPG/ARPGGame/game-server/node_modules/pomelo/lib/application.js] [39m"auth-server-1" finish start
[2014-01-09 13:19:01.897] [INFO] console - AUTH:[object Object]
[2014-01-09 13:19:01.898] [INFO] console - GetUserByID:1
[2014-01-09 13:19:01.981] [INFO] console - client:127.0.0.1|root|root|TankGame
[2014-01-09 13:19:01.997] [INFO] console - Query:select * from user where id = ?
[2014-01-09 13:19:01.997] [INFO] console - Not Error
[2014-01-09 13:20:08.459] [INFO] pomelo - [32m[/Users/dangvanhien/ARPG/ARPGGame/game-server/node_modules/pomelo/lib/application.js] [39mapplication inited: "auth-server-1"
[2014-01-09 13:20:08.650] [INFO] console - VLTN
[2014-01-09 13:20:08.652] [INFO] console - MySQL:[object Object]
[2014-01-09 13:20:08.993] [INFO] console - [data sync component] load mapping file done.
[2014-01-09 13:20:11.820] [INFO] console - info: socket.io started
[2014-01-09 13:20:11.893] [INFO] pomelo-admin - [32m[/Users/dangvanhien/ARPG/ARPGGame/game-server/node_modules/pomelo/node_modules/pomelo-admin/lib/consoleService.js] [39mtry to connect master: "auth", "127.0.0.1", 3005
[2014-01-09 13:20:12.642] [INFO] pomelo - [32m[/Users/dangvanhien/ARPG/ARPGGame/game-server/node_modules/pomelo/lib/application.js] [39m"auth-server-1" enter after start...
[2014-01-09 13:20:12.644] [INFO] pomelo - [32m[/Users/dangvanhien/ARPG/ARPGGame/game-server/node_modules/pomelo/lib/application.js] [39m"auth-server-1" finish start
[2014-01-09 13:20:14.148] [INFO] console - AUTH:[object Object]
[2014-01-09 13:20:14.149] [INFO] console - GetUserByID:1
[2014-01-09 13:20:14.258] [INFO] console - client:127.0.0.1|root|root|TankGame
[2014-01-09 13:20:14.297] [INFO] console - Query:select * from user where id = ?
[2014-01-09 13:20:14.297] [INFO] console - Not Error
[2014-01-09 13:35:56.721] [INFO] pomelo - [32m[/Users/dangvanhien/ARPG/ARPGGame/game-server/node_modules/pomelo/lib/application.js] [39mapplication inited: "auth-server-1"
[2014-01-09 13:35:56.836] [INFO] console - VLTN
[2014-01-09 13:35:56.840] [INFO] console - MySQL:[object Object]
[2014-01-09 13:35:57.216] [INFO] console - [data sync component] load mapping file done.
[2014-01-09 13:35:59.977] [INFO] console - info: socket.io started
[2014-01-09 13:36:00.145] [INFO] pomelo-admin - [32m[/Users/dangvanhien/ARPG/ARPGGame/game-server/node_modules/pomelo/node_modules/pomelo-admin/lib/consoleService.js] [39mtry to connect master: "auth", "192.168.1.100", 3005
[2014-01-09 13:36:00.944] [INFO] pomelo - [32m[/Users/dangvanhien/ARPG/ARPGGame/game-server/node_modules/pomelo/lib/application.js] [39m"auth-server-1" enter after start...
[2014-01-09 13:36:00.951] [INFO] pomelo - [32m[/Users/dangvanhien/ARPG/ARPGGame/game-server/node_modules/pomelo/lib/application.js] [39m"auth-server-1" finish start
[2014-01-09 13:36:14.724] [INFO] console - AUTH:[object Object]
[2014-01-09 13:36:14.724] [INFO] console - GetUserByID:1
[2014-01-09 13:36:14.798] [INFO] console - client:127.0.0.1|root|root|TankGame
[2014-01-09 13:36:14.812] [INFO] console - Query:select * from user where id = ?
[2014-01-09 13:36:14.812] [INFO] console - Not Error
[2014-01-09 13:36:27.872] [INFO] pomelo - [32m[/Users/dangvanhien/ARPG/ARPGGame/game-server/node_modules/pomelo/lib/application.js] [39mapplication inited: "auth-server-1"
[2014-01-09 13:36:27.942] [INFO] console - VLTN
[2014-01-09 13:36:27.946] [INFO] console - MySQL:[object Object]
[2014-01-09 13:36:28.222] [INFO] console - [data sync component] load mapping file done.
[2014-01-09 13:36:30.474] [INFO] console - info: socket.io started
[2014-01-09 13:36:30.538] [INFO] pomelo-admin - [32m[/Users/dangvanhien/ARPG/ARPGGame/game-server/node_modules/pomelo/node_modules/pomelo-admin/lib/consoleService.js] [39mtry to connect master: "auth", "192.168.1.100", 3005
[2014-01-09 13:36:31.038] [INFO] pomelo - [32m[/Users/dangvanhien/ARPG/ARPGGame/game-server/node_modules/pomelo/lib/application.js] [39m"auth-server-1" enter after start...
[2014-01-09 13:36:31.041] [INFO] pomelo - [32m[/Users/dangvanhien/ARPG/ARPGGame/game-server/node_modules/pomelo/lib/application.js] [39m"auth-server-1" finish start
