[2014-01-09 11:23:44.776] [INFO] pomelo - [32m[/Users/dangvanhien/ARPG/ARPGGame/game-server/node_modules/pomelo/lib/application.js] [39mapplication inited: "room-server-1"
[2014-01-09 11:23:47.338] [INFO] console - info: socket.io started
[2014-01-09 11:23:47.492] [INFO] pomelo-admin - [32m[/Users/dangvanhien/ARPG/ARPGGame/game-server/node_modules/pomelo/node_modules/pomelo-admin/lib/consoleService.js] [39mtry to connect master: "room", "127.0.0.1", 3005
[2014-01-09 11:23:48.069] [ERROR] pomelo-admin - [31m[/Users/dangvanhien/ARPG/ARPGGame/game-server/node_modules/pomelo/node_modules/pomelo-admin/lib/monitorAgent.js] [39mserver "room-server-1" "room" register master failed
[2014-01-09 11:27:03.535] [INFO] pomelo - [32m[/Users/dangvanhien/ARPG/ARPGGame/game-server/node_modules/pomelo/lib/application.js] [39mapplication inited: "room-server-1"
[2014-01-09 11:27:05.750] [INFO] console - info: socket.io started
[2014-01-09 11:27:05.944] [INFO] pomelo-admin - [32m[/Users/dangvanhien/ARPG/ARPGGame/game-server/node_modules/pomelo/node_modules/pomelo-admin/lib/consoleService.js] [39mtry to connect master: "room", "127.0.0.1", 3005
[2014-01-09 11:27:06.467] [ERROR] pomelo-admin - [31m[/Users/dangvanhien/ARPG/ARPGGame/game-server/node_modules/pomelo/node_modules/pomelo-admin/lib/monitorAgent.js] [39mserver "room-server-1" "room" register master failed
[2014-01-09 11:29:38.779] [INFO] pomelo - [32m[/Users/dangvanhien/ARPG/ARPGGame/game-server/node_modules/pomelo/lib/application.js] [39mapplication inited: "room-server-1"
[2014-01-09 11:29:41.338] [INFO] console - info: socket.io started
[2014-01-09 11:29:41.490] [INFO] pomelo-admin - [32m[/Users/dangvanhien/ARPG/ARPGGame/game-server/node_modules/pomelo/node_modules/pomelo-admin/lib/consoleService.js] [39mtry to connect master: "room", "127.0.0.1", 3005
[2014-01-09 11:29:42.173] [INFO] pomelo - [32m[/Users/dangvanhien/ARPG/ARPGGame/game-server/node_modules/pomelo/lib/application.js] [39m"room-server-1" enter after start...
[2014-01-09 11:29:42.183] [INFO] pomelo - [32m[/Users/dangvanhien/ARPG/ARPGGame/game-server/node_modules/pomelo/lib/application.js] [39m"room-server-1" finish start
[2014-01-09 11:30:51.005] [INFO] pomelo - [32m[/Users/dangvanhien/ARPG/ARPGGame/game-server/node_modules/pomelo/lib/application.js] [39mapplication inited: "room-server-1"
[2014-01-09 11:30:53.544] [INFO] console - info: socket.io started
[2014-01-09 11:30:53.738] [INFO] pomelo-admin - [32m[/Users/dangvanhien/ARPG/ARPGGame/game-server/node_modules/pomelo/node_modules/pomelo-admin/lib/consoleService.js] [39mtry to connect master: "room", "127.0.0.1", 3005
[2014-01-09 11:30:54.303] [INFO] pomelo - [32m[/Users/dangvanhien/ARPG/ARPGGame/game-server/node_modules/pomelo/lib/application.js] [39m"room-server-1" enter after start...
[2014-01-09 11:30:54.306] [INFO] pomelo - [32m[/Users/dangvanhien/ARPG/ARPGGame/game-server/node_modules/pomelo/lib/application.js] [39m"room-server-1" finish start
[2014-01-09 11:34:01.057] [INFO] pomelo - [32m[/Users/dangvanhien/ARPG/ARPGGame/game-server/node_modules/pomelo/lib/application.js] [39mapplication inited: "room-server-1"
[2014-01-09 11:34:03.810] [INFO] console - info: socket.io started
[2014-01-09 11:34:04.059] [INFO] pomelo-admin - [32m[/Users/dangvanhien/ARPG/ARPGGame/game-server/node_modules/pomelo/node_modules/pomelo-admin/lib/consoleService.js] [39mtry to connect master: "room", "127.0.0.1", 3005
[2014-01-09 11:34:04.775] [INFO] pomelo - [32m[/Users/dangvanhien/ARPG/ARPGGame/game-server/node_modules/pomelo/lib/application.js] [39m"room-server-1" enter after start...
[2014-01-09 11:34:04.787] [INFO] pomelo - [32m[/Users/dangvanhien/ARPG/ARPGGame/game-server/node_modules/pomelo/lib/application.js] [39m"room-server-1" finish start
[2014-01-09 11:36:33.892] [INFO] pomelo - [32m[/Users/dangvanhien/ARPG/ARPGGame/game-server/node_modules/pomelo/lib/application.js] [39mapplication inited: "room-server-1"
[2014-01-09 11:36:36.288] [INFO] console - info: socket.io started
[2014-01-09 11:36:36.418] [INFO] pomelo-admin - [32m[/Users/dangvanhien/ARPG/ARPGGame/game-server/node_modules/pomelo/node_modules/pomelo-admin/lib/consoleService.js] [39mtry to connect master: "room", "127.0.0.1", 3005
[2014-01-09 11:36:37.176] [INFO] pomelo - [32m[/Users/dangvanhien/ARPG/ARPGGame/game-server/node_modules/pomelo/lib/application.js] [39m"room-server-1" enter after start...
[2014-01-09 11:36:37.205] [INFO] pomelo - [32m[/Users/dangvanhien/ARPG/ARPGGame/game-server/node_modules/pomelo/lib/application.js] [39m"room-server-1" finish start
[2014-01-09 11:37:29.814] [INFO] pomelo - [32m[/Users/dangvanhien/ARPG/ARPGGame/game-server/node_modules/pomelo/lib/application.js] [39mapplication inited: "room-server-1"
[2014-01-09 11:37:32.538] [INFO] console - info: socket.io started
[2014-01-09 11:37:32.875] [INFO] pomelo-admin - [32m[/Users/dangvanhien/ARPG/ARPGGame/game-server/node_modules/pomelo/node_modules/pomelo-admin/lib/consoleService.js] [39mtry to connect master: "room", "127.0.0.1", 3005
[2014-01-09 11:37:33.862] [INFO] pomelo - [32m[/Users/dangvanhien/ARPG/ARPGGame/game-server/node_modules/pomelo/lib/application.js] [39m"room-server-1" enter after start...
[2014-01-09 11:37:33.864] [INFO] pomelo - [32m[/Users/dangvanhien/ARPG/ARPGGame/game-server/node_modules/pomelo/lib/application.js] [39m"room-server-1" finish start
[2014-01-09 11:38:32.344] [INFO] pomelo - [32m[/Users/dangvanhien/ARPG/ARPGGame/game-server/node_modules/pomelo/lib/application.js] [39mapplication inited: "room-server-1"
[2014-01-09 11:38:34.678] [INFO] console - info: socket.io started
[2014-01-09 11:38:34.953] [INFO] pomelo-admin - [32m[/Users/dangvanhien/ARPG/ARPGGame/game-server/node_modules/pomelo/node_modules/pomelo-admin/lib/consoleService.js] [39mtry to connect master: "room", "127.0.0.1", 3005
[2014-01-09 11:38:35.702] [INFO] pomelo - [32m[/Users/dangvanhien/ARPG/ARPGGame/game-server/node_modules/pomelo/lib/application.js] [39m"room-server-1" enter after start...
[2014-01-09 11:38:35.704] [INFO] pomelo - [32m[/Users/dangvanhien/ARPG/ARPGGame/game-server/node_modules/pomelo/lib/application.js] [39m"room-server-1" finish start
[2014-01-09 11:41:56.549] [INFO] pomelo - [32m[/Users/dangvanhien/ARPG/ARPGGame/game-server/node_modules/pomelo/lib/application.js] [39mapplication inited: "room-server-1"
[2014-01-09 11:41:59.251] [INFO] console - info: socket.io started
[2014-01-09 11:41:59.402] [INFO] pomelo-admin - [32m[/Users/dangvanhien/ARPG/ARPGGame/game-server/node_modules/pomelo/node_modules/pomelo-admin/lib/consoleService.js] [39mtry to connect master: "room", "127.0.0.1", 3005
[2014-01-09 11:42:00.124] [INFO] pomelo - [32m[/Users/dangvanhien/ARPG/ARPGGame/game-server/node_modules/pomelo/lib/application.js] [39m"room-server-1" enter after start...
[2014-01-09 11:42:00.128] [INFO] pomelo - [32m[/Users/dangvanhien/ARPG/ARPGGame/game-server/node_modules/pomelo/lib/application.js] [39m"room-server-1" finish start
[2014-01-09 11:42:46.412] [INFO] pomelo - [32m[/Users/dangvanhien/ARPG/ARPGGame/game-server/node_modules/pomelo/lib/application.js] [39mapplication inited: "room-server-1"
[2014-01-09 11:42:49.483] [INFO] console - info: socket.io started
[2014-01-09 11:42:49.845] [INFO] pomelo-admin - [32m[/Users/dangvanhien/ARPG/ARPGGame/game-server/node_modules/pomelo/node_modules/pomelo-admin/lib/consoleService.js] [39mtry to connect master: "room", "127.0.0.1", 3005
[2014-01-09 11:42:50.876] [INFO] pomelo - [32m[/Users/dangvanhien/ARPG/ARPGGame/game-server/node_modules/pomelo/lib/application.js] [39m"room-server-1" enter after start...
[2014-01-09 11:42:50.880] [INFO] pomelo - [32m[/Users/dangvanhien/ARPG/ARPGGame/game-server/node_modules/pomelo/lib/application.js] [39m"room-server-1" finish start
[2014-01-09 11:42:55.957] [ERROR] console - rpc server process message error: TypeError: Cannot read property 'length' of null
[2014-01-09 11:44:05.456] [INFO] pomelo - [32m[/Users/dangvanhien/ARPG/ARPGGame/game-server/node_modules/pomelo/lib/application.js] [39mapplication inited: "room-server-1"
[2014-01-09 11:44:08.347] [INFO] console - info: socket.io started
[2014-01-09 11:44:08.581] [INFO] pomelo-admin - [32m[/Users/dangvanhien/ARPG/ARPGGame/game-server/node_modules/pomelo/node_modules/pomelo-admin/lib/consoleService.js] [39mtry to connect master: "room", "127.0.0.1", 3005
[2014-01-09 11:44:09.396] [INFO] pomelo - [32m[/Users/dangvanhien/ARPG/ARPGGame/game-server/node_modules/pomelo/lib/application.js] [39m"room-server-1" enter after start...
[2014-01-09 11:44:09.459] [INFO] pomelo - [32m[/Users/dangvanhien/ARPG/ARPGGame/game-server/node_modules/pomelo/lib/application.js] [39m"room-server-1" finish start
[2014-01-09 11:44:14.806] [INFO] console - Roomservice:[object Object]
[2014-01-09 11:44:14.808] [ERROR] console - rpc server process message error: TypeError: Cannot read property 'length' of null
[2014-01-09 11:45:13.823] [INFO] pomelo - [32m[/Users/dangvanhien/ARPG/ARPGGame/game-server/node_modules/pomelo/lib/application.js] [39mapplication inited: "room-server-1"
[2014-01-09 11:45:16.350] [INFO] console - info: socket.io started
[2014-01-09 11:45:16.560] [INFO] pomelo-admin - [32m[/Users/dangvanhien/ARPG/ARPGGame/game-server/node_modules/pomelo/node_modules/pomelo-admin/lib/consoleService.js] [39mtry to connect master: "room", "127.0.0.1", 3005
[2014-01-09 11:45:17.331] [INFO] pomelo - [32m[/Users/dangvanhien/ARPG/ARPGGame/game-server/node_modules/pomelo/lib/application.js] [39m"room-server-1" enter after start...
[2014-01-09 11:45:17.334] [INFO] pomelo - [32m[/Users/dangvanhien/ARPG/ARPGGame/game-server/node_modules/pomelo/lib/application.js] [39m"room-server-1" finish start
[2014-01-09 11:45:20.656] [INFO] console - Roomservice:[object Object]
[2014-01-09 11:45:20.657] [INFO] console - RoomService:null
[2014-01-09 11:45:20.660] [ERROR] console - rpc server process message error: TypeError: Cannot read property 'length' of null
[2014-01-09 11:47:44.238] [INFO] pomelo - [32m[/Users/dangvanhien/ARPG/ARPGGame/game-server/node_modules/pomelo/lib/application.js] [39mapplication inited: "room-server-1"
[2014-01-09 11:47:46.464] [INFO] console - info: socket.io started
[2014-01-09 11:47:46.614] [INFO] pomelo-admin - [32m[/Users/dangvanhien/ARPG/ARPGGame/game-server/node_modules/pomelo/node_modules/pomelo-admin/lib/consoleService.js] [39mtry to connect master: "room", "127.0.0.1", 3005
[2014-01-09 11:47:47.121] [INFO] pomelo - [32m[/Users/dangvanhien/ARPG/ARPGGame/game-server/node_modules/pomelo/lib/application.js] [39m"room-server-1" enter after start...
[2014-01-09 11:47:47.218] [INFO] pomelo - [32m[/Users/dangvanhien/ARPG/ARPGGame/game-server/node_modules/pomelo/lib/application.js] [39m"room-server-1" finish start
[2014-01-09 11:47:53.704] [INFO] console - Roomservice:[object Object]
[2014-01-09 11:47:53.705] [INFO] console - RoomService:kid
[2014-01-09 11:47:53.709] [ERROR] console - rpc server process message error: TypeError: Cannot read property 'kougeki' of undefined
[2014-01-09 11:50:43.611] [INFO] pomelo - [32m[/Users/dangvanhien/ARPG/ARPGGame/game-server/node_modules/pomelo/lib/application.js] [39mapplication inited: "room-server-1"
[2014-01-09 11:50:47.402] [INFO] console - info: socket.io started
[2014-01-09 11:50:47.573] [INFO] pomelo-admin - [32m[/Users/dangvanhien/ARPG/ARPGGame/game-server/node_modules/pomelo/node_modules/pomelo-admin/lib/consoleService.js] [39mtry to connect master: "room", "127.0.0.1", 3005
[2014-01-09 11:50:48.159] [INFO] pomelo - [32m[/Users/dangvanhien/ARPG/ARPGGame/game-server/node_modules/pomelo/lib/application.js] [39m"room-server-1" enter after start...
[2014-01-09 11:50:48.161] [INFO] pomelo - [32m[/Users/dangvanhien/ARPG/ARPGGame/game-server/node_modules/pomelo/lib/application.js] [39m"room-server-1" finish start
[2014-01-09 11:50:58.336] [INFO] pomelo - [32m[/Users/dangvanhien/ARPG/ARPGGame/game-server/node_modules/pomelo/lib/application.js] [39mapplication inited: "room-server-1"
[2014-01-09 11:51:00.617] [INFO] console - info: socket.io started
[2014-01-09 11:51:00.809] [INFO] pomelo-admin - [32m[/Users/dangvanhien/ARPG/ARPGGame/game-server/node_modules/pomelo/node_modules/pomelo-admin/lib/consoleService.js] [39mtry to connect master: "room", "127.0.0.1", 3005
[2014-01-09 11:51:01.443] [INFO] pomelo - [32m[/Users/dangvanhien/ARPG/ARPGGame/game-server/node_modules/pomelo/lib/application.js] [39m"room-server-1" enter after start...
[2014-01-09 11:51:01.445] [INFO] pomelo - [32m[/Users/dangvanhien/ARPG/ARPGGame/game-server/node_modules/pomelo/lib/application.js] [39m"room-server-1" finish start
[2014-01-09 11:51:05.121] [INFO] console - Roomservice:[object Object]
[2014-01-09 11:51:05.122] [INFO] console - RoomService:kid
[2014-01-09 11:51:05.126] [ERROR] console - rpc server process message error: TypeError: Cannot read property 'kougeki' of undefined
[2014-01-09 11:51:55.422] [INFO] pomelo - [32m[/Users/dangvanhien/ARPG/ARPGGame/game-server/node_modules/pomelo/lib/application.js] [39mapplication inited: "room-server-1"
[2014-01-09 11:51:58.022] [INFO] console - info: socket.io started
[2014-01-09 11:51:58.233] [INFO] pomelo-admin - [32m[/Users/dangvanhien/ARPG/ARPGGame/game-server/node_modules/pomelo/node_modules/pomelo-admin/lib/consoleService.js] [39mtry to connect master: "room", "127.0.0.1", 3005
[2014-01-09 11:51:58.997] [INFO] pomelo - [32m[/Users/dangvanhien/ARPG/ARPGGame/game-server/node_modules/pomelo/lib/application.js] [39m"room-server-1" enter after start...
[2014-01-09 11:51:59.003] [INFO] pomelo - [32m[/Users/dangvanhien/ARPG/ARPGGame/game-server/node_modules/pomelo/lib/application.js] [39m"room-server-1" finish start
[2014-01-09 11:52:02.734] [INFO] console - Roomservice:[object Object]
[2014-01-09 11:52:02.735] [INFO] console - RoomService:kid
[2014-01-09 11:52:02.738] [ERROR] console - rpc server process message error: TypeError: Cannot read property 'kougeki' of undefined
[2014-01-09 11:52:55.540] [INFO] pomelo - [32m[/Users/dangvanhien/ARPG/ARPGGame/game-server/node_modules/pomelo/lib/application.js] [39mapplication inited: "room-server-1"
[2014-01-09 11:52:58.011] [INFO] console - info: socket.io started
[2014-01-09 11:52:58.210] [INFO] pomelo-admin - [32m[/Users/dangvanhien/ARPG/ARPGGame/game-server/node_modules/pomelo/node_modules/pomelo-admin/lib/consoleService.js] [39mtry to connect master: "room", "127.0.0.1", 3005
[2014-01-09 11:52:59.013] [INFO] pomelo - [32m[/Users/dangvanhien/ARPG/ARPGGame/game-server/node_modules/pomelo/lib/application.js] [39m"room-server-1" enter after start...
[2014-01-09 11:52:59.033] [INFO] pomelo - [32m[/Users/dangvanhien/ARPG/ARPGGame/game-server/node_modules/pomelo/lib/application.js] [39m"room-server-1" finish start
[2014-01-09 11:53:07.918] [INFO] console - Roomservice:[object Object]
[2014-01-09 11:53:07.919] [INFO] console - RoomService:kid
[2014-01-09 11:53:07.922] [ERROR] console - rpc server process message error: TypeError: Cannot read property 'kougeki' of undefined
[2014-01-09 11:53:56.586] [INFO] pomelo - [32m[/Users/dangvanhien/ARPG/ARPGGame/game-server/node_modules/pomelo/lib/application.js] [39mapplication inited: "room-server-1"
[2014-01-09 11:53:59.012] [INFO] console - info: socket.io started
[2014-01-09 11:53:59.179] [INFO] pomelo-admin - [32m[/Users/dangvanhien/ARPG/ARPGGame/game-server/node_modules/pomelo/node_modules/pomelo-admin/lib/consoleService.js] [39mtry to connect master: "room", "127.0.0.1", 3005
[2014-01-09 11:53:59.962] [INFO] pomelo - [32m[/Users/dangvanhien/ARPG/ARPGGame/game-server/node_modules/pomelo/lib/application.js] [39m"room-server-1" enter after start...
[2014-01-09 11:53:59.965] [INFO] pomelo - [32m[/Users/dangvanhien/ARPG/ARPGGame/game-server/node_modules/pomelo/lib/application.js] [39m"room-server-1" finish start
[2014-01-09 11:54:03.884] [INFO] console - Roomservice:[object Object]
[2014-01-09 11:54:03.884] [INFO] console - RoomService:kid
[2014-01-09 11:54:03.885] [INFO] console - Crete Room List
[2014-01-09 11:54:03.888] [ERROR] console - rpc server process message error: TypeError: Cannot read property 'kougeki' of undefined
[2014-01-09 11:55:02.531] [INFO] pomelo - [32m[/Users/dangvanhien/ARPG/ARPGGame/game-server/node_modules/pomelo/lib/application.js] [39mapplication inited: "room-server-1"
[2014-01-09 11:55:04.980] [INFO] console - info: socket.io started
[2014-01-09 11:55:05.242] [INFO] pomelo-admin - [32m[/Users/dangvanhien/ARPG/ARPGGame/game-server/node_modules/pomelo/node_modules/pomelo-admin/lib/consoleService.js] [39mtry to connect master: "room", "127.0.0.1", 3005
[2014-01-09 11:55:06.236] [INFO] pomelo - [32m[/Users/dangvanhien/ARPG/ARPGGame/game-server/node_modules/pomelo/lib/application.js] [39m"room-server-1" enter after start...
[2014-01-09 11:55:06.239] [INFO] pomelo - [32m[/Users/dangvanhien/ARPG/ARPGGame/game-server/node_modules/pomelo/lib/application.js] [39m"room-server-1" finish start
[2014-01-09 11:55:12.626] [INFO] console - Roomservice:[object Object]
[2014-01-09 11:55:12.627] [INFO] console - RoomService:kid
[2014-01-09 11:55:12.628] [INFO] console - Crete Room List
[2014-01-09 11:55:12.628] [INFO] console - create room
[2014-01-09 11:55:12.628] [INFO] console - Create Player
[2014-01-09 11:55:12.629] [INFO] console - Create Player
[2014-01-09 11:55:12.629] [INFO] console - Den day roi
[2014-01-09 13:15:50.621] [INFO] pomelo - [32m[/Users/dangvanhien/ARPG/ARPGGame/game-server/node_modules/pomelo/lib/application.js] [39mapplication inited: "room-server-1"
[2014-01-09 13:15:53.258] [INFO] console - info: socket.io started
[2014-01-09 13:15:53.485] [INFO] pomelo-admin - [32m[/Users/dangvanhien/ARPG/ARPGGame/game-server/node_modules/pomelo/node_modules/pomelo-admin/lib/consoleService.js] [39mtry to connect master: "room", "127.0.0.1", 3005
[2014-01-09 13:15:54.268] [INFO] pomelo - [32m[/Users/dangvanhien/ARPG/ARPGGame/game-server/node_modules/pomelo/lib/application.js] [39m"room-server-1" enter after start...
[2014-01-09 13:15:54.270] [INFO] pomelo - [32m[/Users/dangvanhien/ARPG/ARPGGame/game-server/node_modules/pomelo/lib/application.js] [39m"room-server-1" finish start
[2014-01-09 13:16:27.353] [INFO] console - Roomservice:[object Object]
[2014-01-09 13:16:27.354] [INFO] console - RoomService:kid
[2014-01-09 13:16:27.355] [INFO] console - create room
[2014-01-09 13:16:27.356] [INFO] console - Create Player
[2014-01-09 13:16:27.356] [INFO] console - Create Player
[2014-01-09 13:16:27.359] [ERROR] console - rpc server process message error: TypeError: Cannot read property 'type' of undefined
[2014-01-09 13:18:53.615] [INFO] pomelo - [32m[/Users/dangvanhien/ARPG/ARPGGame/game-server/node_modules/pomelo/lib/application.js] [39mapplication inited: "room-server-1"
[2014-01-09 13:18:56.222] [INFO] console - info: socket.io started
[2014-01-09 13:18:56.629] [INFO] pomelo-admin - [32m[/Users/dangvanhien/ARPG/ARPGGame/game-server/node_modules/pomelo/node_modules/pomelo-admin/lib/consoleService.js] [39mtry to connect master: "room", "127.0.0.1", 3005
[2014-01-09 13:18:57.346] [INFO] pomelo - [32m[/Users/dangvanhien/ARPG/ARPGGame/game-server/node_modules/pomelo/lib/application.js] [39m"room-server-1" enter after start...
[2014-01-09 13:18:57.348] [INFO] pomelo - [32m[/Users/dangvanhien/ARPG/ARPGGame/game-server/node_modules/pomelo/lib/application.js] [39m"room-server-1" finish start
[2014-01-09 13:19:02.040] [INFO] console - Roomservice:[object Object]
[2014-01-09 13:19:02.041] [INFO] console - RoomService:kid
[2014-01-09 13:19:02.042] [INFO] console - create room
[2014-01-09 13:19:02.042] [INFO] console - Create Player
[2014-01-09 13:19:02.042] [INFO] console - Create Player
[2014-01-09 13:19:02.045] [ERROR] console - rpc server process message error: TypeError: Cannot read property 'type' of undefined
[2014-01-09 13:20:08.538] [INFO] pomelo - [32m[/Users/dangvanhien/ARPG/ARPGGame/game-server/node_modules/pomelo/lib/application.js] [39mapplication inited: "room-server-1"
[2014-01-09 13:20:11.239] [INFO] console - info: socket.io started
[2014-01-09 13:20:11.538] [INFO] pomelo-admin - [32m[/Users/dangvanhien/ARPG/ARPGGame/game-server/node_modules/pomelo/node_modules/pomelo-admin/lib/consoleService.js] [39mtry to connect master: "room", "127.0.0.1", 3005
[2014-01-09 13:20:12.329] [INFO] pomelo - [32m[/Users/dangvanhien/ARPG/ARPGGame/game-server/node_modules/pomelo/lib/application.js] [39m"room-server-1" enter after start...
[2014-01-09 13:20:12.332] [INFO] pomelo - [32m[/Users/dangvanhien/ARPG/ARPGGame/game-server/node_modules/pomelo/lib/application.js] [39m"room-server-1" finish start
[2014-01-09 13:20:14.355] [INFO] console - Roomservice:[object Object]
[2014-01-09 13:20:14.356] [INFO] console - RoomService:kid
[2014-01-09 13:20:14.359] [INFO] console - create room
[2014-01-09 13:20:14.359] [INFO] console - Create Player
[2014-01-09 13:20:14.360] [INFO] console - Create Player
[2014-01-09 13:20:14.360] [INFO] console - Den day roi
[2014-01-09 13:35:56.577] [INFO] pomelo - [32m[/Users/dangvanhien/ARPG/ARPGGame/game-server/node_modules/pomelo/lib/application.js] [39mapplication inited: "room-server-1"
[2014-01-09 13:35:59.358] [INFO] console - info: socket.io started
[2014-01-09 13:35:59.587] [INFO] pomelo-admin - [32m[/Users/dangvanhien/ARPG/ARPGGame/game-server/node_modules/pomelo/node_modules/pomelo-admin/lib/consoleService.js] [39mtry to connect master: "room", "192.168.1.100", 3005
[2014-01-09 13:36:00.465] [INFO] pomelo - [32m[/Users/dangvanhien/ARPG/ARPGGame/game-server/node_modules/pomelo/lib/application.js] [39m"room-server-1" enter after start...
[2014-01-09 13:36:00.470] [INFO] pomelo - [32m[/Users/dangvanhien/ARPG/ARPGGame/game-server/node_modules/pomelo/lib/application.js] [39m"room-server-1" finish start
[2014-01-09 13:36:14.848] [INFO] console - Roomservice:[object Object]
[2014-01-09 13:36:14.848] [INFO] console - RoomService:kid
[2014-01-09 13:36:14.849] [INFO] console - create room
[2014-01-09 13:36:14.850] [INFO] console - Create Player
[2014-01-09 13:36:14.850] [INFO] console - Create Player
[2014-01-09 13:36:14.850] [INFO] console - Den day roi
[2014-01-09 13:36:27.863] [INFO] pomelo - [32m[/Users/dangvanhien/ARPG/ARPGGame/game-server/node_modules/pomelo/lib/application.js] [39mapplication inited: "room-server-1"
[2014-01-09 13:36:30.072] [INFO] console - info: socket.io started
[2014-01-09 13:36:30.298] [INFO] pomelo-admin - [32m[/Users/dangvanhien/ARPG/ARPGGame/game-server/node_modules/pomelo/node_modules/pomelo-admin/lib/consoleService.js] [39mtry to connect master: "room", "192.168.1.100", 3005
[2014-01-09 13:36:30.893] [INFO] pomelo - [32m[/Users/dangvanhien/ARPG/ARPGGame/game-server/node_modules/pomelo/lib/application.js] [39m"room-server-1" enter after start...
[2014-01-09 13:36:30.981] [INFO] pomelo - [32m[/Users/dangvanhien/ARPG/ARPGGame/game-server/node_modules/pomelo/lib/application.js] [39m"room-server-1" finish start
