[2013-12-23 14:17:30.333] [INFO] pomelo - [32m[/Users/dangvanhien/ARPG/ARPGGame/game-server/node_modules/pomelo/lib/application.js] [39mapplication inited: "area-server-1"
[2013-12-23 14:17:30.417] [INFO] console - /Users/dangvanhien/ARPG/ARPGGame/game-server
[2013-12-23 14:17:30.497] [INFO] console - VLTN
[2013-12-23 14:17:30.497] [INFO] console - MySQL:[object Object]
[2013-12-23 14:17:31.068] [INFO] console - [data sync component] load mapping file done.
[2013-12-23 14:17:34.192] [INFO] console - info: socket.io started
[2013-12-23 14:17:34.309] [INFO] pomelo-admin - [32m[/Users/dangvanhien/ARPG/ARPGGame/game-server/node_modules/pomelo/node_modules/pomelo-admin/lib/consoleService.js] [39mtry to connect master: "area", "127.0.0.1", 3005
[2013-12-23 14:17:35.089] [INFO] pomelo - [32m[/Users/dangvanhien/ARPG/ARPGGame/game-server/node_modules/pomelo/lib/application.js] [39m"area-server-1" enter after start...
[2013-12-23 14:17:35.128] [INFO] pomelo - [32m[/Users/dangvanhien/ARPG/ARPGGame/game-server/node_modules/pomelo/lib/application.js] [39m"area-server-1" finish start
[2013-12-23 14:18:06.672] [INFO] pomelo - [32m[/Users/dangvanhien/ARPG/ARPGGame/game-server/node_modules/pomelo/lib/application.js] [39mapplication inited: "area-server-1"
[2013-12-23 14:18:06.723] [INFO] console - /Users/dangvanhien/ARPG/ARPGGame/game-server
[2013-12-23 14:18:06.733] [INFO] console - VLTN
[2013-12-23 14:18:06.734] [INFO] console - MySQL:[object Object]
[2013-12-23 14:18:07.090] [INFO] console - [data sync component] load mapping file done.
[2013-12-23 14:18:09.941] [INFO] console - info: socket.io started
[2013-12-23 14:18:10.012] [INFO] pomelo-admin - [32m[/Users/dangvanhien/ARPG/ARPGGame/game-server/node_modules/pomelo/node_modules/pomelo-admin/lib/consoleService.js] [39mtry to connect master: "area", "127.0.0.1", 3005
[2013-12-23 14:18:10.692] [INFO] pomelo - [32m[/Users/dangvanhien/ARPG/ARPGGame/game-server/node_modules/pomelo/lib/application.js] [39m"area-server-1" enter after start...
[2013-12-23 14:18:10.695] [INFO] pomelo - [32m[/Users/dangvanhien/ARPG/ARPGGame/game-server/node_modules/pomelo/lib/application.js] [39m"area-server-1" finish start
[2013-12-24 09:54:37.939] [INFO] pomelo - [32m[/Users/dangvanhien/ARPG/ARPGGame/game-server/node_modules/pomelo/lib/application.js] [39mapplication inited: "area-server-1"
[2013-12-24 09:54:38.041] [INFO] console - /Users/dangvanhien/ARPG/ARPGGame/game-server
[2013-12-24 09:54:38.108] [INFO] console - VLTN
[2013-12-24 09:54:38.109] [INFO] console - MySQL:[object Object]
[2013-12-24 09:54:38.399] [INFO] console - [data sync component] load mapping file done.
[2013-12-24 09:54:40.666] [ERROR] console -  Caught exception: Error: Cannot find module '../../../domain/area/instancePool'
    at Function.Module._resolveFilename (module.js:338:15)
    at Function.Module._load (module.js:280:25)
    at Module.require (module.js:364:17)
    at require (module.js:380:17)
    at Object.<anonymous> (/Users/dangvanhien/ARPG/ARPGGame/game-server/app/servers/area/remote/areaRemote.js:2:20)
    at Module._compile (module.js:456:26)
    at Object.Module._extensions..js (module.js:474:10)
    at Module.load (module.js:356:32)
    at Function.Module._load (module.js:312:12)
    at Module.require (module.js:364:17)
[2013-12-24 09:55:27.460] [INFO] pomelo - [32m[/Users/dangvanhien/ARPG/ARPGGame/game-server/node_modules/pomelo/lib/application.js] [39mapplication inited: "area-server-1"
[2013-12-24 09:55:27.541] [INFO] console - /Users/dangvanhien/ARPG/ARPGGame/game-server
[2013-12-24 09:55:27.590] [INFO] console - VLTN
[2013-12-24 09:55:27.591] [INFO] console - MySQL:[object Object]
[2013-12-24 09:55:27.865] [INFO] console - [data sync component] load mapping file done.
[2013-12-24 09:55:29.686] [ERROR] console -  Caught exception: Error: Cannot find module '../../../domain/area/instancePool'
    at Function.Module._resolveFilename (module.js:338:15)
    at Function.Module._load (module.js:280:25)
    at Module.require (module.js:364:17)
    at require (module.js:380:17)
    at Object.<anonymous> (/Users/dangvanhien/ARPG/ARPGGame/game-server/app/servers/area/remote/areaRemote.js:2:20)
    at Module._compile (module.js:456:26)
    at Object.Module._extensions..js (module.js:474:10)
    at Module.load (module.js:356:32)
    at Function.Module._load (module.js:312:12)
    at Module.require (module.js:364:17)
[2013-12-24 09:56:05.977] [INFO] pomelo - [32m[/Users/dangvanhien/ARPG/ARPGGame/game-server/node_modules/pomelo/lib/application.js] [39mapplication inited: "area-server-1"
[2013-12-24 09:56:06.054] [INFO] console - /Users/dangvanhien/ARPG/ARPGGame/game-server
[2013-12-24 09:56:06.091] [INFO] console - VLTN
[2013-12-24 09:56:06.092] [INFO] console - MySQL:[object Object]
[2013-12-24 09:56:06.376] [INFO] console - [data sync component] load mapping file done.
[2013-12-24 09:56:08.530] [ERROR] console -  Caught exception: Error: Cannot find module '../../../domain/area/instancePool'
    at Function.Module._resolveFilename (module.js:338:15)
    at Function.Module._load (module.js:280:25)
    at Module.require (module.js:364:17)
    at require (module.js:380:17)
    at Object.<anonymous> (/Users/dangvanhien/ARPG/ARPGGame/game-server/app/servers/area/remote/areaRemote.js:2:20)
    at Module._compile (module.js:456:26)
    at Object.Module._extensions..js (module.js:474:10)
    at Module.load (module.js:356:32)
    at Function.Module._load (module.js:312:12)
    at Module.require (module.js:364:17)
[2013-12-24 09:56:30.885] [INFO] pomelo - [32m[/Users/dangvanhien/ARPG/ARPGGame/game-server/node_modules/pomelo/lib/application.js] [39mapplication inited: "area-server-1"
[2013-12-24 09:56:30.962] [INFO] console - /Users/dangvanhien/ARPG/ARPGGame/game-server
[2013-12-24 09:56:30.996] [INFO] console - VLTN
[2013-12-24 09:56:30.997] [INFO] console - MySQL:[object Object]
[2013-12-24 09:56:31.323] [INFO] console - [data sync component] load mapping file done.
[2013-12-24 09:56:33.367] [INFO] console - info: socket.io started
[2013-12-24 09:56:33.416] [INFO] pomelo-admin - [32m[/Users/dangvanhien/ARPG/ARPGGame/game-server/node_modules/pomelo/node_modules/pomelo-admin/lib/consoleService.js] [39mtry to connect master: "area", "127.0.0.1", 3005
[2013-12-24 09:56:33.876] [INFO] pomelo - [32m[/Users/dangvanhien/ARPG/ARPGGame/game-server/node_modules/pomelo/lib/application.js] [39m"area-server-1" enter after start...
[2013-12-24 09:56:33.880] [INFO] pomelo - [32m[/Users/dangvanhien/ARPG/ARPGGame/game-server/node_modules/pomelo/lib/application.js] [39m"area-server-1" finish start
[2013-12-24 09:57:43.524] [INFO] pomelo - [32m[/Users/dangvanhien/ARPG/ARPGGame/game-server/node_modules/pomelo/lib/application.js] [39mapplication inited: "area-server-1"
[2013-12-24 09:57:43.609] [INFO] console - /Users/dangvanhien/ARPG/ARPGGame/game-server
[2013-12-24 09:57:43.647] [INFO] console - VLTN
[2013-12-24 09:57:43.648] [INFO] console - MySQL:[object Object]
[2013-12-24 09:57:44.048] [INFO] console - [data sync component] load mapping file done.
[2013-12-24 09:57:46.709] [INFO] console - info: socket.io started
[2013-12-24 09:57:46.843] [INFO] pomelo-admin - [32m[/Users/dangvanhien/ARPG/ARPGGame/game-server/node_modules/pomelo/node_modules/pomelo-admin/lib/consoleService.js] [39mtry to connect master: "area", "127.0.0.1", 3005
[2013-12-24 09:57:47.526] [INFO] pomelo - [32m[/Users/dangvanhien/ARPG/ARPGGame/game-server/node_modules/pomelo/lib/application.js] [39m"area-server-1" enter after start...
[2013-12-24 09:57:47.528] [INFO] pomelo - [32m[/Users/dangvanhien/ARPG/ARPGGame/game-server/node_modules/pomelo/lib/application.js] [39m"area-server-1" finish start
[2013-12-24 09:59:02.807] [INFO] pomelo - [32m[/Users/dangvanhien/ARPG/ARPGGame/game-server/node_modules/pomelo/lib/application.js] [39mapplication inited: "area-server-1"
[2013-12-24 09:59:02.866] [INFO] console - /Users/dangvanhien/ARPG/ARPGGame/game-server
[2013-12-24 09:59:02.912] [INFO] console - VLTN
[2013-12-24 09:59:02.912] [INFO] console - MySQL:[object Object]
[2013-12-24 09:59:03.229] [INFO] console - [data sync component] load mapping file done.
[2013-12-24 09:59:05.344] [INFO] console - info: socket.io started
[2013-12-24 09:59:05.444] [INFO] pomelo-admin - [32m[/Users/dangvanhien/ARPG/ARPGGame/game-server/node_modules/pomelo/node_modules/pomelo-admin/lib/consoleService.js] [39mtry to connect master: "area", "127.0.0.1", 3005
[2013-12-24 09:59:05.990] [INFO] pomelo - [32m[/Users/dangvanhien/ARPG/ARPGGame/game-server/node_modules/pomelo/lib/application.js] [39m"area-server-1" enter after start...
[2013-12-24 09:59:05.993] [INFO] pomelo - [32m[/Users/dangvanhien/ARPG/ARPGGame/game-server/node_modules/pomelo/lib/application.js] [39m"area-server-1" finish start
[2013-12-24 10:00:49.697] [INFO] pomelo - [32m[/Users/dangvanhien/ARPG/ARPGGame/game-server/node_modules/pomelo/lib/application.js] [39mapplication inited: "area-server-1"
[2013-12-24 10:00:49.791] [INFO] console - /Users/dangvanhien/ARPG/ARPGGame/game-server
[2013-12-24 10:00:49.841] [INFO] console - VLTN
[2013-12-24 10:00:49.842] [INFO] console - MySQL:[object Object]
[2013-12-24 10:00:50.122] [INFO] console - [data sync component] load mapping file done.
[2013-12-24 10:00:52.828] [INFO] console - info: socket.io started
[2013-12-24 10:00:52.919] [INFO] pomelo-admin - [32m[/Users/dangvanhien/ARPG/ARPGGame/game-server/node_modules/pomelo/node_modules/pomelo-admin/lib/consoleService.js] [39mtry to connect master: "area", "127.0.0.1", 3005
[2013-12-24 10:00:53.639] [INFO] pomelo - [32m[/Users/dangvanhien/ARPG/ARPGGame/game-server/node_modules/pomelo/lib/application.js] [39m"area-server-1" enter after start...
[2013-12-24 10:00:53.643] [INFO] pomelo - [32m[/Users/dangvanhien/ARPG/ARPGGame/game-server/node_modules/pomelo/lib/application.js] [39m"area-server-1" finish start
[2013-12-24 10:02:12.452] [INFO] pomelo - [32m[/Users/dangvanhien/ARPG/ARPGGame/game-server/node_modules/pomelo/lib/application.js] [39mapplication inited: "area-server-1"
[2013-12-24 10:02:12.508] [INFO] console - /Users/dangvanhien/ARPG/ARPGGame/game-server
[2013-12-24 10:02:12.568] [INFO] console - VLTN
[2013-12-24 10:02:12.569] [INFO] console - MySQL:[object Object]
[2013-12-24 10:02:12.851] [INFO] console - [data sync component] load mapping file done.
[2013-12-24 10:02:14.911] [INFO] console - info: socket.io started
[2013-12-24 10:02:15.103] [INFO] pomelo-admin - [32m[/Users/dangvanhien/ARPG/ARPGGame/game-server/node_modules/pomelo/node_modules/pomelo-admin/lib/consoleService.js] [39mtry to connect master: "area", "127.0.0.1", 3005
[2013-12-24 10:02:15.683] [INFO] pomelo - [32m[/Users/dangvanhien/ARPG/ARPGGame/game-server/node_modules/pomelo/lib/application.js] [39m"area-server-1" enter after start...
[2013-12-24 10:02:15.685] [INFO] pomelo - [32m[/Users/dangvanhien/ARPG/ARPGGame/game-server/node_modules/pomelo/lib/application.js] [39m"area-server-1" finish start
[2013-12-24 10:03:34.740] [INFO] pomelo - [32m[/Users/dangvanhien/ARPG/ARPGGame/game-server/node_modules/pomelo/lib/application.js] [39mapplication inited: "area-server-1"
[2013-12-24 10:03:34.761] [INFO] console - /Users/dangvanhien/ARPG/ARPGGame/game-server
[2013-12-24 10:03:34.838] [INFO] console - VLTN
[2013-12-24 10:03:34.838] [INFO] console - MySQL:[object Object]
[2013-12-24 10:03:35.092] [INFO] console - [data sync component] load mapping file done.
[2013-12-24 10:03:37.473] [INFO] console - info: socket.io started
[2013-12-24 10:03:37.592] [INFO] pomelo-admin - [32m[/Users/dangvanhien/ARPG/ARPGGame/game-server/node_modules/pomelo/node_modules/pomelo-admin/lib/consoleService.js] [39mtry to connect master: "area", "127.0.0.1", 3005
[2013-12-24 10:03:38.175] [INFO] pomelo - [32m[/Users/dangvanhien/ARPG/ARPGGame/game-server/node_modules/pomelo/lib/application.js] [39m"area-server-1" enter after start...
[2013-12-24 10:03:38.177] [INFO] pomelo - [32m[/Users/dangvanhien/ARPG/ARPGGame/game-server/node_modules/pomelo/lib/application.js] [39m"area-server-1" finish start
[2013-12-24 10:04:14.122] [INFO] pomelo - [32m[/Users/dangvanhien/ARPG/ARPGGame/game-server/node_modules/pomelo/lib/application.js] [39mapplication inited: "area-server-1"
[2013-12-24 10:04:14.139] [INFO] console - /Users/dangvanhien/ARPG/ARPGGame/game-server
[2013-12-24 10:04:14.148] [INFO] console - VLTN
[2013-12-24 10:04:14.148] [INFO] console - MySQL:[object Object]
[2013-12-24 10:04:14.480] [INFO] console - [data sync component] load mapping file done.
[2013-12-24 10:04:16.610] [INFO] console - info: socket.io started
[2013-12-24 10:04:16.768] [INFO] pomelo-admin - [32m[/Users/dangvanhien/ARPG/ARPGGame/game-server/node_modules/pomelo/node_modules/pomelo-admin/lib/consoleService.js] [39mtry to connect master: "area", "127.0.0.1", 3005
[2013-12-24 10:04:17.212] [INFO] pomelo - [32m[/Users/dangvanhien/ARPG/ARPGGame/game-server/node_modules/pomelo/lib/application.js] [39m"area-server-1" enter after start...
[2013-12-24 10:04:17.215] [INFO] pomelo - [32m[/Users/dangvanhien/ARPG/ARPGGame/game-server/node_modules/pomelo/lib/application.js] [39m"area-server-1" finish start
[2013-12-24 10:06:34.931] [INFO] pomelo - [32m[/Users/dangvanhien/ARPG/ARPGGame/game-server/node_modules/pomelo/lib/application.js] [39mapplication inited: "area-server-1"
[2013-12-24 10:06:34.954] [INFO] console - /Users/dangvanhien/ARPG/ARPGGame/game-server
[2013-12-24 10:06:34.992] [INFO] console - VLTN
[2013-12-24 10:06:34.993] [INFO] console - MySQL:[object Object]
[2013-12-24 10:06:35.434] [INFO] console - [data sync component] load mapping file done.
[2013-12-24 10:06:37.977] [INFO] console - info: socket.io started
[2013-12-24 10:06:38.031] [INFO] pomelo-admin - [32m[/Users/dangvanhien/ARPG/ARPGGame/game-server/node_modules/pomelo/node_modules/pomelo-admin/lib/consoleService.js] [39mtry to connect master: "area", "127.0.0.1", 3005
[2013-12-24 10:06:38.582] [INFO] pomelo - [32m[/Users/dangvanhien/ARPG/ARPGGame/game-server/node_modules/pomelo/lib/application.js] [39m"area-server-1" enter after start...
[2013-12-24 10:06:38.585] [INFO] pomelo - [32m[/Users/dangvanhien/ARPG/ARPGGame/game-server/node_modules/pomelo/lib/application.js] [39m"area-server-1" finish start
[2014-01-08 14:43:19.167] [INFO] pomelo - [32m[/Users/dangvanhien/ARPG/ARPGGame/game-server/node_modules/pomelo/lib/application.js] [39mapplication inited: "area-server-1"
[2014-01-08 14:43:19.245] [INFO] console - /Users/dangvanhien/ARPG/ARPGGame/game-server
[2014-01-08 14:43:19.279] [INFO] console - VLTN
[2014-01-08 14:43:19.280] [INFO] console - MySQL:[object Object]
[2014-01-08 14:43:19.707] [INFO] console - [data sync component] load mapping file done.
[2014-01-08 14:43:22.503] [INFO] console - info: socket.io started
[2014-01-08 14:43:22.623] [INFO] pomelo-admin - [32m[/Users/dangvanhien/ARPG/ARPGGame/game-server/node_modules/pomelo/node_modules/pomelo-admin/lib/consoleService.js] [39mtry to connect master: "area", "127.0.0.1", 3005
[2014-01-08 14:43:23.276] [INFO] pomelo - [32m[/Users/dangvanhien/ARPG/ARPGGame/game-server/node_modules/pomelo/lib/application.js] [39m"area-server-1" enter after start...
[2014-01-08 14:43:23.279] [INFO] pomelo - [32m[/Users/dangvanhien/ARPG/ARPGGame/game-server/node_modules/pomelo/lib/application.js] [39m"area-server-1" finish start
[2014-01-08 14:45:51.582] [INFO] pomelo - [32m[/Users/dangvanhien/ARPG/ARPGGame/game-server/node_modules/pomelo/lib/application.js] [39mapplication inited: "area-server-1"
[2014-01-08 14:45:51.710] [INFO] console - /Users/dangvanhien/ARPG/ARPGGame/game-server
[2014-01-08 14:45:51.761] [INFO] console - VLTN
[2014-01-08 14:45:51.761] [INFO] console - MySQL:[object Object]
[2014-01-08 14:45:52.135] [INFO] console - [data sync component] load mapping file done.
[2014-01-08 14:45:54.736] [INFO] console - info: socket.io started
[2014-01-08 14:45:54.779] [ERROR] console -  Caught exception: Error: listen EADDRINUSE
    at errnoException (net.js:901:11)
    at Server._listen2 (net.js:1039:14)
    at listen (net.js:1061:10)
    at Server.listen (net.js:1127:5)
    at Object.exports.listen (/Users/dangvanhien/ARPG/ARPGGame/game-server/node_modules/pomelo/node_modules/socket.io/lib/socket.io.js:74:12)
    at pro.listen (/Users/dangvanhien/ARPG/ARPGGame/game-server/node_modules/pomelo/node_modules/pomelo-rpc/lib/rpc-server/acceptors/ws-acceptor.js:32:21)
    at pro.start (/Users/dangvanhien/ARPG/ARPGGame/game-server/node_modules/pomelo/node_modules/pomelo-rpc/lib/rpc-server/gateway.js:43:17)
    at pro.start (/Users/dangvanhien/ARPG/ARPGGame/game-server/node_modules/pomelo/lib/components/remote.js:54:15)
    at /Users/dangvanhien/ARPG/ARPGGame/game-server/node_modules/pomelo/lib/util/appUtil.js:84:19
    at iterate (/Users/dangvanhien/ARPG/ARPGGame/game-server/node_modules/pomelo/node_modules/async/lib/async.js:123:13)
[2014-01-08 14:45:54.875] [INFO] pomelo-admin - [32m[/Users/dangvanhien/ARPG/ARPGGame/game-server/node_modules/pomelo/node_modules/pomelo-admin/lib/consoleService.js] [39mtry to connect master: "area", "127.0.0.1", 3005
[2014-01-08 14:45:56.009] [INFO] pomelo - [32m[/Users/dangvanhien/ARPG/ARPGGame/game-server/node_modules/pomelo/lib/application.js] [39m"area-server-1" enter after start...
[2014-01-08 14:45:56.011] [INFO] pomelo - [32m[/Users/dangvanhien/ARPG/ARPGGame/game-server/node_modules/pomelo/lib/application.js] [39m"area-server-1" finish start
[2014-01-08 14:47:06.682] [INFO] pomelo - [32m[/Users/dangvanhien/ARPG/ARPGGame/game-server/node_modules/pomelo/lib/application.js] [39mapplication inited: "area-server-1"
[2014-01-08 14:47:06.702] [INFO] console - /Users/dangvanhien/ARPG/ARPGGame/game-server
[2014-01-08 14:47:06.735] [INFO] console - VLTN
[2014-01-08 14:47:06.735] [INFO] console - MySQL:[object Object]
[2014-01-08 14:47:07.054] [INFO] console - [data sync component] load mapping file done.
[2014-01-08 14:47:09.126] [INFO] console - info: socket.io started
[2014-01-08 14:47:09.169] [INFO] pomelo-admin - [32m[/Users/dangvanhien/ARPG/ARPGGame/game-server/node_modules/pomelo/node_modules/pomelo-admin/lib/consoleService.js] [39mtry to connect master: "area", "127.0.0.1", 3005
[2014-01-08 14:47:09.705] [INFO] pomelo - [32m[/Users/dangvanhien/ARPG/ARPGGame/game-server/node_modules/pomelo/lib/application.js] [39m"area-server-1" enter after start...
[2014-01-08 14:47:09.707] [INFO] pomelo - [32m[/Users/dangvanhien/ARPG/ARPGGame/game-server/node_modules/pomelo/lib/application.js] [39m"area-server-1" finish start
[2014-01-08 14:49:01.269] [INFO] pomelo - [32m[/Users/dangvanhien/ARPG/ARPGGame/game-server/node_modules/pomelo/lib/application.js] [39mapplication inited: "area-server-1"
[2014-01-08 14:49:01.288] [INFO] console - /Users/dangvanhien/ARPG/ARPGGame/game-server
[2014-01-08 14:49:01.374] [INFO] console - VLTN
[2014-01-08 14:49:01.375] [INFO] console - MySQL:[object Object]
[2014-01-08 14:49:01.732] [INFO] console - [data sync component] load mapping file done.
[2014-01-08 14:49:04.300] [INFO] console - info: socket.io started
[2014-01-08 14:49:04.384] [INFO] pomelo-admin - [32m[/Users/dangvanhien/ARPG/ARPGGame/game-server/node_modules/pomelo/node_modules/pomelo-admin/lib/consoleService.js] [39mtry to connect master: "area", "127.0.0.1", 3005
[2014-01-08 14:49:04.923] [INFO] pomelo - [32m[/Users/dangvanhien/ARPG/ARPGGame/game-server/node_modules/pomelo/lib/application.js] [39m"area-server-1" enter after start...
[2014-01-08 14:49:04.926] [INFO] pomelo - [32m[/Users/dangvanhien/ARPG/ARPGGame/game-server/node_modules/pomelo/lib/application.js] [39m"area-server-1" finish start
[2014-01-08 15:51:22.259] [INFO] pomelo - [32m[/Users/dangvanhien/ARPG/ARPGGame/game-server/node_modules/pomelo/lib/application.js] [39mapplication inited: "area-server-1"
[2014-01-08 15:51:22.341] [INFO] console - /Users/dangvanhien/ARPG/ARPGGame/game-server
[2014-01-08 15:51:22.384] [INFO] console - VLTN
[2014-01-08 15:51:22.385] [INFO] console - MySQL:[object Object]
[2014-01-08 15:51:22.614] [INFO] console - [data sync component] load mapping file done.
[2014-01-08 15:51:25.049] [INFO] console - info: socket.io started
[2014-01-08 15:51:25.139] [INFO] pomelo-admin - [32m[/Users/dangvanhien/ARPG/ARPGGame/game-server/node_modules/pomelo/node_modules/pomelo-admin/lib/consoleService.js] [39mtry to connect master: "area", "127.0.0.1", 3005
[2014-01-08 15:51:25.538] [INFO] pomelo - [32m[/Users/dangvanhien/ARPG/ARPGGame/game-server/node_modules/pomelo/lib/application.js] [39m"area-server-1" enter after start...
[2014-01-08 15:51:25.539] [INFO] pomelo - [32m[/Users/dangvanhien/ARPG/ARPGGame/game-server/node_modules/pomelo/lib/application.js] [39m"area-server-1" finish start
[2014-01-08 15:51:53.698] [INFO] pomelo - [32m[/Users/dangvanhien/ARPG/ARPGGame/game-server/node_modules/pomelo/lib/application.js] [39mapplication inited: "area-server-1"
[2014-01-08 15:51:53.742] [INFO] console - /Users/dangvanhien/ARPG/ARPGGame/game-server
[2014-01-08 15:51:53.782] [INFO] console - VLTN
[2014-01-08 15:51:53.783] [INFO] console - MySQL:[object Object]
[2014-01-08 15:51:54.078] [INFO] console - [data sync component] load mapping file done.
[2014-01-08 15:51:56.313] [INFO] console - info: socket.io started
[2014-01-08 15:51:56.444] [INFO] pomelo-admin - [32m[/Users/dangvanhien/ARPG/ARPGGame/game-server/node_modules/pomelo/node_modules/pomelo-admin/lib/consoleService.js] [39mtry to connect master: "area", "127.0.0.1", 3005
[2014-01-08 15:51:57.034] [INFO] pomelo - [32m[/Users/dangvanhien/ARPG/ARPGGame/game-server/node_modules/pomelo/lib/application.js] [39m"area-server-1" enter after start...
[2014-01-08 15:51:57.038] [INFO] pomelo - [32m[/Users/dangvanhien/ARPG/ARPGGame/game-server/node_modules/pomelo/lib/application.js] [39m"area-server-1" finish start
[2014-01-08 16:03:55.486] [INFO] pomelo - [32m[/Users/dangvanhien/ARPG/ARPGGame/game-server/node_modules/pomelo/lib/application.js] [39mapplication inited: "area-server-1"
[2014-01-08 16:03:55.575] [INFO] console - /Users/dangvanhien/ARPG/ARPGGame/game-server
[2014-01-08 16:03:55.594] [INFO] console - VLTN
[2014-01-08 16:03:55.596] [INFO] console - MySQL:[object Object]
[2014-01-08 16:03:55.932] [INFO] console - [data sync component] load mapping file done.
[2014-01-08 16:03:58.343] [INFO] console - info: socket.io started
[2014-01-08 16:03:58.452] [INFO] pomelo-admin - [32m[/Users/dangvanhien/ARPG/ARPGGame/game-server/node_modules/pomelo/node_modules/pomelo-admin/lib/consoleService.js] [39mtry to connect master: "area", "127.0.0.1", 3005
[2014-01-08 16:03:58.946] [INFO] pomelo - [32m[/Users/dangvanhien/ARPG/ARPGGame/game-server/node_modules/pomelo/lib/application.js] [39m"area-server-1" enter after start...
[2014-01-08 16:03:58.949] [INFO] pomelo - [32m[/Users/dangvanhien/ARPG/ARPGGame/game-server/node_modules/pomelo/lib/application.js] [39m"area-server-1" finish start
[2014-01-08 16:07:11.649] [INFO] pomelo - [32m[/Users/dangvanhien/ARPG/ARPGGame/game-server/node_modules/pomelo/lib/application.js] [39mapplication inited: "area-server-1"
[2014-01-08 16:07:11.729] [INFO] console - /Users/dangvanhien/ARPG/ARPGGame/game-server
[2014-01-08 16:07:11.772] [INFO] console - VLTN
[2014-01-08 16:07:11.772] [INFO] console - MySQL:[object Object]
[2014-01-08 16:07:12.108] [INFO] console - [data sync component] load mapping file done.
[2014-01-08 16:07:13.923] [INFO] console - info: socket.io started
[2014-01-08 16:07:14.024] [INFO] pomelo-admin - [32m[/Users/dangvanhien/ARPG/ARPGGame/game-server/node_modules/pomelo/node_modules/pomelo-admin/lib/consoleService.js] [39mtry to connect master: "area", "127.0.0.1", 3005
[2014-01-08 16:07:14.458] [INFO] pomelo - [32m[/Users/dangvanhien/ARPG/ARPGGame/game-server/node_modules/pomelo/lib/application.js] [39m"area-server-1" enter after start...
[2014-01-08 16:07:14.461] [INFO] pomelo - [32m[/Users/dangvanhien/ARPG/ARPGGame/game-server/node_modules/pomelo/lib/application.js] [39m"area-server-1" finish start
[2014-01-08 16:30:43.353] [INFO] pomelo - [32m[/Users/dangvanhien/ARPG/ARPGGame/game-server/node_modules/pomelo/lib/application.js] [39mapplication inited: "area-server-1"
[2014-01-08 16:30:43.472] [INFO] console - /Users/dangvanhien/ARPG/ARPGGame/game-server
[2014-01-08 16:30:43.528] [INFO] console - VLTN
[2014-01-08 16:30:43.529] [INFO] console - MySQL:[object Object]
[2014-01-08 16:30:44.016] [INFO] console - [data sync component] load mapping file done.
[2014-01-08 16:30:46.561] [INFO] console - info: socket.io started
[2014-01-08 16:30:46.721] [INFO] pomelo-admin - [32m[/Users/dangvanhien/ARPG/ARPGGame/game-server/node_modules/pomelo/node_modules/pomelo-admin/lib/consoleService.js] [39mtry to connect master: "area", "127.0.0.1", 3005
[2014-01-08 16:30:47.563] [ERROR] pomelo-admin - [31m[/Users/dangvanhien/ARPG/ARPGGame/game-server/node_modules/pomelo/node_modules/pomelo-admin/lib/monitorAgent.js] [39mserver "area-server-1" "area" register master failed
[2014-01-08 19:52:54.535] [INFO] pomelo - [32m[/Users/dangvanhien/ARPG/ARPGGame/game-server/node_modules/pomelo/lib/application.js] [39mapplication inited: "area-server-1"
[2014-01-08 19:52:54.644] [INFO] console - /Users/dangvanhien/ARPG/ARPGGame/game-server
[2014-01-08 19:52:54.653] [INFO] console - VLTN
[2014-01-08 19:52:54.653] [INFO] console - MySQL:[object Object]
[2014-01-08 19:52:55.165] [INFO] console - [data sync component] load mapping file done.
[2014-01-08 19:52:58.616] [INFO] console - info: socket.io started
[2014-01-08 19:52:58.644] [INFO] pomelo-admin - [32m[/Users/dangvanhien/ARPG/ARPGGame/game-server/node_modules/pomelo/node_modules/pomelo-admin/lib/consoleService.js] [39mtry to connect master: "area", "127.0.0.1", 3005
[2014-01-08 19:52:59.562] [INFO] pomelo - [32m[/Users/dangvanhien/ARPG/ARPGGame/game-server/node_modules/pomelo/lib/application.js] [39m"area-server-1" enter after start...
[2014-01-08 19:52:59.564] [INFO] pomelo - [32m[/Users/dangvanhien/ARPG/ARPGGame/game-server/node_modules/pomelo/lib/application.js] [39m"area-server-1" finish start
[2014-01-09 09:15:10.706] [INFO] pomelo - [32m[/Users/dangvanhien/ARPG/ARPGGame/game-server/node_modules/pomelo/lib/application.js] [39mapplication inited: "area-server-1"
[2014-01-09 09:15:10.794] [INFO] console - /Users/dangvanhien/ARPG/ARPGGame/game-server
[2014-01-09 09:15:10.816] [INFO] console - VLTN
[2014-01-09 09:15:10.816] [INFO] console - MySQL:[object Object]
[2014-01-09 09:15:11.330] [INFO] console - [data sync component] load mapping file done.
[2014-01-09 09:15:13.957] [INFO] console - info: socket.io started
[2014-01-09 09:15:14.070] [INFO] pomelo-admin - [32m[/Users/dangvanhien/ARPG/ARPGGame/game-server/node_modules/pomelo/node_modules/pomelo-admin/lib/consoleService.js] [39mtry to connect master: "area", "127.0.0.1", 3005
[2014-01-09 09:15:14.945] [INFO] pomelo - [32m[/Users/dangvanhien/ARPG/ARPGGame/game-server/node_modules/pomelo/lib/application.js] [39m"area-server-1" enter after start...
[2014-01-09 09:15:14.957] [INFO] pomelo - [32m[/Users/dangvanhien/ARPG/ARPGGame/game-server/node_modules/pomelo/lib/application.js] [39m"area-server-1" finish start
[2014-01-09 09:16:41.631] [INFO] pomelo - [32m[/Users/dangvanhien/ARPG/ARPGGame/game-server/node_modules/pomelo/lib/application.js] [39mapplication inited: "area-server-1"
[2014-01-09 09:16:41.697] [INFO] console - /Users/dangvanhien/ARPG/ARPGGame/game-server
[2014-01-09 09:16:41.742] [INFO] console - VLTN
[2014-01-09 09:16:41.743] [INFO] console - MySQL:[object Object]
[2014-01-09 09:16:42.092] [INFO] console - [data sync component] load mapping file done.
[2014-01-09 09:16:44.391] [INFO] console - info: socket.io started
[2014-01-09 09:16:44.493] [INFO] pomelo-admin - [32m[/Users/dangvanhien/ARPG/ARPGGame/game-server/node_modules/pomelo/node_modules/pomelo-admin/lib/consoleService.js] [39mtry to connect master: "area", "127.0.0.1", 3005
[2014-01-09 09:16:45.095] [INFO] pomelo - [32m[/Users/dangvanhien/ARPG/ARPGGame/game-server/node_modules/pomelo/lib/application.js] [39m"area-server-1" enter after start...
[2014-01-09 09:16:45.101] [INFO] pomelo - [32m[/Users/dangvanhien/ARPG/ARPGGame/game-server/node_modules/pomelo/lib/application.js] [39m"area-server-1" finish start
[2014-01-09 09:22:03.219] [INFO] pomelo - [32m[/Users/dangvanhien/ARPG/ARPGGame/game-server/node_modules/pomelo/lib/application.js] [39mapplication inited: "area-server-1"
[2014-01-09 09:22:03.306] [INFO] console - /Users/dangvanhien/ARPG/ARPGGame/game-server
[2014-01-09 09:22:03.344] [INFO] console - VLTN
[2014-01-09 09:22:03.345] [INFO] console - MySQL:[object Object]
[2014-01-09 09:22:03.760] [INFO] console - [data sync component] load mapping file done.
[2014-01-09 09:22:06.990] [INFO] console - info: socket.io started
[2014-01-09 09:22:07.169] [INFO] pomelo-admin - [32m[/Users/dangvanhien/ARPG/ARPGGame/game-server/node_modules/pomelo/node_modules/pomelo-admin/lib/consoleService.js] [39mtry to connect master: "area", "127.0.0.1", 3005
[2014-01-09 09:22:08.051] [INFO] pomelo - [32m[/Users/dangvanhien/ARPG/ARPGGame/game-server/node_modules/pomelo/lib/application.js] [39m"area-server-1" enter after start...
[2014-01-09 09:22:08.054] [INFO] pomelo - [32m[/Users/dangvanhien/ARPG/ARPGGame/game-server/node_modules/pomelo/lib/application.js] [39m"area-server-1" finish start
[2014-01-09 09:29:55.384] [INFO] pomelo - [32m[/Users/dangvanhien/ARPG/ARPGGame/game-server/node_modules/pomelo/lib/application.js] [39mapplication inited: "area-server-1"
[2014-01-09 09:29:55.482] [INFO] console - /Users/dangvanhien/ARPG/ARPGGame/game-server
[2014-01-09 09:29:55.533] [INFO] console - VLTN
[2014-01-09 09:29:55.534] [INFO] console - MySQL:[object Object]
[2014-01-09 09:29:55.881] [INFO] console - [data sync component] load mapping file done.
[2014-01-09 09:29:58.444] [INFO] console - info: socket.io started
[2014-01-09 09:29:58.582] [INFO] pomelo-admin - [32m[/Users/dangvanhien/ARPG/ARPGGame/game-server/node_modules/pomelo/node_modules/pomelo-admin/lib/consoleService.js] [39mtry to connect master: "area", "127.0.0.1", 3005
[2014-01-09 09:29:59.192] [INFO] pomelo - [32m[/Users/dangvanhien/ARPG/ARPGGame/game-server/node_modules/pomelo/lib/application.js] [39m"area-server-1" enter after start...
[2014-01-09 09:29:59.270] [INFO] pomelo - [32m[/Users/dangvanhien/ARPG/ARPGGame/game-server/node_modules/pomelo/lib/application.js] [39m"area-server-1" finish start
[2014-01-09 09:33:07.492] [INFO] pomelo - [32m[/Users/dangvanhien/ARPG/ARPGGame/game-server/node_modules/pomelo/lib/application.js] [39mapplication inited: "area-server-1"
[2014-01-09 09:33:07.611] [INFO] console - /Users/dangvanhien/ARPG/ARPGGame/game-server
[2014-01-09 09:33:07.651] [INFO] console - VLTN
[2014-01-09 09:33:07.652] [INFO] console - MySQL:[object Object]
[2014-01-09 09:33:07.968] [INFO] console - [data sync component] load mapping file done.
[2014-01-09 09:33:10.219] [INFO] console - info: socket.io started
[2014-01-09 09:33:10.431] [INFO] pomelo-admin - [32m[/Users/dangvanhien/ARPG/ARPGGame/game-server/node_modules/pomelo/node_modules/pomelo-admin/lib/consoleService.js] [39mtry to connect master: "area", "127.0.0.1", 3005
[2014-01-09 09:33:11.045] [INFO] pomelo - [32m[/Users/dangvanhien/ARPG/ARPGGame/game-server/node_modules/pomelo/lib/application.js] [39m"area-server-1" enter after start...
[2014-01-09 09:33:11.047] [INFO] pomelo - [32m[/Users/dangvanhien/ARPG/ARPGGame/game-server/node_modules/pomelo/lib/application.js] [39m"area-server-1" finish start
[2014-01-09 09:36:15.753] [INFO] pomelo - [32m[/Users/dangvanhien/ARPG/ARPGGame/game-server/node_modules/pomelo/lib/application.js] [39mapplication inited: "area-server-1"
[2014-01-09 09:36:15.809] [INFO] console - /Users/dangvanhien/ARPG/ARPGGame/game-server
[2014-01-09 09:36:15.862] [INFO] console - VLTN
[2014-01-09 09:36:15.862] [INFO] console - MySQL:[object Object]
[2014-01-09 09:36:16.203] [INFO] console - [data sync component] load mapping file done.
[2014-01-09 09:36:18.549] [INFO] console - info: socket.io started
[2014-01-09 09:36:18.647] [INFO] pomelo-admin - [32m[/Users/dangvanhien/ARPG/ARPGGame/game-server/node_modules/pomelo/node_modules/pomelo-admin/lib/consoleService.js] [39mtry to connect master: "area", "127.0.0.1", 3005
[2014-01-09 09:36:19.093] [INFO] pomelo - [32m[/Users/dangvanhien/ARPG/ARPGGame/game-server/node_modules/pomelo/lib/application.js] [39m"area-server-1" enter after start...
[2014-01-09 09:36:19.095] [INFO] pomelo - [32m[/Users/dangvanhien/ARPG/ARPGGame/game-server/node_modules/pomelo/lib/application.js] [39m"area-server-1" finish start
[2014-01-09 09:43:39.551] [INFO] pomelo - [32m[/Users/dangvanhien/ARPG/ARPGGame/game-server/node_modules/pomelo/lib/application.js] [39mapplication inited: "area-server-1"
[2014-01-09 09:43:39.598] [INFO] console - /Users/dangvanhien/ARPG/ARPGGame/game-server
[2014-01-09 09:43:39.644] [INFO] console - VLTN
[2014-01-09 09:43:39.644] [INFO] console - MySQL:[object Object]
[2014-01-09 09:43:39.977] [INFO] console - [data sync component] load mapping file done.
[2014-01-09 09:43:42.429] [INFO] console - info: socket.io started
[2014-01-09 09:43:42.543] [INFO] pomelo-admin - [32m[/Users/dangvanhien/ARPG/ARPGGame/game-server/node_modules/pomelo/node_modules/pomelo-admin/lib/consoleService.js] [39mtry to connect master: "area", "127.0.0.1", 3005
[2014-01-09 09:43:43.078] [INFO] pomelo - [32m[/Users/dangvanhien/ARPG/ARPGGame/game-server/node_modules/pomelo/lib/application.js] [39m"area-server-1" enter after start...
[2014-01-09 09:43:43.080] [INFO] pomelo - [32m[/Users/dangvanhien/ARPG/ARPGGame/game-server/node_modules/pomelo/lib/application.js] [39m"area-server-1" finish start
[2014-01-09 09:45:58.746] [INFO] pomelo - [32m[/Users/dangvanhien/ARPG/ARPGGame/game-server/node_modules/pomelo/lib/application.js] [39mapplication inited: "area-server-1"
[2014-01-09 09:45:58.808] [INFO] console - /Users/dangvanhien/ARPG/ARPGGame/game-server
[2014-01-09 09:45:58.854] [INFO] console - VLTN
[2014-01-09 09:45:58.856] [INFO] console - MySQL:[object Object]
[2014-01-09 09:45:59.330] [INFO] console - [data sync component] load mapping file done.
[2014-01-09 09:46:02.604] [INFO] console - info: socket.io started
[2014-01-09 09:46:02.719] [INFO] pomelo-admin - [32m[/Users/dangvanhien/ARPG/ARPGGame/game-server/node_modules/pomelo/node_modules/pomelo-admin/lib/consoleService.js] [39mtry to connect master: "area", "127.0.0.1", 3005
[2014-01-09 09:46:03.419] [INFO] pomelo - [32m[/Users/dangvanhien/ARPG/ARPGGame/game-server/node_modules/pomelo/lib/application.js] [39m"area-server-1" enter after start...
[2014-01-09 09:46:03.485] [INFO] pomelo - [32m[/Users/dangvanhien/ARPG/ARPGGame/game-server/node_modules/pomelo/lib/application.js] [39m"area-server-1" finish start
[2014-01-09 09:50:51.559] [INFO] pomelo - [32m[/Users/dangvanhien/ARPG/ARPGGame/game-server/node_modules/pomelo/lib/application.js] [39mapplication inited: "area-server-1"
[2014-01-09 09:50:51.626] [INFO] console - /Users/dangvanhien/ARPG/ARPGGame/game-server
[2014-01-09 09:50:51.665] [INFO] console - VLTN
[2014-01-09 09:50:51.666] [INFO] console - MySQL:[object Object]
[2014-01-09 09:50:51.981] [INFO] console - [data sync component] load mapping file done.
[2014-01-09 09:50:54.425] [INFO] console - info: socket.io started
[2014-01-09 09:50:54.531] [INFO] pomelo-admin - [32m[/Users/dangvanhien/ARPG/ARPGGame/game-server/node_modules/pomelo/node_modules/pomelo-admin/lib/consoleService.js] [39mtry to connect master: "area", "127.0.0.1", 3005
[2014-01-09 09:50:55.177] [INFO] pomelo - [32m[/Users/dangvanhien/ARPG/ARPGGame/game-server/node_modules/pomelo/lib/application.js] [39m"area-server-1" enter after start...
[2014-01-09 09:50:55.186] [INFO] pomelo - [32m[/Users/dangvanhien/ARPG/ARPGGame/game-server/node_modules/pomelo/lib/application.js] [39m"area-server-1" finish start
[2014-01-09 09:56:20.732] [INFO] pomelo - [32m[/Users/dangvanhien/ARPG/ARPGGame/game-server/node_modules/pomelo/lib/application.js] [39mapplication inited: "area-server-1"
[2014-01-09 09:56:20.778] [INFO] console - /Users/dangvanhien/ARPG/ARPGGame/game-server
[2014-01-09 09:56:20.829] [INFO] console - VLTN
[2014-01-09 09:56:20.830] [INFO] console - MySQL:[object Object]
[2014-01-09 09:56:21.170] [INFO] console - [data sync component] load mapping file done.
[2014-01-09 09:56:23.228] [INFO] console - info: socket.io started
[2014-01-09 09:56:23.317] [INFO] pomelo-admin - [32m[/Users/dangvanhien/ARPG/ARPGGame/game-server/node_modules/pomelo/node_modules/pomelo-admin/lib/consoleService.js] [39mtry to connect master: "area", "127.0.0.1", 3005
[2014-01-09 09:56:24.040] [INFO] pomelo - [32m[/Users/dangvanhien/ARPG/ARPGGame/game-server/node_modules/pomelo/lib/application.js] [39m"area-server-1" enter after start...
[2014-01-09 09:56:24.042] [INFO] pomelo - [32m[/Users/dangvanhien/ARPG/ARPGGame/game-server/node_modules/pomelo/lib/application.js] [39m"area-server-1" finish start
[2014-01-09 09:59:28.087] [INFO] pomelo - [32m[/Users/dangvanhien/ARPG/ARPGGame/game-server/node_modules/pomelo/lib/application.js] [39mapplication inited: "area-server-1"
[2014-01-09 09:59:28.143] [INFO] console - /Users/dangvanhien/ARPG/ARPGGame/game-server
[2014-01-09 09:59:28.189] [INFO] console - VLTN
[2014-01-09 09:59:28.191] [INFO] console - MySQL:[object Object]
[2014-01-09 09:59:28.499] [INFO] console - [data sync component] load mapping file done.
[2014-01-09 09:59:30.940] [INFO] console - info: socket.io started
[2014-01-09 09:59:31.036] [INFO] pomelo-admin - [32m[/Users/dangvanhien/ARPG/ARPGGame/game-server/node_modules/pomelo/node_modules/pomelo-admin/lib/consoleService.js] [39mtry to connect master: "area", "127.0.0.1", 3005
[2014-01-09 09:59:31.675] [INFO] pomelo - [32m[/Users/dangvanhien/ARPG/ARPGGame/game-server/node_modules/pomelo/lib/application.js] [39m"area-server-1" enter after start...
[2014-01-09 09:59:31.677] [INFO] pomelo - [32m[/Users/dangvanhien/ARPG/ARPGGame/game-server/node_modules/pomelo/lib/application.js] [39m"area-server-1" finish start
[2014-01-09 10:02:23.744] [INFO] pomelo - [32m[/Users/dangvanhien/ARPG/ARPGGame/game-server/node_modules/pomelo/lib/application.js] [39mapplication inited: "area-server-1"
[2014-01-09 10:02:23.871] [INFO] console - /Users/dangvanhien/ARPG/ARPGGame/game-server
[2014-01-09 10:02:23.953] [INFO] console - VLTN
[2014-01-09 10:02:23.954] [INFO] console - MySQL:[object Object]
[2014-01-09 10:02:24.383] [INFO] console - [data sync component] load mapping file done.
[2014-01-09 10:02:27.614] [INFO] console - info: socket.io started
[2014-01-09 10:02:27.628] [ERROR] console -  Caught exception: Error: listen EADDRINUSE
    at errnoException (net.js:901:11)
    at Server._listen2 (net.js:1039:14)
    at listen (net.js:1061:10)
    at Server.listen (net.js:1127:5)
    at Object.exports.listen (/Users/dangvanhien/ARPG/ARPGGame/game-server/node_modules/pomelo/node_modules/socket.io/lib/socket.io.js:74:12)
    at pro.listen (/Users/dangvanhien/ARPG/ARPGGame/game-server/node_modules/pomelo/node_modules/pomelo-rpc/lib/rpc-server/acceptors/ws-acceptor.js:32:21)
    at pro.start (/Users/dangvanhien/ARPG/ARPGGame/game-server/node_modules/pomelo/node_modules/pomelo-rpc/lib/rpc-server/gateway.js:43:17)
    at pro.start (/Users/dangvanhien/ARPG/ARPGGame/game-server/node_modules/pomelo/lib/components/remote.js:54:15)
    at /Users/dangvanhien/ARPG/ARPGGame/game-server/node_modules/pomelo/lib/util/appUtil.js:84:19
    at iterate (/Users/dangvanhien/ARPG/ARPGGame/game-server/node_modules/pomelo/node_modules/async/lib/async.js:123:13)
[2014-01-09 10:02:27.764] [INFO] pomelo-admin - [32m[/Users/dangvanhien/ARPG/ARPGGame/game-server/node_modules/pomelo/node_modules/pomelo-admin/lib/consoleService.js] [39mtry to connect master: "area", "127.0.0.1", 3005
[2014-01-09 10:02:28.590] [INFO] pomelo - [32m[/Users/dangvanhien/ARPG/ARPGGame/game-server/node_modules/pomelo/lib/application.js] [39m"area-server-1" enter after start...
[2014-01-09 10:02:28.592] [INFO] pomelo - [32m[/Users/dangvanhien/ARPG/ARPGGame/game-server/node_modules/pomelo/lib/application.js] [39m"area-server-1" finish start
[2014-01-09 10:02:40.698] [INFO] pomelo - [32m[/Users/dangvanhien/ARPG/ARPGGame/game-server/node_modules/pomelo/lib/application.js] [39mapplication inited: "area-server-1"
[2014-01-09 10:02:40.717] [INFO] console - /Users/dangvanhien/ARPG/ARPGGame/game-server
[2014-01-09 10:02:40.725] [INFO] console - VLTN
[2014-01-09 10:02:40.726] [INFO] console - MySQL:[object Object]
[2014-01-09 10:02:41.087] [INFO] console - [data sync component] load mapping file done.
[2014-01-09 10:02:43.042] [INFO] console - info: socket.io started
[2014-01-09 10:02:43.114] [INFO] pomelo-admin - [32m[/Users/dangvanhien/ARPG/ARPGGame/game-server/node_modules/pomelo/node_modules/pomelo-admin/lib/consoleService.js] [39mtry to connect master: "area", "127.0.0.1", 3005
[2014-01-09 10:02:43.574] [INFO] pomelo - [32m[/Users/dangvanhien/ARPG/ARPGGame/game-server/node_modules/pomelo/lib/application.js] [39m"area-server-1" enter after start...
[2014-01-09 10:02:43.618] [INFO] pomelo - [32m[/Users/dangvanhien/ARPG/ARPGGame/game-server/node_modules/pomelo/lib/application.js] [39m"area-server-1" finish start
[2014-01-09 10:05:16.902] [INFO] pomelo - [32m[/Users/dangvanhien/ARPG/ARPGGame/game-server/node_modules/pomelo/lib/application.js] [39mapplication inited: "area-server-1"
[2014-01-09 10:05:16.956] [INFO] console - /Users/dangvanhien/ARPG/ARPGGame/game-server
[2014-01-09 10:05:17.005] [INFO] console - VLTN
[2014-01-09 10:05:17.006] [INFO] console - MySQL:[object Object]
[2014-01-09 10:05:17.336] [INFO] console - [data sync component] load mapping file done.
[2014-01-09 10:05:19.372] [INFO] console - info: socket.io started
[2014-01-09 10:05:19.436] [INFO] pomelo-admin - [32m[/Users/dangvanhien/ARPG/ARPGGame/game-server/node_modules/pomelo/node_modules/pomelo-admin/lib/consoleService.js] [39mtry to connect master: "area", "127.0.0.1", 3005
[2014-01-09 10:05:20.043] [INFO] pomelo - [32m[/Users/dangvanhien/ARPG/ARPGGame/game-server/node_modules/pomelo/lib/application.js] [39m"area-server-1" enter after start...
[2014-01-09 10:05:20.048] [INFO] pomelo - [32m[/Users/dangvanhien/ARPG/ARPGGame/game-server/node_modules/pomelo/lib/application.js] [39m"area-server-1" finish start
[2014-01-09 10:09:13.501] [INFO] pomelo - [32m[/Users/dangvanhien/ARPG/ARPGGame/game-server/node_modules/pomelo/lib/application.js] [39mapplication inited: "area-server-1"
[2014-01-09 10:09:13.560] [INFO] console - VLTN
[2014-01-09 10:09:13.562] [INFO] console - MySQL:[object Object]
[2014-01-09 10:09:13.819] [INFO] console - [data sync component] load mapping file done.
[2014-01-09 10:09:16.406] [INFO] console - info: socket.io started
[2014-01-09 10:09:16.468] [INFO] pomelo-admin - [32m[/Users/dangvanhien/ARPG/ARPGGame/game-server/node_modules/pomelo/node_modules/pomelo-admin/lib/consoleService.js] [39mtry to connect master: "area", "127.0.0.1", 3005
[2014-01-09 10:09:17.123] [INFO] pomelo - [32m[/Users/dangvanhien/ARPG/ARPGGame/game-server/node_modules/pomelo/lib/application.js] [39m"area-server-1" enter after start...
[2014-01-09 10:09:17.126] [INFO] pomelo - [32m[/Users/dangvanhien/ARPG/ARPGGame/game-server/node_modules/pomelo/lib/application.js] [39m"area-server-1" finish start
[2014-01-09 11:23:07.569] [INFO] pomelo - [32m[/Users/dangvanhien/ARPG/ARPGGame/game-server/node_modules/pomelo/lib/application.js] [39mapplication inited: "area-server-1"
[2014-01-09 11:23:07.637] [INFO] console - VLTN
[2014-01-09 11:23:07.664] [INFO] console - MySQL:[object Object]
[2014-01-09 11:23:07.919] [INFO] console - [data sync component] load mapping file done.
[2014-01-09 11:23:09.832] [INFO] console - info: socket.io started
[2014-01-09 11:23:09.877] [INFO] pomelo-admin - [32m[/Users/dangvanhien/ARPG/ARPGGame/game-server/node_modules/pomelo/node_modules/pomelo-admin/lib/consoleService.js] [39mtry to connect master: "area", "127.0.0.1", 3005
[2014-01-09 11:23:10.479] [INFO] pomelo - [32m[/Users/dangvanhien/ARPG/ARPGGame/game-server/node_modules/pomelo/lib/application.js] [39m"area-server-1" enter after start...
[2014-01-09 11:23:10.485] [INFO] pomelo - [32m[/Users/dangvanhien/ARPG/ARPGGame/game-server/node_modules/pomelo/lib/application.js] [39m"area-server-1" finish start
[2014-01-09 11:23:44.335] [INFO] pomelo - [32m[/Users/dangvanhien/ARPG/ARPGGame/game-server/node_modules/pomelo/lib/application.js] [39mapplication inited: "area-server-1"
[2014-01-09 11:23:44.428] [INFO] console - VLTN
[2014-01-09 11:23:44.429] [INFO] console - MySQL:[object Object]
[2014-01-09 11:23:44.782] [INFO] console - [data sync component] load mapping file done.
[2014-01-09 11:23:47.188] [INFO] console - info: socket.io started
[2014-01-09 11:23:47.283] [INFO] pomelo-admin - [32m[/Users/dangvanhien/ARPG/ARPGGame/game-server/node_modules/pomelo/node_modules/pomelo-admin/lib/consoleService.js] [39mtry to connect master: "area", "127.0.0.1", 3005
[2014-01-09 11:23:47.965] [INFO] pomelo - [32m[/Users/dangvanhien/ARPG/ARPGGame/game-server/node_modules/pomelo/lib/application.js] [39m"area-server-1" enter after start...
[2014-01-09 11:23:47.968] [INFO] pomelo - [32m[/Users/dangvanhien/ARPG/ARPGGame/game-server/node_modules/pomelo/lib/application.js] [39m"area-server-1" finish start
[2014-01-09 11:27:03.274] [INFO] pomelo - [32m[/Users/dangvanhien/ARPG/ARPGGame/game-server/node_modules/pomelo/lib/application.js] [39mapplication inited: "area-server-1"
[2014-01-09 11:27:03.331] [INFO] console - VLTN
[2014-01-09 11:27:03.368] [INFO] console - MySQL:[object Object]
[2014-01-09 11:27:03.658] [INFO] console - [data sync component] load mapping file done.
[2014-01-09 11:27:05.905] [INFO] console - info: socket.io started
[2014-01-09 11:27:06.051] [INFO] pomelo-admin - [32m[/Users/dangvanhien/ARPG/ARPGGame/game-server/node_modules/pomelo/node_modules/pomelo-admin/lib/consoleService.js] [39mtry to connect master: "area", "127.0.0.1", 3005
[2014-01-09 11:27:06.770] [INFO] pomelo - [32m[/Users/dangvanhien/ARPG/ARPGGame/game-server/node_modules/pomelo/lib/application.js] [39m"area-server-1" enter after start...
[2014-01-09 11:27:06.772] [INFO] pomelo - [32m[/Users/dangvanhien/ARPG/ARPGGame/game-server/node_modules/pomelo/lib/application.js] [39m"area-server-1" finish start
[2014-01-09 11:29:38.607] [INFO] pomelo - [32m[/Users/dangvanhien/ARPG/ARPGGame/game-server/node_modules/pomelo/lib/application.js] [39mapplication inited: "area-server-1"
[2014-01-09 11:29:38.670] [INFO] console - VLTN
[2014-01-09 11:29:38.717] [INFO] console - MySQL:[object Object]
[2014-01-09 11:29:38.990] [INFO] console - [data sync component] load mapping file done.
[2014-01-09 11:29:41.445] [INFO] console - info: socket.io started
[2014-01-09 11:29:41.495] [INFO] pomelo-admin - [32m[/Users/dangvanhien/ARPG/ARPGGame/game-server/node_modules/pomelo/node_modules/pomelo-admin/lib/consoleService.js] [39mtry to connect master: "area", "127.0.0.1", 3005
[2014-01-09 11:29:42.150] [INFO] pomelo - [32m[/Users/dangvanhien/ARPG/ARPGGame/game-server/node_modules/pomelo/lib/application.js] [39m"area-server-1" enter after start...
[2014-01-09 11:29:42.159] [INFO] pomelo - [32m[/Users/dangvanhien/ARPG/ARPGGame/game-server/node_modules/pomelo/lib/application.js] [39m"area-server-1" finish start
[2014-01-09 11:30:50.923] [INFO] pomelo - [32m[/Users/dangvanhien/ARPG/ARPGGame/game-server/node_modules/pomelo/lib/application.js] [39mapplication inited: "area-server-1"
[2014-01-09 11:30:51.066] [INFO] console - VLTN
[2014-01-09 11:30:51.068] [INFO] console - MySQL:[object Object]
[2014-01-09 11:30:51.384] [INFO] console - [data sync component] load mapping file done.
[2014-01-09 11:30:53.768] [INFO] console - info: socket.io started
[2014-01-09 11:30:53.882] [INFO] pomelo-admin - [32m[/Users/dangvanhien/ARPG/ARPGGame/game-server/node_modules/pomelo/node_modules/pomelo-admin/lib/consoleService.js] [39mtry to connect master: "area", "127.0.0.1", 3005
[2014-01-09 11:30:54.439] [INFO] pomelo - [32m[/Users/dangvanhien/ARPG/ARPGGame/game-server/node_modules/pomelo/lib/application.js] [39m"area-server-1" enter after start...
[2014-01-09 11:30:54.441] [INFO] pomelo - [32m[/Users/dangvanhien/ARPG/ARPGGame/game-server/node_modules/pomelo/lib/application.js] [39m"area-server-1" finish start
[2014-01-09 11:34:00.362] [INFO] pomelo - [32m[/Users/dangvanhien/ARPG/ARPGGame/game-server/node_modules/pomelo/lib/application.js] [39mapplication inited: "area-server-1"
[2014-01-09 11:34:00.421] [INFO] console - VLTN
[2014-01-09 11:34:00.470] [INFO] console - MySQL:[object Object]
[2014-01-09 11:34:00.763] [INFO] console - [data sync component] load mapping file done.
[2014-01-09 11:34:03.370] [INFO] console - info: socket.io started
[2014-01-09 11:34:03.451] [INFO] pomelo-admin - [32m[/Users/dangvanhien/ARPG/ARPGGame/game-server/node_modules/pomelo/node_modules/pomelo-admin/lib/consoleService.js] [39mtry to connect master: "area", "127.0.0.1", 3005
[2014-01-09 11:34:03.954] [INFO] pomelo - [32m[/Users/dangvanhien/ARPG/ARPGGame/game-server/node_modules/pomelo/lib/application.js] [39m"area-server-1" enter after start...
[2014-01-09 11:34:03.956] [INFO] pomelo - [32m[/Users/dangvanhien/ARPG/ARPGGame/game-server/node_modules/pomelo/lib/application.js] [39m"area-server-1" finish start
[2014-01-09 11:36:33.698] [INFO] pomelo - [32m[/Users/dangvanhien/ARPG/ARPGGame/game-server/node_modules/pomelo/lib/application.js] [39mapplication inited: "area-server-1"
[2014-01-09 11:36:33.763] [INFO] console - VLTN
[2014-01-09 11:36:33.806] [INFO] console - MySQL:[object Object]
[2014-01-09 11:36:34.135] [INFO] console - [data sync component] load mapping file done.
[2014-01-09 11:36:36.469] [INFO] console - info: socket.io started
[2014-01-09 11:36:36.574] [INFO] pomelo-admin - [32m[/Users/dangvanhien/ARPG/ARPGGame/game-server/node_modules/pomelo/node_modules/pomelo-admin/lib/consoleService.js] [39mtry to connect master: "area", "127.0.0.1", 3005
[2014-01-09 11:36:37.311] [INFO] pomelo - [32m[/Users/dangvanhien/ARPG/ARPGGame/game-server/node_modules/pomelo/lib/application.js] [39m"area-server-1" enter after start...
[2014-01-09 11:36:37.313] [INFO] pomelo - [32m[/Users/dangvanhien/ARPG/ARPGGame/game-server/node_modules/pomelo/lib/application.js] [39m"area-server-1" finish start
[2014-01-09 11:37:29.461] [INFO] pomelo - [32m[/Users/dangvanhien/ARPG/ARPGGame/game-server/node_modules/pomelo/lib/application.js] [39mapplication inited: "area-server-1"
[2014-01-09 11:37:29.569] [INFO] console - VLTN
[2014-01-09 11:37:29.619] [INFO] console - MySQL:[object Object]
[2014-01-09 11:37:29.964] [INFO] console - [data sync component] load mapping file done.
[2014-01-09 11:37:32.652] [INFO] console - info: socket.io started
[2014-01-09 11:37:32.773] [INFO] pomelo-admin - [32m[/Users/dangvanhien/ARPG/ARPGGame/game-server/node_modules/pomelo/node_modules/pomelo-admin/lib/consoleService.js] [39mtry to connect master: "area", "127.0.0.1", 3005
[2014-01-09 11:37:33.557] [INFO] pomelo - [32m[/Users/dangvanhien/ARPG/ARPGGame/game-server/node_modules/pomelo/lib/application.js] [39m"area-server-1" enter after start...
[2014-01-09 11:37:33.559] [INFO] pomelo - [32m[/Users/dangvanhien/ARPG/ARPGGame/game-server/node_modules/pomelo/lib/application.js] [39m"area-server-1" finish start
[2014-01-09 11:38:32.288] [INFO] pomelo - [32m[/Users/dangvanhien/ARPG/ARPGGame/game-server/node_modules/pomelo/lib/application.js] [39mapplication inited: "area-server-1"
[2014-01-09 11:38:32.365] [INFO] console - VLTN
[2014-01-09 11:38:32.396] [INFO] console - MySQL:[object Object]
[2014-01-09 11:38:32.698] [INFO] console - [data sync component] load mapping file done.
[2014-01-09 11:38:34.936] [INFO] console - info: socket.io started
[2014-01-09 11:38:35.002] [INFO] pomelo-admin - [32m[/Users/dangvanhien/ARPG/ARPGGame/game-server/node_modules/pomelo/node_modules/pomelo-admin/lib/consoleService.js] [39mtry to connect master: "area", "127.0.0.1", 3005
[2014-01-09 11:38:36.045] [INFO] pomelo - [32m[/Users/dangvanhien/ARPG/ARPGGame/game-server/node_modules/pomelo/lib/application.js] [39m"area-server-1" enter after start...
[2014-01-09 11:38:36.082] [INFO] pomelo - [32m[/Users/dangvanhien/ARPG/ARPGGame/game-server/node_modules/pomelo/lib/application.js] [39m"area-server-1" finish start
[2014-01-09 11:41:56.490] [INFO] pomelo - [32m[/Users/dangvanhien/ARPG/ARPGGame/game-server/node_modules/pomelo/lib/application.js] [39mapplication inited: "area-server-1"
[2014-01-09 11:41:56.609] [INFO] console - VLTN
[2014-01-09 11:41:56.659] [INFO] console - MySQL:[object Object]
[2014-01-09 11:41:56.983] [INFO] console - [data sync component] load mapping file done.
[2014-01-09 11:41:59.502] [INFO] console - info: socket.io started
[2014-01-09 11:41:59.570] [INFO] pomelo-admin - [32m[/Users/dangvanhien/ARPG/ARPGGame/game-server/node_modules/pomelo/node_modules/pomelo-admin/lib/consoleService.js] [39mtry to connect master: "area", "127.0.0.1", 3005
[2014-01-09 11:42:00.429] [INFO] pomelo - [32m[/Users/dangvanhien/ARPG/ARPGGame/game-server/node_modules/pomelo/lib/application.js] [39m"area-server-1" enter after start...
[2014-01-09 11:42:00.431] [INFO] pomelo - [32m[/Users/dangvanhien/ARPG/ARPGGame/game-server/node_modules/pomelo/lib/application.js] [39m"area-server-1" finish start
[2014-01-09 11:42:45.499] [INFO] pomelo - [32m[/Users/dangvanhien/ARPG/ARPGGame/game-server/node_modules/pomelo/lib/application.js] [39mapplication inited: "area-server-1"
[2014-01-09 11:42:45.580] [INFO] console - VLTN
[2014-01-09 11:42:45.581] [INFO] console - MySQL:[object Object]
[2014-01-09 11:42:45.987] [INFO] console - [data sync component] load mapping file done.
[2014-01-09 11:42:48.976] [INFO] console - info: socket.io started
[2014-01-09 11:42:49.080] [INFO] pomelo-admin - [32m[/Users/dangvanhien/ARPG/ARPGGame/game-server/node_modules/pomelo/node_modules/pomelo-admin/lib/consoleService.js] [39mtry to connect master: "area", "127.0.0.1", 3005
[2014-01-09 11:42:49.960] [INFO] pomelo - [32m[/Users/dangvanhien/ARPG/ARPGGame/game-server/node_modules/pomelo/lib/application.js] [39m"area-server-1" enter after start...
[2014-01-09 11:42:49.964] [INFO] pomelo - [32m[/Users/dangvanhien/ARPG/ARPGGame/game-server/node_modules/pomelo/lib/application.js] [39m"area-server-1" finish start
[2014-01-09 11:44:05.306] [INFO] pomelo - [32m[/Users/dangvanhien/ARPG/ARPGGame/game-server/node_modules/pomelo/lib/application.js] [39mapplication inited: "area-server-1"
[2014-01-09 11:44:05.401] [INFO] console - VLTN
[2014-01-09 11:44:05.476] [INFO] console - MySQL:[object Object]
[2014-01-09 11:44:05.880] [INFO] console - [data sync component] load mapping file done.
[2014-01-09 11:44:08.510] [INFO] console - info: socket.io started
[2014-01-09 11:44:08.605] [INFO] pomelo-admin - [32m[/Users/dangvanhien/ARPG/ARPGGame/game-server/node_modules/pomelo/node_modules/pomelo-admin/lib/consoleService.js] [39mtry to connect master: "area", "127.0.0.1", 3005
[2014-01-09 11:44:09.333] [INFO] pomelo - [32m[/Users/dangvanhien/ARPG/ARPGGame/game-server/node_modules/pomelo/lib/application.js] [39m"area-server-1" enter after start...
[2014-01-09 11:44:09.335] [INFO] pomelo - [32m[/Users/dangvanhien/ARPG/ARPGGame/game-server/node_modules/pomelo/lib/application.js] [39m"area-server-1" finish start
[2014-01-09 11:45:13.386] [INFO] pomelo - [32m[/Users/dangvanhien/ARPG/ARPGGame/game-server/node_modules/pomelo/lib/application.js] [39mapplication inited: "area-server-1"
[2014-01-09 11:45:13.478] [INFO] console - VLTN
[2014-01-09 11:45:13.480] [INFO] console - MySQL:[object Object]
[2014-01-09 11:45:13.758] [INFO] console - [data sync component] load mapping file done.
[2014-01-09 11:45:16.161] [INFO] console - info: socket.io started
[2014-01-09 11:45:16.308] [INFO] pomelo-admin - [32m[/Users/dangvanhien/ARPG/ARPGGame/game-server/node_modules/pomelo/node_modules/pomelo-admin/lib/consoleService.js] [39mtry to connect master: "area", "127.0.0.1", 3005
[2014-01-09 11:45:16.865] [INFO] pomelo - [32m[/Users/dangvanhien/ARPG/ARPGGame/game-server/node_modules/pomelo/lib/application.js] [39m"area-server-1" enter after start...
[2014-01-09 11:45:16.867] [INFO] pomelo - [32m[/Users/dangvanhien/ARPG/ARPGGame/game-server/node_modules/pomelo/lib/application.js] [39m"area-server-1" finish start
[2014-01-09 11:47:44.045] [INFO] pomelo - [32m[/Users/dangvanhien/ARPG/ARPGGame/game-server/node_modules/pomelo/lib/application.js] [39mapplication inited: "area-server-1"
[2014-01-09 11:47:44.143] [INFO] console - VLTN
[2014-01-09 11:47:44.145] [INFO] console - MySQL:[object Object]
[2014-01-09 11:47:44.419] [INFO] console - [data sync component] load mapping file done.
[2014-01-09 11:47:46.608] [INFO] console - info: socket.io started
[2014-01-09 11:47:46.699] [INFO] pomelo-admin - [32m[/Users/dangvanhien/ARPG/ARPGGame/game-server/node_modules/pomelo/node_modules/pomelo-admin/lib/consoleService.js] [39mtry to connect master: "area", "127.0.0.1", 3005
[2014-01-09 11:47:47.322] [INFO] pomelo - [32m[/Users/dangvanhien/ARPG/ARPGGame/game-server/node_modules/pomelo/lib/application.js] [39m"area-server-1" enter after start...
[2014-01-09 11:47:47.326] [INFO] pomelo - [32m[/Users/dangvanhien/ARPG/ARPGGame/game-server/node_modules/pomelo/lib/application.js] [39m"area-server-1" finish start
[2014-01-09 11:50:43.642] [INFO] pomelo - [32m[/Users/dangvanhien/ARPG/ARPGGame/game-server/node_modules/pomelo/lib/application.js] [39mapplication inited: "area-server-1"
[2014-01-09 11:50:43.748] [INFO] console - VLTN
[2014-01-09 11:50:43.786] [INFO] console - MySQL:[object Object]
[2014-01-09 11:50:44.069] [INFO] console - [data sync component] load mapping file done.
[2014-01-09 11:50:48.027] [INFO] console - info: socket.io started
[2014-01-09 11:50:48.200] [INFO] pomelo-admin - [32m[/Users/dangvanhien/ARPG/ARPGGame/game-server/node_modules/pomelo/node_modules/pomelo-admin/lib/consoleService.js] [39mtry to connect master: "area", "127.0.0.1", 3005
[2014-01-09 11:50:48.824] [INFO] pomelo - [32m[/Users/dangvanhien/ARPG/ARPGGame/game-server/node_modules/pomelo/lib/application.js] [39m"area-server-1" enter after start...
[2014-01-09 11:50:48.869] [INFO] pomelo - [32m[/Users/dangvanhien/ARPG/ARPGGame/game-server/node_modules/pomelo/lib/application.js] [39m"area-server-1" finish start
[2014-01-09 11:50:57.954] [INFO] pomelo - [32m[/Users/dangvanhien/ARPG/ARPGGame/game-server/node_modules/pomelo/lib/application.js] [39mapplication inited: "area-server-1"
[2014-01-09 11:50:58.018] [INFO] console - VLTN
[2014-01-09 11:50:58.043] [INFO] console - MySQL:[object Object]
[2014-01-09 11:50:58.347] [INFO] console - [data sync component] load mapping file done.
[2014-01-09 11:51:00.528] [INFO] console - info: socket.io started
[2014-01-09 11:51:00.573] [INFO] pomelo-admin - [32m[/Users/dangvanhien/ARPG/ARPGGame/game-server/node_modules/pomelo/node_modules/pomelo-admin/lib/consoleService.js] [39mtry to connect master: "area", "127.0.0.1", 3005
[2014-01-09 11:51:01.231] [INFO] pomelo - [32m[/Users/dangvanhien/ARPG/ARPGGame/game-server/node_modules/pomelo/lib/application.js] [39m"area-server-1" enter after start...
[2014-01-09 11:51:01.234] [INFO] pomelo - [32m[/Users/dangvanhien/ARPG/ARPGGame/game-server/node_modules/pomelo/lib/application.js] [39m"area-server-1" finish start
[2014-01-09 11:51:55.204] [INFO] pomelo - [32m[/Users/dangvanhien/ARPG/ARPGGame/game-server/node_modules/pomelo/lib/application.js] [39mapplication inited: "area-server-1"
[2014-01-09 11:51:55.263] [INFO] console - VLTN
[2014-01-09 11:51:55.297] [INFO] console - MySQL:[object Object]
[2014-01-09 11:51:55.600] [INFO] console - [data sync component] load mapping file done.
[2014-01-09 11:51:58.023] [INFO] console - info: socket.io started
[2014-01-09 11:51:58.097] [INFO] pomelo-admin - [32m[/Users/dangvanhien/ARPG/ARPGGame/game-server/node_modules/pomelo/node_modules/pomelo-admin/lib/consoleService.js] [39mtry to connect master: "area", "127.0.0.1", 3005
[2014-01-09 11:51:58.715] [INFO] pomelo - [32m[/Users/dangvanhien/ARPG/ARPGGame/game-server/node_modules/pomelo/lib/application.js] [39m"area-server-1" enter after start...
[2014-01-09 11:51:58.717] [INFO] pomelo - [32m[/Users/dangvanhien/ARPG/ARPGGame/game-server/node_modules/pomelo/lib/application.js] [39m"area-server-1" finish start
[2014-01-09 11:52:55.163] [INFO] pomelo - [32m[/Users/dangvanhien/ARPG/ARPGGame/game-server/node_modules/pomelo/lib/application.js] [39mapplication inited: "area-server-1"
[2014-01-09 11:52:55.256] [INFO] console - VLTN
[2014-01-09 11:52:55.258] [INFO] console - MySQL:[object Object]
[2014-01-09 11:52:55.625] [INFO] console - [data sync component] load mapping file done.
[2014-01-09 11:52:58.047] [INFO] console - info: socket.io started
[2014-01-09 11:52:58.161] [INFO] pomelo-admin - [32m[/Users/dangvanhien/ARPG/ARPGGame/game-server/node_modules/pomelo/node_modules/pomelo-admin/lib/consoleService.js] [39mtry to connect master: "area", "127.0.0.1", 3005
[2014-01-09 11:52:58.880] [INFO] pomelo - [32m[/Users/dangvanhien/ARPG/ARPGGame/game-server/node_modules/pomelo/lib/application.js] [39m"area-server-1" enter after start...
[2014-01-09 11:52:58.883] [INFO] pomelo - [32m[/Users/dangvanhien/ARPG/ARPGGame/game-server/node_modules/pomelo/lib/application.js] [39m"area-server-1" finish start
[2014-01-09 11:53:55.903] [INFO] pomelo - [32m[/Users/dangvanhien/ARPG/ARPGGame/game-server/node_modules/pomelo/lib/application.js] [39mapplication inited: "area-server-1"
[2014-01-09 11:53:55.964] [INFO] console - VLTN
[2014-01-09 11:53:55.966] [INFO] console - MySQL:[object Object]
[2014-01-09 11:53:56.295] [INFO] console - [data sync component] load mapping file done.
[2014-01-09 11:53:58.388] [INFO] console - info: socket.io started
[2014-01-09 11:53:58.503] [INFO] pomelo-admin - [32m[/Users/dangvanhien/ARPG/ARPGGame/game-server/node_modules/pomelo/node_modules/pomelo-admin/lib/consoleService.js] [39mtry to connect master: "area", "127.0.0.1", 3005
[2014-01-09 11:53:59.090] [INFO] pomelo - [32m[/Users/dangvanhien/ARPG/ARPGGame/game-server/node_modules/pomelo/lib/application.js] [39m"area-server-1" enter after start...
[2014-01-09 11:53:59.092] [INFO] pomelo - [32m[/Users/dangvanhien/ARPG/ARPGGame/game-server/node_modules/pomelo/lib/application.js] [39m"area-server-1" finish start
[2014-01-09 11:55:02.287] [INFO] pomelo - [32m[/Users/dangvanhien/ARPG/ARPGGame/game-server/node_modules/pomelo/lib/application.js] [39mapplication inited: "area-server-1"
[2014-01-09 11:55:02.309] [INFO] console - VLTN
[2014-01-09 11:55:02.415] [INFO] console - MySQL:[object Object]
[2014-01-09 11:55:02.727] [INFO] console - [data sync component] load mapping file done.
[2014-01-09 11:55:04.997] [INFO] console - info: socket.io started
[2014-01-09 11:55:05.050] [INFO] pomelo-admin - [32m[/Users/dangvanhien/ARPG/ARPGGame/game-server/node_modules/pomelo/node_modules/pomelo-admin/lib/consoleService.js] [39mtry to connect master: "area", "127.0.0.1", 3005
[2014-01-09 11:55:05.819] [INFO] pomelo - [32m[/Users/dangvanhien/ARPG/ARPGGame/game-server/node_modules/pomelo/lib/application.js] [39m"area-server-1" enter after start...
[2014-01-09 11:55:05.990] [INFO] pomelo - [32m[/Users/dangvanhien/ARPG/ARPGGame/game-server/node_modules/pomelo/lib/application.js] [39m"area-server-1" finish start
[2014-01-09 13:15:49.987] [INFO] pomelo - [32m[/Users/dangvanhien/ARPG/ARPGGame/game-server/node_modules/pomelo/lib/application.js] [39mapplication inited: "area-server-1"
[2014-01-09 13:15:50.118] [INFO] console - VLTN
[2014-01-09 13:15:50.120] [INFO] console - MySQL:[object Object]
[2014-01-09 13:15:50.441] [INFO] console - [data sync component] load mapping file done.
[2014-01-09 13:15:52.992] [INFO] console - info: socket.io started
[2014-01-09 13:15:53.067] [INFO] pomelo-admin - [32m[/Users/dangvanhien/ARPG/ARPGGame/game-server/node_modules/pomelo/node_modules/pomelo-admin/lib/consoleService.js] [39mtry to connect master: "area", "127.0.0.1", 3005
[2014-01-09 13:15:53.773] [INFO] pomelo - [32m[/Users/dangvanhien/ARPG/ARPGGame/game-server/node_modules/pomelo/lib/application.js] [39m"area-server-1" enter after start...
[2014-01-09 13:15:53.776] [INFO] pomelo - [32m[/Users/dangvanhien/ARPG/ARPGGame/game-server/node_modules/pomelo/lib/application.js] [39m"area-server-1" finish start
[2014-01-09 13:18:52.837] [INFO] pomelo - [32m[/Users/dangvanhien/ARPG/ARPGGame/game-server/node_modules/pomelo/lib/application.js] [39mapplication inited: "area-server-1"
[2014-01-09 13:18:52.943] [INFO] console - VLTN
[2014-01-09 13:18:52.944] [INFO] console - MySQL:[object Object]
[2014-01-09 13:18:53.209] [INFO] console - [data sync component] load mapping file done.
[2014-01-09 13:18:55.723] [INFO] console - info: socket.io started
[2014-01-09 13:18:55.822] [INFO] pomelo-admin - [32m[/Users/dangvanhien/ARPG/ARPGGame/game-server/node_modules/pomelo/node_modules/pomelo-admin/lib/consoleService.js] [39mtry to connect master: "area", "127.0.0.1", 3005
[2014-01-09 13:18:56.837] [INFO] pomelo - [32m[/Users/dangvanhien/ARPG/ARPGGame/game-server/node_modules/pomelo/lib/application.js] [39m"area-server-1" enter after start...
[2014-01-09 13:18:56.840] [INFO] pomelo - [32m[/Users/dangvanhien/ARPG/ARPGGame/game-server/node_modules/pomelo/lib/application.js] [39m"area-server-1" finish start
[2014-01-09 13:20:07.938] [INFO] pomelo - [32m[/Users/dangvanhien/ARPG/ARPGGame/game-server/node_modules/pomelo/lib/application.js] [39mapplication inited: "area-server-1"
[2014-01-09 13:20:08.057] [INFO] console - VLTN
[2014-01-09 13:20:08.059] [INFO] console - MySQL:[object Object]
[2014-01-09 13:20:08.366] [INFO] console - [data sync component] load mapping file done.
[2014-01-09 13:20:11.051] [INFO] console - info: socket.io started
[2014-01-09 13:20:11.117] [INFO] pomelo-admin - [32m[/Users/dangvanhien/ARPG/ARPGGame/game-server/node_modules/pomelo/node_modules/pomelo-admin/lib/consoleService.js] [39mtry to connect master: "area", "127.0.0.1", 3005
[2014-01-09 13:20:11.749] [INFO] pomelo - [32m[/Users/dangvanhien/ARPG/ARPGGame/game-server/node_modules/pomelo/lib/application.js] [39m"area-server-1" enter after start...
[2014-01-09 13:20:11.751] [INFO] pomelo - [32m[/Users/dangvanhien/ARPG/ARPGGame/game-server/node_modules/pomelo/lib/application.js] [39m"area-server-1" finish start
[2014-01-09 13:35:56.048] [INFO] pomelo - [32m[/Users/dangvanhien/ARPG/ARPGGame/game-server/node_modules/pomelo/lib/application.js] [39mapplication inited: "area-server-1"
[2014-01-09 13:35:56.152] [INFO] console - VLTN
[2014-01-09 13:35:56.153] [INFO] console - MySQL:[object Object]
[2014-01-09 13:35:56.560] [INFO] console - [data sync component] load mapping file done.
[2014-01-09 13:35:59.198] [INFO] console - info: socket.io started
[2014-01-09 13:35:59.319] [INFO] pomelo-admin - [32m[/Users/dangvanhien/ARPG/ARPGGame/game-server/node_modules/pomelo/node_modules/pomelo-admin/lib/consoleService.js] [39mtry to connect master: "area", "192.168.1.100", 3005
[2014-01-09 13:35:59.938] [INFO] pomelo - [32m[/Users/dangvanhien/ARPG/ARPGGame/game-server/node_modules/pomelo/lib/application.js] [39m"area-server-1" enter after start...
[2014-01-09 13:35:59.940] [INFO] pomelo - [32m[/Users/dangvanhien/ARPG/ARPGGame/game-server/node_modules/pomelo/lib/application.js] [39m"area-server-1" finish start
[2014-01-09 13:36:27.299] [INFO] pomelo - [32m[/Users/dangvanhien/ARPG/ARPGGame/game-server/node_modules/pomelo/lib/application.js] [39mapplication inited: "area-server-1"
[2014-01-09 13:36:27.389] [INFO] console - VLTN
[2014-01-09 13:36:27.405] [INFO] console - MySQL:[object Object]
[2014-01-09 13:36:27.670] [INFO] console - [data sync component] load mapping file done.
[2014-01-09 13:36:29.575] [INFO] console - info: socket.io started
[2014-01-09 13:36:29.668] [INFO] pomelo-admin - [32m[/Users/dangvanhien/ARPG/ARPGGame/game-server/node_modules/pomelo/node_modules/pomelo-admin/lib/consoleService.js] [39mtry to connect master: "area", "192.168.1.100", 3005
[2014-01-09 13:36:30.222] [INFO] pomelo - [32m[/Users/dangvanhien/ARPG/ARPGGame/game-server/node_modules/pomelo/lib/application.js] [39m"area-server-1" enter after start...
[2014-01-09 13:36:30.225] [INFO] pomelo - [32m[/Users/dangvanhien/ARPG/ARPGGame/game-server/node_modules/pomelo/lib/application.js] [39m"area-server-1" finish start
