[2013-12-23 14:17:30.360] [INFO] pomelo - [32m[/Users/dangvanhien/ARPG/ARPGGame/game-server/node_modules/pomelo/lib/application.js] [39mapplication inited: "area-server-2"
[2013-12-23 14:17:30.440] [INFO] console - /Users/dangvanhien/ARPG/ARPGGame/game-server
[2013-12-23 14:17:30.450] [INFO] console - VLTN
[2013-12-23 14:17:30.451] [INFO] console - MySQL:[object Object]
[2013-12-23 14:17:31.083] [INFO] console - [data sync component] load mapping file done.
[2013-12-23 14:17:34.102] [INFO] console - info: socket.io started
[2013-12-23 14:17:34.292] [INFO] pomelo-admin - [32m[/Users/dangvanhien/ARPG/ARPGGame/game-server/node_modules/pomelo/node_modules/pomelo-admin/lib/consoleService.js] [39mtry to connect master: "area", "127.0.0.1", 3005
[2013-12-23 14:17:34.979] [INFO] pomelo - [32m[/Users/dangvanhien/ARPG/ARPGGame/game-server/node_modules/pomelo/lib/application.js] [39m"area-server-2" enter after start...
[2013-12-23 14:17:34.981] [INFO] pomelo - [32m[/Users/dangvanhien/ARPG/ARPGGame/game-server/node_modules/pomelo/lib/application.js] [39m"area-server-2" finish start
[2013-12-23 14:18:06.742] [INFO] pomelo - [32m[/Users/dangvanhien/ARPG/ARPGGame/game-server/node_modules/pomelo/lib/application.js] [39mapplication inited: "area-server-2"
[2013-12-23 14:18:06.825] [INFO] console - /Users/dangvanhien/ARPG/ARPGGame/game-server
[2013-12-23 14:18:06.873] [INFO] console - VLTN
[2013-12-23 14:18:06.873] [INFO] console - MySQL:[object Object]
[2013-12-23 14:18:07.172] [INFO] console - [data sync component] load mapping file done.
[2013-12-23 14:18:10.178] [INFO] console - info: socket.io started
[2013-12-23 14:18:10.336] [INFO] pomelo-admin - [32m[/Users/dangvanhien/ARPG/ARPGGame/game-server/node_modules/pomelo/node_modules/pomelo-admin/lib/consoleService.js] [39mtry to connect master: "area", "127.0.0.1", 3005
[2013-12-23 14:18:11.166] [INFO] pomelo - [32m[/Users/dangvanhien/ARPG/ARPGGame/game-server/node_modules/pomelo/lib/application.js] [39m"area-server-2" enter after start...
[2013-12-23 14:18:11.168] [INFO] pomelo - [32m[/Users/dangvanhien/ARPG/ARPGGame/game-server/node_modules/pomelo/lib/application.js] [39m"area-server-2" finish start
[2013-12-24 09:54:38.019] [INFO] pomelo - [32m[/Users/dangvanhien/ARPG/ARPGGame/game-server/node_modules/pomelo/lib/application.js] [39mapplication inited: "area-server-2"
[2013-12-24 09:54:38.046] [INFO] console - /Users/dangvanhien/ARPG/ARPGGame/game-server
[2013-12-24 09:54:38.143] [INFO] console - VLTN
[2013-12-24 09:54:38.144] [INFO] console - MySQL:[object Object]
[2013-12-24 09:54:38.453] [INFO] console - [data sync component] load mapping file done.
[2013-12-24 09:54:40.833] [ERROR] console -  Caught exception: Error: Cannot find module '../../../domain/area/instancePool'
    at Function.Module._resolveFilename (module.js:338:15)
    at Function.Module._load (module.js:280:25)
    at Module.require (module.js:364:17)
    at require (module.js:380:17)
    at Object.<anonymous> (/Users/dangvanhien/ARPG/ARPGGame/game-server/app/servers/area/remote/areaRemote.js:2:20)
    at Module._compile (module.js:456:26)
    at Object.Module._extensions..js (module.js:474:10)
    at Module.load (module.js:356:32)
    at Function.Module._load (module.js:312:12)
    at Module.require (module.js:364:17)
[2013-12-24 09:55:27.513] [INFO] pomelo - [32m[/Users/dangvanhien/ARPG/ARPGGame/game-server/node_modules/pomelo/lib/application.js] [39mapplication inited: "area-server-2"
[2013-12-24 09:55:27.531] [INFO] console - /Users/dangvanhien/ARPG/ARPGGame/game-server
[2013-12-24 09:55:27.577] [INFO] console - VLTN
[2013-12-24 09:55:27.577] [INFO] console - MySQL:[object Object]
[2013-12-24 09:55:27.886] [INFO] console - [data sync component] load mapping file done.
[2013-12-24 09:55:29.643] [ERROR] console -  Caught exception: Error: Cannot find module '../../../domain/area/instancePool'
    at Function.Module._resolveFilename (module.js:338:15)
    at Function.Module._load (module.js:280:25)
    at Module.require (module.js:364:17)
    at require (module.js:380:17)
    at Object.<anonymous> (/Users/dangvanhien/ARPG/ARPGGame/game-server/app/servers/area/remote/areaRemote.js:2:20)
    at Module._compile (module.js:456:26)
    at Object.Module._extensions..js (module.js:474:10)
    at Module.load (module.js:356:32)
    at Function.Module._load (module.js:312:12)
    at Module.require (module.js:364:17)
[2013-12-24 09:56:06.018] [INFO] pomelo - [32m[/Users/dangvanhien/ARPG/ARPGGame/game-server/node_modules/pomelo/lib/application.js] [39mapplication inited: "area-server-2"
[2013-12-24 09:56:06.068] [INFO] console - /Users/dangvanhien/ARPG/ARPGGame/game-server
[2013-12-24 09:56:06.077] [INFO] console - VLTN
[2013-12-24 09:56:06.078] [INFO] console - MySQL:[object Object]
[2013-12-24 09:56:06.416] [INFO] console - [data sync component] load mapping file done.
[2013-12-24 09:56:08.550] [ERROR] console -  Caught exception: Error: Cannot find module '../../../domain/area/instancePool'
    at Function.Module._resolveFilename (module.js:338:15)
    at Function.Module._load (module.js:280:25)
    at Module.require (module.js:364:17)
    at require (module.js:380:17)
    at Object.<anonymous> (/Users/dangvanhien/ARPG/ARPGGame/game-server/app/servers/area/remote/areaRemote.js:2:20)
    at Module._compile (module.js:456:26)
    at Object.Module._extensions..js (module.js:474:10)
    at Module.load (module.js:356:32)
    at Function.Module._load (module.js:312:12)
    at Module.require (module.js:364:17)
[2013-12-24 09:56:30.947] [INFO] pomelo - [32m[/Users/dangvanhien/ARPG/ARPGGame/game-server/node_modules/pomelo/lib/application.js] [39mapplication inited: "area-server-2"
[2013-12-24 09:56:31.003] [INFO] console - /Users/dangvanhien/ARPG/ARPGGame/game-server
[2013-12-24 09:56:31.015] [INFO] console - VLTN
[2013-12-24 09:56:31.016] [INFO] console - MySQL:[object Object]
[2013-12-24 09:56:31.368] [INFO] console - [data sync component] load mapping file done.
[2013-12-24 09:56:33.448] [INFO] console - info: socket.io started
[2013-12-24 09:56:33.587] [INFO] pomelo-admin - [32m[/Users/dangvanhien/ARPG/ARPGGame/game-server/node_modules/pomelo/node_modules/pomelo-admin/lib/consoleService.js] [39mtry to connect master: "area", "127.0.0.1", 3005
[2013-12-24 09:56:34.061] [INFO] pomelo - [32m[/Users/dangvanhien/ARPG/ARPGGame/game-server/node_modules/pomelo/lib/application.js] [39m"area-server-2" enter after start...
[2013-12-24 09:56:34.063] [INFO] pomelo - [32m[/Users/dangvanhien/ARPG/ARPGGame/game-server/node_modules/pomelo/lib/application.js] [39m"area-server-2" finish start
[2013-12-24 09:57:43.573] [INFO] pomelo - [32m[/Users/dangvanhien/ARPG/ARPGGame/game-server/node_modules/pomelo/lib/application.js] [39mapplication inited: "area-server-2"
[2013-12-24 09:57:43.694] [INFO] console - /Users/dangvanhien/ARPG/ARPGGame/game-server
[2013-12-24 09:57:43.754] [INFO] console - VLTN
[2013-12-24 09:57:43.755] [INFO] console - MySQL:[object Object]
[2013-12-24 09:57:44.148] [INFO] console - [data sync component] load mapping file done.
[2013-12-24 09:57:46.823] [INFO] console - info: socket.io started
[2013-12-24 09:57:46.958] [INFO] pomelo-admin - [32m[/Users/dangvanhien/ARPG/ARPGGame/game-server/node_modules/pomelo/node_modules/pomelo-admin/lib/consoleService.js] [39mtry to connect master: "area", "127.0.0.1", 3005
[2013-12-24 09:57:47.597] [INFO] pomelo - [32m[/Users/dangvanhien/ARPG/ARPGGame/game-server/node_modules/pomelo/lib/application.js] [39m"area-server-2" enter after start...
[2013-12-24 09:57:47.600] [INFO] pomelo - [32m[/Users/dangvanhien/ARPG/ARPGGame/game-server/node_modules/pomelo/lib/application.js] [39m"area-server-2" finish start
[2013-12-24 09:59:02.846] [INFO] pomelo - [32m[/Users/dangvanhien/ARPG/ARPGGame/game-server/node_modules/pomelo/lib/application.js] [39mapplication inited: "area-server-2"
[2013-12-24 09:59:02.885] [INFO] console - /Users/dangvanhien/ARPG/ARPGGame/game-server
[2013-12-24 09:59:02.894] [INFO] console - VLTN
[2013-12-24 09:59:02.894] [INFO] console - MySQL:[object Object]
[2013-12-24 09:59:03.248] [INFO] console - [data sync component] load mapping file done.
[2013-12-24 09:59:05.251] [INFO] console - info: socket.io started
[2013-12-24 09:59:05.350] [INFO] pomelo-admin - [32m[/Users/dangvanhien/ARPG/ARPGGame/game-server/node_modules/pomelo/node_modules/pomelo-admin/lib/consoleService.js] [39mtry to connect master: "area", "127.0.0.1", 3005
[2013-12-24 09:59:05.941] [INFO] pomelo - [32m[/Users/dangvanhien/ARPG/ARPGGame/game-server/node_modules/pomelo/lib/application.js] [39m"area-server-2" enter after start...
[2013-12-24 09:59:05.943] [INFO] pomelo - [32m[/Users/dangvanhien/ARPG/ARPGGame/game-server/node_modules/pomelo/lib/application.js] [39m"area-server-2" finish start
[2013-12-24 10:00:49.735] [INFO] pomelo - [32m[/Users/dangvanhien/ARPG/ARPGGame/game-server/node_modules/pomelo/lib/application.js] [39mapplication inited: "area-server-2"
[2013-12-24 10:00:49.786] [INFO] console - /Users/dangvanhien/ARPG/ARPGGame/game-server
[2013-12-24 10:00:49.832] [INFO] console - VLTN
[2013-12-24 10:00:49.833] [INFO] console - MySQL:[object Object]
[2013-12-24 10:00:50.082] [INFO] console - [data sync component] load mapping file done.
[2013-12-24 10:00:52.840] [INFO] console - info: socket.io started
[2013-12-24 10:00:52.898] [INFO] pomelo-admin - [32m[/Users/dangvanhien/ARPG/ARPGGame/game-server/node_modules/pomelo/node_modules/pomelo-admin/lib/consoleService.js] [39mtry to connect master: "area", "127.0.0.1", 3005
[2013-12-24 10:00:53.659] [INFO] pomelo - [32m[/Users/dangvanhien/ARPG/ARPGGame/game-server/node_modules/pomelo/lib/application.js] [39m"area-server-2" enter after start...
[2013-12-24 10:00:53.661] [INFO] pomelo - [32m[/Users/dangvanhien/ARPG/ARPGGame/game-server/node_modules/pomelo/lib/application.js] [39m"area-server-2" finish start
[2013-12-24 10:02:12.457] [INFO] pomelo - [32m[/Users/dangvanhien/ARPG/ARPGGame/game-server/node_modules/pomelo/lib/application.js] [39mapplication inited: "area-server-2"
[2013-12-24 10:02:12.513] [INFO] console - /Users/dangvanhien/ARPG/ARPGGame/game-server
[2013-12-24 10:02:12.543] [INFO] console - VLTN
[2013-12-24 10:02:12.544] [INFO] console - MySQL:[object Object]
[2013-12-24 10:02:12.762] [INFO] console - [data sync component] load mapping file done.
[2013-12-24 10:02:14.838] [INFO] console - info: socket.io started
[2013-12-24 10:02:14.936] [INFO] pomelo-admin - [32m[/Users/dangvanhien/ARPG/ARPGGame/game-server/node_modules/pomelo/node_modules/pomelo-admin/lib/consoleService.js] [39mtry to connect master: "area", "127.0.0.1", 3005
[2013-12-24 10:02:15.541] [INFO] pomelo - [32m[/Users/dangvanhien/ARPG/ARPGGame/game-server/node_modules/pomelo/lib/application.js] [39m"area-server-2" enter after start...
[2013-12-24 10:02:15.566] [INFO] pomelo - [32m[/Users/dangvanhien/ARPG/ARPGGame/game-server/node_modules/pomelo/lib/application.js] [39m"area-server-2" finish start
[2013-12-24 10:03:34.820] [INFO] pomelo - [32m[/Users/dangvanhien/ARPG/ARPGGame/game-server/node_modules/pomelo/lib/application.js] [39mapplication inited: "area-server-2"
[2013-12-24 10:03:34.881] [INFO] console - /Users/dangvanhien/ARPG/ARPGGame/game-server
[2013-12-24 10:03:34.926] [INFO] console - VLTN
[2013-12-24 10:03:34.927] [INFO] console - MySQL:[object Object]
[2013-12-24 10:03:35.218] [INFO] console - [data sync component] load mapping file done.
[2013-12-24 10:03:37.538] [INFO] console - info: socket.io started
[2013-12-24 10:03:37.666] [INFO] pomelo-admin - [32m[/Users/dangvanhien/ARPG/ARPGGame/game-server/node_modules/pomelo/node_modules/pomelo-admin/lib/consoleService.js] [39mtry to connect master: "area", "127.0.0.1", 3005
[2013-12-24 10:03:38.283] [INFO] pomelo - [32m[/Users/dangvanhien/ARPG/ARPGGame/game-server/node_modules/pomelo/lib/application.js] [39m"area-server-2" enter after start...
[2013-12-24 10:03:38.285] [INFO] pomelo - [32m[/Users/dangvanhien/ARPG/ARPGGame/game-server/node_modules/pomelo/lib/application.js] [39m"area-server-2" finish start
[2013-12-24 10:04:14.208] [INFO] pomelo - [32m[/Users/dangvanhien/ARPG/ARPGGame/game-server/node_modules/pomelo/lib/application.js] [39mapplication inited: "area-server-2"
[2013-12-24 10:04:14.264] [INFO] console - /Users/dangvanhien/ARPG/ARPGGame/game-server
[2013-12-24 10:04:14.300] [INFO] console - VLTN
[2013-12-24 10:04:14.301] [INFO] console - MySQL:[object Object]
[2013-12-24 10:04:14.580] [INFO] console - [data sync component] load mapping file done.
[2013-12-24 10:04:16.751] [INFO] console - info: socket.io started
[2013-12-24 10:04:16.844] [INFO] pomelo-admin - [32m[/Users/dangvanhien/ARPG/ARPGGame/game-server/node_modules/pomelo/node_modules/pomelo-admin/lib/consoleService.js] [39mtry to connect master: "area", "127.0.0.1", 3005
[2013-12-24 10:04:17.283] [INFO] pomelo - [32m[/Users/dangvanhien/ARPG/ARPGGame/game-server/node_modules/pomelo/lib/application.js] [39m"area-server-2" enter after start...
[2013-12-24 10:04:17.287] [INFO] pomelo - [32m[/Users/dangvanhien/ARPG/ARPGGame/game-server/node_modules/pomelo/lib/application.js] [39m"area-server-2" finish start
[2013-12-24 10:06:34.924] [INFO] pomelo - [32m[/Users/dangvanhien/ARPG/ARPGGame/game-server/node_modules/pomelo/lib/application.js] [39mapplication inited: "area-server-2"
[2013-12-24 10:06:34.941] [INFO] console - /Users/dangvanhien/ARPG/ARPGGame/game-server
[2013-12-24 10:06:34.990] [INFO] console - VLTN
[2013-12-24 10:06:34.992] [INFO] console - MySQL:[object Object]
[2013-12-24 10:06:35.410] [INFO] console - [data sync component] load mapping file done.
[2013-12-24 10:06:37.985] [INFO] console - info: socket.io started
[2013-12-24 10:06:38.048] [INFO] pomelo-admin - [32m[/Users/dangvanhien/ARPG/ARPGGame/game-server/node_modules/pomelo/node_modules/pomelo-admin/lib/consoleService.js] [39mtry to connect master: "area", "127.0.0.1", 3005
[2013-12-24 10:06:38.640] [INFO] pomelo - [32m[/Users/dangvanhien/ARPG/ARPGGame/game-server/node_modules/pomelo/lib/application.js] [39m"area-server-2" enter after start...
[2013-12-24 10:06:38.643] [INFO] pomelo - [32m[/Users/dangvanhien/ARPG/ARPGGame/game-server/node_modules/pomelo/lib/application.js] [39m"area-server-2" finish start
[2014-01-08 14:43:19.209] [INFO] pomelo - [32m[/Users/dangvanhien/ARPG/ARPGGame/game-server/node_modules/pomelo/lib/application.js] [39mapplication inited: "area-server-2"
[2014-01-08 14:43:19.226] [INFO] console - /Users/dangvanhien/ARPG/ARPGGame/game-server
[2014-01-08 14:43:19.304] [INFO] console - VLTN
[2014-01-08 14:43:19.305] [INFO] console - MySQL:[object Object]
[2014-01-08 14:43:19.651] [INFO] console - [data sync component] load mapping file done.
[2014-01-08 14:43:22.131] [INFO] console - info: socket.io started
[2014-01-08 14:43:22.269] [INFO] pomelo-admin - [32m[/Users/dangvanhien/ARPG/ARPGGame/game-server/node_modules/pomelo/node_modules/pomelo-admin/lib/consoleService.js] [39mtry to connect master: "area", "127.0.0.1", 3005
[2014-01-08 14:43:22.944] [INFO] pomelo - [32m[/Users/dangvanhien/ARPG/ARPGGame/game-server/node_modules/pomelo/lib/application.js] [39m"area-server-2" enter after start...
[2014-01-08 14:43:22.946] [INFO] pomelo - [32m[/Users/dangvanhien/ARPG/ARPGGame/game-server/node_modules/pomelo/lib/application.js] [39m"area-server-2" finish start
[2014-01-08 14:45:51.650] [INFO] pomelo - [32m[/Users/dangvanhien/ARPG/ARPGGame/game-server/node_modules/pomelo/lib/application.js] [39mapplication inited: "area-server-2"
[2014-01-08 14:45:51.752] [INFO] console - /Users/dangvanhien/ARPG/ARPGGame/game-server
[2014-01-08 14:45:51.800] [INFO] console - VLTN
[2014-01-08 14:45:51.800] [INFO] console - MySQL:[object Object]
[2014-01-08 14:45:52.222] [INFO] console - [data sync component] load mapping file done.
[2014-01-08 14:45:54.770] [INFO] console - info: socket.io started
[2014-01-08 14:45:54.775] [ERROR] console -  Caught exception: Error: listen EADDRINUSE
    at errnoException (net.js:901:11)
    at Server._listen2 (net.js:1039:14)
    at listen (net.js:1061:10)
    at Server.listen (net.js:1127:5)
    at Object.exports.listen (/Users/dangvanhien/ARPG/ARPGGame/game-server/node_modules/pomelo/node_modules/socket.io/lib/socket.io.js:74:12)
    at pro.listen (/Users/dangvanhien/ARPG/ARPGGame/game-server/node_modules/pomelo/node_modules/pomelo-rpc/lib/rpc-server/acceptors/ws-acceptor.js:32:21)
    at pro.start (/Users/dangvanhien/ARPG/ARPGGame/game-server/node_modules/pomelo/node_modules/pomelo-rpc/lib/rpc-server/gateway.js:43:17)
    at pro.start (/Users/dangvanhien/ARPG/ARPGGame/game-server/node_modules/pomelo/lib/components/remote.js:54:15)
    at /Users/dangvanhien/ARPG/ARPGGame/game-server/node_modules/pomelo/lib/util/appUtil.js:84:19
    at iterate (/Users/dangvanhien/ARPG/ARPGGame/game-server/node_modules/pomelo/node_modules/async/lib/async.js:123:13)
[2014-01-08 14:45:54.874] [INFO] pomelo-admin - [32m[/Users/dangvanhien/ARPG/ARPGGame/game-server/node_modules/pomelo/node_modules/pomelo-admin/lib/consoleService.js] [39mtry to connect master: "area", "127.0.0.1", 3005
[2014-01-08 14:45:55.995] [INFO] pomelo - [32m[/Users/dangvanhien/ARPG/ARPGGame/game-server/node_modules/pomelo/lib/application.js] [39m"area-server-2" enter after start...
[2014-01-08 14:45:55.998] [INFO] pomelo - [32m[/Users/dangvanhien/ARPG/ARPGGame/game-server/node_modules/pomelo/lib/application.js] [39m"area-server-2" finish start
[2014-01-08 14:47:06.756] [INFO] pomelo - [32m[/Users/dangvanhien/ARPG/ARPGGame/game-server/node_modules/pomelo/lib/application.js] [39mapplication inited: "area-server-2"
[2014-01-08 14:47:06.827] [INFO] console - /Users/dangvanhien/ARPG/ARPGGame/game-server
[2014-01-08 14:47:06.877] [INFO] console - VLTN
[2014-01-08 14:47:06.878] [INFO] console - MySQL:[object Object]
[2014-01-08 14:47:07.182] [INFO] console - [data sync component] load mapping file done.
[2014-01-08 14:47:09.208] [INFO] console - info: socket.io started
[2014-01-08 14:47:09.272] [INFO] pomelo-admin - [32m[/Users/dangvanhien/ARPG/ARPGGame/game-server/node_modules/pomelo/node_modules/pomelo-admin/lib/consoleService.js] [39mtry to connect master: "area", "127.0.0.1", 3005
[2014-01-08 14:47:09.797] [INFO] pomelo - [32m[/Users/dangvanhien/ARPG/ARPGGame/game-server/node_modules/pomelo/lib/application.js] [39m"area-server-2" enter after start...
[2014-01-08 14:47:09.919] [INFO] pomelo - [32m[/Users/dangvanhien/ARPG/ARPGGame/game-server/node_modules/pomelo/lib/application.js] [39m"area-server-2" finish start
[2014-01-08 14:49:01.225] [INFO] pomelo - [32m[/Users/dangvanhien/ARPG/ARPGGame/game-server/node_modules/pomelo/lib/application.js] [39mapplication inited: "area-server-2"
[2014-01-08 14:49:01.352] [INFO] console - /Users/dangvanhien/ARPG/ARPGGame/game-server
[2014-01-08 14:49:01.361] [INFO] console - VLTN
[2014-01-08 14:49:01.362] [INFO] console - MySQL:[object Object]
[2014-01-08 14:49:01.681] [INFO] console - [data sync component] load mapping file done.
[2014-01-08 14:49:04.199] [INFO] console - info: socket.io started
[2014-01-08 14:49:04.319] [INFO] pomelo-admin - [32m[/Users/dangvanhien/ARPG/ARPGGame/game-server/node_modules/pomelo/node_modules/pomelo-admin/lib/consoleService.js] [39mtry to connect master: "area", "127.0.0.1", 3005
[2014-01-08 14:49:04.961] [INFO] pomelo - [32m[/Users/dangvanhien/ARPG/ARPGGame/game-server/node_modules/pomelo/lib/application.js] [39m"area-server-2" enter after start...
[2014-01-08 14:49:04.964] [INFO] pomelo - [32m[/Users/dangvanhien/ARPG/ARPGGame/game-server/node_modules/pomelo/lib/application.js] [39m"area-server-2" finish start
[2014-01-08 15:51:22.175] [INFO] pomelo - [32m[/Users/dangvanhien/ARPG/ARPGGame/game-server/node_modules/pomelo/lib/application.js] [39mapplication inited: "area-server-2"
[2014-01-08 15:51:22.230] [INFO] console - /Users/dangvanhien/ARPG/ARPGGame/game-server
[2014-01-08 15:51:22.280] [INFO] console - VLTN
[2014-01-08 15:51:22.281] [INFO] console - MySQL:[object Object]
[2014-01-08 15:51:22.595] [INFO] console - [data sync component] load mapping file done.
[2014-01-08 15:51:25.026] [INFO] console - info: socket.io started
[2014-01-08 15:51:25.147] [INFO] pomelo-admin - [32m[/Users/dangvanhien/ARPG/ARPGGame/game-server/node_modules/pomelo/node_modules/pomelo-admin/lib/consoleService.js] [39mtry to connect master: "area", "127.0.0.1", 3005
[2014-01-08 15:51:25.722] [INFO] pomelo - [32m[/Users/dangvanhien/ARPG/ARPGGame/game-server/node_modules/pomelo/lib/application.js] [39m"area-server-2" enter after start...
[2014-01-08 15:51:25.724] [INFO] pomelo - [32m[/Users/dangvanhien/ARPG/ARPGGame/game-server/node_modules/pomelo/lib/application.js] [39m"area-server-2" finish start
[2014-01-08 15:51:53.748] [INFO] pomelo - [32m[/Users/dangvanhien/ARPG/ARPGGame/game-server/node_modules/pomelo/lib/application.js] [39mapplication inited: "area-server-2"
[2014-01-08 15:51:53.802] [INFO] console - /Users/dangvanhien/ARPG/ARPGGame/game-server
[2014-01-08 15:51:53.843] [INFO] console - VLTN
[2014-01-08 15:51:53.844] [INFO] console - MySQL:[object Object]
[2014-01-08 15:51:54.145] [INFO] console - [data sync component] load mapping file done.
[2014-01-08 15:51:56.398] [INFO] console - info: socket.io started
[2014-01-08 15:51:56.482] [INFO] pomelo-admin - [32m[/Users/dangvanhien/ARPG/ARPGGame/game-server/node_modules/pomelo/node_modules/pomelo-admin/lib/consoleService.js] [39mtry to connect master: "area", "127.0.0.1", 3005
[2014-01-08 15:51:57.112] [INFO] pomelo - [32m[/Users/dangvanhien/ARPG/ARPGGame/game-server/node_modules/pomelo/lib/application.js] [39m"area-server-2" enter after start...
[2014-01-08 15:51:57.114] [INFO] pomelo - [32m[/Users/dangvanhien/ARPG/ARPGGame/game-server/node_modules/pomelo/lib/application.js] [39m"area-server-2" finish start
[2014-01-08 16:03:55.530] [INFO] pomelo - [32m[/Users/dangvanhien/ARPG/ARPGGame/game-server/node_modules/pomelo/lib/application.js] [39mapplication inited: "area-server-2"
[2014-01-08 16:03:55.608] [INFO] console - /Users/dangvanhien/ARPG/ARPGGame/game-server
[2014-01-08 16:03:55.627] [INFO] console - VLTN
[2014-01-08 16:03:55.627] [INFO] console - MySQL:[object Object]
[2014-01-08 16:03:55.973] [INFO] console - [data sync component] load mapping file done.
[2014-01-08 16:03:58.377] [INFO] console - info: socket.io started
[2014-01-08 16:03:58.538] [INFO] pomelo-admin - [32m[/Users/dangvanhien/ARPG/ARPGGame/game-server/node_modules/pomelo/node_modules/pomelo-admin/lib/consoleService.js] [39mtry to connect master: "area", "127.0.0.1", 3005
[2014-01-08 16:03:59.105] [INFO] pomelo - [32m[/Users/dangvanhien/ARPG/ARPGGame/game-server/node_modules/pomelo/lib/application.js] [39m"area-server-2" enter after start...
[2014-01-08 16:03:59.108] [INFO] pomelo - [32m[/Users/dangvanhien/ARPG/ARPGGame/game-server/node_modules/pomelo/lib/application.js] [39m"area-server-2" finish start
[2014-01-08 16:07:11.668] [INFO] pomelo - [32m[/Users/dangvanhien/ARPG/ARPGGame/game-server/node_modules/pomelo/lib/application.js] [39mapplication inited: "area-server-2"
[2014-01-08 16:07:11.744] [INFO] console - /Users/dangvanhien/ARPG/ARPGGame/game-server
[2014-01-08 16:07:11.786] [INFO] console - VLTN
[2014-01-08 16:07:11.787] [INFO] console - MySQL:[object Object]
[2014-01-08 16:07:12.117] [INFO] console - [data sync component] load mapping file done.
[2014-01-08 16:07:14.004] [INFO] console - info: socket.io started
[2014-01-08 16:07:14.067] [INFO] pomelo-admin - [32m[/Users/dangvanhien/ARPG/ARPGGame/game-server/node_modules/pomelo/node_modules/pomelo-admin/lib/consoleService.js] [39mtry to connect master: "area", "127.0.0.1", 3005
[2014-01-08 16:07:14.547] [INFO] pomelo - [32m[/Users/dangvanhien/ARPG/ARPGGame/game-server/node_modules/pomelo/lib/application.js] [39m"area-server-2" enter after start...
[2014-01-08 16:07:14.549] [INFO] pomelo - [32m[/Users/dangvanhien/ARPG/ARPGGame/game-server/node_modules/pomelo/lib/application.js] [39m"area-server-2" finish start
[2014-01-08 16:30:43.566] [INFO] pomelo - [32m[/Users/dangvanhien/ARPG/ARPGGame/game-server/node_modules/pomelo/lib/application.js] [39mapplication inited: "area-server-2"
[2014-01-08 16:30:43.652] [INFO] console - /Users/dangvanhien/ARPG/ARPGGame/game-server
[2014-01-08 16:30:43.714] [INFO] console - VLTN
[2014-01-08 16:30:43.715] [INFO] console - MySQL:[object Object]
[2014-01-08 16:30:44.125] [INFO] console - [data sync component] load mapping file done.
[2014-01-08 16:30:46.868] [INFO] console - info: socket.io started
[2014-01-08 16:30:47.085] [INFO] pomelo-admin - [32m[/Users/dangvanhien/ARPG/ARPGGame/game-server/node_modules/pomelo/node_modules/pomelo-admin/lib/consoleService.js] [39mtry to connect master: "area", "127.0.0.1", 3005
[2014-01-08 16:30:47.672] [ERROR] pomelo-admin - [31m[/Users/dangvanhien/ARPG/ARPGGame/game-server/node_modules/pomelo/node_modules/pomelo-admin/lib/monitorAgent.js] [39mserver "area-server-2" "area" register master failed
[2014-01-08 19:52:54.556] [INFO] pomelo - [32m[/Users/dangvanhien/ARPG/ARPGGame/game-server/node_modules/pomelo/lib/application.js] [39mapplication inited: "area-server-2"
[2014-01-08 19:52:54.658] [INFO] console - /Users/dangvanhien/ARPG/ARPGGame/game-server
[2014-01-08 19:52:54.709] [INFO] console - VLTN
[2014-01-08 19:52:54.709] [INFO] console - MySQL:[object Object]
[2014-01-08 19:52:55.158] [INFO] console - [data sync component] load mapping file done.
[2014-01-08 19:52:58.467] [INFO] console - info: socket.io started
[2014-01-08 19:52:58.504] [INFO] pomelo-admin - [32m[/Users/dangvanhien/ARPG/ARPGGame/game-server/node_modules/pomelo/node_modules/pomelo-admin/lib/consoleService.js] [39mtry to connect master: "area", "127.0.0.1", 3005
[2014-01-08 19:52:59.274] [INFO] pomelo - [32m[/Users/dangvanhien/ARPG/ARPGGame/game-server/node_modules/pomelo/lib/application.js] [39m"area-server-2" enter after start...
[2014-01-08 19:52:59.278] [INFO] pomelo - [32m[/Users/dangvanhien/ARPG/ARPGGame/game-server/node_modules/pomelo/lib/application.js] [39m"area-server-2" finish start
[2014-01-09 09:15:10.658] [INFO] pomelo - [32m[/Users/dangvanhien/ARPG/ARPGGame/game-server/node_modules/pomelo/lib/application.js] [39mapplication inited: "area-server-2"
[2014-01-09 09:15:10.818] [INFO] console - /Users/dangvanhien/ARPG/ARPGGame/game-server
[2014-01-09 09:15:10.913] [INFO] console - VLTN
[2014-01-09 09:15:10.914] [INFO] console - MySQL:[object Object]
[2014-01-09 09:15:11.273] [INFO] console - [data sync component] load mapping file done.
[2014-01-09 09:15:13.953] [INFO] console - info: socket.io started
[2014-01-09 09:15:14.071] [INFO] pomelo-admin - [32m[/Users/dangvanhien/ARPG/ARPGGame/game-server/node_modules/pomelo/node_modules/pomelo-admin/lib/consoleService.js] [39mtry to connect master: "area", "127.0.0.1", 3005
[2014-01-09 09:15:14.966] [INFO] pomelo - [32m[/Users/dangvanhien/ARPG/ARPGGame/game-server/node_modules/pomelo/lib/application.js] [39m"area-server-2" enter after start...
[2014-01-09 09:15:14.969] [INFO] pomelo - [32m[/Users/dangvanhien/ARPG/ARPGGame/game-server/node_modules/pomelo/lib/application.js] [39m"area-server-2" finish start
[2014-01-09 09:16:41.766] [INFO] pomelo - [32m[/Users/dangvanhien/ARPG/ARPGGame/game-server/node_modules/pomelo/lib/application.js] [39mapplication inited: "area-server-2"
[2014-01-09 09:16:41.853] [INFO] console - /Users/dangvanhien/ARPG/ARPGGame/game-server
[2014-01-09 09:16:41.905] [INFO] console - VLTN
[2014-01-09 09:16:41.906] [INFO] console - MySQL:[object Object]
[2014-01-09 09:16:42.263] [INFO] console - [data sync component] load mapping file done.
[2014-01-09 09:16:44.567] [INFO] console - info: socket.io started
[2014-01-09 09:16:44.657] [INFO] pomelo-admin - [32m[/Users/dangvanhien/ARPG/ARPGGame/game-server/node_modules/pomelo/node_modules/pomelo-admin/lib/consoleService.js] [39mtry to connect master: "area", "127.0.0.1", 3005
[2014-01-09 09:16:45.265] [INFO] pomelo - [32m[/Users/dangvanhien/ARPG/ARPGGame/game-server/node_modules/pomelo/lib/application.js] [39m"area-server-2" enter after start...
[2014-01-09 09:16:45.366] [INFO] pomelo - [32m[/Users/dangvanhien/ARPG/ARPGGame/game-server/node_modules/pomelo/lib/application.js] [39m"area-server-2" finish start
[2014-01-09 09:22:03.455] [INFO] pomelo - [32m[/Users/dangvanhien/ARPG/ARPGGame/game-server/node_modules/pomelo/lib/application.js] [39mapplication inited: "area-server-2"
[2014-01-09 09:22:03.569] [INFO] console - /Users/dangvanhien/ARPG/ARPGGame/game-server
[2014-01-09 09:22:03.613] [INFO] console - VLTN
[2014-01-09 09:22:03.614] [INFO] console - MySQL:[object Object]
[2014-01-09 09:22:04.029] [INFO] console - [data sync component] load mapping file done.
[2014-01-09 09:22:07.217] [INFO] console - info: socket.io started
[2014-01-09 09:22:07.456] [INFO] pomelo-admin - [32m[/Users/dangvanhien/ARPG/ARPGGame/game-server/node_modules/pomelo/node_modules/pomelo-admin/lib/consoleService.js] [39mtry to connect master: "area", "127.0.0.1", 3005
[2014-01-09 09:22:08.421] [INFO] pomelo - [32m[/Users/dangvanhien/ARPG/ARPGGame/game-server/node_modules/pomelo/lib/application.js] [39m"area-server-2" enter after start...
[2014-01-09 09:22:08.425] [INFO] pomelo - [32m[/Users/dangvanhien/ARPG/ARPGGame/game-server/node_modules/pomelo/lib/application.js] [39m"area-server-2" finish start
[2014-01-09 09:29:55.682] [INFO] pomelo - [32m[/Users/dangvanhien/ARPG/ARPGGame/game-server/node_modules/pomelo/lib/application.js] [39mapplication inited: "area-server-2"
[2014-01-09 09:29:55.758] [INFO] console - /Users/dangvanhien/ARPG/ARPGGame/game-server
[2014-01-09 09:29:55.815] [INFO] console - VLTN
[2014-01-09 09:29:55.815] [INFO] console - MySQL:[object Object]
[2014-01-09 09:29:56.170] [INFO] console - [data sync component] load mapping file done.
[2014-01-09 09:29:58.801] [INFO] console - info: socket.io started
[2014-01-09 09:29:58.934] [INFO] pomelo-admin - [32m[/Users/dangvanhien/ARPG/ARPGGame/game-server/node_modules/pomelo/node_modules/pomelo-admin/lib/consoleService.js] [39mtry to connect master: "area", "127.0.0.1", 3005
[2014-01-09 09:29:59.708] [INFO] pomelo - [32m[/Users/dangvanhien/ARPG/ARPGGame/game-server/node_modules/pomelo/lib/application.js] [39m"area-server-2" enter after start...
[2014-01-09 09:29:59.759] [INFO] pomelo - [32m[/Users/dangvanhien/ARPG/ARPGGame/game-server/node_modules/pomelo/lib/application.js] [39m"area-server-2" finish start
[2014-01-09 09:33:07.592] [INFO] pomelo - [32m[/Users/dangvanhien/ARPG/ARPGGame/game-server/node_modules/pomelo/lib/application.js] [39mapplication inited: "area-server-2"
[2014-01-09 09:33:07.656] [INFO] console - /Users/dangvanhien/ARPG/ARPGGame/game-server
[2014-01-09 09:33:07.694] [INFO] console - VLTN
[2014-01-09 09:33:07.695] [INFO] console - MySQL:[object Object]
[2014-01-09 09:33:07.987] [INFO] console - [data sync component] load mapping file done.
[2014-01-09 09:33:10.364] [INFO] console - info: socket.io started
[2014-01-09 09:33:10.511] [INFO] pomelo-admin - [32m[/Users/dangvanhien/ARPG/ARPGGame/game-server/node_modules/pomelo/node_modules/pomelo-admin/lib/consoleService.js] [39mtry to connect master: "area", "127.0.0.1", 3005
[2014-01-09 09:33:11.253] [INFO] pomelo - [32m[/Users/dangvanhien/ARPG/ARPGGame/game-server/node_modules/pomelo/lib/application.js] [39m"area-server-2" enter after start...
[2014-01-09 09:33:11.255] [INFO] pomelo - [32m[/Users/dangvanhien/ARPG/ARPGGame/game-server/node_modules/pomelo/lib/application.js] [39m"area-server-2" finish start
[2014-01-09 09:36:16.063] [INFO] pomelo - [32m[/Users/dangvanhien/ARPG/ARPGGame/game-server/node_modules/pomelo/lib/application.js] [39mapplication inited: "area-server-2"
[2014-01-09 09:36:16.133] [INFO] console - /Users/dangvanhien/ARPG/ARPGGame/game-server
[2014-01-09 09:36:16.185] [INFO] console - VLTN
[2014-01-09 09:36:16.185] [INFO] console - MySQL:[object Object]
[2014-01-09 09:36:16.553] [INFO] console - [data sync component] load mapping file done.
[2014-01-09 09:36:18.844] [INFO] console - info: socket.io started
[2014-01-09 09:36:18.945] [INFO] pomelo-admin - [32m[/Users/dangvanhien/ARPG/ARPGGame/game-server/node_modules/pomelo/node_modules/pomelo-admin/lib/consoleService.js] [39mtry to connect master: "area", "127.0.0.1", 3005
[2014-01-09 09:36:19.555] [INFO] pomelo - [32m[/Users/dangvanhien/ARPG/ARPGGame/game-server/node_modules/pomelo/lib/application.js] [39m"area-server-2" enter after start...
[2014-01-09 09:36:19.558] [INFO] pomelo - [32m[/Users/dangvanhien/ARPG/ARPGGame/game-server/node_modules/pomelo/lib/application.js] [39m"area-server-2" finish start
[2014-01-09 09:43:39.595] [INFO] pomelo - [32m[/Users/dangvanhien/ARPG/ARPGGame/game-server/node_modules/pomelo/lib/application.js] [39mapplication inited: "area-server-2"
[2014-01-09 09:43:39.655] [INFO] console - /Users/dangvanhien/ARPG/ARPGGame/game-server
[2014-01-09 09:43:39.699] [INFO] console - VLTN
[2014-01-09 09:43:39.700] [INFO] console - MySQL:[object Object]
[2014-01-09 09:43:40.085] [INFO] console - [data sync component] load mapping file done.
[2014-01-09 09:43:42.560] [INFO] console - info: socket.io started
[2014-01-09 09:43:42.631] [INFO] pomelo-admin - [32m[/Users/dangvanhien/ARPG/ARPGGame/game-server/node_modules/pomelo/node_modules/pomelo-admin/lib/consoleService.js] [39mtry to connect master: "area", "127.0.0.1", 3005
[2014-01-09 09:43:43.208] [INFO] pomelo - [32m[/Users/dangvanhien/ARPG/ARPGGame/game-server/node_modules/pomelo/lib/application.js] [39m"area-server-2" enter after start...
[2014-01-09 09:43:43.269] [INFO] pomelo - [32m[/Users/dangvanhien/ARPG/ARPGGame/game-server/node_modules/pomelo/lib/application.js] [39m"area-server-2" finish start
[2014-01-09 09:45:58.763] [INFO] pomelo - [32m[/Users/dangvanhien/ARPG/ARPGGame/game-server/node_modules/pomelo/lib/application.js] [39mapplication inited: "area-server-2"
[2014-01-09 09:45:58.838] [INFO] console - /Users/dangvanhien/ARPG/ARPGGame/game-server
[2014-01-09 09:45:58.936] [INFO] console - VLTN
[2014-01-09 09:45:58.936] [INFO] console - MySQL:[object Object]
[2014-01-09 09:45:59.438] [INFO] console - [data sync component] load mapping file done.
[2014-01-09 09:46:02.578] [INFO] console - info: socket.io started
[2014-01-09 09:46:02.688] [INFO] pomelo-admin - [32m[/Users/dangvanhien/ARPG/ARPGGame/game-server/node_modules/pomelo/node_modules/pomelo-admin/lib/consoleService.js] [39mtry to connect master: "area", "127.0.0.1", 3005
[2014-01-09 09:46:03.434] [INFO] pomelo - [32m[/Users/dangvanhien/ARPG/ARPGGame/game-server/node_modules/pomelo/lib/application.js] [39m"area-server-2" enter after start...
[2014-01-09 09:46:03.436] [INFO] pomelo - [32m[/Users/dangvanhien/ARPG/ARPGGame/game-server/node_modules/pomelo/lib/application.js] [39m"area-server-2" finish start
[2014-01-09 09:50:51.582] [INFO] pomelo - [32m[/Users/dangvanhien/ARPG/ARPGGame/game-server/node_modules/pomelo/lib/application.js] [39mapplication inited: "area-server-2"
[2014-01-09 09:50:51.625] [INFO] console - /Users/dangvanhien/ARPG/ARPGGame/game-server
[2014-01-09 09:50:51.658] [INFO] console - VLTN
[2014-01-09 09:50:51.659] [INFO] console - MySQL:[object Object]
[2014-01-09 09:50:51.978] [INFO] console - [data sync component] load mapping file done.
[2014-01-09 09:50:54.321] [INFO] console - info: socket.io started
[2014-01-09 09:50:54.403] [INFO] pomelo-admin - [32m[/Users/dangvanhien/ARPG/ARPGGame/game-server/node_modules/pomelo/node_modules/pomelo-admin/lib/consoleService.js] [39mtry to connect master: "area", "127.0.0.1", 3005
[2014-01-09 09:50:54.984] [INFO] pomelo - [32m[/Users/dangvanhien/ARPG/ARPGGame/game-server/node_modules/pomelo/lib/application.js] [39m"area-server-2" enter after start...
[2014-01-09 09:50:54.987] [INFO] pomelo - [32m[/Users/dangvanhien/ARPG/ARPGGame/game-server/node_modules/pomelo/lib/application.js] [39m"area-server-2" finish start
[2014-01-09 09:56:20.694] [INFO] pomelo - [32m[/Users/dangvanhien/ARPG/ARPGGame/game-server/node_modules/pomelo/lib/application.js] [39mapplication inited: "area-server-2"
[2014-01-09 09:56:20.755] [INFO] console - /Users/dangvanhien/ARPG/ARPGGame/game-server
[2014-01-09 09:56:20.811] [INFO] console - VLTN
[2014-01-09 09:56:20.812] [INFO] console - MySQL:[object Object]
[2014-01-09 09:56:21.156] [INFO] console - [data sync component] load mapping file done.
[2014-01-09 09:56:23.208] [INFO] console - info: socket.io started
[2014-01-09 09:56:23.343] [INFO] pomelo-admin - [32m[/Users/dangvanhien/ARPG/ARPGGame/game-server/node_modules/pomelo/node_modules/pomelo-admin/lib/consoleService.js] [39mtry to connect master: "area", "127.0.0.1", 3005
[2014-01-09 09:56:24.188] [INFO] pomelo - [32m[/Users/dangvanhien/ARPG/ARPGGame/game-server/node_modules/pomelo/lib/application.js] [39m"area-server-2" enter after start...
[2014-01-09 09:56:24.191] [INFO] pomelo - [32m[/Users/dangvanhien/ARPG/ARPGGame/game-server/node_modules/pomelo/lib/application.js] [39m"area-server-2" finish start
[2014-01-09 09:59:28.109] [INFO] pomelo - [32m[/Users/dangvanhien/ARPG/ARPGGame/game-server/node_modules/pomelo/lib/application.js] [39mapplication inited: "area-server-2"
[2014-01-09 09:59:28.128] [INFO] console - /Users/dangvanhien/ARPG/ARPGGame/game-server
[2014-01-09 09:59:28.190] [INFO] console - VLTN
[2014-01-09 09:59:28.191] [INFO] console - MySQL:[object Object]
[2014-01-09 09:59:28.447] [INFO] console - [data sync component] load mapping file done.
[2014-01-09 09:59:30.951] [INFO] console - info: socket.io started
[2014-01-09 09:59:31.057] [INFO] pomelo-admin - [32m[/Users/dangvanhien/ARPG/ARPGGame/game-server/node_modules/pomelo/node_modules/pomelo-admin/lib/consoleService.js] [39mtry to connect master: "area", "127.0.0.1", 3005
[2014-01-09 09:59:31.695] [INFO] pomelo - [32m[/Users/dangvanhien/ARPG/ARPGGame/game-server/node_modules/pomelo/lib/application.js] [39m"area-server-2" enter after start...
[2014-01-09 09:59:31.697] [INFO] pomelo - [32m[/Users/dangvanhien/ARPG/ARPGGame/game-server/node_modules/pomelo/lib/application.js] [39m"area-server-2" finish start
[2014-01-09 10:02:23.817] [INFO] pomelo - [32m[/Users/dangvanhien/ARPG/ARPGGame/game-server/node_modules/pomelo/lib/application.js] [39mapplication inited: "area-server-2"
[2014-01-09 10:02:23.897] [INFO] console - /Users/dangvanhien/ARPG/ARPGGame/game-server
[2014-01-09 10:02:23.923] [INFO] console - VLTN
[2014-01-09 10:02:23.924] [INFO] console - MySQL:[object Object]
[2014-01-09 10:02:24.281] [INFO] console - [data sync component] load mapping file done.
[2014-01-09 10:02:27.322] [INFO] console - info: socket.io started
[2014-01-09 10:02:27.384] [ERROR] console -  Caught exception: Error: listen EADDRINUSE
    at errnoException (net.js:901:11)
    at Server._listen2 (net.js:1039:14)
    at listen (net.js:1061:10)
    at Server.listen (net.js:1127:5)
    at Object.exports.listen (/Users/dangvanhien/ARPG/ARPGGame/game-server/node_modules/pomelo/node_modules/socket.io/lib/socket.io.js:74:12)
    at pro.listen (/Users/dangvanhien/ARPG/ARPGGame/game-server/node_modules/pomelo/node_modules/pomelo-rpc/lib/rpc-server/acceptors/ws-acceptor.js:32:21)
    at pro.start (/Users/dangvanhien/ARPG/ARPGGame/game-server/node_modules/pomelo/node_modules/pomelo-rpc/lib/rpc-server/gateway.js:43:17)
    at pro.start (/Users/dangvanhien/ARPG/ARPGGame/game-server/node_modules/pomelo/lib/components/remote.js:54:15)
    at /Users/dangvanhien/ARPG/ARPGGame/game-server/node_modules/pomelo/lib/util/appUtil.js:84:19
    at iterate (/Users/dangvanhien/ARPG/ARPGGame/game-server/node_modules/pomelo/node_modules/async/lib/async.js:123:13)
[2014-01-09 10:02:27.560] [INFO] pomelo-admin - [32m[/Users/dangvanhien/ARPG/ARPGGame/game-server/node_modules/pomelo/node_modules/pomelo-admin/lib/consoleService.js] [39mtry to connect master: "area", "127.0.0.1", 3005
[2014-01-09 10:02:28.533] [INFO] pomelo - [32m[/Users/dangvanhien/ARPG/ARPGGame/game-server/node_modules/pomelo/lib/application.js] [39m"area-server-2" enter after start...
[2014-01-09 10:02:28.535] [INFO] pomelo - [32m[/Users/dangvanhien/ARPG/ARPGGame/game-server/node_modules/pomelo/lib/application.js] [39m"area-server-2" finish start
[2014-01-09 10:02:40.703] [INFO] pomelo - [32m[/Users/dangvanhien/ARPG/ARPGGame/game-server/node_modules/pomelo/lib/application.js] [39mapplication inited: "area-server-2"
[2014-01-09 10:02:40.787] [INFO] console - /Users/dangvanhien/ARPG/ARPGGame/game-server
[2014-01-09 10:02:40.797] [INFO] console - VLTN
[2014-01-09 10:02:40.798] [INFO] console - MySQL:[object Object]
[2014-01-09 10:02:41.113] [INFO] console - [data sync component] load mapping file done.
[2014-01-09 10:02:43.115] [INFO] console - info: socket.io started
[2014-01-09 10:02:43.178] [INFO] pomelo-admin - [32m[/Users/dangvanhien/ARPG/ARPGGame/game-server/node_modules/pomelo/node_modules/pomelo-admin/lib/consoleService.js] [39mtry to connect master: "area", "127.0.0.1", 3005
[2014-01-09 10:02:43.774] [INFO] pomelo - [32m[/Users/dangvanhien/ARPG/ARPGGame/game-server/node_modules/pomelo/lib/application.js] [39m"area-server-2" enter after start...
[2014-01-09 10:02:43.776] [INFO] pomelo - [32m[/Users/dangvanhien/ARPG/ARPGGame/game-server/node_modules/pomelo/lib/application.js] [39m"area-server-2" finish start
[2014-01-09 10:05:16.935] [INFO] pomelo - [32m[/Users/dangvanhien/ARPG/ARPGGame/game-server/node_modules/pomelo/lib/application.js] [39mapplication inited: "area-server-2"
[2014-01-09 10:05:16.988] [INFO] console - /Users/dangvanhien/ARPG/ARPGGame/game-server
[2014-01-09 10:05:17.030] [INFO] console - VLTN
[2014-01-09 10:05:17.031] [INFO] console - MySQL:[object Object]
[2014-01-09 10:05:17.370] [INFO] console - [data sync component] load mapping file done.
[2014-01-09 10:05:19.441] [INFO] console - info: socket.io started
[2014-01-09 10:05:19.498] [INFO] pomelo-admin - [32m[/Users/dangvanhien/ARPG/ARPGGame/game-server/node_modules/pomelo/node_modules/pomelo-admin/lib/consoleService.js] [39mtry to connect master: "area", "127.0.0.1", 3005
[2014-01-09 10:05:20.106] [INFO] pomelo - [32m[/Users/dangvanhien/ARPG/ARPGGame/game-server/node_modules/pomelo/lib/application.js] [39m"area-server-2" enter after start...
[2014-01-09 10:05:20.107] [INFO] pomelo - [32m[/Users/dangvanhien/ARPG/ARPGGame/game-server/node_modules/pomelo/lib/application.js] [39m"area-server-2" finish start
[2014-01-09 10:09:13.546] [INFO] pomelo - [32m[/Users/dangvanhien/ARPG/ARPGGame/game-server/node_modules/pomelo/lib/application.js] [39mapplication inited: "area-server-2"
[2014-01-09 10:09:13.610] [INFO] console - VLTN
[2014-01-09 10:09:13.612] [INFO] console - MySQL:[object Object]
[2014-01-09 10:09:13.929] [INFO] console - [data sync component] load mapping file done.
[2014-01-09 10:09:16.481] [INFO] console - info: socket.io started
[2014-01-09 10:09:16.555] [INFO] pomelo-admin - [32m[/Users/dangvanhien/ARPG/ARPGGame/game-server/node_modules/pomelo/node_modules/pomelo-admin/lib/consoleService.js] [39mtry to connect master: "area", "127.0.0.1", 3005
[2014-01-09 10:09:17.283] [INFO] pomelo - [32m[/Users/dangvanhien/ARPG/ARPGGame/game-server/node_modules/pomelo/lib/application.js] [39m"area-server-2" enter after start...
[2014-01-09 10:09:17.285] [INFO] pomelo - [32m[/Users/dangvanhien/ARPG/ARPGGame/game-server/node_modules/pomelo/lib/application.js] [39m"area-server-2" finish start
[2014-01-09 11:23:07.594] [INFO] pomelo - [32m[/Users/dangvanhien/ARPG/ARPGGame/game-server/node_modules/pomelo/lib/application.js] [39mapplication inited: "area-server-2"
[2014-01-09 11:23:07.671] [INFO] console - VLTN
[2014-01-09 11:23:07.674] [INFO] console - MySQL:[object Object]
[2014-01-09 11:23:07.937] [INFO] console - [data sync component] load mapping file done.
[2014-01-09 11:23:09.882] [INFO] console - info: socket.io started
[2014-01-09 11:23:09.935] [INFO] pomelo-admin - [32m[/Users/dangvanhien/ARPG/ARPGGame/game-server/node_modules/pomelo/node_modules/pomelo-admin/lib/consoleService.js] [39mtry to connect master: "area", "127.0.0.1", 3005
[2014-01-09 11:23:10.571] [INFO] pomelo - [32m[/Users/dangvanhien/ARPG/ARPGGame/game-server/node_modules/pomelo/lib/application.js] [39m"area-server-2" enter after start...
[2014-01-09 11:23:10.586] [INFO] pomelo - [32m[/Users/dangvanhien/ARPG/ARPGGame/game-server/node_modules/pomelo/lib/application.js] [39m"area-server-2" finish start
[2014-01-09 11:23:44.406] [INFO] pomelo - [32m[/Users/dangvanhien/ARPG/ARPGGame/game-server/node_modules/pomelo/lib/application.js] [39mapplication inited: "area-server-2"
[2014-01-09 11:23:44.503] [INFO] console - VLTN
[2014-01-09 11:23:44.541] [INFO] console - MySQL:[object Object]
[2014-01-09 11:23:44.866] [INFO] console - [data sync component] load mapping file done.
[2014-01-09 11:23:47.265] [INFO] console - info: socket.io started
[2014-01-09 11:23:47.347] [INFO] pomelo-admin - [32m[/Users/dangvanhien/ARPG/ARPGGame/game-server/node_modules/pomelo/node_modules/pomelo-admin/lib/consoleService.js] [39mtry to connect master: "area", "127.0.0.1", 3005
[2014-01-09 11:23:48.044] [INFO] pomelo - [32m[/Users/dangvanhien/ARPG/ARPGGame/game-server/node_modules/pomelo/lib/application.js] [39m"area-server-2" enter after start...
[2014-01-09 11:23:48.048] [INFO] pomelo - [32m[/Users/dangvanhien/ARPG/ARPGGame/game-server/node_modules/pomelo/lib/application.js] [39m"area-server-2" finish start
[2014-01-09 11:27:03.243] [INFO] pomelo - [32m[/Users/dangvanhien/ARPG/ARPGGame/game-server/node_modules/pomelo/lib/application.js] [39mapplication inited: "area-server-2"
[2014-01-09 11:27:03.266] [INFO] console - VLTN
[2014-01-09 11:27:03.317] [INFO] console - MySQL:[object Object]
[2014-01-09 11:27:03.564] [INFO] console - [data sync component] load mapping file done.
[2014-01-09 11:27:05.810] [INFO] console - info: socket.io started
[2014-01-09 11:27:05.826] [INFO] pomelo-admin - [32m[/Users/dangvanhien/ARPG/ARPGGame/game-server/node_modules/pomelo/node_modules/pomelo-admin/lib/consoleService.js] [39mtry to connect master: "area", "127.0.0.1", 3005
[2014-01-09 11:27:06.552] [INFO] pomelo - [32m[/Users/dangvanhien/ARPG/ARPGGame/game-server/node_modules/pomelo/lib/application.js] [39m"area-server-2" enter after start...
[2014-01-09 11:27:06.554] [INFO] pomelo - [32m[/Users/dangvanhien/ARPG/ARPGGame/game-server/node_modules/pomelo/lib/application.js] [39m"area-server-2" finish start
[2014-01-09 11:29:38.622] [INFO] pomelo - [32m[/Users/dangvanhien/ARPG/ARPGGame/game-server/node_modules/pomelo/lib/application.js] [39mapplication inited: "area-server-2"
[2014-01-09 11:29:38.662] [INFO] console - VLTN
[2014-01-09 11:29:38.728] [INFO] console - MySQL:[object Object]
[2014-01-09 11:29:38.961] [INFO] console - [data sync component] load mapping file done.
[2014-01-09 11:29:41.428] [INFO] console - info: socket.io started
[2014-01-09 11:29:41.526] [INFO] pomelo-admin - [32m[/Users/dangvanhien/ARPG/ARPGGame/game-server/node_modules/pomelo/node_modules/pomelo-admin/lib/consoleService.js] [39mtry to connect master: "area", "127.0.0.1", 3005
[2014-01-09 11:29:42.175] [INFO] pomelo - [32m[/Users/dangvanhien/ARPG/ARPGGame/game-server/node_modules/pomelo/lib/application.js] [39m"area-server-2" enter after start...
[2014-01-09 11:29:42.176] [INFO] pomelo - [32m[/Users/dangvanhien/ARPG/ARPGGame/game-server/node_modules/pomelo/lib/application.js] [39m"area-server-2" finish start
[2014-01-09 11:30:50.979] [INFO] pomelo - [32m[/Users/dangvanhien/ARPG/ARPGGame/game-server/node_modules/pomelo/lib/application.js] [39mapplication inited: "area-server-2"
[2014-01-09 11:30:51.087] [INFO] console - VLTN
[2014-01-09 11:30:51.089] [INFO] console - MySQL:[object Object]
[2014-01-09 11:30:51.437] [INFO] console - [data sync component] load mapping file done.
[2014-01-09 11:30:53.854] [INFO] console - info: socket.io started
[2014-01-09 11:30:53.916] [INFO] pomelo-admin - [32m[/Users/dangvanhien/ARPG/ARPGGame/game-server/node_modules/pomelo/node_modules/pomelo-admin/lib/consoleService.js] [39mtry to connect master: "area", "127.0.0.1", 3005
[2014-01-09 11:30:54.549] [INFO] pomelo - [32m[/Users/dangvanhien/ARPG/ARPGGame/game-server/node_modules/pomelo/lib/application.js] [39m"area-server-2" enter after start...
[2014-01-09 11:30:54.551] [INFO] pomelo - [32m[/Users/dangvanhien/ARPG/ARPGGame/game-server/node_modules/pomelo/lib/application.js] [39m"area-server-2" finish start
[2014-01-09 11:34:00.391] [INFO] pomelo - [32m[/Users/dangvanhien/ARPG/ARPGGame/game-server/node_modules/pomelo/lib/application.js] [39mapplication inited: "area-server-2"
[2014-01-09 11:34:00.455] [INFO] console - VLTN
[2014-01-09 11:34:00.456] [INFO] console - MySQL:[object Object]
[2014-01-09 11:34:00.830] [INFO] console - [data sync component] load mapping file done.
[2014-01-09 11:34:03.523] [INFO] console - info: socket.io started
[2014-01-09 11:34:03.683] [INFO] pomelo-admin - [32m[/Users/dangvanhien/ARPG/ARPGGame/game-server/node_modules/pomelo/node_modules/pomelo-admin/lib/consoleService.js] [39mtry to connect master: "area", "127.0.0.1", 3005
[2014-01-09 11:34:04.377] [INFO] pomelo - [32m[/Users/dangvanhien/ARPG/ARPGGame/game-server/node_modules/pomelo/lib/application.js] [39m"area-server-2" enter after start...
[2014-01-09 11:34:04.379] [INFO] pomelo - [32m[/Users/dangvanhien/ARPG/ARPGGame/game-server/node_modules/pomelo/lib/application.js] [39m"area-server-2" finish start
[2014-01-09 11:36:33.796] [INFO] pomelo - [32m[/Users/dangvanhien/ARPG/ARPGGame/game-server/node_modules/pomelo/lib/application.js] [39mapplication inited: "area-server-2"
[2014-01-09 11:36:33.933] [INFO] console - VLTN
[2014-01-09 11:36:33.935] [INFO] console - MySQL:[object Object]
[2014-01-09 11:36:34.253] [INFO] console - [data sync component] load mapping file done.
[2014-01-09 11:36:36.559] [INFO] console - info: socket.io started
[2014-01-09 11:36:36.590] [INFO] pomelo-admin - [32m[/Users/dangvanhien/ARPG/ARPGGame/game-server/node_modules/pomelo/node_modules/pomelo-admin/lib/consoleService.js] [39mtry to connect master: "area", "127.0.0.1", 3005
[2014-01-09 11:36:37.407] [INFO] pomelo - [32m[/Users/dangvanhien/ARPG/ARPGGame/game-server/node_modules/pomelo/lib/application.js] [39m"area-server-2" enter after start...
[2014-01-09 11:36:37.409] [INFO] pomelo - [32m[/Users/dangvanhien/ARPG/ARPGGame/game-server/node_modules/pomelo/lib/application.js] [39m"area-server-2" finish start
[2014-01-09 11:37:29.590] [INFO] pomelo - [32m[/Users/dangvanhien/ARPG/ARPGGame/game-server/node_modules/pomelo/lib/application.js] [39mapplication inited: "area-server-2"
[2014-01-09 11:37:29.676] [INFO] console - VLTN
[2014-01-09 11:37:29.716] [INFO] console - MySQL:[object Object]
[2014-01-09 11:37:30.064] [INFO] console - [data sync component] load mapping file done.
[2014-01-09 11:37:32.784] [INFO] console - info: socket.io started
[2014-01-09 11:37:32.891] [INFO] pomelo-admin - [32m[/Users/dangvanhien/ARPG/ARPGGame/game-server/node_modules/pomelo/node_modules/pomelo-admin/lib/consoleService.js] [39mtry to connect master: "area", "127.0.0.1", 3005
[2014-01-09 11:37:33.673] [INFO] pomelo - [32m[/Users/dangvanhien/ARPG/ARPGGame/game-server/node_modules/pomelo/lib/application.js] [39m"area-server-2" enter after start...
[2014-01-09 11:37:33.746] [INFO] pomelo - [32m[/Users/dangvanhien/ARPG/ARPGGame/game-server/node_modules/pomelo/lib/application.js] [39m"area-server-2" finish start
[2014-01-09 11:38:32.312] [INFO] pomelo - [32m[/Users/dangvanhien/ARPG/ARPGGame/game-server/node_modules/pomelo/lib/application.js] [39mapplication inited: "area-server-2"
[2014-01-09 11:38:32.370] [INFO] console - VLTN
[2014-01-09 11:38:32.416] [INFO] console - MySQL:[object Object]
[2014-01-09 11:38:32.707] [INFO] console - [data sync component] load mapping file done.
[2014-01-09 11:38:34.951] [INFO] console - info: socket.io started
[2014-01-09 11:38:35.047] [INFO] pomelo-admin - [32m[/Users/dangvanhien/ARPG/ARPGGame/game-server/node_modules/pomelo/node_modules/pomelo-admin/lib/consoleService.js] [39mtry to connect master: "area", "127.0.0.1", 3005
[2014-01-09 11:38:35.833] [INFO] pomelo - [32m[/Users/dangvanhien/ARPG/ARPGGame/game-server/node_modules/pomelo/lib/application.js] [39m"area-server-2" enter after start...
[2014-01-09 11:38:35.835] [INFO] pomelo - [32m[/Users/dangvanhien/ARPG/ARPGGame/game-server/node_modules/pomelo/lib/application.js] [39m"area-server-2" finish start
[2014-01-09 11:41:56.477] [INFO] pomelo - [32m[/Users/dangvanhien/ARPG/ARPGGame/game-server/node_modules/pomelo/lib/application.js] [39mapplication inited: "area-server-2"
[2014-01-09 11:41:56.576] [INFO] console - VLTN
[2014-01-09 11:41:56.620] [INFO] console - MySQL:[object Object]
[2014-01-09 11:41:56.925] [INFO] console - [data sync component] load mapping file done.
[2014-01-09 11:41:59.663] [INFO] console - info: socket.io started
[2014-01-09 11:41:59.733] [INFO] pomelo-admin - [32m[/Users/dangvanhien/ARPG/ARPGGame/game-server/node_modules/pomelo/node_modules/pomelo-admin/lib/consoleService.js] [39mtry to connect master: "area", "127.0.0.1", 3005
[2014-01-09 11:42:00.535] [INFO] pomelo - [32m[/Users/dangvanhien/ARPG/ARPGGame/game-server/node_modules/pomelo/lib/application.js] [39m"area-server-2" enter after start...
[2014-01-09 11:42:00.540] [INFO] pomelo - [32m[/Users/dangvanhien/ARPG/ARPGGame/game-server/node_modules/pomelo/lib/application.js] [39m"area-server-2" finish start
[2014-01-09 11:42:46.005] [INFO] pomelo - [32m[/Users/dangvanhien/ARPG/ARPGGame/game-server/node_modules/pomelo/lib/application.js] [39mapplication inited: "area-server-2"
[2014-01-09 11:42:46.061] [INFO] console - VLTN
[2014-01-09 11:42:46.158] [INFO] console - MySQL:[object Object]
[2014-01-09 11:42:46.506] [INFO] console - [data sync component] load mapping file done.
[2014-01-09 11:42:49.525] [INFO] console - info: socket.io started
[2014-01-09 11:42:49.577] [INFO] pomelo-admin - [32m[/Users/dangvanhien/ARPG/ARPGGame/game-server/node_modules/pomelo/node_modules/pomelo-admin/lib/consoleService.js] [39mtry to connect master: "area", "127.0.0.1", 3005
[2014-01-09 11:42:50.747] [INFO] pomelo - [32m[/Users/dangvanhien/ARPG/ARPGGame/game-server/node_modules/pomelo/lib/application.js] [39m"area-server-2" enter after start...
[2014-01-09 11:42:50.749] [INFO] pomelo - [32m[/Users/dangvanhien/ARPG/ARPGGame/game-server/node_modules/pomelo/lib/application.js] [39m"area-server-2" finish start
[2014-01-09 11:44:05.277] [INFO] pomelo - [32m[/Users/dangvanhien/ARPG/ARPGGame/game-server/node_modules/pomelo/lib/application.js] [39mapplication inited: "area-server-2"
[2014-01-09 11:44:05.387] [INFO] console - VLTN
[2014-01-09 11:44:05.450] [INFO] console - MySQL:[object Object]
[2014-01-09 11:44:05.848] [INFO] console - [data sync component] load mapping file done.
[2014-01-09 11:44:08.565] [INFO] console - info: socket.io started
[2014-01-09 11:44:08.582] [INFO] pomelo-admin - [32m[/Users/dangvanhien/ARPG/ARPGGame/game-server/node_modules/pomelo/node_modules/pomelo-admin/lib/consoleService.js] [39mtry to connect master: "area", "127.0.0.1", 3005
[2014-01-09 11:44:09.381] [INFO] pomelo - [32m[/Users/dangvanhien/ARPG/ARPGGame/game-server/node_modules/pomelo/lib/application.js] [39m"area-server-2" enter after start...
[2014-01-09 11:44:09.383] [INFO] pomelo - [32m[/Users/dangvanhien/ARPG/ARPGGame/game-server/node_modules/pomelo/lib/application.js] [39m"area-server-2" finish start
[2014-01-09 11:45:13.445] [INFO] pomelo - [32m[/Users/dangvanhien/ARPG/ARPGGame/game-server/node_modules/pomelo/lib/application.js] [39mapplication inited: "area-server-2"
[2014-01-09 11:45:13.527] [INFO] console - VLTN
[2014-01-09 11:45:13.529] [INFO] console - MySQL:[object Object]
[2014-01-09 11:45:13.813] [INFO] console - [data sync component] load mapping file done.
[2014-01-09 11:45:16.206] [INFO] console - info: socket.io started
[2014-01-09 11:45:16.337] [INFO] pomelo-admin - [32m[/Users/dangvanhien/ARPG/ARPGGame/game-server/node_modules/pomelo/node_modules/pomelo-admin/lib/consoleService.js] [39mtry to connect master: "area", "127.0.0.1", 3005
[2014-01-09 11:45:17.021] [INFO] pomelo - [32m[/Users/dangvanhien/ARPG/ARPGGame/game-server/node_modules/pomelo/lib/application.js] [39m"area-server-2" enter after start...
[2014-01-09 11:45:17.024] [INFO] pomelo - [32m[/Users/dangvanhien/ARPG/ARPGGame/game-server/node_modules/pomelo/lib/application.js] [39m"area-server-2" finish start
[2014-01-09 11:47:44.052] [INFO] pomelo - [32m[/Users/dangvanhien/ARPG/ARPGGame/game-server/node_modules/pomelo/lib/application.js] [39mapplication inited: "area-server-2"
[2014-01-09 11:47:44.144] [INFO] console - VLTN
[2014-01-09 11:47:44.146] [INFO] console - MySQL:[object Object]
[2014-01-09 11:47:44.478] [INFO] console - [data sync component] load mapping file done.
[2014-01-09 11:47:46.627] [INFO] console - info: socket.io started
[2014-01-09 11:47:46.688] [INFO] pomelo-admin - [32m[/Users/dangvanhien/ARPG/ARPGGame/game-server/node_modules/pomelo/node_modules/pomelo-admin/lib/consoleService.js] [39mtry to connect master: "area", "127.0.0.1", 3005
[2014-01-09 11:47:47.258] [INFO] pomelo - [32m[/Users/dangvanhien/ARPG/ARPGGame/game-server/node_modules/pomelo/lib/application.js] [39m"area-server-2" enter after start...
[2014-01-09 11:47:47.261] [INFO] pomelo - [32m[/Users/dangvanhien/ARPG/ARPGGame/game-server/node_modules/pomelo/lib/application.js] [39m"area-server-2" finish start
[2014-01-09 11:50:43.671] [INFO] pomelo - [32m[/Users/dangvanhien/ARPG/ARPGGame/game-server/node_modules/pomelo/lib/application.js] [39mapplication inited: "area-server-2"
[2014-01-09 11:50:43.755] [INFO] console - VLTN
[2014-01-09 11:50:43.817] [INFO] console - MySQL:[object Object]
[2014-01-09 11:50:44.088] [INFO] console - [data sync component] load mapping file done.
[2014-01-09 11:50:48.249] [INFO] console - info: socket.io started
[2014-01-09 11:50:48.340] [INFO] pomelo-admin - [32m[/Users/dangvanhien/ARPG/ARPGGame/game-server/node_modules/pomelo/node_modules/pomelo-admin/lib/consoleService.js] [39mtry to connect master: "area", "127.0.0.1", 3005
[2014-01-09 11:50:49.091] [INFO] pomelo - [32m[/Users/dangvanhien/ARPG/ARPGGame/game-server/node_modules/pomelo/lib/application.js] [39m"area-server-2" enter after start...
[2014-01-09 11:50:49.093] [INFO] pomelo - [32m[/Users/dangvanhien/ARPG/ARPGGame/game-server/node_modules/pomelo/lib/application.js] [39m"area-server-2" finish start
[2014-01-09 11:50:57.900] [INFO] pomelo - [32m[/Users/dangvanhien/ARPG/ARPGGame/game-server/node_modules/pomelo/lib/application.js] [39mapplication inited: "area-server-2"
[2014-01-09 11:50:57.963] [INFO] console - VLTN
[2014-01-09 11:50:57.965] [INFO] console - MySQL:[object Object]
[2014-01-09 11:50:58.279] [INFO] console - [data sync component] load mapping file done.
[2014-01-09 11:51:00.364] [INFO] console - info: socket.io started
[2014-01-09 11:51:00.453] [INFO] pomelo-admin - [32m[/Users/dangvanhien/ARPG/ARPGGame/game-server/node_modules/pomelo/node_modules/pomelo-admin/lib/consoleService.js] [39mtry to connect master: "area", "127.0.0.1", 3005
[2014-01-09 11:51:01.072] [INFO] pomelo - [32m[/Users/dangvanhien/ARPG/ARPGGame/game-server/node_modules/pomelo/lib/application.js] [39m"area-server-2" enter after start...
[2014-01-09 11:51:01.074] [INFO] pomelo - [32m[/Users/dangvanhien/ARPG/ARPGGame/game-server/node_modules/pomelo/lib/application.js] [39m"area-server-2" finish start
[2014-01-09 11:51:55.167] [INFO] pomelo - [32m[/Users/dangvanhien/ARPG/ARPGGame/game-server/node_modules/pomelo/lib/application.js] [39mapplication inited: "area-server-2"
[2014-01-09 11:51:55.252] [INFO] console - VLTN
[2014-01-09 11:51:55.277] [INFO] console - MySQL:[object Object]
[2014-01-09 11:51:55.592] [INFO] console - [data sync component] load mapping file done.
[2014-01-09 11:51:57.919] [INFO] console - info: socket.io started
[2014-01-09 11:51:58.046] [INFO] pomelo-admin - [32m[/Users/dangvanhien/ARPG/ARPGGame/game-server/node_modules/pomelo/node_modules/pomelo-admin/lib/consoleService.js] [39mtry to connect master: "area", "127.0.0.1", 3005
[2014-01-09 11:51:58.677] [INFO] pomelo - [32m[/Users/dangvanhien/ARPG/ARPGGame/game-server/node_modules/pomelo/lib/application.js] [39m"area-server-2" enter after start...
[2014-01-09 11:51:58.683] [INFO] pomelo - [32m[/Users/dangvanhien/ARPG/ARPGGame/game-server/node_modules/pomelo/lib/application.js] [39m"area-server-2" finish start
[2014-01-09 11:52:55.202] [INFO] pomelo - [32m[/Users/dangvanhien/ARPG/ARPGGame/game-server/node_modules/pomelo/lib/application.js] [39mapplication inited: "area-server-2"
[2014-01-09 11:52:55.299] [INFO] console - VLTN
[2014-01-09 11:52:55.337] [INFO] console - MySQL:[object Object]
[2014-01-09 11:52:55.657] [INFO] console - [data sync component] load mapping file done.
[2014-01-09 11:52:57.943] [INFO] console - info: socket.io started
[2014-01-09 11:52:58.080] [INFO] pomelo-admin - [32m[/Users/dangvanhien/ARPG/ARPGGame/game-server/node_modules/pomelo/node_modules/pomelo-admin/lib/consoleService.js] [39mtry to connect master: "area", "127.0.0.1", 3005
[2014-01-09 11:52:58.825] [INFO] pomelo - [32m[/Users/dangvanhien/ARPG/ARPGGame/game-server/node_modules/pomelo/lib/application.js] [39m"area-server-2" enter after start...
[2014-01-09 11:52:58.827] [INFO] pomelo - [32m[/Users/dangvanhien/ARPG/ARPGGame/game-server/node_modules/pomelo/lib/application.js] [39m"area-server-2" finish start
[2014-01-09 11:53:56.318] [INFO] pomelo - [32m[/Users/dangvanhien/ARPG/ARPGGame/game-server/node_modules/pomelo/lib/application.js] [39mapplication inited: "area-server-2"
[2014-01-09 11:53:56.453] [INFO] console - VLTN
[2014-01-09 11:53:56.469] [INFO] console - MySQL:[object Object]
[2014-01-09 11:53:56.743] [INFO] console - [data sync component] load mapping file done.
[2014-01-09 11:53:59.103] [INFO] console - info: socket.io started
[2014-01-09 11:53:59.127] [INFO] pomelo-admin - [32m[/Users/dangvanhien/ARPG/ARPGGame/game-server/node_modules/pomelo/node_modules/pomelo-admin/lib/consoleService.js] [39mtry to connect master: "area", "127.0.0.1", 3005
[2014-01-09 11:53:59.910] [INFO] pomelo - [32m[/Users/dangvanhien/ARPG/ARPGGame/game-server/node_modules/pomelo/lib/application.js] [39m"area-server-2" enter after start...
[2014-01-09 11:53:59.912] [INFO] pomelo - [32m[/Users/dangvanhien/ARPG/ARPGGame/game-server/node_modules/pomelo/lib/application.js] [39m"area-server-2" finish start
[2014-01-09 11:55:02.243] [INFO] pomelo - [32m[/Users/dangvanhien/ARPG/ARPGGame/game-server/node_modules/pomelo/lib/application.js] [39mapplication inited: "area-server-2"
[2014-01-09 11:55:02.342] [INFO] console - VLTN
[2014-01-09 11:55:02.382] [INFO] console - MySQL:[object Object]
[2014-01-09 11:55:02.682] [INFO] console - [data sync component] load mapping file done.
[2014-01-09 11:55:04.962] [INFO] console - info: socket.io started
[2014-01-09 11:55:05.052] [INFO] pomelo-admin - [32m[/Users/dangvanhien/ARPG/ARPGGame/game-server/node_modules/pomelo/node_modules/pomelo-admin/lib/consoleService.js] [39mtry to connect master: "area", "127.0.0.1", 3005
[2014-01-09 11:55:05.814] [INFO] pomelo - [32m[/Users/dangvanhien/ARPG/ARPGGame/game-server/node_modules/pomelo/lib/application.js] [39m"area-server-2" enter after start...
[2014-01-09 11:55:05.994] [INFO] pomelo - [32m[/Users/dangvanhien/ARPG/ARPGGame/game-server/node_modules/pomelo/lib/application.js] [39m"area-server-2" finish start
[2014-01-09 13:15:49.985] [INFO] pomelo - [32m[/Users/dangvanhien/ARPG/ARPGGame/game-server/node_modules/pomelo/lib/application.js] [39mapplication inited: "area-server-2"
[2014-01-09 13:15:50.062] [INFO] console - VLTN
[2014-01-09 13:15:50.063] [INFO] console - MySQL:[object Object]
[2014-01-09 13:15:50.427] [INFO] console - [data sync component] load mapping file done.
[2014-01-09 13:15:53.032] [INFO] console - info: socket.io started
[2014-01-09 13:15:53.136] [INFO] pomelo-admin - [32m[/Users/dangvanhien/ARPG/ARPGGame/game-server/node_modules/pomelo/node_modules/pomelo-admin/lib/consoleService.js] [39mtry to connect master: "area", "127.0.0.1", 3005
[2014-01-09 13:15:53.746] [INFO] pomelo - [32m[/Users/dangvanhien/ARPG/ARPGGame/game-server/node_modules/pomelo/lib/application.js] [39m"area-server-2" enter after start...
[2014-01-09 13:15:53.810] [INFO] pomelo - [32m[/Users/dangvanhien/ARPG/ARPGGame/game-server/node_modules/pomelo/lib/application.js] [39m"area-server-2" finish start
[2014-01-09 13:18:52.865] [INFO] pomelo - [32m[/Users/dangvanhien/ARPG/ARPGGame/game-server/node_modules/pomelo/lib/application.js] [39mapplication inited: "area-server-2"
[2014-01-09 13:18:53.031] [INFO] console - VLTN
[2014-01-09 13:18:53.033] [INFO] console - MySQL:[object Object]
[2014-01-09 13:18:53.352] [INFO] console - [data sync component] load mapping file done.
[2014-01-09 13:18:55.879] [INFO] console - info: socket.io started
[2014-01-09 13:18:56.029] [INFO] pomelo-admin - [32m[/Users/dangvanhien/ARPG/ARPGGame/game-server/node_modules/pomelo/node_modules/pomelo-admin/lib/consoleService.js] [39mtry to connect master: "area", "127.0.0.1", 3005
[2014-01-09 13:18:56.964] [INFO] pomelo - [32m[/Users/dangvanhien/ARPG/ARPGGame/game-server/node_modules/pomelo/lib/application.js] [39m"area-server-2" enter after start...
[2014-01-09 13:18:56.967] [INFO] pomelo - [32m[/Users/dangvanhien/ARPG/ARPGGame/game-server/node_modules/pomelo/lib/application.js] [39m"area-server-2" finish start
[2014-01-09 13:20:07.853] [INFO] pomelo - [32m[/Users/dangvanhien/ARPG/ARPGGame/game-server/node_modules/pomelo/lib/application.js] [39mapplication inited: "area-server-2"
[2014-01-09 13:20:08.001] [INFO] console - VLTN
[2014-01-09 13:20:08.002] [INFO] console - MySQL:[object Object]
[2014-01-09 13:20:08.336] [INFO] console - [data sync component] load mapping file done.
[2014-01-09 13:20:10.977] [INFO] console - info: socket.io started
[2014-01-09 13:20:11.067] [INFO] pomelo-admin - [32m[/Users/dangvanhien/ARPG/ARPGGame/game-server/node_modules/pomelo/node_modules/pomelo-admin/lib/consoleService.js] [39mtry to connect master: "area", "127.0.0.1", 3005
[2014-01-09 13:20:11.666] [INFO] pomelo - [32m[/Users/dangvanhien/ARPG/ARPGGame/game-server/node_modules/pomelo/lib/application.js] [39m"area-server-2" enter after start...
[2014-01-09 13:20:11.669] [INFO] pomelo - [32m[/Users/dangvanhien/ARPG/ARPGGame/game-server/node_modules/pomelo/lib/application.js] [39m"area-server-2" finish start
[2014-01-09 13:35:56.092] [INFO] pomelo - [32m[/Users/dangvanhien/ARPG/ARPGGame/game-server/node_modules/pomelo/lib/application.js] [39mapplication inited: "area-server-2"
[2014-01-09 13:35:56.225] [INFO] console - VLTN
[2014-01-09 13:35:56.226] [INFO] console - MySQL:[object Object]
[2014-01-09 13:35:56.689] [INFO] console - [data sync component] load mapping file done.
[2014-01-09 13:35:59.521] [INFO] console - info: socket.io started
[2014-01-09 13:35:59.661] [INFO] pomelo-admin - [32m[/Users/dangvanhien/ARPG/ARPGGame/game-server/node_modules/pomelo/node_modules/pomelo-admin/lib/consoleService.js] [39mtry to connect master: "area", "192.168.1.100", 3005
[2014-01-09 13:36:00.408] [INFO] pomelo - [32m[/Users/dangvanhien/ARPG/ARPGGame/game-server/node_modules/pomelo/lib/application.js] [39m"area-server-2" enter after start...
[2014-01-09 13:36:00.410] [INFO] pomelo - [32m[/Users/dangvanhien/ARPG/ARPGGame/game-server/node_modules/pomelo/lib/application.js] [39m"area-server-2" finish start
[2014-01-09 13:36:27.413] [INFO] pomelo - [32m[/Users/dangvanhien/ARPG/ARPGGame/game-server/node_modules/pomelo/lib/application.js] [39mapplication inited: "area-server-2"
[2014-01-09 13:36:27.471] [INFO] console - VLTN
[2014-01-09 13:36:27.472] [INFO] console - MySQL:[object Object]
[2014-01-09 13:36:27.774] [INFO] console - [data sync component] load mapping file done.
[2014-01-09 13:36:29.887] [INFO] console - info: socket.io started
[2014-01-09 13:36:29.941] [INFO] pomelo-admin - [32m[/Users/dangvanhien/ARPG/ARPGGame/game-server/node_modules/pomelo/node_modules/pomelo-admin/lib/consoleService.js] [39mtry to connect master: "area", "192.168.1.100", 3005
[2014-01-09 13:36:30.493] [INFO] pomelo - [32m[/Users/dangvanhien/ARPG/ARPGGame/game-server/node_modules/pomelo/lib/application.js] [39m"area-server-2" enter after start...
[2014-01-09 13:36:30.495] [INFO] pomelo - [32m[/Users/dangvanhien/ARPG/ARPGGame/game-server/node_modules/pomelo/lib/application.js] [39m"area-server-2" finish start
