[2013-12-23 14:17:31.017] [INFO] pomelo - [32m[/Users/dangvanhien/ARPG/ARPGGame/game-server/node_modules/pomelo/lib/application.js] [39mapplication inited: "instance-server-3"
[2013-12-23 14:17:31.035] [INFO] console - /Users/dangvanhien/ARPG/ARPGGame/game-server
[2013-12-23 14:17:31.187] [INFO] console - VLTN
[2013-12-23 14:17:31.188] [INFO] console - MySQL:[object Object]
[2013-12-23 14:17:31.671] [INFO] console - [data sync component] load mapping file done.
[2013-12-23 14:17:34.712] [INFO] console - info: socket.io started
[2013-12-23 14:17:34.855] [INFO] pomelo-admin - [32m[/Users/dangvanhien/ARPG/ARPGGame/game-server/node_modules/pomelo/node_modules/pomelo-admin/lib/consoleService.js] [39mtry to connect master: "area", "127.0.0.1", 3005
[2013-12-23 14:17:35.586] [INFO] pomelo - [32m[/Users/dangvanhien/ARPG/ARPGGame/game-server/node_modules/pomelo/lib/application.js] [39m"instance-server-3" enter after start...
[2013-12-23 14:17:35.590] [INFO] pomelo - [32m[/Users/dangvanhien/ARPG/ARPGGame/game-server/node_modules/pomelo/lib/application.js] [39m"instance-server-3" finish start
[2013-12-23 14:18:07.031] [INFO] pomelo - [32m[/Users/dangvanhien/ARPG/ARPGGame/game-server/node_modules/pomelo/lib/application.js] [39mapplication inited: "instance-server-3"
[2013-12-23 14:18:07.124] [INFO] console - /Users/dangvanhien/ARPG/ARPGGame/game-server
[2013-12-23 14:18:07.197] [INFO] console - VLTN
[2013-12-23 14:18:07.198] [INFO] console - MySQL:[object Object]
[2013-12-23 14:18:07.478] [INFO] console - [data sync component] load mapping file done.
[2013-12-23 14:18:10.420] [INFO] console - info: socket.io started
[2013-12-23 14:18:10.559] [INFO] pomelo-admin - [32m[/Users/dangvanhien/ARPG/ARPGGame/game-server/node_modules/pomelo/node_modules/pomelo-admin/lib/consoleService.js] [39mtry to connect master: "area", "127.0.0.1", 3005
[2013-12-23 14:18:11.389] [INFO] pomelo - [32m[/Users/dangvanhien/ARPG/ARPGGame/game-server/node_modules/pomelo/lib/application.js] [39m"instance-server-3" enter after start...
[2013-12-23 14:18:11.392] [INFO] pomelo - [32m[/Users/dangvanhien/ARPG/ARPGGame/game-server/node_modules/pomelo/lib/application.js] [39m"instance-server-3" finish start
[2013-12-24 09:54:38.206] [INFO] pomelo - [32m[/Users/dangvanhien/ARPG/ARPGGame/game-server/node_modules/pomelo/lib/application.js] [39mapplication inited: "instance-server-3"
[2013-12-24 09:54:38.268] [INFO] console - /Users/dangvanhien/ARPG/ARPGGame/game-server
[2013-12-24 09:54:38.279] [INFO] console - VLTN
[2013-12-24 09:54:38.280] [INFO] console - MySQL:[object Object]
[2013-12-24 09:54:38.632] [INFO] console - [data sync component] load mapping file done.
[2013-12-24 09:54:40.941] [ERROR] console -  Caught exception: Error: Cannot find module '../../../domain/area/instancePool'
    at Function.Module._resolveFilename (module.js:338:15)
    at Function.Module._load (module.js:280:25)
    at Module.require (module.js:364:17)
    at require (module.js:380:17)
    at Object.<anonymous> (/Users/dangvanhien/ARPG/ARPGGame/game-server/app/servers/area/remote/areaRemote.js:2:20)
    at Module._compile (module.js:456:26)
    at Object.Module._extensions..js (module.js:474:10)
    at Module.load (module.js:356:32)
    at Function.Module._load (module.js:312:12)
    at Module.require (module.js:364:17)
[2013-12-24 09:55:27.678] [INFO] pomelo - [32m[/Users/dangvanhien/ARPG/ARPGGame/game-server/node_modules/pomelo/lib/application.js] [39mapplication inited: "instance-server-3"
[2013-12-24 09:55:27.721] [INFO] console - /Users/dangvanhien/ARPG/ARPGGame/game-server
[2013-12-24 09:55:27.759] [INFO] console - VLTN
[2013-12-24 09:55:27.760] [INFO] console - MySQL:[object Object]
[2013-12-24 09:55:28.027] [INFO] console - [data sync component] load mapping file done.
[2013-12-24 09:55:29.848] [ERROR] console -  Caught exception: Error: Cannot find module '../../../domain/area/instancePool'
    at Function.Module._resolveFilename (module.js:338:15)
    at Function.Module._load (module.js:280:25)
    at Module.require (module.js:364:17)
    at require (module.js:380:17)
    at Object.<anonymous> (/Users/dangvanhien/ARPG/ARPGGame/game-server/app/servers/area/remote/areaRemote.js:2:20)
    at Module._compile (module.js:456:26)
    at Object.Module._extensions..js (module.js:474:10)
    at Module.load (module.js:356:32)
    at Function.Module._load (module.js:312:12)
    at Module.require (module.js:364:17)
[2013-12-24 09:56:06.052] [INFO] pomelo - [32m[/Users/dangvanhien/ARPG/ARPGGame/game-server/node_modules/pomelo/lib/application.js] [39mapplication inited: "instance-server-3"
[2013-12-24 09:56:06.157] [INFO] console - /Users/dangvanhien/ARPG/ARPGGame/game-server
[2013-12-24 09:56:06.214] [INFO] console - VLTN
[2013-12-24 09:56:06.215] [INFO] console - MySQL:[object Object]
[2013-12-24 09:56:06.486] [INFO] console - [data sync component] load mapping file done.
[2013-12-24 09:56:08.615] [ERROR] console -  Caught exception: Error: Cannot find module '../../../domain/area/instancePool'
    at Function.Module._resolveFilename (module.js:338:15)
    at Function.Module._load (module.js:280:25)
    at Module.require (module.js:364:17)
    at require (module.js:380:17)
    at Object.<anonymous> (/Users/dangvanhien/ARPG/ARPGGame/game-server/app/servers/area/remote/areaRemote.js:2:20)
    at Module._compile (module.js:456:26)
    at Object.Module._extensions..js (module.js:474:10)
    at Module.load (module.js:356:32)
    at Function.Module._load (module.js:312:12)
    at Module.require (module.js:364:17)
[2013-12-24 09:56:31.047] [INFO] pomelo - [32m[/Users/dangvanhien/ARPG/ARPGGame/game-server/node_modules/pomelo/lib/application.js] [39mapplication inited: "instance-server-3"
[2013-12-24 09:56:31.102] [INFO] console - /Users/dangvanhien/ARPG/ARPGGame/game-server
[2013-12-24 09:56:31.148] [INFO] console - VLTN
[2013-12-24 09:56:31.148] [INFO] console - MySQL:[object Object]
[2013-12-24 09:56:31.508] [INFO] console - [data sync component] load mapping file done.
[2013-12-24 09:56:33.479] [INFO] console - info: socket.io started
[2013-12-24 09:56:33.560] [INFO] pomelo-admin - [32m[/Users/dangvanhien/ARPG/ARPGGame/game-server/node_modules/pomelo/node_modules/pomelo-admin/lib/consoleService.js] [39mtry to connect master: "area", "127.0.0.1", 3005
[2013-12-24 09:56:34.004] [INFO] pomelo - [32m[/Users/dangvanhien/ARPG/ARPGGame/game-server/node_modules/pomelo/lib/application.js] [39m"instance-server-3" enter after start...
[2013-12-24 09:56:34.008] [INFO] pomelo - [32m[/Users/dangvanhien/ARPG/ARPGGame/game-server/node_modules/pomelo/lib/application.js] [39m"instance-server-3" finish start
[2013-12-24 09:57:43.761] [INFO] pomelo - [32m[/Users/dangvanhien/ARPG/ARPGGame/game-server/node_modules/pomelo/lib/application.js] [39mapplication inited: "instance-server-3"
[2013-12-24 09:57:43.831] [INFO] console - /Users/dangvanhien/ARPG/ARPGGame/game-server
[2013-12-24 09:57:43.931] [INFO] console - VLTN
[2013-12-24 09:57:43.932] [INFO] console - MySQL:[object Object]
[2013-12-24 09:57:44.301] [INFO] console - [data sync component] load mapping file done.
[2013-12-24 09:57:46.998] [INFO] console - info: socket.io started
[2013-12-24 09:57:47.129] [INFO] pomelo-admin - [32m[/Users/dangvanhien/ARPG/ARPGGame/game-server/node_modules/pomelo/node_modules/pomelo-admin/lib/consoleService.js] [39mtry to connect master: "area", "127.0.0.1", 3005
[2013-12-24 09:57:47.839] [INFO] pomelo - [32m[/Users/dangvanhien/ARPG/ARPGGame/game-server/node_modules/pomelo/lib/application.js] [39m"instance-server-3" enter after start...
[2013-12-24 09:57:47.841] [INFO] pomelo - [32m[/Users/dangvanhien/ARPG/ARPGGame/game-server/node_modules/pomelo/lib/application.js] [39m"instance-server-3" finish start
[2013-12-24 09:59:03.074] [INFO] pomelo - [32m[/Users/dangvanhien/ARPG/ARPGGame/game-server/node_modules/pomelo/lib/application.js] [39mapplication inited: "instance-server-3"
[2013-12-24 09:59:03.153] [INFO] console - /Users/dangvanhien/ARPG/ARPGGame/game-server
[2013-12-24 09:59:03.210] [INFO] console - VLTN
[2013-12-24 09:59:03.210] [INFO] console - MySQL:[object Object]
[2013-12-24 09:59:03.463] [INFO] console - [data sync component] load mapping file done.
[2013-12-24 09:59:05.634] [INFO] console - info: socket.io started
[2013-12-24 09:59:05.742] [INFO] pomelo-admin - [32m[/Users/dangvanhien/ARPG/ARPGGame/game-server/node_modules/pomelo/node_modules/pomelo-admin/lib/consoleService.js] [39mtry to connect master: "area", "127.0.0.1", 3005
[2013-12-24 09:59:06.361] [INFO] pomelo - [32m[/Users/dangvanhien/ARPG/ARPGGame/game-server/node_modules/pomelo/lib/application.js] [39m"instance-server-3" enter after start...
[2013-12-24 09:59:06.398] [INFO] pomelo - [32m[/Users/dangvanhien/ARPG/ARPGGame/game-server/node_modules/pomelo/lib/application.js] [39m"instance-server-3" finish start
[2013-12-24 10:00:49.731] [INFO] pomelo - [32m[/Users/dangvanhien/ARPG/ARPGGame/game-server/node_modules/pomelo/lib/application.js] [39mapplication inited: "instance-server-3"
[2013-12-24 10:00:49.789] [INFO] console - /Users/dangvanhien/ARPG/ARPGGame/game-server
[2013-12-24 10:00:49.833] [INFO] console - VLTN
[2013-12-24 10:00:49.834] [INFO] console - MySQL:[object Object]
[2013-12-24 10:00:50.028] [INFO] console - [data sync component] load mapping file done.
[2013-12-24 10:00:52.759] [INFO] console - info: socket.io started
[2013-12-24 10:00:52.834] [INFO] pomelo-admin - [32m[/Users/dangvanhien/ARPG/ARPGGame/game-server/node_modules/pomelo/node_modules/pomelo-admin/lib/consoleService.js] [39mtry to connect master: "area", "127.0.0.1", 3005
[2013-12-24 10:00:53.455] [INFO] pomelo - [32m[/Users/dangvanhien/ARPG/ARPGGame/game-server/node_modules/pomelo/lib/application.js] [39m"instance-server-3" enter after start...
[2013-12-24 10:00:53.457] [INFO] pomelo - [32m[/Users/dangvanhien/ARPG/ARPGGame/game-server/node_modules/pomelo/lib/application.js] [39m"instance-server-3" finish start
[2013-12-24 10:02:12.638] [INFO] pomelo - [32m[/Users/dangvanhien/ARPG/ARPGGame/game-server/node_modules/pomelo/lib/application.js] [39mapplication inited: "instance-server-3"
[2013-12-24 10:02:12.702] [INFO] console - /Users/dangvanhien/ARPG/ARPGGame/game-server
[2013-12-24 10:02:12.742] [INFO] console - VLTN
[2013-12-24 10:02:12.743] [INFO] console - MySQL:[object Object]
[2013-12-24 10:02:12.996] [INFO] console - [data sync component] load mapping file done.
[2013-12-24 10:02:15.104] [INFO] console - info: socket.io started
[2013-12-24 10:02:15.217] [INFO] pomelo-admin - [32m[/Users/dangvanhien/ARPG/ARPGGame/game-server/node_modules/pomelo/node_modules/pomelo-admin/lib/consoleService.js] [39mtry to connect master: "area", "127.0.0.1", 3005
[2013-12-24 10:02:15.999] [INFO] pomelo - [32m[/Users/dangvanhien/ARPG/ARPGGame/game-server/node_modules/pomelo/lib/application.js] [39m"instance-server-3" enter after start...
[2013-12-24 10:02:16.002] [INFO] pomelo - [32m[/Users/dangvanhien/ARPG/ARPGGame/game-server/node_modules/pomelo/lib/application.js] [39m"instance-server-3" finish start
[2013-12-24 10:03:34.811] [INFO] pomelo - [32m[/Users/dangvanhien/ARPG/ARPGGame/game-server/node_modules/pomelo/lib/application.js] [39mapplication inited: "instance-server-3"
[2013-12-24 10:03:34.869] [INFO] console - /Users/dangvanhien/ARPG/ARPGGame/game-server
[2013-12-24 10:03:34.910] [INFO] console - VLTN
[2013-12-24 10:03:34.911] [INFO] console - MySQL:[object Object]
[2013-12-24 10:03:35.188] [INFO] console - [data sync component] load mapping file done.
[2013-12-24 10:03:37.406] [INFO] console - info: socket.io started
[2013-12-24 10:03:37.522] [INFO] pomelo-admin - [32m[/Users/dangvanhien/ARPG/ARPGGame/game-server/node_modules/pomelo/node_modules/pomelo-admin/lib/consoleService.js] [39mtry to connect master: "area", "127.0.0.1", 3005
[2013-12-24 10:03:38.199] [INFO] pomelo - [32m[/Users/dangvanhien/ARPG/ARPGGame/game-server/node_modules/pomelo/lib/application.js] [39m"instance-server-3" enter after start...
[2013-12-24 10:03:38.202] [INFO] pomelo - [32m[/Users/dangvanhien/ARPG/ARPGGame/game-server/node_modules/pomelo/lib/application.js] [39m"instance-server-3" finish start
[2013-12-24 10:04:14.384] [INFO] pomelo - [32m[/Users/dangvanhien/ARPG/ARPGGame/game-server/node_modules/pomelo/lib/application.js] [39mapplication inited: "instance-server-3"
[2013-12-24 10:04:14.400] [INFO] console - /Users/dangvanhien/ARPG/ARPGGame/game-server
[2013-12-24 10:04:14.440] [INFO] console - VLTN
[2013-12-24 10:04:14.442] [INFO] console - MySQL:[object Object]
[2013-12-24 10:04:14.751] [INFO] console - [data sync component] load mapping file done.
[2013-12-24 10:04:16.980] [INFO] console - info: socket.io started
[2013-12-24 10:04:17.048] [INFO] pomelo-admin - [32m[/Users/dangvanhien/ARPG/ARPGGame/game-server/node_modules/pomelo/node_modules/pomelo-admin/lib/consoleService.js] [39mtry to connect master: "area", "127.0.0.1", 3005
[2013-12-24 10:04:17.566] [INFO] pomelo - [32m[/Users/dangvanhien/ARPG/ARPGGame/game-server/node_modules/pomelo/lib/application.js] [39m"instance-server-3" enter after start...
[2013-12-24 10:04:17.568] [INFO] pomelo - [32m[/Users/dangvanhien/ARPG/ARPGGame/game-server/node_modules/pomelo/lib/application.js] [39m"instance-server-3" finish start
[2013-12-24 10:06:35.179] [INFO] pomelo - [32m[/Users/dangvanhien/ARPG/ARPGGame/game-server/node_modules/pomelo/lib/application.js] [39mapplication inited: "instance-server-3"
[2013-12-24 10:06:35.277] [INFO] console - /Users/dangvanhien/ARPG/ARPGGame/game-server
[2013-12-24 10:06:35.318] [INFO] console - VLTN
[2013-12-24 10:06:35.319] [INFO] console - MySQL:[object Object]
[2013-12-24 10:06:35.627] [INFO] console - [data sync component] load mapping file done.
[2013-12-24 10:06:38.221] [INFO] console - info: socket.io started
[2013-12-24 10:06:38.325] [INFO] pomelo-admin - [32m[/Users/dangvanhien/ARPG/ARPGGame/game-server/node_modules/pomelo/node_modules/pomelo-admin/lib/consoleService.js] [39mtry to connect master: "area", "127.0.0.1", 3005
[2013-12-24 10:06:38.892] [INFO] pomelo - [32m[/Users/dangvanhien/ARPG/ARPGGame/game-server/node_modules/pomelo/lib/application.js] [39m"instance-server-3" enter after start...
[2013-12-24 10:06:38.970] [INFO] pomelo - [32m[/Users/dangvanhien/ARPG/ARPGGame/game-server/node_modules/pomelo/lib/application.js] [39m"instance-server-3" finish start
[2014-01-08 14:43:19.534] [INFO] pomelo - [32m[/Users/dangvanhien/ARPG/ARPGGame/game-server/node_modules/pomelo/lib/application.js] [39mapplication inited: "instance-server-3"
[2014-01-08 14:43:19.675] [INFO] console - /Users/dangvanhien/ARPG/ARPGGame/game-server
[2014-01-08 14:43:19.771] [INFO] console - VLTN
[2014-01-08 14:43:19.772] [INFO] console - MySQL:[object Object]
[2014-01-08 14:43:20.185] [INFO] console - [data sync component] load mapping file done.
[2014-01-08 14:43:22.935] [INFO] console - info: socket.io started
[2014-01-08 14:43:23.052] [INFO] pomelo-admin - [32m[/Users/dangvanhien/ARPG/ARPGGame/game-server/node_modules/pomelo/node_modules/pomelo-admin/lib/consoleService.js] [39mtry to connect master: "area", "127.0.0.1", 3005
[2014-01-08 14:43:23.735] [INFO] pomelo - [32m[/Users/dangvanhien/ARPG/ARPGGame/game-server/node_modules/pomelo/lib/application.js] [39m"instance-server-3" enter after start...
[2014-01-08 14:43:23.737] [INFO] pomelo - [32m[/Users/dangvanhien/ARPG/ARPGGame/game-server/node_modules/pomelo/lib/application.js] [39m"instance-server-3" finish start
[2014-01-08 14:45:51.922] [INFO] pomelo - [32m[/Users/dangvanhien/ARPG/ARPGGame/game-server/node_modules/pomelo/lib/application.js] [39mapplication inited: "instance-server-3"
[2014-01-08 14:45:52.021] [INFO] console - /Users/dangvanhien/ARPG/ARPGGame/game-server
[2014-01-08 14:45:52.074] [INFO] console - VLTN
[2014-01-08 14:45:52.076] [INFO] console - MySQL:[object Object]
[2014-01-08 14:45:52.397] [INFO] console - [data sync component] load mapping file done.
[2014-01-08 14:45:55.195] [INFO] console - info: socket.io started
[2014-01-08 14:45:55.288] [ERROR] console -  Caught exception: Error: listen EADDRINUSE
    at errnoException (net.js:901:11)
    at Server._listen2 (net.js:1039:14)
    at listen (net.js:1061:10)
    at Server.listen (net.js:1127:5)
    at Object.exports.listen (/Users/dangvanhien/ARPG/ARPGGame/game-server/node_modules/pomelo/node_modules/socket.io/lib/socket.io.js:74:12)
    at pro.listen (/Users/dangvanhien/ARPG/ARPGGame/game-server/node_modules/pomelo/node_modules/pomelo-rpc/lib/rpc-server/acceptors/ws-acceptor.js:32:21)
    at pro.start (/Users/dangvanhien/ARPG/ARPGGame/game-server/node_modules/pomelo/node_modules/pomelo-rpc/lib/rpc-server/gateway.js:43:17)
    at pro.start (/Users/dangvanhien/ARPG/ARPGGame/game-server/node_modules/pomelo/lib/components/remote.js:54:15)
    at /Users/dangvanhien/ARPG/ARPGGame/game-server/node_modules/pomelo/lib/util/appUtil.js:84:19
    at iterate (/Users/dangvanhien/ARPG/ARPGGame/game-server/node_modules/pomelo/node_modules/async/lib/async.js:123:13)
[2014-01-08 14:45:55.432] [INFO] pomelo-admin - [32m[/Users/dangvanhien/ARPG/ARPGGame/game-server/node_modules/pomelo/node_modules/pomelo-admin/lib/consoleService.js] [39mtry to connect master: "area", "127.0.0.1", 3005
[2014-01-08 14:45:56.229] [INFO] pomelo - [32m[/Users/dangvanhien/ARPG/ARPGGame/game-server/node_modules/pomelo/lib/application.js] [39m"instance-server-3" enter after start...
[2014-01-08 14:45:56.231] [INFO] pomelo - [32m[/Users/dangvanhien/ARPG/ARPGGame/game-server/node_modules/pomelo/lib/application.js] [39m"instance-server-3" finish start
[2014-01-08 14:47:06.839] [INFO] pomelo - [32m[/Users/dangvanhien/ARPG/ARPGGame/game-server/node_modules/pomelo/lib/application.js] [39mapplication inited: "instance-server-3"
[2014-01-08 14:47:06.931] [INFO] console - /Users/dangvanhien/ARPG/ARPGGame/game-server
[2014-01-08 14:47:06.979] [INFO] console - VLTN
[2014-01-08 14:47:06.980] [INFO] console - MySQL:[object Object]
[2014-01-08 14:47:07.272] [INFO] console - [data sync component] load mapping file done.
[2014-01-08 14:47:09.231] [INFO] console - info: socket.io started
[2014-01-08 14:47:09.337] [INFO] pomelo-admin - [32m[/Users/dangvanhien/ARPG/ARPGGame/game-server/node_modules/pomelo/node_modules/pomelo-admin/lib/consoleService.js] [39mtry to connect master: "area", "127.0.0.1", 3005
[2014-01-08 14:47:09.822] [INFO] pomelo - [32m[/Users/dangvanhien/ARPG/ARPGGame/game-server/node_modules/pomelo/lib/application.js] [39m"instance-server-3" enter after start...
[2014-01-08 14:47:09.826] [INFO] pomelo - [32m[/Users/dangvanhien/ARPG/ARPGGame/game-server/node_modules/pomelo/lib/application.js] [39m"instance-server-3" finish start
[2014-01-08 14:49:01.941] [INFO] pomelo - [32m[/Users/dangvanhien/ARPG/ARPGGame/game-server/node_modules/pomelo/lib/application.js] [39mapplication inited: "instance-server-3"
[2014-01-08 14:49:01.997] [INFO] console - /Users/dangvanhien/ARPG/ARPGGame/game-server
[2014-01-08 14:49:02.006] [INFO] console - VLTN
[2014-01-08 14:49:02.007] [INFO] console - MySQL:[object Object]
[2014-01-08 14:49:02.322] [INFO] console - [data sync component] load mapping file done.
[2014-01-08 14:49:04.792] [INFO] console - info: socket.io started
[2014-01-08 14:49:04.868] [INFO] pomelo-admin - [32m[/Users/dangvanhien/ARPG/ARPGGame/game-server/node_modules/pomelo/node_modules/pomelo-admin/lib/consoleService.js] [39mtry to connect master: "area", "127.0.0.1", 3005
[2014-01-08 14:49:05.576] [INFO] pomelo - [32m[/Users/dangvanhien/ARPG/ARPGGame/game-server/node_modules/pomelo/lib/application.js] [39m"instance-server-3" enter after start...
[2014-01-08 14:49:05.578] [INFO] pomelo - [32m[/Users/dangvanhien/ARPG/ARPGGame/game-server/node_modules/pomelo/lib/application.js] [39m"instance-server-3" finish start
[2014-01-08 15:51:22.194] [INFO] pomelo - [32m[/Users/dangvanhien/ARPG/ARPGGame/game-server/node_modules/pomelo/lib/application.js] [39mapplication inited: "instance-server-3"
[2014-01-08 15:51:22.300] [INFO] console - /Users/dangvanhien/ARPG/ARPGGame/game-server
[2014-01-08 15:51:22.324] [INFO] console - VLTN
[2014-01-08 15:51:22.325] [INFO] console - MySQL:[object Object]
[2014-01-08 15:51:22.621] [INFO] console - [data sync component] load mapping file done.
[2014-01-08 15:51:25.049] [INFO] console - info: socket.io started
[2014-01-08 15:51:25.289] [INFO] pomelo-admin - [32m[/Users/dangvanhien/ARPG/ARPGGame/game-server/node_modules/pomelo/node_modules/pomelo-admin/lib/consoleService.js] [39mtry to connect master: "area", "127.0.0.1", 3005
[2014-01-08 15:51:25.746] [INFO] pomelo - [32m[/Users/dangvanhien/ARPG/ARPGGame/game-server/node_modules/pomelo/lib/application.js] [39m"instance-server-3" enter after start...
[2014-01-08 15:51:25.747] [INFO] pomelo - [32m[/Users/dangvanhien/ARPG/ARPGGame/game-server/node_modules/pomelo/lib/application.js] [39m"instance-server-3" finish start
[2014-01-08 15:51:53.903] [INFO] pomelo - [32m[/Users/dangvanhien/ARPG/ARPGGame/game-server/node_modules/pomelo/lib/application.js] [39mapplication inited: "instance-server-3"
[2014-01-08 15:51:53.972] [INFO] console - /Users/dangvanhien/ARPG/ARPGGame/game-server
[2014-01-08 15:51:54.015] [INFO] console - VLTN
[2014-01-08 15:51:54.016] [INFO] console - MySQL:[object Object]
[2014-01-08 15:51:54.302] [INFO] console - [data sync component] load mapping file done.
[2014-01-08 15:51:56.469] [INFO] console - info: socket.io started
[2014-01-08 15:51:56.596] [INFO] pomelo-admin - [32m[/Users/dangvanhien/ARPG/ARPGGame/game-server/node_modules/pomelo/node_modules/pomelo-admin/lib/consoleService.js] [39mtry to connect master: "area", "127.0.0.1", 3005
[2014-01-08 15:51:57.175] [INFO] pomelo - [32m[/Users/dangvanhien/ARPG/ARPGGame/game-server/node_modules/pomelo/lib/application.js] [39m"instance-server-3" enter after start...
[2014-01-08 15:51:57.177] [INFO] pomelo - [32m[/Users/dangvanhien/ARPG/ARPGGame/game-server/node_modules/pomelo/lib/application.js] [39m"instance-server-3" finish start
[2014-01-08 16:03:55.730] [INFO] pomelo - [32m[/Users/dangvanhien/ARPG/ARPGGame/game-server/node_modules/pomelo/lib/application.js] [39mapplication inited: "instance-server-3"
[2014-01-08 16:03:55.825] [INFO] console - /Users/dangvanhien/ARPG/ARPGGame/game-server
[2014-01-08 16:03:55.867] [INFO] console - VLTN
[2014-01-08 16:03:55.867] [INFO] console - MySQL:[object Object]
[2014-01-08 16:03:56.138] [INFO] console - [data sync component] load mapping file done.
[2014-01-08 16:03:58.574] [INFO] console - info: socket.io started
[2014-01-08 16:03:58.653] [INFO] pomelo-admin - [32m[/Users/dangvanhien/ARPG/ARPGGame/game-server/node_modules/pomelo/node_modules/pomelo-admin/lib/consoleService.js] [39mtry to connect master: "area", "127.0.0.1", 3005
[2014-01-08 16:03:59.248] [INFO] pomelo - [32m[/Users/dangvanhien/ARPG/ARPGGame/game-server/node_modules/pomelo/lib/application.js] [39m"instance-server-3" enter after start...
[2014-01-08 16:03:59.257] [INFO] pomelo - [32m[/Users/dangvanhien/ARPG/ARPGGame/game-server/node_modules/pomelo/lib/application.js] [39m"instance-server-3" finish start
[2014-01-08 16:07:11.811] [INFO] pomelo - [32m[/Users/dangvanhien/ARPG/ARPGGame/game-server/node_modules/pomelo/lib/application.js] [39mapplication inited: "instance-server-3"
[2014-01-08 16:07:11.837] [INFO] console - /Users/dangvanhien/ARPG/ARPGGame/game-server
[2014-01-08 16:07:11.932] [INFO] console - VLTN
[2014-01-08 16:07:11.933] [INFO] console - MySQL:[object Object]
[2014-01-08 16:07:12.227] [INFO] console - [data sync component] load mapping file done.
[2014-01-08 16:07:14.075] [INFO] console - info: socket.io started
[2014-01-08 16:07:14.168] [INFO] pomelo-admin - [32m[/Users/dangvanhien/ARPG/ARPGGame/game-server/node_modules/pomelo/node_modules/pomelo-admin/lib/consoleService.js] [39mtry to connect master: "area", "127.0.0.1", 3005
[2014-01-08 16:07:14.710] [INFO] pomelo - [32m[/Users/dangvanhien/ARPG/ARPGGame/game-server/node_modules/pomelo/lib/application.js] [39m"instance-server-3" enter after start...
[2014-01-08 16:07:14.713] [INFO] pomelo - [32m[/Users/dangvanhien/ARPG/ARPGGame/game-server/node_modules/pomelo/lib/application.js] [39m"instance-server-3" finish start
[2014-01-08 16:30:43.630] [INFO] pomelo - [32m[/Users/dangvanhien/ARPG/ARPGGame/game-server/node_modules/pomelo/lib/application.js] [39mapplication inited: "instance-server-3"
[2014-01-08 16:30:43.692] [INFO] console - /Users/dangvanhien/ARPG/ARPGGame/game-server
[2014-01-08 16:30:43.756] [INFO] console - VLTN
[2014-01-08 16:30:43.758] [INFO] console - MySQL:[object Object]
[2014-01-08 16:30:44.146] [INFO] console - [data sync component] load mapping file done.
[2014-01-08 16:30:46.999] [INFO] console - info: socket.io started
[2014-01-08 16:30:47.077] [INFO] pomelo-admin - [32m[/Users/dangvanhien/ARPG/ARPGGame/game-server/node_modules/pomelo/node_modules/pomelo-admin/lib/consoleService.js] [39mtry to connect master: "area", "127.0.0.1", 3005
[2014-01-08 16:30:47.690] [ERROR] pomelo-admin - [31m[/Users/dangvanhien/ARPG/ARPGGame/game-server/node_modules/pomelo/node_modules/pomelo-admin/lib/monitorAgent.js] [39mserver "instance-server-3" "area" register master failed
[2014-01-08 19:52:54.926] [INFO] pomelo - [32m[/Users/dangvanhien/ARPG/ARPGGame/game-server/node_modules/pomelo/lib/application.js] [39mapplication inited: "instance-server-3"
[2014-01-08 19:52:55.016] [INFO] console - /Users/dangvanhien/ARPG/ARPGGame/game-server
[2014-01-08 19:52:55.076] [INFO] console - VLTN
[2014-01-08 19:52:55.076] [INFO] console - MySQL:[object Object]
[2014-01-08 19:52:55.485] [INFO] console - [data sync component] load mapping file done.
[2014-01-08 19:52:58.998] [INFO] console - info: socket.io started
[2014-01-08 19:52:59.032] [INFO] pomelo-admin - [32m[/Users/dangvanhien/ARPG/ARPGGame/game-server/node_modules/pomelo/node_modules/pomelo-admin/lib/consoleService.js] [39mtry to connect master: "area", "127.0.0.1", 3005
[2014-01-08 19:52:59.939] [INFO] pomelo - [32m[/Users/dangvanhien/ARPG/ARPGGame/game-server/node_modules/pomelo/lib/application.js] [39m"instance-server-3" enter after start...
[2014-01-08 19:52:59.974] [INFO] pomelo - [32m[/Users/dangvanhien/ARPG/ARPGGame/game-server/node_modules/pomelo/lib/application.js] [39m"instance-server-3" finish start
[2014-01-09 09:15:10.822] [INFO] pomelo - [32m[/Users/dangvanhien/ARPG/ARPGGame/game-server/node_modules/pomelo/lib/application.js] [39mapplication inited: "instance-server-3"
[2014-01-09 09:15:10.849] [INFO] console - /Users/dangvanhien/ARPG/ARPGGame/game-server
[2014-01-09 09:15:10.861] [INFO] console - VLTN
[2014-01-09 09:15:10.861] [INFO] console - MySQL:[object Object]
[2014-01-09 09:15:11.309] [INFO] console - [data sync component] load mapping file done.
[2014-01-09 09:15:13.990] [INFO] console - info: socket.io started
[2014-01-09 09:15:14.173] [INFO] pomelo-admin - [32m[/Users/dangvanhien/ARPG/ARPGGame/game-server/node_modules/pomelo/node_modules/pomelo-admin/lib/consoleService.js] [39mtry to connect master: "area", "127.0.0.1", 3005
[2014-01-09 09:15:15.153] [INFO] pomelo - [32m[/Users/dangvanhien/ARPG/ARPGGame/game-server/node_modules/pomelo/lib/application.js] [39m"instance-server-3" enter after start...
[2014-01-09 09:15:15.156] [INFO] pomelo - [32m[/Users/dangvanhien/ARPG/ARPGGame/game-server/node_modules/pomelo/lib/application.js] [39m"instance-server-3" finish start
[2014-01-09 09:16:41.940] [INFO] pomelo - [32m[/Users/dangvanhien/ARPG/ARPGGame/game-server/node_modules/pomelo/lib/application.js] [39mapplication inited: "instance-server-3"
[2014-01-09 09:16:42.021] [INFO] console - /Users/dangvanhien/ARPG/ARPGGame/game-server
[2014-01-09 09:16:42.072] [INFO] console - VLTN
[2014-01-09 09:16:42.073] [INFO] console - MySQL:[object Object]
[2014-01-09 09:16:42.398] [INFO] console - [data sync component] load mapping file done.
[2014-01-09 09:16:44.725] [INFO] console - info: socket.io started
[2014-01-09 09:16:44.801] [INFO] pomelo-admin - [32m[/Users/dangvanhien/ARPG/ARPGGame/game-server/node_modules/pomelo/node_modules/pomelo-admin/lib/consoleService.js] [39mtry to connect master: "area", "127.0.0.1", 3005
[2014-01-09 09:16:45.658] [INFO] pomelo - [32m[/Users/dangvanhien/ARPG/ARPGGame/game-server/node_modules/pomelo/lib/application.js] [39m"instance-server-3" enter after start...
[2014-01-09 09:16:45.660] [INFO] pomelo - [32m[/Users/dangvanhien/ARPG/ARPGGame/game-server/node_modules/pomelo/lib/application.js] [39m"instance-server-3" finish start
[2014-01-09 09:22:03.641] [INFO] pomelo - [32m[/Users/dangvanhien/ARPG/ARPGGame/game-server/node_modules/pomelo/lib/application.js] [39mapplication inited: "instance-server-3"
[2014-01-09 09:22:03.771] [INFO] console - /Users/dangvanhien/ARPG/ARPGGame/game-server
[2014-01-09 09:22:03.821] [INFO] console - VLTN
[2014-01-09 09:22:03.823] [INFO] console - MySQL:[object Object]
[2014-01-09 09:22:04.285] [INFO] console - [data sync component] load mapping file done.
[2014-01-09 09:22:07.621] [INFO] console - info: socket.io started
[2014-01-09 09:22:07.757] [INFO] pomelo-admin - [32m[/Users/dangvanhien/ARPG/ARPGGame/game-server/node_modules/pomelo/node_modules/pomelo-admin/lib/consoleService.js] [39mtry to connect master: "area", "127.0.0.1", 3005
[2014-01-09 09:22:08.787] [INFO] pomelo - [32m[/Users/dangvanhien/ARPG/ARPGGame/game-server/node_modules/pomelo/lib/application.js] [39m"instance-server-3" enter after start...
[2014-01-09 09:22:08.789] [INFO] pomelo - [32m[/Users/dangvanhien/ARPG/ARPGGame/game-server/node_modules/pomelo/lib/application.js] [39m"instance-server-3" finish start
[2014-01-09 09:29:55.847] [INFO] pomelo - [32m[/Users/dangvanhien/ARPG/ARPGGame/game-server/node_modules/pomelo/lib/application.js] [39mapplication inited: "instance-server-3"
[2014-01-09 09:29:55.924] [INFO] console - /Users/dangvanhien/ARPG/ARPGGame/game-server
[2014-01-09 09:29:55.984] [INFO] console - VLTN
[2014-01-09 09:29:55.985] [INFO] console - MySQL:[object Object]
[2014-01-09 09:29:56.343] [INFO] console - [data sync component] load mapping file done.
[2014-01-09 09:29:58.981] [INFO] console - info: socket.io started
[2014-01-09 09:29:59.085] [INFO] pomelo-admin - [32m[/Users/dangvanhien/ARPG/ARPGGame/game-server/node_modules/pomelo/node_modules/pomelo-admin/lib/consoleService.js] [39mtry to connect master: "area", "127.0.0.1", 3005
[2014-01-09 09:29:59.921] [INFO] pomelo - [32m[/Users/dangvanhien/ARPG/ARPGGame/game-server/node_modules/pomelo/lib/application.js] [39m"instance-server-3" enter after start...
[2014-01-09 09:29:59.923] [INFO] pomelo - [32m[/Users/dangvanhien/ARPG/ARPGGame/game-server/node_modules/pomelo/lib/application.js] [39m"instance-server-3" finish start
[2014-01-09 09:33:07.942] [INFO] pomelo - [32m[/Users/dangvanhien/ARPG/ARPGGame/game-server/node_modules/pomelo/lib/application.js] [39mapplication inited: "instance-server-3"
[2014-01-09 09:33:08.002] [INFO] console - /Users/dangvanhien/ARPG/ARPGGame/game-server
[2014-01-09 09:33:08.040] [INFO] console - VLTN
[2014-01-09 09:33:08.041] [INFO] console - MySQL:[object Object]
[2014-01-09 09:33:08.372] [INFO] console - [data sync component] load mapping file done.
[2014-01-09 09:33:10.876] [INFO] console - info: socket.io started
[2014-01-09 09:33:10.988] [INFO] pomelo-admin - [32m[/Users/dangvanhien/ARPG/ARPGGame/game-server/node_modules/pomelo/node_modules/pomelo-admin/lib/consoleService.js] [39mtry to connect master: "area", "127.0.0.1", 3005
[2014-01-09 09:33:11.628] [INFO] pomelo - [32m[/Users/dangvanhien/ARPG/ARPGGame/game-server/node_modules/pomelo/lib/application.js] [39m"instance-server-3" enter after start...
[2014-01-09 09:33:11.630] [INFO] pomelo - [32m[/Users/dangvanhien/ARPG/ARPGGame/game-server/node_modules/pomelo/lib/application.js] [39m"instance-server-3" finish start
[2014-01-09 09:36:16.087] [INFO] pomelo - [32m[/Users/dangvanhien/ARPG/ARPGGame/game-server/node_modules/pomelo/lib/application.js] [39mapplication inited: "instance-server-3"
[2014-01-09 09:36:16.186] [INFO] console - /Users/dangvanhien/ARPG/ARPGGame/game-server
[2014-01-09 09:36:16.240] [INFO] console - VLTN
[2014-01-09 09:36:16.241] [INFO] console - MySQL:[object Object]
[2014-01-09 09:36:16.590] [INFO] console - [data sync component] load mapping file done.
[2014-01-09 09:36:18.829] [INFO] console - info: socket.io started
[2014-01-09 09:36:18.952] [INFO] pomelo-admin - [32m[/Users/dangvanhien/ARPG/ARPGGame/game-server/node_modules/pomelo/node_modules/pomelo-admin/lib/consoleService.js] [39mtry to connect master: "area", "127.0.0.1", 3005
[2014-01-09 09:36:19.587] [INFO] pomelo - [32m[/Users/dangvanhien/ARPG/ARPGGame/game-server/node_modules/pomelo/lib/application.js] [39m"instance-server-3" enter after start...
[2014-01-09 09:36:19.590] [INFO] pomelo - [32m[/Users/dangvanhien/ARPG/ARPGGame/game-server/node_modules/pomelo/lib/application.js] [39m"instance-server-3" finish start
[2014-01-09 09:43:39.626] [INFO] pomelo - [32m[/Users/dangvanhien/ARPG/ARPGGame/game-server/node_modules/pomelo/lib/application.js] [39mapplication inited: "instance-server-3"
[2014-01-09 09:43:39.683] [INFO] console - /Users/dangvanhien/ARPG/ARPGGame/game-server
[2014-01-09 09:43:39.751] [INFO] console - VLTN
[2014-01-09 09:43:39.753] [INFO] console - MySQL:[object Object]
[2014-01-09 09:43:40.102] [INFO] console - [data sync component] load mapping file done.
[2014-01-09 09:43:42.534] [INFO] console - info: socket.io started
[2014-01-09 09:43:42.625] [INFO] pomelo-admin - [32m[/Users/dangvanhien/ARPG/ARPGGame/game-server/node_modules/pomelo/node_modules/pomelo-admin/lib/consoleService.js] [39mtry to connect master: "area", "127.0.0.1", 3005
[2014-01-09 09:43:43.224] [INFO] pomelo - [32m[/Users/dangvanhien/ARPG/ARPGGame/game-server/node_modules/pomelo/lib/application.js] [39m"instance-server-3" enter after start...
[2014-01-09 09:43:43.292] [INFO] pomelo - [32m[/Users/dangvanhien/ARPG/ARPGGame/game-server/node_modules/pomelo/lib/application.js] [39m"instance-server-3" finish start
[2014-01-09 09:45:59.068] [INFO] pomelo - [32m[/Users/dangvanhien/ARPG/ARPGGame/game-server/node_modules/pomelo/lib/application.js] [39mapplication inited: "instance-server-3"
[2014-01-09 09:45:59.174] [INFO] console - /Users/dangvanhien/ARPG/ARPGGame/game-server
[2014-01-09 09:45:59.236] [INFO] console - VLTN
[2014-01-09 09:45:59.236] [INFO] console - MySQL:[object Object]
[2014-01-09 09:45:59.622] [INFO] console - [data sync component] load mapping file done.
[2014-01-09 09:46:02.677] [INFO] console - info: socket.io started
[2014-01-09 09:46:02.799] [INFO] pomelo-admin - [32m[/Users/dangvanhien/ARPG/ARPGGame/game-server/node_modules/pomelo/node_modules/pomelo-admin/lib/consoleService.js] [39mtry to connect master: "area", "127.0.0.1", 3005
[2014-01-09 09:46:03.520] [INFO] pomelo - [32m[/Users/dangvanhien/ARPG/ARPGGame/game-server/node_modules/pomelo/lib/application.js] [39m"instance-server-3" enter after start...
[2014-01-09 09:46:03.522] [INFO] pomelo - [32m[/Users/dangvanhien/ARPG/ARPGGame/game-server/node_modules/pomelo/lib/application.js] [39m"instance-server-3" finish start
[2014-01-09 09:50:51.737] [INFO] pomelo - [32m[/Users/dangvanhien/ARPG/ARPGGame/game-server/node_modules/pomelo/lib/application.js] [39mapplication inited: "instance-server-3"
[2014-01-09 09:50:51.776] [INFO] console - /Users/dangvanhien/ARPG/ARPGGame/game-server
[2014-01-09 09:50:51.787] [INFO] console - VLTN
[2014-01-09 09:50:51.788] [INFO] console - MySQL:[object Object]
[2014-01-09 09:50:52.124] [INFO] console - [data sync component] load mapping file done.
[2014-01-09 09:50:54.574] [INFO] console - info: socket.io started
[2014-01-09 09:50:54.702] [INFO] pomelo-admin - [32m[/Users/dangvanhien/ARPG/ARPGGame/game-server/node_modules/pomelo/node_modules/pomelo-admin/lib/consoleService.js] [39mtry to connect master: "area", "127.0.0.1", 3005
[2014-01-09 09:50:55.546] [INFO] pomelo - [32m[/Users/dangvanhien/ARPG/ARPGGame/game-server/node_modules/pomelo/lib/application.js] [39m"instance-server-3" enter after start...
[2014-01-09 09:50:55.548] [INFO] pomelo - [32m[/Users/dangvanhien/ARPG/ARPGGame/game-server/node_modules/pomelo/lib/application.js] [39m"instance-server-3" finish start
[2014-01-09 09:56:21.028] [INFO] pomelo - [32m[/Users/dangvanhien/ARPG/ARPGGame/game-server/node_modules/pomelo/lib/application.js] [39mapplication inited: "instance-server-3"
[2014-01-09 09:56:21.113] [INFO] console - /Users/dangvanhien/ARPG/ARPGGame/game-server
[2014-01-09 09:56:21.121] [INFO] console - VLTN
[2014-01-09 09:56:21.122] [INFO] console - MySQL:[object Object]
[2014-01-09 09:56:21.453] [INFO] console - [data sync component] load mapping file done.
[2014-01-09 09:56:23.626] [INFO] console - info: socket.io started
[2014-01-09 09:56:23.653] [INFO] pomelo-admin - [32m[/Users/dangvanhien/ARPG/ARPGGame/game-server/node_modules/pomelo/node_modules/pomelo-admin/lib/consoleService.js] [39mtry to connect master: "area", "127.0.0.1", 3005
[2014-01-09 09:56:24.536] [INFO] pomelo - [32m[/Users/dangvanhien/ARPG/ARPGGame/game-server/node_modules/pomelo/lib/application.js] [39m"instance-server-3" enter after start...
[2014-01-09 09:56:24.538] [INFO] pomelo - [32m[/Users/dangvanhien/ARPG/ARPGGame/game-server/node_modules/pomelo/lib/application.js] [39m"instance-server-3" finish start
[2014-01-09 09:59:28.213] [INFO] pomelo - [32m[/Users/dangvanhien/ARPG/ARPGGame/game-server/node_modules/pomelo/lib/application.js] [39mapplication inited: "instance-server-3"
[2014-01-09 09:59:28.287] [INFO] console - /Users/dangvanhien/ARPG/ARPGGame/game-server
[2014-01-09 09:59:28.327] [INFO] console - VLTN
[2014-01-09 09:59:28.328] [INFO] console - MySQL:[object Object]
[2014-01-09 09:59:28.639] [INFO] console - [data sync component] load mapping file done.
[2014-01-09 09:59:31.165] [INFO] console - info: socket.io started
[2014-01-09 09:59:31.287] [INFO] pomelo-admin - [32m[/Users/dangvanhien/ARPG/ARPGGame/game-server/node_modules/pomelo/node_modules/pomelo-admin/lib/consoleService.js] [39mtry to connect master: "area", "127.0.0.1", 3005
[2014-01-09 09:59:31.955] [INFO] pomelo - [32m[/Users/dangvanhien/ARPG/ARPGGame/game-server/node_modules/pomelo/lib/application.js] [39m"instance-server-3" enter after start...
[2014-01-09 09:59:31.958] [INFO] pomelo - [32m[/Users/dangvanhien/ARPG/ARPGGame/game-server/node_modules/pomelo/lib/application.js] [39m"instance-server-3" finish start
[2014-01-09 10:02:23.748] [INFO] pomelo - [32m[/Users/dangvanhien/ARPG/ARPGGame/game-server/node_modules/pomelo/lib/application.js] [39mapplication inited: "instance-server-3"
[2014-01-09 10:02:23.883] [INFO] console - /Users/dangvanhien/ARPG/ARPGGame/game-server
[2014-01-09 10:02:23.910] [INFO] console - VLTN
[2014-01-09 10:02:23.911] [INFO] console - MySQL:[object Object]
[2014-01-09 10:02:24.314] [INFO] console - [data sync component] load mapping file done.
[2014-01-09 10:02:27.306] [INFO] console - info: socket.io started
[2014-01-09 10:02:27.357] [ERROR] console -  Caught exception: Error: listen EADDRINUSE
    at errnoException (net.js:901:11)
    at Server._listen2 (net.js:1039:14)
    at listen (net.js:1061:10)
    at Server.listen (net.js:1127:5)
    at Object.exports.listen (/Users/dangvanhien/ARPG/ARPGGame/game-server/node_modules/pomelo/node_modules/socket.io/lib/socket.io.js:74:12)
    at pro.listen (/Users/dangvanhien/ARPG/ARPGGame/game-server/node_modules/pomelo/node_modules/pomelo-rpc/lib/rpc-server/acceptors/ws-acceptor.js:32:21)
    at pro.start (/Users/dangvanhien/ARPG/ARPGGame/game-server/node_modules/pomelo/node_modules/pomelo-rpc/lib/rpc-server/gateway.js:43:17)
    at pro.start (/Users/dangvanhien/ARPG/ARPGGame/game-server/node_modules/pomelo/lib/components/remote.js:54:15)
    at /Users/dangvanhien/ARPG/ARPGGame/game-server/node_modules/pomelo/lib/util/appUtil.js:84:19
    at iterate (/Users/dangvanhien/ARPG/ARPGGame/game-server/node_modules/pomelo/node_modules/async/lib/async.js:123:13)
[2014-01-09 10:02:27.463] [INFO] pomelo-admin - [32m[/Users/dangvanhien/ARPG/ARPGGame/game-server/node_modules/pomelo/node_modules/pomelo-admin/lib/consoleService.js] [39mtry to connect master: "area", "127.0.0.1", 3005
[2014-01-09 10:02:28.494] [INFO] pomelo - [32m[/Users/dangvanhien/ARPG/ARPGGame/game-server/node_modules/pomelo/lib/application.js] [39m"instance-server-3" enter after start...
[2014-01-09 10:02:28.502] [INFO] pomelo - [32m[/Users/dangvanhien/ARPG/ARPGGame/game-server/node_modules/pomelo/lib/application.js] [39m"instance-server-3" finish start
[2014-01-09 10:02:41.002] [INFO] pomelo - [32m[/Users/dangvanhien/ARPG/ARPGGame/game-server/node_modules/pomelo/lib/application.js] [39mapplication inited: "instance-server-3"
[2014-01-09 10:02:41.078] [INFO] console - /Users/dangvanhien/ARPG/ARPGGame/game-server
[2014-01-09 10:02:41.117] [INFO] console - VLTN
[2014-01-09 10:02:41.118] [INFO] console - MySQL:[object Object]
[2014-01-09 10:02:41.352] [INFO] console - [data sync component] load mapping file done.
[2014-01-09 10:02:43.476] [INFO] console - info: socket.io started
[2014-01-09 10:02:43.555] [INFO] pomelo-admin - [32m[/Users/dangvanhien/ARPG/ARPGGame/game-server/node_modules/pomelo/node_modules/pomelo-admin/lib/consoleService.js] [39mtry to connect master: "area", "127.0.0.1", 3005
[2014-01-09 10:02:44.083] [INFO] pomelo - [32m[/Users/dangvanhien/ARPG/ARPGGame/game-server/node_modules/pomelo/lib/application.js] [39m"instance-server-3" enter after start...
[2014-01-09 10:02:44.085] [INFO] pomelo - [32m[/Users/dangvanhien/ARPG/ARPGGame/game-server/node_modules/pomelo/lib/application.js] [39m"instance-server-3" finish start
[2014-01-09 10:05:17.117] [INFO] pomelo - [32m[/Users/dangvanhien/ARPG/ARPGGame/game-server/node_modules/pomelo/lib/application.js] [39mapplication inited: "instance-server-3"
[2014-01-09 10:05:17.135] [INFO] console - /Users/dangvanhien/ARPG/ARPGGame/game-server
[2014-01-09 10:05:17.233] [INFO] console - VLTN
[2014-01-09 10:05:17.234] [INFO] console - MySQL:[object Object]
[2014-01-09 10:05:17.528] [INFO] console - [data sync component] load mapping file done.
[2014-01-09 10:05:19.560] [INFO] console - info: socket.io started
[2014-01-09 10:05:19.648] [INFO] pomelo-admin - [32m[/Users/dangvanhien/ARPG/ARPGGame/game-server/node_modules/pomelo/node_modules/pomelo-admin/lib/consoleService.js] [39mtry to connect master: "area", "127.0.0.1", 3005
[2014-01-09 10:05:20.113] [INFO] pomelo - [32m[/Users/dangvanhien/ARPG/ARPGGame/game-server/node_modules/pomelo/lib/application.js] [39m"instance-server-3" enter after start...
[2014-01-09 10:05:20.233] [INFO] pomelo - [32m[/Users/dangvanhien/ARPG/ARPGGame/game-server/node_modules/pomelo/lib/application.js] [39m"instance-server-3" finish start
[2014-01-09 10:09:13.879] [INFO] pomelo - [32m[/Users/dangvanhien/ARPG/ARPGGame/game-server/node_modules/pomelo/lib/application.js] [39mapplication inited: "instance-server-3"
[2014-01-09 10:09:13.952] [INFO] console - VLTN
[2014-01-09 10:09:13.953] [INFO] console - MySQL:[object Object]
[2014-01-09 10:09:14.475] [INFO] console - [data sync component] load mapping file done.
[2014-01-09 10:09:16.831] [INFO] console - info: socket.io started
[2014-01-09 10:09:16.901] [INFO] pomelo-admin - [32m[/Users/dangvanhien/ARPG/ARPGGame/game-server/node_modules/pomelo/node_modules/pomelo-admin/lib/consoleService.js] [39mtry to connect master: "area", "127.0.0.1", 3005
[2014-01-09 10:09:17.604] [INFO] pomelo - [32m[/Users/dangvanhien/ARPG/ARPGGame/game-server/node_modules/pomelo/lib/application.js] [39m"instance-server-3" enter after start...
[2014-01-09 10:09:17.606] [INFO] pomelo - [32m[/Users/dangvanhien/ARPG/ARPGGame/game-server/node_modules/pomelo/lib/application.js] [39m"instance-server-3" finish start
[2014-01-09 11:23:07.667] [INFO] pomelo - [32m[/Users/dangvanhien/ARPG/ARPGGame/game-server/node_modules/pomelo/lib/application.js] [39mapplication inited: "instance-server-3"
[2014-01-09 11:23:07.734] [INFO] console - VLTN
[2014-01-09 11:23:07.759] [INFO] console - MySQL:[object Object]
[2014-01-09 11:23:07.959] [INFO] console - [data sync component] load mapping file done.
[2014-01-09 11:23:09.904] [INFO] console - info: socket.io started
[2014-01-09 11:23:10.021] [INFO] pomelo-admin - [32m[/Users/dangvanhien/ARPG/ARPGGame/game-server/node_modules/pomelo/node_modules/pomelo-admin/lib/consoleService.js] [39mtry to connect master: "area", "127.0.0.1", 3005
[2014-01-09 11:23:10.586] [INFO] pomelo - [32m[/Users/dangvanhien/ARPG/ARPGGame/game-server/node_modules/pomelo/lib/application.js] [39m"instance-server-3" enter after start...
[2014-01-09 11:23:10.589] [INFO] pomelo - [32m[/Users/dangvanhien/ARPG/ARPGGame/game-server/node_modules/pomelo/lib/application.js] [39m"instance-server-3" finish start
[2014-01-09 11:23:44.683] [INFO] pomelo - [32m[/Users/dangvanhien/ARPG/ARPGGame/game-server/node_modules/pomelo/lib/application.js] [39mapplication inited: "instance-server-3"
[2014-01-09 11:23:44.803] [INFO] console - VLTN
[2014-01-09 11:23:44.835] [INFO] console - MySQL:[object Object]
[2014-01-09 11:23:45.140] [INFO] console - [data sync component] load mapping file done.
[2014-01-09 11:23:47.503] [INFO] console - info: socket.io started
[2014-01-09 11:23:47.638] [INFO] pomelo-admin - [32m[/Users/dangvanhien/ARPG/ARPGGame/game-server/node_modules/pomelo/node_modules/pomelo-admin/lib/consoleService.js] [39mtry to connect master: "area", "127.0.0.1", 3005
[2014-01-09 11:23:48.291] [INFO] pomelo - [32m[/Users/dangvanhien/ARPG/ARPGGame/game-server/node_modules/pomelo/lib/application.js] [39m"instance-server-3" enter after start...
[2014-01-09 11:23:48.294] [INFO] pomelo - [32m[/Users/dangvanhien/ARPG/ARPGGame/game-server/node_modules/pomelo/lib/application.js] [39m"instance-server-3" finish start
[2014-01-09 11:27:03.601] [INFO] pomelo - [32m[/Users/dangvanhien/ARPG/ARPGGame/game-server/node_modules/pomelo/lib/application.js] [39mapplication inited: "instance-server-3"
[2014-01-09 11:27:03.686] [INFO] console - VLTN
[2014-01-09 11:27:03.721] [INFO] console - MySQL:[object Object]
[2014-01-09 11:27:03.952] [INFO] console - [data sync component] load mapping file done.
[2014-01-09 11:27:06.108] [INFO] console - info: socket.io started
[2014-01-09 11:27:06.230] [INFO] pomelo-admin - [32m[/Users/dangvanhien/ARPG/ARPGGame/game-server/node_modules/pomelo/node_modules/pomelo-admin/lib/consoleService.js] [39mtry to connect master: "area", "127.0.0.1", 3005
[2014-01-09 11:27:06.834] [INFO] pomelo - [32m[/Users/dangvanhien/ARPG/ARPGGame/game-server/node_modules/pomelo/lib/application.js] [39m"instance-server-3" enter after start...
[2014-01-09 11:27:06.840] [INFO] pomelo - [32m[/Users/dangvanhien/ARPG/ARPGGame/game-server/node_modules/pomelo/lib/application.js] [39m"instance-server-3" finish start
[2014-01-09 11:29:38.870] [INFO] pomelo - [32m[/Users/dangvanhien/ARPG/ARPGGame/game-server/node_modules/pomelo/lib/application.js] [39mapplication inited: "instance-server-3"
[2014-01-09 11:29:38.991] [INFO] console - VLTN
[2014-01-09 11:29:38.992] [INFO] console - MySQL:[object Object]
[2014-01-09 11:29:39.303] [INFO] console - [data sync component] load mapping file done.
[2014-01-09 11:29:41.739] [INFO] console - info: socket.io started
[2014-01-09 11:29:41.870] [INFO] pomelo-admin - [32m[/Users/dangvanhien/ARPG/ARPGGame/game-server/node_modules/pomelo/node_modules/pomelo-admin/lib/consoleService.js] [39mtry to connect master: "area", "127.0.0.1", 3005
[2014-01-09 11:29:42.516] [INFO] pomelo - [32m[/Users/dangvanhien/ARPG/ARPGGame/game-server/node_modules/pomelo/lib/application.js] [39m"instance-server-3" enter after start...
[2014-01-09 11:29:42.517] [INFO] pomelo - [32m[/Users/dangvanhien/ARPG/ARPGGame/game-server/node_modules/pomelo/lib/application.js] [39m"instance-server-3" finish start
[2014-01-09 11:30:50.977] [INFO] pomelo - [32m[/Users/dangvanhien/ARPG/ARPGGame/game-server/node_modules/pomelo/lib/application.js] [39mapplication inited: "instance-server-3"
[2014-01-09 11:30:51.086] [INFO] console - VLTN
[2014-01-09 11:30:51.136] [INFO] console - MySQL:[object Object]
[2014-01-09 11:30:51.482] [INFO] console - [data sync component] load mapping file done.
[2014-01-09 11:30:53.878] [INFO] console - info: socket.io started
[2014-01-09 11:30:53.960] [INFO] pomelo-admin - [32m[/Users/dangvanhien/ARPG/ARPGGame/game-server/node_modules/pomelo/node_modules/pomelo-admin/lib/consoleService.js] [39mtry to connect master: "area", "127.0.0.1", 3005
[2014-01-09 11:30:54.617] [INFO] pomelo - [32m[/Users/dangvanhien/ARPG/ARPGGame/game-server/node_modules/pomelo/lib/application.js] [39m"instance-server-3" enter after start...
[2014-01-09 11:30:54.620] [INFO] pomelo - [32m[/Users/dangvanhien/ARPG/ARPGGame/game-server/node_modules/pomelo/lib/application.js] [39m"instance-server-3" finish start
[2014-01-09 11:34:00.892] [INFO] pomelo - [32m[/Users/dangvanhien/ARPG/ARPGGame/game-server/node_modules/pomelo/lib/application.js] [39mapplication inited: "instance-server-3"
[2014-01-09 11:34:00.981] [INFO] console - VLTN
[2014-01-09 11:34:01.014] [INFO] console - MySQL:[object Object]
[2014-01-09 11:34:01.345] [INFO] console - [data sync component] load mapping file done.
[2014-01-09 11:34:04.096] [INFO] console - info: socket.io started
[2014-01-09 11:34:04.202] [INFO] pomelo-admin - [32m[/Users/dangvanhien/ARPG/ARPGGame/game-server/node_modules/pomelo/node_modules/pomelo-admin/lib/consoleService.js] [39mtry to connect master: "area", "127.0.0.1", 3005
[2014-01-09 11:34:04.918] [INFO] pomelo - [32m[/Users/dangvanhien/ARPG/ARPGGame/game-server/node_modules/pomelo/lib/application.js] [39m"instance-server-3" enter after start...
[2014-01-09 11:34:04.920] [INFO] pomelo - [32m[/Users/dangvanhien/ARPG/ARPGGame/game-server/node_modules/pomelo/lib/application.js] [39m"instance-server-3" finish start
[2014-01-09 11:36:33.713] [INFO] pomelo - [32m[/Users/dangvanhien/ARPG/ARPGGame/game-server/node_modules/pomelo/lib/application.js] [39mapplication inited: "instance-server-3"
[2014-01-09 11:36:33.923] [INFO] console - VLTN
[2014-01-09 11:36:33.924] [INFO] console - MySQL:[object Object]
[2014-01-09 11:36:34.213] [INFO] console - [data sync component] load mapping file done.
[2014-01-09 11:36:36.399] [INFO] console - info: socket.io started
[2014-01-09 11:36:36.481] [INFO] pomelo-admin - [32m[/Users/dangvanhien/ARPG/ARPGGame/game-server/node_modules/pomelo/node_modules/pomelo-admin/lib/consoleService.js] [39mtry to connect master: "area", "127.0.0.1", 3005
[2014-01-09 11:36:37.244] [INFO] pomelo - [32m[/Users/dangvanhien/ARPG/ARPGGame/game-server/node_modules/pomelo/lib/application.js] [39m"instance-server-3" enter after start...
[2014-01-09 11:36:37.246] [INFO] pomelo - [32m[/Users/dangvanhien/ARPG/ARPGGame/game-server/node_modules/pomelo/lib/application.js] [39m"instance-server-3" finish start
[2014-01-09 11:37:29.684] [INFO] pomelo - [32m[/Users/dangvanhien/ARPG/ARPGGame/game-server/node_modules/pomelo/lib/application.js] [39mapplication inited: "instance-server-3"
[2014-01-09 11:37:29.783] [INFO] console - VLTN
[2014-01-09 11:37:29.840] [INFO] console - MySQL:[object Object]
[2014-01-09 11:37:30.181] [INFO] console - [data sync component] load mapping file done.
[2014-01-09 11:37:32.990] [INFO] console - info: socket.io started
[2014-01-09 11:37:33.061] [INFO] pomelo-admin - [32m[/Users/dangvanhien/ARPG/ARPGGame/game-server/node_modules/pomelo/node_modules/pomelo-admin/lib/consoleService.js] [39mtry to connect master: "area", "127.0.0.1", 3005
[2014-01-09 11:37:33.911] [INFO] pomelo - [32m[/Users/dangvanhien/ARPG/ARPGGame/game-server/node_modules/pomelo/lib/application.js] [39m"instance-server-3" enter after start...
[2014-01-09 11:37:33.913] [INFO] pomelo - [32m[/Users/dangvanhien/ARPG/ARPGGame/game-server/node_modules/pomelo/lib/application.js] [39m"instance-server-3" finish start
[2014-01-09 11:38:32.214] [INFO] pomelo - [32m[/Users/dangvanhien/ARPG/ARPGGame/game-server/node_modules/pomelo/lib/application.js] [39mapplication inited: "instance-server-3"
[2014-01-09 11:38:32.273] [INFO] console - VLTN
[2014-01-09 11:38:32.324] [INFO] console - MySQL:[object Object]
[2014-01-09 11:38:32.579] [INFO] console - [data sync component] load mapping file done.
[2014-01-09 11:38:35.013] [INFO] console - info: socket.io started
[2014-01-09 11:38:35.030] [INFO] pomelo-admin - [32m[/Users/dangvanhien/ARPG/ARPGGame/game-server/node_modules/pomelo/node_modules/pomelo-admin/lib/consoleService.js] [39mtry to connect master: "area", "127.0.0.1", 3005
[2014-01-09 11:38:36.067] [INFO] pomelo - [32m[/Users/dangvanhien/ARPG/ARPGGame/game-server/node_modules/pomelo/lib/application.js] [39m"instance-server-3" enter after start...
[2014-01-09 11:38:36.069] [INFO] pomelo - [32m[/Users/dangvanhien/ARPG/ARPGGame/game-server/node_modules/pomelo/lib/application.js] [39m"instance-server-3" finish start
[2014-01-09 11:41:56.517] [INFO] pomelo - [32m[/Users/dangvanhien/ARPG/ARPGGame/game-server/node_modules/pomelo/lib/application.js] [39mapplication inited: "instance-server-3"
[2014-01-09 11:41:56.642] [INFO] console - VLTN
[2014-01-09 11:41:56.676] [INFO] console - MySQL:[object Object]
[2014-01-09 11:41:57.000] [INFO] console - [data sync component] load mapping file done.
[2014-01-09 11:41:59.607] [INFO] console - info: socket.io started
[2014-01-09 11:41:59.689] [INFO] pomelo-admin - [32m[/Users/dangvanhien/ARPG/ARPGGame/game-server/node_modules/pomelo/node_modules/pomelo-admin/lib/consoleService.js] [39mtry to connect master: "area", "127.0.0.1", 3005
[2014-01-09 11:42:00.518] [INFO] pomelo - [32m[/Users/dangvanhien/ARPG/ARPGGame/game-server/node_modules/pomelo/lib/application.js] [39m"instance-server-3" enter after start...
[2014-01-09 11:42:00.520] [INFO] pomelo - [32m[/Users/dangvanhien/ARPG/ARPGGame/game-server/node_modules/pomelo/lib/application.js] [39m"instance-server-3" finish start
[2014-01-09 11:42:46.104] [INFO] pomelo - [32m[/Users/dangvanhien/ARPG/ARPGGame/game-server/node_modules/pomelo/lib/application.js] [39mapplication inited: "instance-server-3"
[2014-01-09 11:42:46.188] [INFO] console - VLTN
[2014-01-09 11:42:46.189] [INFO] console - MySQL:[object Object]
[2014-01-09 11:42:46.607] [INFO] console - [data sync component] load mapping file done.
[2014-01-09 11:42:49.603] [INFO] console - info: socket.io started
[2014-01-09 11:42:49.744] [INFO] pomelo-admin - [32m[/Users/dangvanhien/ARPG/ARPGGame/game-server/node_modules/pomelo/node_modules/pomelo-admin/lib/consoleService.js] [39mtry to connect master: "area", "127.0.0.1", 3005
[2014-01-09 11:42:50.838] [INFO] pomelo - [32m[/Users/dangvanhien/ARPG/ARPGGame/game-server/node_modules/pomelo/lib/application.js] [39m"instance-server-3" enter after start...
[2014-01-09 11:42:50.849] [INFO] pomelo - [32m[/Users/dangvanhien/ARPG/ARPGGame/game-server/node_modules/pomelo/lib/application.js] [39m"instance-server-3" finish start
[2014-01-09 11:44:05.421] [INFO] pomelo - [32m[/Users/dangvanhien/ARPG/ARPGGame/game-server/node_modules/pomelo/lib/application.js] [39mapplication inited: "instance-server-3"
[2014-01-09 11:44:05.634] [INFO] console - VLTN
[2014-01-09 11:44:05.636] [INFO] console - MySQL:[object Object]
[2014-01-09 11:44:05.999] [INFO] console - [data sync component] load mapping file done.
[2014-01-09 11:44:08.696] [INFO] console - info: socket.io started
[2014-01-09 11:44:08.804] [INFO] pomelo-admin - [32m[/Users/dangvanhien/ARPG/ARPGGame/game-server/node_modules/pomelo/node_modules/pomelo-admin/lib/consoleService.js] [39mtry to connect master: "area", "127.0.0.1", 3005
[2014-01-09 11:44:09.566] [INFO] pomelo - [32m[/Users/dangvanhien/ARPG/ARPGGame/game-server/node_modules/pomelo/lib/application.js] [39m"instance-server-3" enter after start...
[2014-01-09 11:44:09.568] [INFO] pomelo - [32m[/Users/dangvanhien/ARPG/ARPGGame/game-server/node_modules/pomelo/lib/application.js] [39m"instance-server-3" finish start
[2014-01-09 11:45:13.767] [INFO] pomelo - [32m[/Users/dangvanhien/ARPG/ARPGGame/game-server/node_modules/pomelo/lib/application.js] [39mapplication inited: "instance-server-3"
[2014-01-09 11:45:13.833] [INFO] console - VLTN
[2014-01-09 11:45:13.835] [INFO] console - MySQL:[object Object]
[2014-01-09 11:45:14.117] [INFO] console - [data sync component] load mapping file done.
[2014-01-09 11:45:16.684] [INFO] console - info: socket.io started
[2014-01-09 11:45:16.812] [INFO] pomelo-admin - [32m[/Users/dangvanhien/ARPG/ARPGGame/game-server/node_modules/pomelo/node_modules/pomelo-admin/lib/consoleService.js] [39mtry to connect master: "area", "127.0.0.1", 3005
[2014-01-09 11:45:17.517] [INFO] pomelo - [32m[/Users/dangvanhien/ARPG/ARPGGame/game-server/node_modules/pomelo/lib/application.js] [39m"instance-server-3" enter after start...
[2014-01-09 11:45:17.583] [INFO] pomelo - [32m[/Users/dangvanhien/ARPG/ARPGGame/game-server/node_modules/pomelo/lib/application.js] [39m"instance-server-3" finish start
[2014-01-09 11:47:44.287] [INFO] pomelo - [32m[/Users/dangvanhien/ARPG/ARPGGame/game-server/node_modules/pomelo/lib/application.js] [39mapplication inited: "instance-server-3"
[2014-01-09 11:47:44.379] [INFO] console - VLTN
[2014-01-09 11:47:44.426] [INFO] console - MySQL:[object Object]
[2014-01-09 11:47:44.706] [INFO] console - [data sync component] load mapping file done.
[2014-01-09 11:47:46.910] [INFO] console - info: socket.io started
[2014-01-09 11:47:47.033] [INFO] pomelo-admin - [32m[/Users/dangvanhien/ARPG/ARPGGame/game-server/node_modules/pomelo/node_modules/pomelo-admin/lib/consoleService.js] [39mtry to connect master: "area", "127.0.0.1", 3005
[2014-01-09 11:47:47.570] [INFO] pomelo - [32m[/Users/dangvanhien/ARPG/ARPGGame/game-server/node_modules/pomelo/lib/application.js] [39m"instance-server-3" enter after start...
[2014-01-09 11:47:47.651] [INFO] pomelo - [32m[/Users/dangvanhien/ARPG/ARPGGame/game-server/node_modules/pomelo/lib/application.js] [39m"instance-server-3" finish start
[2014-01-09 11:50:43.613] [INFO] pomelo - [32m[/Users/dangvanhien/ARPG/ARPGGame/game-server/node_modules/pomelo/lib/application.js] [39mapplication inited: "instance-server-3"
[2014-01-09 11:50:43.754] [INFO] console - VLTN
[2014-01-09 11:50:43.806] [INFO] console - MySQL:[object Object]
[2014-01-09 11:50:44.071] [INFO] console - [data sync component] load mapping file done.
[2014-01-09 11:50:47.939] [INFO] console - info: socket.io started
[2014-01-09 11:50:48.007] [INFO] pomelo-admin - [32m[/Users/dangvanhien/ARPG/ARPGGame/game-server/node_modules/pomelo/node_modules/pomelo-admin/lib/consoleService.js] [39mtry to connect master: "area", "127.0.0.1", 3005
[2014-01-09 11:50:48.777] [INFO] pomelo - [32m[/Users/dangvanhien/ARPG/ARPGGame/game-server/node_modules/pomelo/lib/application.js] [39m"instance-server-3" enter after start...
[2014-01-09 11:50:48.779] [INFO] pomelo - [32m[/Users/dangvanhien/ARPG/ARPGGame/game-server/node_modules/pomelo/lib/application.js] [39m"instance-server-3" finish start
[2014-01-09 11:50:58.310] [INFO] pomelo - [32m[/Users/dangvanhien/ARPG/ARPGGame/game-server/node_modules/pomelo/lib/application.js] [39mapplication inited: "instance-server-3"
[2014-01-09 11:50:58.371] [INFO] console - VLTN
[2014-01-09 11:50:58.410] [INFO] console - MySQL:[object Object]
[2014-01-09 11:50:58.691] [INFO] console - [data sync component] load mapping file done.
[2014-01-09 11:51:00.918] [INFO] console - info: socket.io started
[2014-01-09 11:51:00.969] [INFO] pomelo-admin - [32m[/Users/dangvanhien/ARPG/ARPGGame/game-server/node_modules/pomelo/node_modules/pomelo-admin/lib/consoleService.js] [39mtry to connect master: "area", "127.0.0.1", 3005
[2014-01-09 11:51:01.678] [INFO] pomelo - [32m[/Users/dangvanhien/ARPG/ARPGGame/game-server/node_modules/pomelo/lib/application.js] [39m"instance-server-3" enter after start...
[2014-01-09 11:51:01.713] [INFO] pomelo - [32m[/Users/dangvanhien/ARPG/ARPGGame/game-server/node_modules/pomelo/lib/application.js] [39m"instance-server-3" finish start
[2014-01-09 11:51:55.431] [INFO] pomelo - [32m[/Users/dangvanhien/ARPG/ARPGGame/game-server/node_modules/pomelo/lib/application.js] [39mapplication inited: "instance-server-3"
[2014-01-09 11:51:55.526] [INFO] console - VLTN
[2014-01-09 11:51:55.571] [INFO] console - MySQL:[object Object]
[2014-01-09 11:51:55.789] [INFO] console - [data sync component] load mapping file done.
[2014-01-09 11:51:58.367] [INFO] console - info: socket.io started
[2014-01-09 11:51:58.440] [INFO] pomelo-admin - [32m[/Users/dangvanhien/ARPG/ARPGGame/game-server/node_modules/pomelo/node_modules/pomelo-admin/lib/consoleService.js] [39mtry to connect master: "area", "127.0.0.1", 3005
[2014-01-09 11:51:59.156] [INFO] pomelo - [32m[/Users/dangvanhien/ARPG/ARPGGame/game-server/node_modules/pomelo/lib/application.js] [39m"instance-server-3" enter after start...
[2014-01-09 11:51:59.158] [INFO] pomelo - [32m[/Users/dangvanhien/ARPG/ARPGGame/game-server/node_modules/pomelo/lib/application.js] [39m"instance-server-3" finish start
[2014-01-09 11:52:55.363] [INFO] pomelo - [32m[/Users/dangvanhien/ARPG/ARPGGame/game-server/node_modules/pomelo/lib/application.js] [39mapplication inited: "instance-server-3"
[2014-01-09 11:52:55.473] [INFO] console - VLTN
[2014-01-09 11:52:55.474] [INFO] console - MySQL:[object Object]
[2014-01-09 11:52:55.813] [INFO] console - [data sync component] load mapping file done.
[2014-01-09 11:52:58.261] [INFO] console - info: socket.io started
[2014-01-09 11:52:58.339] [INFO] pomelo-admin - [32m[/Users/dangvanhien/ARPG/ARPGGame/game-server/node_modules/pomelo/node_modules/pomelo-admin/lib/consoleService.js] [39mtry to connect master: "area", "127.0.0.1", 3005
[2014-01-09 11:52:59.048] [INFO] pomelo - [32m[/Users/dangvanhien/ARPG/ARPGGame/game-server/node_modules/pomelo/lib/application.js] [39m"instance-server-3" enter after start...
[2014-01-09 11:52:59.051] [INFO] pomelo - [32m[/Users/dangvanhien/ARPG/ARPGGame/game-server/node_modules/pomelo/lib/application.js] [39m"instance-server-3" finish start
[2014-01-09 11:53:56.530] [INFO] pomelo - [32m[/Users/dangvanhien/ARPG/ARPGGame/game-server/node_modules/pomelo/lib/application.js] [39mapplication inited: "instance-server-3"
[2014-01-09 11:53:56.611] [INFO] console - VLTN
[2014-01-09 11:53:56.629] [INFO] console - MySQL:[object Object]
[2014-01-09 11:53:56.914] [INFO] console - [data sync component] load mapping file done.
[2014-01-09 11:53:59.252] [INFO] console - info: socket.io started
[2014-01-09 11:53:59.401] [INFO] pomelo-admin - [32m[/Users/dangvanhien/ARPG/ARPGGame/game-server/node_modules/pomelo/node_modules/pomelo-admin/lib/consoleService.js] [39mtry to connect master: "area", "127.0.0.1", 3005
[2014-01-09 11:54:00.086] [INFO] pomelo - [32m[/Users/dangvanhien/ARPG/ARPGGame/game-server/node_modules/pomelo/lib/application.js] [39m"instance-server-3" enter after start...
[2014-01-09 11:54:00.090] [INFO] pomelo - [32m[/Users/dangvanhien/ARPG/ARPGGame/game-server/node_modules/pomelo/lib/application.js] [39m"instance-server-3" finish start
[2014-01-09 11:55:02.490] [INFO] pomelo - [32m[/Users/dangvanhien/ARPG/ARPGGame/game-server/node_modules/pomelo/lib/application.js] [39mapplication inited: "instance-server-3"
[2014-01-09 11:55:02.645] [INFO] console - VLTN
[2014-01-09 11:55:02.647] [INFO] console - MySQL:[object Object]
[2014-01-09 11:55:02.933] [INFO] console - [data sync component] load mapping file done.
[2014-01-09 11:55:05.318] [INFO] console - info: socket.io started
[2014-01-09 11:55:05.386] [INFO] pomelo-admin - [32m[/Users/dangvanhien/ARPG/ARPGGame/game-server/node_modules/pomelo/node_modules/pomelo-admin/lib/consoleService.js] [39mtry to connect master: "area", "127.0.0.1", 3005
[2014-01-09 11:55:06.398] [INFO] pomelo - [32m[/Users/dangvanhien/ARPG/ARPGGame/game-server/node_modules/pomelo/lib/application.js] [39m"instance-server-3" enter after start...
[2014-01-09 11:55:06.400] [INFO] pomelo - [32m[/Users/dangvanhien/ARPG/ARPGGame/game-server/node_modules/pomelo/lib/application.js] [39m"instance-server-3" finish start
[2014-01-09 13:15:50.386] [INFO] pomelo - [32m[/Users/dangvanhien/ARPG/ARPGGame/game-server/node_modules/pomelo/lib/application.js] [39mapplication inited: "instance-server-3"
[2014-01-09 13:15:50.540] [INFO] console - VLTN
[2014-01-09 13:15:50.541] [INFO] console - MySQL:[object Object]
[2014-01-09 13:15:50.845] [INFO] console - [data sync component] load mapping file done.
[2014-01-09 13:15:53.474] [INFO] console - info: socket.io started
[2014-01-09 13:15:53.532] [INFO] pomelo-admin - [32m[/Users/dangvanhien/ARPG/ARPGGame/game-server/node_modules/pomelo/node_modules/pomelo-admin/lib/consoleService.js] [39mtry to connect master: "area", "127.0.0.1", 3005
[2014-01-09 13:15:54.241] [INFO] pomelo - [32m[/Users/dangvanhien/ARPG/ARPGGame/game-server/node_modules/pomelo/lib/application.js] [39m"instance-server-3" enter after start...
[2014-01-09 13:15:54.288] [INFO] pomelo - [32m[/Users/dangvanhien/ARPG/ARPGGame/game-server/node_modules/pomelo/lib/application.js] [39m"instance-server-3" finish start
[2014-01-09 13:18:53.293] [INFO] pomelo - [32m[/Users/dangvanhien/ARPG/ARPGGame/game-server/node_modules/pomelo/lib/application.js] [39mapplication inited: "instance-server-3"
[2014-01-09 13:18:53.315] [INFO] console - VLTN
[2014-01-09 13:18:53.399] [INFO] console - MySQL:[object Object]
[2014-01-09 13:18:53.699] [INFO] console - [data sync component] load mapping file done.
[2014-01-09 13:18:56.338] [INFO] console - info: socket.io started
[2014-01-09 13:18:56.518] [INFO] pomelo-admin - [32m[/Users/dangvanhien/ARPG/ARPGGame/game-server/node_modules/pomelo/node_modules/pomelo-admin/lib/consoleService.js] [39mtry to connect master: "area", "127.0.0.1", 3005
[2014-01-09 13:18:57.341] [INFO] pomelo - [32m[/Users/dangvanhien/ARPG/ARPGGame/game-server/node_modules/pomelo/lib/application.js] [39m"instance-server-3" enter after start...
[2014-01-09 13:18:57.344] [INFO] pomelo - [32m[/Users/dangvanhien/ARPG/ARPGGame/game-server/node_modules/pomelo/lib/application.js] [39m"instance-server-3" finish start
[2014-01-09 13:20:08.303] [INFO] pomelo - [32m[/Users/dangvanhien/ARPG/ARPGGame/game-server/node_modules/pomelo/lib/application.js] [39mapplication inited: "instance-server-3"
[2014-01-09 13:20:08.498] [INFO] console - VLTN
[2014-01-09 13:20:08.499] [INFO] console - MySQL:[object Object]
[2014-01-09 13:20:08.898] [INFO] console - [data sync component] load mapping file done.
[2014-01-09 13:20:11.560] [INFO] console - info: socket.io started
[2014-01-09 13:20:11.681] [INFO] pomelo-admin - [32m[/Users/dangvanhien/ARPG/ARPGGame/game-server/node_modules/pomelo/node_modules/pomelo-admin/lib/consoleService.js] [39mtry to connect master: "area", "127.0.0.1", 3005
[2014-01-09 13:20:12.383] [INFO] pomelo - [32m[/Users/dangvanhien/ARPG/ARPGGame/game-server/node_modules/pomelo/lib/application.js] [39m"instance-server-3" enter after start...
[2014-01-09 13:20:12.387] [INFO] pomelo - [32m[/Users/dangvanhien/ARPG/ARPGGame/game-server/node_modules/pomelo/lib/application.js] [39m"instance-server-3" finish start
[2014-01-09 13:35:56.573] [INFO] pomelo - [32m[/Users/dangvanhien/ARPG/ARPGGame/game-server/node_modules/pomelo/lib/application.js] [39mapplication inited: "instance-server-3"
[2014-01-09 13:35:56.707] [INFO] console - VLTN
[2014-01-09 13:35:56.709] [INFO] console - MySQL:[object Object]
[2014-01-09 13:35:57.075] [INFO] console - [data sync component] load mapping file done.
[2014-01-09 13:35:59.739] [INFO] console - info: socket.io started
[2014-01-09 13:35:59.851] [INFO] pomelo-admin - [32m[/Users/dangvanhien/ARPG/ARPGGame/game-server/node_modules/pomelo/node_modules/pomelo-admin/lib/consoleService.js] [39mtry to connect master: "area", "192.168.1.100", 3005
[2014-01-09 13:36:00.716] [INFO] pomelo - [32m[/Users/dangvanhien/ARPG/ARPGGame/game-server/node_modules/pomelo/lib/application.js] [39m"instance-server-3" enter after start...
[2014-01-09 13:36:00.719] [INFO] pomelo - [32m[/Users/dangvanhien/ARPG/ARPGGame/game-server/node_modules/pomelo/lib/application.js] [39m"instance-server-3" finish start
[2014-01-09 13:36:27.722] [INFO] pomelo - [32m[/Users/dangvanhien/ARPG/ARPGGame/game-server/node_modules/pomelo/lib/application.js] [39mapplication inited: "instance-server-3"
[2014-01-09 13:36:27.826] [INFO] console - VLTN
[2014-01-09 13:36:27.827] [INFO] console - MySQL:[object Object]
[2014-01-09 13:36:28.100] [INFO] console - [data sync component] load mapping file done.
[2014-01-09 13:36:30.134] [INFO] console - info: socket.io started
[2014-01-09 13:36:30.257] [INFO] pomelo-admin - [32m[/Users/dangvanhien/ARPG/ARPGGame/game-server/node_modules/pomelo/node_modules/pomelo-admin/lib/consoleService.js] [39mtry to connect master: "area", "192.168.1.100", 3005
[2014-01-09 13:36:30.876] [INFO] pomelo - [32m[/Users/dangvanhien/ARPG/ARPGGame/game-server/node_modules/pomelo/lib/application.js] [39m"instance-server-3" enter after start...
[2014-01-09 13:36:30.886] [INFO] pomelo - [32m[/Users/dangvanhien/ARPG/ARPGGame/game-server/node_modules/pomelo/lib/application.js] [39m"instance-server-3" finish start
